<?xml version="1.0" encoding="UTF-8"?>
<coverage generated="1714312678590" clover="3.2.0">
  <project timestamp="1714312678591" name="All files">
    <metrics statements="15934" coveredstatements="15121" conditionals="4316" coveredconditionals="3501" methods="4041" coveredmethods="3701" elements="24291" coveredelements="22323" complexity="0" loc="15934" ncloc="15934" packages="110" files="360" classes="360"/>
    <package name="__tests__">
      <metrics statements="7" coveredstatements="7" conditionals="3" coveredconditionals="2" methods="3" coveredmethods="3"/>
      <file name="binary-documents.ts" path="/home/runner/work/json-joy/json-joy/src/__tests__/binary-documents.ts">
        <metrics statements="1" coveredstatements="1" conditionals="0" coveredconditionals="0" methods="0" coveredmethods="0"/>
        <line num="7" count="18" type="stmt"/>
      </file>
      <file name="json-documents.ts" path="/home/runner/work/json-joy/json-joy/src/__tests__/json-documents.ts">
        <metrics statements="1" coveredstatements="1" conditionals="0" coveredconditionals="0" methods="0" coveredmethods="0"/>
        <line num="10" count="21" type="stmt"/>
      </file>
      <file name="util.ts" path="/home/runner/work/json-joy/json-joy/src/__tests__/util.ts">
        <metrics statements="5" coveredstatements="5" conditionals="3" coveredconditionals="2" methods="3" coveredmethods="3"/>
        <line num="1" count="1" type="cond" truecount="0" falsecount="1"/>
        <line num="3" count="1" type="cond" truecount="1" falsecount="0"/>
        <line num="4" count="1" type="stmt"/>
        <line num="5" count="2" type="cond" truecount="1" falsecount="0"/>
        <line num="6" count="1" type="stmt"/>
      </file>
    </package>
    <package name="json-binary">
      <metrics statements="1" coveredstatements="1" conditionals="0" coveredconditionals="0" methods="0" coveredmethods="0"/>
      <file name="index.ts" path="/home/runner/work/json-joy/json-joy/src/json-binary/index.ts">
        <metrics statements="1" coveredstatements="1" conditionals="0" coveredconditionals="0" methods="0" coveredmethods="0"/>
        <line num="1" count="25" type="stmt"/>
      </file>
    </package>
    <package name="json-cli.test">
      <metrics statements="90" coveredstatements="90" conditionals="0" coveredconditionals="0" methods="0" coveredmethods="0"/>
      <file name="op.add.tests.json.ts" path="/home/runner/work/json-joy/json-joy/src/json-cli/test/op.add.tests.json.ts">
        <metrics statements="2" coveredstatements="2" conditionals="0" coveredconditionals="0" methods="0" coveredmethods="0"/>
        <line num="3" count="2" type="stmt"/>
        <line num="100" count="2" type="stmt"/>
      </file>
      <file name="op.contains.tests.json.ts" path="/home/runner/work/json-joy/json-joy/src/json-cli/test/op.contains.tests.json.ts">
        <metrics statements="2" coveredstatements="2" conditionals="0" coveredconditionals="0" methods="0" coveredmethods="0"/>
        <line num="3" count="2" type="stmt"/>
        <line num="92" count="2" type="stmt"/>
      </file>
      <file name="op.copy.tests.json.ts" path="/home/runner/work/json-joy/json-joy/src/json-cli/test/op.copy.tests.json.ts">
        <metrics statements="2" coveredstatements="2" conditionals="0" coveredconditionals="0" methods="0" coveredmethods="0"/>
        <line num="3" count="2" type="stmt"/>
        <line num="88" count="2" type="stmt"/>
      </file>
      <file name="op.defined.tests.json.ts" path="/home/runner/work/json-joy/json-joy/src/json-cli/test/op.defined.tests.json.ts">
        <metrics statements="2" coveredstatements="2" conditionals="0" coveredconditionals="0" methods="0" coveredmethods="0"/>
        <line num="3" count="2" type="stmt"/>
        <line num="74" count="2" type="stmt"/>
      </file>
      <file name="op.ends.tests.json.ts" path="/home/runner/work/json-joy/json-joy/src/json-cli/test/op.ends.tests.json.ts">
        <metrics statements="2" coveredstatements="2" conditionals="0" coveredconditionals="0" methods="0" coveredmethods="0"/>
        <line num="3" count="2" type="stmt"/>
        <line num="106" count="2" type="stmt"/>
      </file>
      <file name="op.extend.tests.json.ts" path="/home/runner/work/json-joy/json-joy/src/json-cli/test/op.extend.tests.json.ts">
        <metrics statements="2" coveredstatements="2" conditionals="0" coveredconditionals="0" methods="0" coveredmethods="0"/>
        <line num="3" count="2" type="stmt"/>
        <line num="121" count="2" type="stmt"/>
      </file>
      <file name="op.flip.tests.json.ts" path="/home/runner/work/json-joy/json-joy/src/json-cli/test/op.flip.tests.json.ts">
        <metrics statements="2" coveredstatements="2" conditionals="0" coveredconditionals="0" methods="0" coveredmethods="0"/>
        <line num="3" count="2" type="stmt"/>
        <line num="111" count="2" type="stmt"/>
      </file>
      <file name="op.in.tests.json.ts" path="/home/runner/work/json-joy/json-joy/src/json-cli/test/op.in.tests.json.ts">
        <metrics statements="2" coveredstatements="2" conditionals="0" coveredconditionals="0" methods="0" coveredmethods="0"/>
        <line num="3" count="2" type="stmt"/>
        <line num="57" count="2" type="stmt"/>
      </file>
      <file name="op.inc.tests.json.ts" path="/home/runner/work/json-joy/json-joy/src/json-cli/test/op.inc.tests.json.ts">
        <metrics statements="2" coveredstatements="2" conditionals="0" coveredconditionals="0" methods="0" coveredmethods="0"/>
        <line num="3" count="2" type="stmt"/>
        <line num="130" count="2" type="stmt"/>
      </file>
      <file name="op.less.tests.json.ts" path="/home/runner/work/json-joy/json-joy/src/json-cli/test/op.less.tests.json.ts">
        <metrics statements="2" coveredstatements="2" conditionals="0" coveredconditionals="0" methods="0" coveredmethods="0"/>
        <line num="3" count="2" type="stmt"/>
        <line num="42" count="2" type="stmt"/>
      </file>
      <file name="op.merge.tests.json.ts" path="/home/runner/work/json-joy/json-joy/src/json-cli/test/op.merge.tests.json.ts">
        <metrics statements="2" coveredstatements="2" conditionals="0" coveredconditionals="0" methods="0" coveredmethods="0"/>
        <line num="3" count="2" type="stmt"/>
        <line num="117" count="2" type="stmt"/>
      </file>
      <file name="op.more.tests.json.ts" path="/home/runner/work/json-joy/json-joy/src/json-cli/test/op.more.tests.json.ts">
        <metrics statements="2" coveredstatements="2" conditionals="0" coveredconditionals="0" methods="0" coveredmethods="0"/>
        <line num="3" count="2" type="stmt"/>
        <line num="42" count="2" type="stmt"/>
      </file>
      <file name="op.move.tests.json.ts" path="/home/runner/work/json-joy/json-joy/src/json-cli/test/op.move.tests.json.ts">
        <metrics statements="2" coveredstatements="2" conditionals="0" coveredconditionals="0" methods="0" coveredmethods="0"/>
        <line num="3" count="2" type="stmt"/>
        <line num="85" count="2" type="stmt"/>
      </file>
      <file name="op.remove.tests.json.ts" path="/home/runner/work/json-joy/json-joy/src/json-cli/test/op.remove.tests.json.ts">
        <metrics statements="2" coveredstatements="2" conditionals="0" coveredconditionals="0" methods="0" coveredmethods="0"/>
        <line num="3" count="2" type="stmt"/>
        <line num="90" count="2" type="stmt"/>
      </file>
      <file name="op.replace.tests.json.ts" path="/home/runner/work/json-joy/json-joy/src/json-cli/test/op.replace.tests.json.ts">
        <metrics statements="19" coveredstatements="19" conditionals="0" coveredconditionals="0" methods="0" coveredmethods="0"/>
        <line num="1" count="2" type="stmt"/>
        <line num="4" count="2" type="stmt"/>
        <line num="20" count="2" type="stmt"/>
        <line num="29" count="2" type="stmt"/>
        <line num="30" count="12" type="stmt"/>
        <line num="31" count="72" type="stmt"/>
        <line num="40" count="2" type="stmt"/>
        <line num="41" count="12" type="stmt"/>
        <line num="42" count="72" type="stmt"/>
        <line num="63" count="2" type="stmt"/>
        <line num="64" count="12" type="stmt"/>
        <line num="65" count="72" type="stmt"/>
        <line num="96" count="2" type="stmt"/>
        <line num="97" count="12" type="stmt"/>
        <line num="98" count="72" type="stmt"/>
        <line num="107" count="2" type="stmt"/>
        <line num="108" count="12" type="stmt"/>
        <line num="109" count="72" type="stmt"/>
        <line num="134" count="2" type="stmt"/>
      </file>
      <file name="op.split.tests.json.ts" path="/home/runner/work/json-joy/json-joy/src/json-cli/test/op.split.tests.json.ts">
        <metrics statements="2" coveredstatements="2" conditionals="0" coveredconditionals="0" methods="0" coveredmethods="0"/>
        <line num="3" count="2" type="stmt"/>
        <line num="437" count="2" type="stmt"/>
      </file>
      <file name="op.starts.tests.json.ts" path="/home/runner/work/json-joy/json-joy/src/json-cli/test/op.starts.tests.json.ts">
        <metrics statements="2" coveredstatements="2" conditionals="0" coveredconditionals="0" methods="0" coveredmethods="0"/>
        <line num="3" count="2" type="stmt"/>
        <line num="118" count="2" type="stmt"/>
      </file>
      <file name="op.str_del.tests.json.ts" path="/home/runner/work/json-joy/json-joy/src/json-cli/test/op.str_del.tests.json.ts">
        <metrics statements="2" coveredstatements="2" conditionals="0" coveredconditionals="0" methods="0" coveredmethods="0"/>
        <line num="3" count="2" type="stmt"/>
        <line num="151" count="2" type="stmt"/>
      </file>
      <file name="op.str_ins.tests.json.ts" path="/home/runner/work/json-joy/json-joy/src/json-cli/test/op.str_ins.tests.json.ts">
        <metrics statements="2" coveredstatements="2" conditionals="0" coveredconditionals="0" methods="0" coveredmethods="0"/>
        <line num="3" count="2" type="stmt"/>
        <line num="252" count="2" type="stmt"/>
      </file>
      <file name="op.test.tests.json.ts" path="/home/runner/work/json-joy/json-joy/src/json-cli/test/op.test.tests.json.ts">
        <metrics statements="2" coveredstatements="2" conditionals="0" coveredconditionals="0" methods="0" coveredmethods="0"/>
        <line num="3" count="2" type="stmt"/>
        <line num="36" count="2" type="stmt"/>
      </file>
      <file name="op.type.tests.json.ts" path="/home/runner/work/json-joy/json-joy/src/json-cli/test/op.type.tests.json.ts">
        <metrics statements="2" coveredstatements="2" conditionals="0" coveredconditionals="0" methods="0" coveredmethods="0"/>
        <line num="3" count="2" type="stmt"/>
        <line num="30" count="2" type="stmt"/>
      </file>
      <file name="op.undefined.tests.json.ts" path="/home/runner/work/json-joy/json-joy/src/json-cli/test/op.undefined.tests.json.ts">
        <metrics statements="2" coveredstatements="2" conditionals="0" coveredconditionals="0" methods="0" coveredmethods="0"/>
        <line num="3" count="2" type="stmt"/>
        <line num="85" count="2" type="stmt"/>
      </file>
      <file name="spec.json.ts" path="/home/runner/work/json-joy/json-joy/src/json-cli/test/spec.json.ts">
        <metrics statements="2" coveredstatements="2" conditionals="0" coveredconditionals="0" methods="0" coveredmethods="0"/>
        <line num="3" count="2" type="stmt"/>
        <line num="212" count="2" type="stmt"/>
      </file>
      <file name="suites.ts" path="/home/runner/work/json-joy/json-joy/src/json-cli/test/suites.ts">
        <metrics statements="25" coveredstatements="25" conditionals="0" coveredconditionals="0" methods="0" coveredmethods="0"/>
        <line num="1" count="2" type="stmt"/>
        <line num="2" count="2" type="stmt"/>
        <line num="3" count="2" type="stmt"/>
        <line num="4" count="2" type="stmt"/>
        <line num="5" count="2" type="stmt"/>
        <line num="6" count="2" type="stmt"/>
        <line num="7" count="2" type="stmt"/>
        <line num="8" count="2" type="stmt"/>
        <line num="9" count="2" type="stmt"/>
        <line num="10" count="2" type="stmt"/>
        <line num="11" count="2" type="stmt"/>
        <line num="12" count="2" type="stmt"/>
        <line num="13" count="2" type="stmt"/>
        <line num="14" count="2" type="stmt"/>
        <line num="15" count="2" type="stmt"/>
        <line num="16" count="2" type="stmt"/>
        <line num="17" count="2" type="stmt"/>
        <line num="18" count="2" type="stmt"/>
        <line num="19" count="2" type="stmt"/>
        <line num="20" count="2" type="stmt"/>
        <line num="21" count="2" type="stmt"/>
        <line num="22" count="2" type="stmt"/>
        <line num="23" count="2" type="stmt"/>
        <line num="24" count="2" type="stmt"/>
        <line num="27" count="2" type="stmt"/>
      </file>
      <file name="tests.json.ts" path="/home/runner/work/json-joy/json-joy/src/json-cli/test/tests.json.ts">
        <metrics statements="2" coveredstatements="2" conditionals="0" coveredconditionals="0" methods="0" coveredmethods="0"/>
        <line num="3" count="2" type="stmt"/>
        <line num="518" count="2" type="stmt"/>
      </file>
    </package>
    <package name="json-clone">
      <metrics statements="40" coveredstatements="40" conditionals="9" coveredconditionals="9" methods="2" coveredmethods="2"/>
      <file name="clone.ts" path="/home/runner/work/json-joy/json-joy/src/json-clone/clone.ts">
        <metrics statements="18" coveredstatements="18" conditionals="4" coveredconditionals="4" methods="1" coveredmethods="1"/>
        <line num="1" count="46" type="stmt"/>
        <line num="2" count="46" type="stmt"/>
        <line num="10" count="46" type="stmt"/>
        <line num="11" count="18189" type="cond" truecount="1" falsecount="0"/>
        <line num="12" count="17081" type="cond" truecount="2" falsecount="0"/>
        <line num="13" count="3616" type="stmt"/>
        <line num="14" count="3616" type="stmt"/>
        <line num="15" count="5152" type="stmt"/>
        <line num="16" count="3616" type="stmt"/>
        <line num="17" count="13465" type="cond" truecount="1" falsecount="0"/>
        <line num="18" count="5422" type="stmt"/>
        <line num="19" count="5422" type="stmt"/>
        <line num="20" count="5422" type="stmt"/>
        <line num="21" count="5422" type="stmt"/>
        <line num="22" count="10438" type="stmt"/>
        <line num="23" count="10438" type="stmt"/>
        <line num="25" count="5422" type="stmt"/>
        <line num="27" count="8043" type="stmt"/>
      </file>
      <file name="cloneBinary.ts" path="/home/runner/work/json-joy/json-joy/src/json-clone/cloneBinary.ts">
        <metrics statements="20" coveredstatements="20" conditionals="5" coveredconditionals="5" methods="1" coveredmethods="1"/>
        <line num="1" count="28" type="stmt"/>
        <line num="3" count="28" type="stmt"/>
        <line num="4" count="28" type="stmt"/>
        <line num="12" count="28" type="stmt"/>
        <line num="13" count="3978" type="cond" truecount="1" falsecount="0"/>
        <line num="14" count="3782" type="cond" truecount="2" falsecount="0"/>
        <line num="15" count="921" type="stmt"/>
        <line num="16" count="921" type="stmt"/>
        <line num="17" count="921" type="stmt"/>
        <line num="18" count="921" type="stmt"/>
        <line num="19" count="2861" type="cond" truecount="1" falsecount="0"/>
        <line num="20" count="1372" type="cond" truecount="1" falsecount="0"/>
        <line num="21" count="1357" type="stmt"/>
        <line num="22" count="1357" type="stmt"/>
        <line num="23" count="1357" type="stmt"/>
        <line num="24" count="1357" type="stmt"/>
        <line num="25" count="3004" type="stmt"/>
        <line num="26" count="3004" type="stmt"/>
        <line num="28" count="1357" type="stmt"/>
        <line num="30" count="1489" type="stmt"/>
      </file>
      <file name="index.ts" path="/home/runner/work/json-joy/json-joy/src/json-clone/index.ts">
        <metrics statements="2" coveredstatements="2" conditionals="0" coveredconditionals="0" methods="0" coveredmethods="0"/>
        <line num="1" count="27" type="stmt"/>
        <line num="2" count="27" type="stmt"/>
      </file>
    </package>
    <package name="json-crdt">
      <metrics statements="38" coveredstatements="36" conditionals="9" coveredconditionals="9" methods="7" coveredmethods="6"/>
      <file name="hash.ts" path="/home/runner/work/json-joy/json-joy/src/json-crdt/hash.ts">
        <metrics statements="34" coveredstatements="32" conditionals="9" coveredconditionals="9" methods="7" coveredmethods="6"/>
        <line num="1" count="7" type="stmt"/>
        <line num="2" count="7" type="stmt"/>
        <line num="3" count="7" type="stmt"/>
        <line num="4" count="7" type="stmt"/>
        <line num="9" count="7" type="stmt"/>
        <line num="10" count="16180" type="stmt"/>
        <line num="11" count="16180" type="stmt"/>
        <line num="13" count="16180" type="stmt"/>
        <line num="14" count="16180" type="stmt"/>
        <line num="17" count="7" type="stmt"/>
        <line num="18" count="3366" type="stmt"/>
        <line num="19" count="3366" type="stmt"/>
        <line num="20" count="3366" type="stmt"/>
        <line num="21" count="3366" type="cond" truecount="1" falsecount="0"/>
        <line num="22" count="3366" type="stmt"/>
        <line num="30" count="7" type="stmt"/>
        <line num="31" count="12288" type="cond" truecount="1" falsecount="0"/>
        <line num="32" count="5885" type="cond" truecount="1" falsecount="0"/>
        <line num="33" count="1602" type="stmt"/>
        <line num="34" count="1602" type="cond" truecount="1" falsecount="0"/>
        <line num="35" count="1602" type="stmt"/>
        <line num="37" count="4283" type="cond" truecount="3" falsecount="0"/>
        <line num="38" count="1529" type="stmt"/>
        <line num="39" count="7812" type="stmt"/>
        <line num="41" count="1529" type="stmt"/>
        <line num="43" count="2754" type="cond" truecount="1" falsecount="0"/>
        <line num="44" count="600" type="stmt"/>
        <line num="45" count="2050" type="stmt"/>
        <line num="48" count="2754" type="cond" truecount="1" falsecount="0"/>
        <line num="49" count="0" type="stmt"/>
        <line num="52" count="7" type="stmt"/>
        <line num="53" count="202" type="stmt"/>
        <line num="56" count="7" type="stmt"/>
        <line num="57" count="0" type="stmt"/>
      </file>
      <file name="index.ts" path="/home/runner/work/json-joy/json-joy/src/json-crdt/index.ts">
        <metrics statements="4" coveredstatements="4" conditionals="0" coveredconditionals="0" methods="0" coveredmethods="0"/>
        <line num="1" count="11" type="stmt"/>
        <line num="2" count="11" type="stmt"/>
        <line num="3" count="11" type="stmt"/>
        <line num="5" count="11" type="stmt"/>
      </file>
    </package>
    <package name="json-crdt-extensions.cnt">
      <metrics statements="27" coveredstatements="23" conditionals="5" coveredconditionals="5" methods="11" coveredmethods="5"/>
      <file name="index.ts" path="/home/runner/work/json-joy/json-joy/src/json-crdt-extensions/cnt/index.ts">
        <metrics statements="27" coveredstatements="23" conditionals="5" coveredconditionals="5" methods="11" coveredmethods="5"/>
        <line num="1" count="1" type="stmt"/>
        <line num="2" count="1" type="stmt"/>
        <line num="4" count="1" type="stmt"/>
        <line num="5" count="1" type="stmt"/>
        <line num="12" count="1" type="stmt"/>
        <line num="17" count="3" type="stmt"/>
        <line num="18" count="3" type="stmt"/>
        <line num="24" count="0" type="stmt"/>
        <line num="28" count="8" type="stmt"/>
        <line num="29" count="8" type="stmt"/>
        <line num="30" count="10" type="stmt"/>
        <line num="31" count="8" type="stmt"/>
        <line num="37" count="0" type="stmt"/>
        <line num="41" count="0" type="stmt"/>
        <line num="44" count="3" type="stmt"/>
        <line num="49" count="0" type="stmt"/>
        <line num="55" count="4" type="stmt"/>
        <line num="56" count="4" type="stmt"/>
        <line num="57" count="4" type="stmt"/>
        <line num="58" count="4" type="cond" truecount="2" falsecount="0"/>
        <line num="59" count="4" type="stmt"/>
        <line num="60" count="4" type="stmt"/>
        <line num="61" count="4" type="stmt"/>
        <line num="64" count="4" type="stmt"/>
        <line num="68" count="1" type="stmt"/>
        <line num="72" count="2" type="stmt"/>
        <line num="74" count="2" type="cond" truecount="2" falsecount="0"/>
      </file>
    </package>
    <package name="json-crdt-extensions.mval">
      <metrics statements="27" coveredstatements="23" conditionals="0" coveredconditionals="0" methods="11" coveredmethods="5"/>
      <file name="ValueMv.ts" path="/home/runner/work/json-joy/json-joy/src/json-crdt-extensions/mval/ValueMv.ts">
        <metrics statements="10" coveredstatements="6" conditionals="0" coveredconditionals="0" methods="8" coveredmethods="2"/>
        <line num="2" count="2" type="stmt"/>
        <line num="7" count="2" type="stmt"/>
        <line num="10" count="10" type="stmt"/>
        <line num="11" count="10" type="stmt"/>
        <line num="17" count="0" type="stmt"/>
        <line num="21" count="16" type="stmt"/>
        <line num="27" count="0" type="stmt"/>
        <line num="31" count="0" type="stmt"/>
        <line num="34" count="10" type="stmt"/>
        <line num="39" count="0" type="stmt"/>
      </file>
      <file name="ValueMvApi.ts" path="/home/runner/work/json-joy/json-joy/src/json-crdt-extensions/mval/ValueMvApi.ts">
        <metrics statements="10" coveredstatements="10" conditionals="0" coveredconditionals="0" methods="1" coveredmethods="1"/>
        <line num="1" count="2" type="stmt"/>
        <line num="5" count="2" type="stmt"/>
        <line num="7" count="10" type="stmt"/>
        <line num="8" count="10" type="stmt"/>
        <line num="9" count="10" type="stmt"/>
        <line num="10" count="10" type="stmt"/>
        <line num="11" count="10" type="stmt"/>
        <line num="12" count="10" type="stmt"/>
        <line num="13" count="10" type="stmt"/>
        <line num="14" count="10" type="stmt"/>
      </file>
      <file name="index.ts" path="/home/runner/work/json-joy/json-joy/src/json-crdt-extensions/mval/index.ts">
        <metrics statements="7" coveredstatements="7" conditionals="0" coveredconditionals="0" methods="2" coveredmethods="2"/>
        <line num="1" count="2" type="stmt"/>
        <line num="2" count="2" type="stmt"/>
        <line num="4" count="2" type="stmt"/>
        <line num="5" count="2" type="stmt"/>
        <line num="10" count="2" type="stmt"/>
        <line num="14" count="11" type="stmt"/>
        <line num="16" count="11" type="stmt"/>
      </file>
    </package>
    <package name="json-crdt-extensions.peritext">
      <metrics statements="41" coveredstatements="28" conditionals="12" coveredconditionals="3" methods="18" coveredmethods="11"/>
      <file name="Peritext.ts" path="/home/runner/work/json-joy/json-joy/src/json-crdt-extensions/peritext/Peritext.ts">
        <metrics statements="41" coveredstatements="28" conditionals="12" coveredconditionals="3" methods="18" coveredmethods="11"/>
        <line num="2" count="5" type="stmt"/>
        <line num="3" count="5" type="stmt"/>
        <line num="4" count="5" type="stmt"/>
        <line num="5" count="5" type="stmt"/>
        <line num="7" count="5" type="stmt"/>
        <line num="16" count="5" type="stmt"/>
        <line num="21" count="1267" type="stmt"/>
        <line num="22" count="1267" type="stmt"/>
        <line num="25" count="1267" type="stmt"/>
        <line num="26" count="1267" type="stmt"/>
        <line num="30" count="95" type="stmt"/>
        <line num="43" count="1620" type="stmt"/>
        <line num="58" count="146" type="stmt"/>
        <line num="59" count="146" type="stmt"/>
        <line num="60" count="146" type="cond" truecount="1" falsecount="0"/>
        <line num="61" count="145" type="stmt"/>
        <line num="71" count="13" type="stmt"/>
        <line num="81" count="13" type="stmt"/>
        <line num="94" count="1" type="stmt"/>
        <line num="105" count="13" type="stmt"/>
        <line num="117" count="129" type="stmt"/>
        <line num="129" count="0" type="stmt"/>
        <line num="130" count="0" type="stmt"/>
        <line num="142" count="24" type="cond" truecount="0" falsecount="1"/>
        <line num="143" count="24" type="stmt"/>
        <line num="144" count="24" type="stmt"/>
        <line num="145" count="24" type="stmt"/>
        <line num="146" count="24" type="stmt"/>
        <line num="151" count="0" type="cond" truecount="0" falsecount="1"/>
        <line num="152" count="0" type="stmt"/>
        <line num="153" count="0" type="cond" truecount="0" falsecount="3"/>
        <line num="155" count="0" type="stmt"/>
        <line num="156" count="0" type="cond" truecount="0" falsecount="1"/>
        <line num="157" count="0" type="stmt"/>
        <line num="163" count="0" type="stmt"/>
        <line num="164" count="0" type="stmt"/>
        <line num="167" count="0" type="stmt"/>
        <line num="169" count="0" type="stmt"/>
        <line num="171" count="0" type="stmt"/>
        <line num="178" count="1267" type="stmt"/>
        <line num="181" count="578" type="stmt"/>
      </file>
    </package>
    <package name="json-crdt-extensions.peritext.editor">
      <metrics statements="62" coveredstatements="35" conditionals="28" coveredconditionals="12" methods="13" coveredmethods="7"/>
      <file name="Editor.ts" path="/home/runner/work/json-joy/json-joy/src/json-crdt-extensions/peritext/editor/Editor.ts">
        <metrics statements="62" coveredstatements="35" conditionals="28" coveredconditionals="12" methods="13" coveredmethods="7"/>
        <line num="1" count="5" type="stmt"/>
        <line num="4" count="5" type="stmt"/>
        <line num="12" count="5" type="stmt"/>
        <line num="19" count="1267" type="stmt"/>
        <line num="20" count="1267" type="stmt"/>
        <line num="21" count="1267" type="stmt"/>
        <line num="22" count="1267" type="stmt"/>
        <line num="27" count="30" type="stmt"/>
        <line num="32" count="0" type="stmt"/>
        <line num="44" count="29" type="stmt"/>
        <line num="45" count="29" type="stmt"/>
        <line num="46" count="29" type="cond" truecount="1" falsecount="0"/>
        <line num="47" count="5" type="stmt"/>
        <line num="48" count="5" type="stmt"/>
        <line num="49" count="5" type="cond" truecount="2" falsecount="0"/>
        <line num="50" count="5" type="cond" truecount="2" falsecount="0"/>
        <line num="51" count="5" type="stmt"/>
        <line num="52" count="5" type="cond" truecount="2" falsecount="1"/>
        <line num="53" count="5" type="stmt"/>
        <line num="54" count="5" type="stmt"/>
        <line num="55" count="5" type="stmt"/>
        <line num="56" count="5" type="stmt"/>
        <line num="57" count="5" type="stmt"/>
        <line num="58" count="5" type="cond" truecount="2" falsecount="0"/>
        <line num="59" count="1" type="cond" truecount="1" falsecount="1"/>
        <line num="61" count="29" type="stmt"/>
        <line num="69" count="24" type="cond" truecount="0" falsecount="1"/>
        <line num="70" count="24" type="stmt"/>
        <line num="71" count="24" type="stmt"/>
        <line num="72" count="24" type="stmt"/>
        <line num="73" count="24" type="cond" truecount="1" falsecount="1"/>
        <line num="81" count="5" type="stmt"/>
        <line num="82" count="5" type="cond" truecount="0" falsecount="1"/>
        <line num="83" count="0" type="stmt"/>
        <line num="84" count="0" type="cond" truecount="0" falsecount="1"/>
        <line num="85" count="0" type="stmt"/>
        <line num="87" count="5" type="stmt"/>
        <line num="91" count="0" type="stmt"/>
        <line num="92" count="0" type="stmt"/>
        <line num="93" count="0" type="cond" truecount="0" falsecount="1"/>
        <line num="94" count="0" type="stmt"/>
        <line num="95" count="0" type="cond" truecount="0" falsecount="1"/>
        <line num="96" count="0" type="stmt"/>
        <line num="97" count="0" type="stmt"/>
        <line num="98" count="0" type="stmt"/>
        <line num="102" count="0" type="stmt"/>
        <line num="103" count="0" type="stmt"/>
        <line num="104" count="0" type="cond" truecount="0" falsecount="1"/>
        <line num="105" count="0" type="stmt"/>
        <line num="106" count="0" type="cond" truecount="0" falsecount="1"/>
        <line num="107" count="0" type="cond" truecount="0" falsecount="2"/>
        <line num="108" count="0" type="stmt"/>
        <line num="109" count="0" type="stmt"/>
        <line num="113" count="0" type="stmt"/>
        <line num="114" count="0" type="stmt"/>
        <line num="115" count="0" type="cond" truecount="0" falsecount="3"/>
        <line num="116" count="0" type="stmt"/>
        <line num="120" count="0" type="stmt"/>
        <line num="121" count="0" type="cond" truecount="0" falsecount="1"/>
        <line num="125" count="7" type="stmt"/>
        <line num="129" count="2" type="stmt"/>
        <line num="133" count="0" type="stmt"/>
      </file>
    </package>
    <package name="json-crdt-extensions.peritext.overlay">
      <metrics statements="91" coveredstatements="81" conditionals="26" coveredconditionals="19" methods="15" coveredmethods="11"/>
      <file name="OverlayPoint.ts" path="/home/runner/work/json-joy/json-joy/src/json-crdt-extensions/peritext/overlay/OverlayPoint.ts">
        <metrics statements="87" coveredstatements="77" conditionals="26" coveredconditionals="19" methods="13" coveredmethods="9"/>
        <line num="1" count="1" type="stmt"/>
        <line num="2" count="1" type="stmt"/>
        <line num="3" count="1" type="stmt"/>
        <line num="4" count="1" type="stmt"/>
        <line num="15" count="1" type="stmt"/>
        <line num="20" count="19" type="stmt"/>
        <line num="29" count="19" type="stmt"/>
        <line num="40" count="27" type="stmt"/>
        <line num="41" count="27" type="stmt"/>
        <line num="42" count="27" type="cond" truecount="1" falsecount="0"/>
        <line num="43" count="10" type="stmt"/>
        <line num="44" count="10" type="stmt"/>
        <line num="48" count="17" type="stmt"/>
        <line num="49" count="17" type="stmt"/>
        <line num="50" count="17" type="stmt"/>
        <line num="51" count="17" type="cond" truecount="2" falsecount="0"/>
        <line num="52" count="4" type="stmt"/>
        <line num="53" count="4" type="stmt"/>
        <line num="54" count="13" type="cond" truecount="1" falsecount="0"/>
        <line num="55" count="6" type="stmt"/>
        <line num="56" count="3" type="stmt"/>
        <line num="57" count="3" type="stmt"/>
        <line num="58" count="3" type="cond" truecount="1" falsecount="1"/>
        <line num="59" count="0" type="stmt"/>
        <line num="60" count="0" type="stmt"/>
        <line num="61" count="3" type="cond" truecount="1" falsecount="0"/>
        <line num="63" count="4" type="stmt"/>
        <line num="73" count="5" type="stmt"/>
        <line num="74" count="5" type="stmt"/>
        <line num="75" count="5" type="stmt"/>
        <line num="76" count="6" type="cond" truecount="1" falsecount="0"/>
        <line num="77" count="4" type="stmt"/>
        <line num="78" count="4" type="stmt"/>
        <line num="90" count="19" type="stmt"/>
        <line num="103" count="33" type="stmt"/>
        <line num="104" count="33" type="stmt"/>
        <line num="105" count="33" type="cond" truecount="1" falsecount="0"/>
        <line num="106" count="10" type="stmt"/>
        <line num="107" count="10" type="stmt"/>
        <line num="111" count="23" type="stmt"/>
        <line num="112" count="23" type="stmt"/>
        <line num="113" count="23" type="stmt"/>
        <line num="114" count="23" type="cond" truecount="2" falsecount="0"/>
        <line num="115" count="4" type="stmt"/>
        <line num="116" count="4" type="stmt"/>
        <line num="117" count="19" type="cond" truecount="1" falsecount="0"/>
        <line num="118" count="9" type="stmt"/>
        <line num="119" count="6" type="stmt"/>
        <line num="120" count="6" type="stmt"/>
        <line num="121" count="6" type="cond" truecount="1" falsecount="1"/>
        <line num="122" count="0" type="stmt"/>
        <line num="123" count="0" type="stmt"/>
        <line num="124" count="6" type="cond" truecount="1" falsecount="0"/>
        <line num="126" count="4" type="stmt"/>
        <line num="138" count="5" type="stmt"/>
        <line num="139" count="5" type="stmt"/>
        <line num="140" count="5" type="stmt"/>
        <line num="141" count="6" type="cond" truecount="1" falsecount="0"/>
        <line num="142" count="4" type="stmt"/>
        <line num="143" count="4" type="stmt"/>
        <line num="153" count="19" type="stmt"/>
        <line num="161" count="3" type="stmt"/>
        <line num="162" count="3" type="stmt"/>
        <line num="171" count="3" type="stmt"/>
        <line num="172" count="3" type="stmt"/>
        <line num="181" count="1" type="stmt"/>
        <line num="191" count="2" type="stmt"/>
        <line num="192" count="2" type="stmt"/>
        <line num="193" count="2" type="stmt"/>
        <line num="194" count="3" type="stmt"/>
        <line num="195" count="3" type="cond" truecount="1" falsecount="0"/>
        <line num="196" count="1" type="stmt"/>
        <line num="197" count="1" type="stmt"/>
        <line num="198" count="1" type="stmt"/>
        <line num="200" count="2" type="cond" truecount="1" falsecount="0"/>
        <line num="204" count="1" type="stmt"/>
        <line num="205" count="1" type="stmt"/>
        <line num="206" count="1" type="stmt"/>
        <line num="214" count="0" type="stmt"/>
        <line num="218" count="0" type="cond" truecount="0" falsecount="2"/>
        <line num="219" count="0" type="stmt"/>
        <line num="220" count="0" type="cond" truecount="0" falsecount="1"/>
        <line num="221" count="0" type="stmt"/>
        <line num="225" count="0" type="stmt"/>
        <line num="232" count="19" type="stmt"/>
        <line num="233" count="19" type="stmt"/>
        <line num="234" count="19" type="stmt"/>
      </file>
      <file name="refs.ts" path="/home/runner/work/json-joy/json-joy/src/json-crdt-extensions/peritext/overlay/refs.ts">
        <metrics statements="4" coveredstatements="4" conditionals="0" coveredconditionals="0" methods="2" coveredmethods="2"/>
        <line num="15" count="1" type="stmt"/>
        <line num="16" count="3" type="stmt"/>
        <line num="19" count="1" type="stmt"/>
        <line num="20" count="1" type="stmt"/>
      </file>
    </package>
    <package name="json-crdt-extensions.peritext.rga">
      <metrics statements="274" coveredstatements="255" conditionals="163" coveredconditionals="125" methods="49" coveredmethods="45"/>
      <file name="Point.ts" path="/home/runner/work/json-joy/json-joy/src/json-crdt-extensions/peritext/rga/Point.ts">
        <metrics statements="194" coveredstatements="187" conditionals="118" coveredconditionals="100" methods="27" coveredmethods="26"/>
        <line num="1" count="5" type="stmt"/>
        <line num="3" count="5" type="stmt"/>
        <line num="4" count="5" type="stmt"/>
        <line num="25" count="5" type="stmt"/>
        <line num="27" count="7253" type="stmt"/>
        <line num="28" count="7253" type="stmt"/>
        <line num="29" count="7253" type="stmt"/>
        <line num="39" count="1" type="stmt"/>
        <line num="40" count="1" type="stmt"/>
        <line num="49" count="2970" type="stmt"/>
        <line num="63" count="2357" type="stmt"/>
        <line num="64" count="2357" type="cond" truecount="1" falsecount="0"/>
        <line num="65" count="2281" type="stmt"/>
        <line num="79" count="273" type="stmt"/>
        <line num="80" count="273" type="stmt"/>
        <line num="81" count="273" type="cond" truecount="2" falsecount="0"/>
        <line num="82" count="52" type="stmt"/>
        <line num="83" count="52" type="cond" truecount="6" falsecount="0"/>
        <line num="84" count="221" type="cond" truecount="1" falsecount="0"/>
        <line num="85" count="12" type="stmt"/>
        <line num="86" count="12" type="cond" truecount="4" falsecount="2"/>
        <line num="88" count="209" type="stmt"/>
        <line num="89" count="209" type="cond" truecount="1" falsecount="0"/>
        <line num="90" count="143" type="stmt"/>
        <line num="91" count="143" type="cond" truecount="1" falsecount="0"/>
        <line num="92" count="33" type="stmt"/>
        <line num="93" count="33" type="cond" truecount="0" falsecount="1"/>
        <line num="94" count="33" type="cond" truecount="1" falsecount="0"/>
        <line num="95" count="32" type="stmt"/>
        <line num="96" count="32" type="stmt"/>
        <line num="97" count="32" type="stmt"/>
        <line num="98" count="48" type="cond" truecount="1" falsecount="0"/>
        <line num="99" count="32" type="stmt"/>
        <line num="101" count="16" type="stmt"/>
        <line num="111" count="1756" type="stmt"/>
        <line num="112" count="1756" type="stmt"/>
        <line num="113" count="1756" type="cond" truecount="1" falsecount="0"/>
        <line num="114" count="1048" type="stmt"/>
        <line num="115" count="1048" type="stmt"/>
        <line num="116" count="1048" type="stmt"/>
        <line num="117" count="1048" type="cond" truecount="4" falsecount="0"/>
        <line num="119" count="846" type="stmt"/>
        <line num="120" count="846" type="stmt"/>
        <line num="127" count="530" type="stmt"/>
        <line num="128" count="530" type="cond" truecount="1" falsecount="0"/>
        <line num="129" count="525" type="stmt"/>
        <line num="130" count="525" type="cond" truecount="1" falsecount="0"/>
        <line num="131" count="378" type="stmt"/>
        <line num="139" count="125" type="stmt"/>
        <line num="140" count="125" type="cond" truecount="3" falsecount="0"/>
        <line num="141" count="120" type="cond" truecount="2" falsecount="0"/>
        <line num="153" count="275" type="cond" truecount="1" falsecount="0"/>
        <line num="154" count="274" type="stmt"/>
        <line num="155" count="274" type="stmt"/>
        <line num="157" count="274" type="cond" truecount="2" falsecount="0"/>
        <line num="158" count="7" type="stmt"/>
        <line num="159" count="7" type="cond" truecount="2" falsecount="0"/>
        <line num="160" count="7" type="cond" truecount="0" falsecount="1"/>
        <line num="161" count="7" type="stmt"/>
        <line num="162" count="7" type="cond" truecount="1" falsecount="0"/>
        <line num="163" count="3" type="stmt"/>
        <line num="164" count="3" type="stmt"/>
        <line num="166" count="267" type="stmt"/>
        <line num="167" count="267" type="cond" truecount="0" falsecount="1"/>
        <line num="168" count="267" type="cond" truecount="1" falsecount="0"/>
        <line num="169" count="229" type="stmt"/>
        <line num="170" count="229" type="stmt"/>
        <line num="171" count="229" type="cond" truecount="2" falsecount="0"/>
        <line num="172" count="151" type="stmt"/>
        <line num="174" count="189" type="stmt"/>
        <line num="177" count="192" type="cond" truecount="2" falsecount="0"/>
        <line num="178" count="446" type="cond" truecount="1" falsecount="0"/>
        <line num="179" count="204" type="stmt"/>
        <line num="180" count="204" type="stmt"/>
        <line num="182" count="242" type="stmt"/>
        <line num="183" count="242" type="stmt"/>
        <line num="184" count="242" type="cond" truecount="3" falsecount="0"/>
        <line num="185" count="78" type="stmt"/>
        <line num="186" count="78" type="stmt"/>
        <line num="188" count="28" type="cond" truecount="1" falsecount="0"/>
        <line num="189" count="0" type="cond" truecount="0" falsecount="2"/>
        <line num="198" count="299" type="cond" truecount="1" falsecount="0"/>
        <line num="199" count="298" type="stmt"/>
        <line num="200" count="298" type="stmt"/>
        <line num="201" count="298" type="stmt"/>
        <line num="202" count="298" type="cond" truecount="1" falsecount="0"/>
        <line num="203" count="297" type="cond" truecount="1" falsecount="0"/>
        <line num="204" count="247" type="stmt"/>
        <line num="205" count="247" type="cond" truecount="1" falsecount="0"/>
        <line num="206" count="161" type="stmt"/>
        <line num="208" count="211" type="stmt"/>
        <line num="209" count="211" type="stmt"/>
        <line num="210" count="408" type="cond" truecount="1" falsecount="0"/>
        <line num="211" count="183" type="stmt"/>
        <line num="212" count="183" type="stmt"/>
        <line num="214" count="225" type="stmt"/>
        <line num="215" count="225" type="cond" truecount="1" falsecount="0"/>
        <line num="216" count="158" type="stmt"/>
        <line num="218" count="67" type="stmt"/>
        <line num="219" count="67" type="stmt"/>
        <line num="221" count="53" type="stmt"/>
        <line num="231" count="94" type="stmt"/>
        <line num="232" count="94" type="cond" truecount="1" falsecount="0"/>
        <line num="233" count="2" type="stmt"/>
        <line num="234" count="2" type="cond" truecount="0" falsecount="1"/>
        <line num="235" count="2" type="stmt"/>
        <line num="237" count="92" type="stmt"/>
        <line num="238" count="92" type="stmt"/>
        <line num="239" count="92" type="cond" truecount="1" falsecount="0"/>
        <line num="240" count="90" type="stmt"/>
        <line num="241" count="90" type="cond" truecount="2" falsecount="1"/>
        <line num="242" count="90" type="stmt"/>
        <line num="243" count="90" type="stmt"/>
        <line num="253" count="108" type="stmt"/>
        <line num="254" count="108" type="cond" truecount="1" falsecount="0"/>
        <line num="255" count="2" type="stmt"/>
        <line num="256" count="2" type="cond" truecount="0" falsecount="1"/>
        <line num="257" count="2" type="stmt"/>
        <line num="259" count="106" type="stmt"/>
        <line num="260" count="106" type="stmt"/>
        <line num="261" count="106" type="cond" truecount="1" falsecount="0"/>
        <line num="262" count="104" type="stmt"/>
        <line num="263" count="104" type="cond" truecount="2" falsecount="1"/>
        <line num="264" count="104" type="stmt"/>
        <line num="265" count="104" type="stmt"/>
        <line num="276" count="1834" type="stmt"/>
        <line num="284" count="832" type="cond" truecount="2" falsecount="0"/>
        <line num="292" count="508" type="cond" truecount="2" falsecount="0"/>
        <line num="301" count="6" type="cond" truecount="1" falsecount="0"/>
        <line num="302" count="4" type="stmt"/>
        <line num="303" count="4" type="cond" truecount="2" falsecount="0"/>
        <line num="312" count="6" type="cond" truecount="1" falsecount="0"/>
        <line num="313" count="4" type="stmt"/>
        <line num="314" count="4" type="stmt"/>
        <line num="315" count="4" type="cond" truecount="0" falsecount="1"/>
        <line num="316" count="4" type="stmt"/>
        <line num="317" count="4" type="cond" truecount="2" falsecount="0"/>
        <line num="324" count="7" type="stmt"/>
        <line num="325" count="7" type="stmt"/>
        <line num="332" count="5" type="stmt"/>
        <line num="333" count="5" type="stmt"/>
        <line num="340" count="1" type="stmt"/>
        <line num="341" count="1" type="stmt"/>
        <line num="348" count="1" type="stmt"/>
        <line num="349" count="1" type="stmt"/>
        <line num="359" count="163" type="stmt"/>
        <line num="360" count="163" type="cond" truecount="1" falsecount="0"/>
        <line num="361" count="2" type="cond" truecount="1" falsecount="0"/>
        <line num="362" count="2" type="stmt"/>
        <line num="363" count="2" type="cond" truecount="1" falsecount="0"/>
        <line num="364" count="2" type="stmt"/>
        <line num="365" count="2" type="stmt"/>
        <line num="366" count="2" type="stmt"/>
        <line num="369" count="0" type="stmt"/>
        <line num="371" count="161" type="cond" truecount="3" falsecount="0"/>
        <line num="372" count="84" type="stmt"/>
        <line num="373" count="84" type="cond" truecount="2" falsecount="0"/>
        <line num="383" count="264" type="stmt"/>
        <line num="384" count="264" type="cond" truecount="1" falsecount="0"/>
        <line num="385" count="9" type="cond" truecount="1" falsecount="0"/>
        <line num="386" count="7" type="stmt"/>
        <line num="387" count="7" type="stmt"/>
        <line num="388" count="7" type="cond" truecount="1" falsecount="0"/>
        <line num="389" count="6" type="stmt"/>
        <line num="390" count="6" type="cond" truecount="1" falsecount="0"/>
        <line num="391" count="6" type="stmt"/>
        <line num="392" count="6" type="stmt"/>
        <line num="393" count="6" type="stmt"/>
        <line num="397" count="3" type="stmt"/>
        <line num="399" count="255" type="cond" truecount="3" falsecount="0"/>
        <line num="400" count="144" type="stmt"/>
        <line num="401" count="144" type="cond" truecount="2" falsecount="0"/>
        <line num="410" count="2" type="cond" truecount="2" falsecount="0"/>
        <line num="411" count="1" type="stmt"/>
        <line num="419" count="76" type="cond" truecount="0" falsecount="1"/>
        <line num="420" count="76" type="stmt"/>
        <line num="421" count="76" type="cond" truecount="1" falsecount="0"/>
        <line num="422" count="76" type="cond" truecount="2" falsecount="0"/>
        <line num="423" count="51" type="stmt"/>
        <line num="424" count="51" type="cond" truecount="2" falsecount="0"/>
        <line num="426" count="48" type="stmt"/>
        <line num="427" count="48" type="cond" truecount="1" falsecount="0"/>
        <line num="430" count="25" type="stmt"/>
        <line num="431" count="25" type="cond" truecount="2" falsecount="0"/>
        <line num="433" count="23" type="stmt"/>
        <line num="434" count="23" type="cond" truecount="1" falsecount="0"/>
        <line num="442" count="10" type="stmt"/>
        <line num="443" count="10" type="stmt"/>
        <line num="444" count="10" type="stmt"/>
        <line num="450" count="0" type="cond" truecount="0" falsecount="2"/>
        <line num="451" count="0" type="stmt"/>
        <line num="452" count="0" type="stmt"/>
        <line num="453" count="0" type="cond" truecount="0" falsecount="2"/>
        <line num="454" count="0" type="stmt"/>
      </file>
      <file name="Range.ts" path="/home/runner/work/json-joy/json-joy/src/json-crdt-extensions/peritext/rga/Range.ts">
        <metrics statements="80" coveredstatements="68" conditionals="45" coveredconditionals="25" methods="22" coveredmethods="19"/>
        <line num="1" count="5" type="stmt"/>
        <line num="3" count="5" type="stmt"/>
        <line num="14" count="5" type="stmt"/>
        <line num="25" count="1" type="cond" truecount="1" falsecount="1"/>
        <line num="49" count="166" type="stmt"/>
        <line num="50" count="166" type="cond" truecount="1" falsecount="0"/>
        <line num="51" count="49" type="cond" truecount="1" falsecount="0"/>
        <line num="52" count="49" type="cond" truecount="4" falsecount="0"/>
        <line num="53" count="49" type="stmt"/>
        <line num="54" count="49" type="stmt"/>
        <line num="56" count="117" type="cond" truecount="1" falsecount="0"/>
        <line num="57" count="14" type="stmt"/>
        <line num="58" count="14" type="stmt"/>
        <line num="60" count="117" type="cond" truecount="1" falsecount="0"/>
        <line num="61" count="4" type="stmt"/>
        <line num="62" count="4" type="stmt"/>
        <line num="63" count="4" type="cond" truecount="0" falsecount="1"/>
        <line num="65" count="117" type="cond" truecount="0" falsecount="1"/>
        <line num="66" count="0" type="stmt"/>
        <line num="67" count="0" type="stmt"/>
        <line num="69" count="117" type="cond" truecount="1" falsecount="0"/>
        <line num="70" count="117" type="cond" truecount="1" falsecount="1"/>
        <line num="71" count="117" type="cond" truecount="1" falsecount="1"/>
        <line num="72" count="117" type="stmt"/>
        <line num="73" count="117" type="stmt"/>
        <line num="74" count="117" type="stmt"/>
        <line num="83" count="3375" type="stmt"/>
        <line num="84" count="3375" type="stmt"/>
        <line num="85" count="3375" type="stmt"/>
        <line num="94" count="1" type="stmt"/>
        <line num="98" count="8" type="cond" truecount="2" falsecount="0"/>
        <line num="102" count="0" type="cond" truecount="0" falsecount="2"/>
        <line num="113" count="89" type="stmt"/>
        <line num="114" count="89" type="cond" truecount="1" falsecount="0"/>
        <line num="115" count="54" type="stmt"/>
        <line num="116" count="54" type="stmt"/>
        <line num="117" count="54" type="stmt"/>
        <line num="118" count="54" type="stmt"/>
        <line num="119" count="54" type="stmt"/>
        <line num="127" count="1" type="stmt"/>
        <line num="128" count="1" type="stmt"/>
        <line num="129" count="1" type="stmt"/>
        <line num="137" count="1" type="stmt"/>
        <line num="138" count="1" type="stmt"/>
        <line num="139" count="1" type="stmt"/>
        <line num="143" count="75" type="stmt"/>
        <line num="144" count="75" type="cond" truecount="1" falsecount="1"/>
        <line num="148" count="46" type="stmt"/>
        <line num="152" count="37" type="stmt"/>
        <line num="153" count="37" type="stmt"/>
        <line num="157" count="29" type="stmt"/>
        <line num="158" count="29" type="stmt"/>
        <line num="162" count="10" type="cond" truecount="2" falsecount="0"/>
        <line num="166" count="4" type="cond" truecount="2" falsecount="0"/>
        <line num="174" count="8" type="stmt"/>
        <line num="175" count="8" type="stmt"/>
        <line num="186" count="1" type="stmt"/>
        <line num="187" count="1" type="stmt"/>
        <line num="188" count="1" type="stmt"/>
        <line num="195" count="26" type="stmt"/>
        <line num="205" count="37" type="stmt"/>
        <line num="206" count="37" type="cond" truecount="0" falsecount="1"/>
        <line num="207" count="37" type="stmt"/>
        <line num="208" count="37" type="stmt"/>
        <line num="209" count="37" type="cond" truecount="1" falsecount="1"/>
        <line num="210" count="37" type="cond" truecount="1" falsecount="1"/>
        <line num="211" count="37" type="cond" truecount="2" falsecount="1"/>
        <line num="212" count="37" type="stmt"/>
        <line num="213" count="37" type="stmt"/>
        <line num="214" count="73" type="cond" truecount="1" falsecount="0"/>
        <line num="216" count="37" type="stmt"/>
        <line num="222" count="0" type="stmt"/>
        <line num="223" count="0" type="stmt"/>
        <line num="224" count="0" type="stmt"/>
        <line num="230" count="0" type="cond" truecount="0" falsecount="2"/>
        <line num="231" count="0" type="stmt"/>
        <line num="232" count="0" type="stmt"/>
        <line num="233" count="0" type="stmt"/>
        <line num="234" count="0" type="cond" truecount="0" falsecount="1"/>
        <line num="235" count="0" type="stmt"/>
      </file>
    </package>
    <package name="json-crdt-extensions.peritext.slice">
      <metrics statements="229" coveredstatements="188" conditionals="68" coveredconditionals="34" methods="42" coveredmethods="25"/>
      <file name="Cursor.ts" path="/home/runner/work/json-joy/json-joy/src/json-crdt-extensions/peritext/slice/Cursor.ts">
        <metrics statements="50" coveredstatements="21" conditionals="22" coveredconditionals="5" methods="11" coveredmethods="3"/>
        <line num="3" count="5" type="stmt"/>
        <line num="4" count="5" type="stmt"/>
        <line num="5" count="5" type="stmt"/>
        <line num="10" count="5" type="stmt"/>
        <line num="11" count="1267" type="stmt"/>
        <line num="12" count="1267" type="stmt"/>
        <line num="20" count="1267" type="stmt"/>
        <line num="23" count="1267" type="stmt"/>
        <line num="24" count="1267" type="stmt"/>
        <line num="25" count="1267" type="stmt"/>
        <line num="26" count="1267" type="stmt"/>
        <line num="28" count="1267" type="stmt"/>
        <line num="32" count="0" type="cond" truecount="0" falsecount="2"/>
        <line num="36" count="0" type="cond" truecount="0" falsecount="2"/>
        <line num="40" count="70" type="cond" truecount="3" falsecount="0"/>
        <line num="41" count="70" type="stmt"/>
        <line num="42" count="70" type="stmt"/>
        <line num="46" count="37" type="stmt"/>
        <line num="47" count="37" type="stmt"/>
        <line num="48" count="37" type="cond" truecount="0" falsecount="1"/>
        <line num="49" count="0" type="stmt"/>
        <line num="50" count="0" type="stmt"/>
        <line num="52" count="37" type="stmt"/>
        <line num="53" count="37" type="cond" truecount="1" falsecount="1"/>
        <line num="63" count="0" type="cond" truecount="0" falsecount="1"/>
        <line num="64" count="0" type="stmt"/>
        <line num="65" count="0" type="stmt"/>
        <line num="66" count="0" type="cond" truecount="0" falsecount="2"/>
        <line num="67" count="0" type="stmt"/>
        <line num="68" count="0" type="cond" truecount="0" falsecount="2"/>
        <line num="69" count="0" type="stmt"/>
        <line num="70" count="0" type="stmt"/>
        <line num="71" count="0" type="stmt"/>
        <line num="73" count="0" type="stmt"/>
        <line num="74" count="0" type="stmt"/>
        <line num="75" count="0" type="stmt"/>
        <line num="80" count="0" type="stmt"/>
        <line num="84" count="0" type="stmt"/>
        <line num="85" count="0" type="stmt"/>
        <line num="86" count="0" type="cond" truecount="0" falsecount="1"/>
        <line num="87" count="0" type="stmt"/>
        <line num="92" count="1267" type="stmt"/>
        <line num="95" count="0" type="stmt"/>
        <line num="96" count="0" type="stmt"/>
        <line num="97" count="0" type="stmt"/>
        <line num="98" count="0" type="stmt"/>
        <line num="104" count="0" type="stmt"/>
        <line num="105" count="0" type="cond" truecount="0" falsecount="2"/>
        <line num="106" count="0" type="stmt"/>
        <line num="107" count="0" type="stmt"/>
      </file>
      <file name="PersistedSlice.ts" path="/home/runner/work/json-joy/json-joy/src/json-crdt-extensions/peritext/slice/PersistedSlice.ts">
        <metrics statements="78" coveredstatements="73" conditionals="20" coveredconditionals="11" methods="12" coveredmethods="9"/>
        <line num="1" count="5" type="stmt"/>
        <line num="2" count="5" type="stmt"/>
        <line num="3" count="5" type="stmt"/>
        <line num="4" count="5" type="stmt"/>
        <line num="8" count="5" type="stmt"/>
        <line num="10" count="5" type="stmt"/>
        <line num="11" count="5" type="stmt"/>
        <line num="12" count="5" type="stmt"/>
        <line num="22" count="5" type="stmt"/>
        <line num="24" count="1166" type="stmt"/>
        <line num="25" count="1166" type="stmt"/>
        <line num="26" count="1166" type="cond" truecount="1" falsecount="1"/>
        <line num="27" count="1166" type="stmt"/>
        <line num="28" count="1166" type="cond" truecount="0" falsecount="1"/>
        <line num="29" count="1166" type="cond" truecount="0" falsecount="1"/>
        <line num="30" count="1166" type="cond" truecount="0" falsecount="1"/>
        <line num="31" count="1166" type="stmt"/>
        <line num="32" count="1166" type="stmt"/>
        <line num="33" count="1166" type="stmt"/>
        <line num="34" count="1166" type="stmt"/>
        <line num="35" count="1166" type="stmt"/>
        <line num="36" count="1166" type="stmt"/>
        <line num="37" count="1166" type="stmt"/>
        <line num="38" count="1166" type="stmt"/>
        <line num="43" count="1927" type="stmt"/>
        <line num="45" count="1927" type="stmt"/>
        <line num="47" count="1927" type="stmt"/>
        <line num="49" count="1927" type="stmt"/>
        <line num="52" count="1927" type="stmt"/>
        <line num="53" count="1927" type="stmt"/>
        <line num="55" count="1927" type="stmt"/>
        <line num="56" count="1927" type="stmt"/>
        <line num="57" count="1927" type="stmt"/>
        <line num="58" count="1927" type="stmt"/>
        <line num="62" count="568" type="stmt"/>
        <line num="66" count="11" type="stmt"/>
        <line num="76" count="11" type="stmt"/>
        <line num="77" count="11" type="stmt"/>
        <line num="78" count="11" type="stmt"/>
        <line num="79" count="11" type="cond" truecount="1" falsecount="0"/>
        <line num="80" count="2" type="stmt"/>
        <line num="81" count="2" type="stmt"/>
        <line num="83" count="11" type="cond" truecount="1" falsecount="0"/>
        <line num="84" count="5" type="stmt"/>
        <line num="85" count="5" type="cond" truecount="1" falsecount="0"/>
        <line num="86" count="5" type="cond" truecount="1" falsecount="0"/>
        <line num="87" count="5" type="cond" truecount="1" falsecount="0"/>
        <line num="88" count="5" type="cond" truecount="1" falsecount="0"/>
        <line num="89" count="5" type="stmt"/>
        <line num="91" count="11" type="cond" truecount="1" falsecount="0"/>
        <line num="92" count="2" type="stmt"/>
        <line num="93" count="2" type="stmt"/>
        <line num="95" count="11" type="cond" truecount="1" falsecount="0"/>
        <line num="96" count="11" type="cond" truecount="1" falsecount="0"/>
        <line num="98" count="4" type="stmt"/>
        <line num="101" count="4" type="stmt"/>
        <line num="103" count="11" type="stmt"/>
        <line num="107" count="1126" type="stmt"/>
        <line num="111" count="0" type="stmt"/>
        <line num="112" count="0" type="cond" truecount="0" falsecount="2"/>
        <line num="116" count="1" type="stmt"/>
        <line num="120" count="4" type="stmt"/>
        <line num="125" count="1927" type="stmt"/>
        <line num="128" count="622" type="stmt"/>
        <line num="129" count="622" type="stmt"/>
        <line num="130" count="622" type="stmt"/>
        <line num="131" count="622" type="stmt"/>
        <line num="132" count="622" type="cond" truecount="1" falsecount="0"/>
        <line num="133" count="599" type="stmt"/>
        <line num="134" count="599" type="stmt"/>
        <line num="135" count="599" type="stmt"/>
        <line num="136" count="599" type="stmt"/>
        <line num="137" count="599" type="stmt"/>
        <line num="138" count="599" type="stmt"/>
        <line num="140" count="622" type="stmt"/>
        <line num="146" count="0" type="stmt"/>
        <line num="147" count="0" type="stmt"/>
        <line num="148" count="0" type="cond" truecount="0" falsecount="2"/>
      </file>
      <file name="Slices.ts" path="/home/runner/work/json-joy/json-joy/src/json-crdt-extensions/peritext/slice/Slices.ts">
        <metrics statements="86" coveredstatements="81" conditionals="17" coveredconditionals="13" methods="18" coveredmethods="12"/>
        <line num="1" count="5" type="stmt"/>
        <line num="2" count="5" type="stmt"/>
        <line num="4" count="5" type="stmt"/>
        <line num="5" count="5" type="stmt"/>
        <line num="6" count="5" type="stmt"/>
        <line num="8" count="5" type="stmt"/>
        <line num="9" count="5" type="stmt"/>
        <line num="10" count="5" type="stmt"/>
        <line num="18" count="5" type="stmt"/>
        <line num="19" count="1267" type="stmt"/>
        <line num="22" count="1267" type="stmt"/>
        <line num="23" count="1267" type="stmt"/>
        <line num="27" count="621" type="stmt"/>
        <line num="28" count="621" type="stmt"/>
        <line num="29" count="621" type="stmt"/>
        <line num="30" count="621" type="stmt"/>
        <line num="31" count="621" type="stmt"/>
        <line num="32" count="621" type="stmt"/>
        <line num="33" count="621" type="stmt"/>
        <line num="34" count="621" type="stmt"/>
        <line num="36" count="621" type="stmt"/>
        <line num="39" count="621" type="stmt"/>
        <line num="40" count="621" type="stmt"/>
        <line num="41" count="621" type="cond" truecount="2" falsecount="0"/>
        <line num="42" count="621" type="stmt"/>
        <line num="43" count="621" type="stmt"/>
        <line num="49" count="621" type="cond" truecount="1" falsecount="0"/>
        <line num="50" count="621" type="stmt"/>
        <line num="51" count="621" type="stmt"/>
        <line num="52" count="621" type="stmt"/>
        <line num="53" count="621" type="stmt"/>
        <line num="54" count="621" type="stmt"/>
        <line num="56" count="621" type="stmt"/>
        <line num="58" count="621" type="cond" truecount="2" falsecount="0"/>
        <line num="61" count="621" type="stmt"/>
        <line num="62" count="621" type="stmt"/>
        <line num="66" count="24" type="stmt"/>
        <line num="70" count="0" type="stmt"/>
        <line num="74" count="23" type="stmt"/>
        <line num="78" count="4" type="stmt"/>
        <line num="82" count="567" type="stmt"/>
        <line num="83" count="567" type="stmt"/>
        <line num="84" count="567" type="stmt"/>
        <line num="85" count="567" type="cond" truecount="1" falsecount="1"/>
        <line num="86" count="567" type="cond" truecount="0" falsecount="1"/>
        <line num="87" count="567" type="stmt"/>
        <line num="88" count="567" type="cond" truecount="0" falsecount="1"/>
        <line num="89" count="567" type="stmt"/>
        <line num="91" count="567" type="cond" truecount="1" falsecount="0"/>
        <line num="92" count="140" type="stmt"/>
        <line num="93" count="567" type="stmt"/>
        <line num="97" count="570" type="stmt"/>
        <line num="101" count="2" type="stmt"/>
        <line num="102" count="2" type="stmt"/>
        <line num="103" count="2" type="stmt"/>
        <line num="104" count="2" type="stmt"/>
        <line num="108" count="1" type="stmt"/>
        <line num="109" count="1" type="stmt"/>
        <line num="110" count="1" type="stmt"/>
        <line num="111" count="1" type="stmt"/>
        <line num="112" count="1" type="stmt"/>
        <line num="113" count="1" type="cond" truecount="1" falsecount="0"/>
        <line num="114" count="1" type="stmt"/>
        <line num="115" count="1" type="stmt"/>
        <line num="118" count="1" type="stmt"/>
        <line num="119" count="1" type="stmt"/>
        <line num="123" count="8" type="stmt"/>
        <line num="127" count="0" type="stmt"/>
        <line num="132" count="1267" type="stmt"/>
        <line num="133" count="1267" type="stmt"/>
        <line num="136" count="612" type="stmt"/>
        <line num="137" count="612" type="cond" truecount="1" falsecount="0"/>
        <line num="138" count="586" type="stmt"/>
        <line num="140" count="586" type="stmt"/>
        <line num="141" count="586" type="stmt"/>
        <line num="142" count="586" type="cond" truecount="2" falsecount="0"/>
        <line num="143" count="2" type="cond" truecount="1" falsecount="0"/>
        <line num="145" count="584" type="cond" truecount="1" falsecount="0"/>
        <line num="149" count="612" type="stmt"/>
        <line num="150" count="612" type="stmt"/>
        <line num="151" count="610" type="stmt"/>
        <line num="152" count="610" type="stmt"/>
        <line num="154" count="612" type="stmt"/>
        <line num="160" count="0" type="stmt"/>
        <line num="166" count="0" type="stmt"/>
        <line num="167" count="0" type="stmt"/>
      </file>
      <file name="SplitSlice.ts" path="/home/runner/work/json-joy/json-joy/src/json-crdt-extensions/peritext/slice/SplitSlice.ts">
        <metrics statements="2" coveredstatements="2" conditionals="0" coveredconditionals="0" methods="0" coveredmethods="0"/>
        <line num="1" count="5" type="stmt"/>
        <line num="9" count="5" type="stmt"/>
      </file>
      <file name="util.ts" path="/home/runner/work/json-joy/json-joy/src/json-crdt-extensions/peritext/slice/util.ts">
        <metrics statements="13" coveredstatements="11" conditionals="9" coveredconditionals="5" methods="1" coveredmethods="1"/>
        <line num="3" count="5" type="stmt"/>
        <line num="4" count="1166" type="cond" truecount="3" falsecount="1"/>
        <line num="7" count="718" type="stmt"/>
        <line num="9" count="448" type="cond" truecount="0" falsecount="1"/>
        <line num="10" count="448" type="cond" truecount="0" falsecount="1"/>
        <line num="11" count="448" type="stmt"/>
        <line num="12" count="448" type="stmt"/>
        <line num="13" count="1120" type="stmt"/>
        <line num="14" count="1120" type="cond" truecount="2" falsecount="1"/>
        <line num="17" count="1120" type="stmt"/>
        <line num="19" count="0" type="stmt"/>
        <line num="22" count="448" type="stmt"/>
        <line num="25" count="0" type="stmt"/>
      </file>
    </package>
    <package name="json-crdt-extensions.peritext.slice.__tests__">
      <metrics statements="18" coveredstatements="18" conditionals="0" coveredconditionals="0" methods="2" coveredmethods="2"/>
      <file name="setup.ts" path="/home/runner/work/json-joy/json-joy/src/json-crdt-extensions/peritext/slice/__tests__/setup.ts">
        <metrics statements="18" coveredstatements="18" conditionals="0" coveredconditionals="0" methods="2" coveredmethods="2"/>
        <line num="1" count="3" type="stmt"/>
        <line num="2" count="3" type="stmt"/>
        <line num="4" count="3" type="stmt"/>
        <line num="5" count="601" type="stmt"/>
        <line num="6" count="601" type="stmt"/>
        <line num="10" count="601" type="stmt"/>
        <line num="11" count="601" type="stmt"/>
        <line num="12" count="601" type="stmt"/>
        <line num="13" count="601" type="stmt"/>
        <line num="14" count="601" type="stmt"/>
        <line num="15" count="601" type="stmt"/>
        <line num="16" count="601" type="stmt"/>
        <line num="17" count="601" type="stmt"/>
        <line num="18" count="7" type="stmt"/>
        <line num="19" count="7" type="stmt"/>
        <line num="20" count="7" type="stmt"/>
        <line num="21" count="7" type="stmt"/>
        <line num="23" count="601" type="stmt"/>
      </file>
    </package>
    <package name="json-crdt-extensions.peritext.util">
      <metrics statements="31" coveredstatements="19" conditionals="7" coveredconditionals="1" methods="6" coveredmethods="4"/>
      <file name="ChunkSlice.ts" path="/home/runner/work/json-joy/json-joy/src/json-crdt-extensions/peritext/util/ChunkSlice.ts">
        <metrics statements="31" coveredstatements="19" conditionals="7" coveredconditionals="1" methods="6" coveredmethods="4"/>
        <line num="1" count="6" type="stmt"/>
        <line num="2" count="6" type="stmt"/>
        <line num="3" count="6" type="stmt"/>
        <line num="9" count="6" type="stmt"/>
        <line num="14" count="210" type="stmt"/>
        <line num="16" count="210" type="stmt"/>
        <line num="18" count="210" type="stmt"/>
        <line num="26" count="2" type="stmt"/>
        <line num="27" count="2" type="stmt"/>
        <line num="28" count="2" type="cond" truecount="1" falsecount="1"/>
        <line num="32" count="0" type="stmt"/>
        <line num="33" count="0" type="stmt"/>
        <line num="34" count="0" type="stmt"/>
        <line num="35" count="0" type="stmt"/>
        <line num="39" count="196" type="stmt"/>
        <line num="40" count="196" type="stmt"/>
        <line num="45" count="210" type="stmt"/>
        <line num="48" count="7" type="stmt"/>
        <line num="49" count="7" type="stmt"/>
        <line num="50" count="7" type="stmt"/>
        <line num="51" count="7" type="stmt"/>
        <line num="52" count="7" type="stmt"/>
        <line num="53" count="7" type="stmt"/>
        <line num="59" count="0" type="stmt"/>
        <line num="60" count="0" type="stmt"/>
        <line num="61" count="0" type="stmt"/>
        <line num="62" count="0" type="stmt"/>
        <line num="63" count="0" type="stmt"/>
        <line num="64" count="0" type="cond" truecount="0" falsecount="4"/>
        <line num="65" count="0" type="stmt"/>
        <line num="66" count="0" type="stmt"/>
      </file>
    </package>
    <package name="json-crdt-patch">
      <metrics statements="341" coveredstatements="292" conditionals="99" coveredconditionals="53" methods="104" coveredmethods="73"/>
      <file name="Patch.ts" path="/home/runner/work/json-joy/json-joy/src/json-crdt-patch/Patch.ts">
        <metrics statements="65" coveredstatements="54" conditionals="40" coveredconditionals="18" methods="13" coveredmethods="10"/>
        <line num="1" count="117" type="stmt"/>
        <line num="2" count="117" type="stmt"/>
        <line num="4" count="117" type="stmt"/>
        <line num="54" count="117" type="stmt"/>
        <line num="59" count="44658" type="stmt"/>
        <line num="65" count="90109" type="stmt"/>
        <line num="71" count="90109" type="stmt"/>
        <line num="80" count="23565" type="stmt"/>
        <line num="81" count="23565" type="cond" truecount="0" falsecount="1"/>
        <line num="82" count="23565" type="stmt"/>
        <line num="92" count="13217" type="stmt"/>
        <line num="93" count="20877" type="stmt"/>
        <line num="94" count="13217" type="stmt"/>
        <line num="101" count="1888529" type="stmt"/>
        <line num="102" count="1888529" type="stmt"/>
        <line num="103" count="1888529" type="cond" truecount="1" falsecount="0"/>
        <line num="104" count="1799270" type="stmt"/>
        <line num="105" count="1799270" type="stmt"/>
        <line num="116" count="3" type="stmt"/>
        <line num="117" count="3" type="stmt"/>
        <line num="118" count="3" type="stmt"/>
        <line num="119" count="3" type="stmt"/>
        <line num="120" count="3" type="stmt"/>
        <line num="121" count="3" type="stmt"/>
        <line num="122" count="3" type="cond" truecount="1" falsecount="1"/>
        <line num="123" count="3" type="cond" truecount="1" falsecount="1"/>
        <line num="124" count="3" type="cond" truecount="1" falsecount="1"/>
        <line num="125" count="3" type="cond" truecount="1" falsecount="1"/>
        <line num="126" count="3" type="cond" truecount="1" falsecount="1"/>
        <line num="127" count="3" type="cond" truecount="1" falsecount="1"/>
        <line num="128" count="3" type="cond" truecount="1" falsecount="1"/>
        <line num="129" count="3" type="cond" truecount="1" falsecount="1"/>
        <line num="130" count="3" type="cond" truecount="1" falsecount="1"/>
        <line num="131" count="3" type="stmt"/>
        <line num="132" count="0" type="cond" truecount="0" falsecount="2"/>
        <line num="133" count="0" type="stmt"/>
        <line num="134" count="0" type="cond" truecount="0" falsecount="2"/>
        <line num="135" count="0" type="stmt"/>
        <line num="136" count="0" type="cond" truecount="0" falsecount="2"/>
        <line num="137" count="0" type="stmt"/>
        <line num="138" count="0" type="cond" truecount="0" falsecount="2"/>
        <line num="139" count="0" type="stmt"/>
        <line num="143" count="0" type="stmt"/>
        <line num="146" count="0" type="cond" truecount="0" falsecount="1"/>
        <line num="148" count="3" type="stmt"/>
        <line num="164" count="3" type="stmt"/>
        <line num="165" count="3" type="cond" truecount="0" falsecount="1"/>
        <line num="166" count="3" type="stmt"/>
        <line num="167" count="3" type="cond" truecount="0" falsecount="1"/>
        <line num="168" count="3" type="stmt"/>
        <line num="169" count="3" type="stmt"/>
        <line num="170" count="12" type="stmt"/>
        <line num="171" count="12" type="stmt"/>
        <line num="172" count="12" type="cond" truecount="1" falsecount="0"/>
        <line num="173" count="9" type="stmt"/>
        <line num="174" count="9" type="cond" truecount="1" falsecount="0"/>
        <line num="175" count="5" type="stmt"/>
        <line num="185" count="0" type="stmt"/>
        <line num="194" count="18" type="stmt"/>
        <line num="207" count="6" type="stmt"/>
        <line num="208" count="6" type="cond" truecount="1" falsecount="1"/>
        <line num="209" count="6" type="stmt"/>
        <line num="210" count="12" type="stmt"/>
        <line num="211" count="12" type="cond" truecount="4" falsecount="0"/>
        <line num="213" count="6" type="stmt"/>
      </file>
      <file name="PatchBuilder.ts" path="/home/runner/work/json-joy/json-joy/src/json-crdt-patch/PatchBuilder.ts">
        <metrics statements="158" coveredstatements="156" conditionals="43" coveredconditionals="34" methods="30" coveredmethods="29"/>
        <line num="1" count="117" type="stmt"/>
        <line num="18" count="117" type="stmt"/>
        <line num="19" count="117" type="stmt"/>
        <line num="20" count="117" type="stmt"/>
        <line num="21" count="117" type="stmt"/>
        <line num="22" count="117" type="stmt"/>
        <line num="23" count="117" type="stmt"/>
        <line num="24" count="117" type="stmt"/>
        <line num="26" count="117" type="stmt"/>
        <line num="27" count="92184" type="cond" truecount="3" falsecount="0"/>
        <line num="30" count="14146" type="stmt"/>
        <line num="32" count="78038" type="stmt"/>
        <line num="41" count="117" type="stmt"/>
        <line num="50" count="89901" type="stmt"/>
        <line num="51" count="89901" type="stmt"/>
        <line num="60" count="406406" type="cond" truecount="2" falsecount="0"/>
        <line num="70" count="204" type="stmt"/>
        <line num="71" count="204" type="stmt"/>
        <line num="72" count="204" type="stmt"/>
        <line num="83" count="62170" type="stmt"/>
        <line num="84" count="62170" type="stmt"/>
        <line num="85" count="62170" type="stmt"/>
        <line num="86" count="62170" type="stmt"/>
        <line num="95" count="36261" type="stmt"/>
        <line num="96" count="36261" type="stmt"/>
        <line num="97" count="36261" type="stmt"/>
        <line num="98" count="36261" type="stmt"/>
        <line num="107" count="693" type="stmt"/>
        <line num="108" count="693" type="stmt"/>
        <line num="109" count="693" type="stmt"/>
        <line num="110" count="693" type="stmt"/>
        <line num="119" count="49955" type="stmt"/>
        <line num="120" count="49955" type="stmt"/>
        <line num="121" count="49955" type="stmt"/>
        <line num="122" count="49955" type="stmt"/>
        <line num="131" count="6539" type="stmt"/>
        <line num="132" count="6539" type="stmt"/>
        <line num="133" count="6539" type="stmt"/>
        <line num="134" count="6539" type="stmt"/>
        <line num="145" count="42662" type="stmt"/>
        <line num="146" count="42662" type="stmt"/>
        <line num="147" count="42662" type="stmt"/>
        <line num="148" count="42662" type="stmt"/>
        <line num="160" count="7889" type="stmt"/>
        <line num="161" count="7889" type="stmt"/>
        <line num="162" count="7889" type="stmt"/>
        <line num="163" count="7889" type="stmt"/>
        <line num="172" count="4599" type="stmt"/>
        <line num="173" count="4599" type="stmt"/>
        <line num="174" count="4599" type="stmt"/>
        <line num="175" count="4599" type="stmt"/>
        <line num="184" count="70715" type="stmt"/>
        <line num="185" count="70715" type="cond" truecount="0" falsecount="1"/>
        <line num="186" count="70715" type="stmt"/>
        <line num="187" count="70715" type="stmt"/>
        <line num="188" count="70715" type="stmt"/>
        <line num="189" count="70715" type="cond" truecount="0" falsecount="1"/>
        <line num="190" count="70715" type="stmt"/>
        <line num="191" count="70715" type="stmt"/>
        <line num="200" count="717" type="stmt"/>
        <line num="201" count="717" type="cond" truecount="0" falsecount="1"/>
        <line num="202" count="717" type="stmt"/>
        <line num="203" count="717" type="stmt"/>
        <line num="204" count="717" type="stmt"/>
        <line num="205" count="717" type="cond" truecount="0" falsecount="1"/>
        <line num="206" count="717" type="stmt"/>
        <line num="207" count="717" type="stmt"/>
        <line num="217" count="11580" type="stmt"/>
        <line num="218" count="11580" type="stmt"/>
        <line num="219" count="11580" type="stmt"/>
        <line num="220" count="11580" type="stmt"/>
        <line num="221" count="11580" type="stmt"/>
        <line num="230" count="500549" type="stmt"/>
        <line num="231" count="500549" type="cond" truecount="0" falsecount="1"/>
        <line num="232" count="500549" type="stmt"/>
        <line num="233" count="500549" type="stmt"/>
        <line num="234" count="500549" type="stmt"/>
        <line num="235" count="500549" type="cond" truecount="1" falsecount="0"/>
        <line num="236" count="500549" type="stmt"/>
        <line num="237" count="500549" type="stmt"/>
        <line num="246" count="16158" type="stmt"/>
        <line num="247" count="16158" type="cond" truecount="0" falsecount="1"/>
        <line num="248" count="16158" type="stmt"/>
        <line num="249" count="16158" type="stmt"/>
        <line num="250" count="16158" type="stmt"/>
        <line num="251" count="16158" type="cond" truecount="1" falsecount="0"/>
        <line num="252" count="16158" type="stmt"/>
        <line num="253" count="16158" type="stmt"/>
        <line num="262" count="25102" type="stmt"/>
        <line num="263" count="25102" type="stmt"/>
        <line num="264" count="25102" type="stmt"/>
        <line num="265" count="25102" type="stmt"/>
        <line num="266" count="25102" type="cond" truecount="1" falsecount="0"/>
        <line num="267" count="25102" type="stmt"/>
        <line num="268" count="25102" type="stmt"/>
        <line num="279" count="130294" type="stmt"/>
        <line num="280" count="130294" type="stmt"/>
        <line num="281" count="130294" type="stmt"/>
        <line num="282" count="130294" type="stmt"/>
        <line num="293" count="3461" type="stmt"/>
        <line num="294" count="3461" type="stmt"/>
        <line num="295" count="3461" type="stmt"/>
        <line num="296" count="3461" type="stmt"/>
        <line num="305" count="40798" type="stmt"/>
        <line num="306" count="40798" type="stmt"/>
        <line num="307" count="40798" type="cond" truecount="1" falsecount="0"/>
        <line num="308" count="38702" type="stmt"/>
        <line num="309" count="38702" type="stmt"/>
        <line num="310" count="91568" type="stmt"/>
        <line num="311" count="91568" type="cond" truecount="3" falsecount="1"/>
        <line num="312" count="91568" type="stmt"/>
        <line num="314" count="38702" type="stmt"/>
        <line num="316" count="40798" type="stmt"/>
        <line num="323" count="26257" type="stmt"/>
[...]
        <line num="118" count="3" type="stmt"/>
        <line num="119" count="3" type="stmt"/>
        <line num="120" count="3" type="stmt"/>
        <line num="121" count="3" type="stmt"/>
        <line num="122" count="3" type="stmt"/>
        <line num="124" count="6" type="stmt"/>
        <line num="127" count="6" type="cond" truecount="2" falsecount="0"/>
        <line num="128" count="4" type="cond" truecount="2" falsecount="0"/>
        <line num="129" count="2" type="cond" truecount="1" falsecount="0"/>
        <line num="136" count="1" type="stmt"/>
        <line num="140" count="1" type="stmt"/>
        <line num="144" count="1" type="stmt"/>
        <line num="148" count="4" type="stmt"/>
        <line num="149" count="4" type="stmt"/>
        <line num="150" count="4" type="stmt"/>
        <line num="151" count="4" type="stmt"/>
        <line num="152" count="4" type="stmt"/>
        <line num="154" count="8" type="stmt"/>
        <line num="157" count="8" type="stmt"/>
        <line num="164" count="0" type="stmt"/>
        <line num="165" count="0" type="stmt"/>
        <line num="166" count="0" type="stmt"/>
        <line num="170" count="1" type="stmt"/>
        <line num="172" count="2" type="stmt"/>
        <line num="174" count="1" type="stmt"/>
        <line num="178" count="0" type="stmt"/>
        <line num="182" count="6" type="stmt"/>
      </file>
      <file name="RefType.ts" path="/home/runner/work/json-joy/json-joy/src/json-type/type/classes/RefType.ts">
        <metrics statements="68" coveredstatements="59" conditionals="40" coveredconditionals="18" methods="17" coveredmethods="16"/>
        <line num="1" count="25" type="stmt"/>
        <line num="2" count="25" type="stmt"/>
        <line num="5" count="25" type="stmt"/>
        <line num="8" count="25" type="stmt"/>
        <line num="9" count="25" type="stmt"/>
        <line num="12" count="25" type="stmt"/>
        <line num="16" count="25" type="stmt"/>
        <line num="24" count="25" type="stmt"/>
        <line num="28" count="38" type="stmt"/>
        <line num="29" count="38" type="stmt"/>
        <line num="33" count="8" type="stmt"/>
        <line num="37" count="5" type="stmt"/>
        <line num="38" count="5" type="cond" truecount="1" falsecount="0"/>
        <line num="39" count="5" type="stmt"/>
        <line num="43" count="5" type="stmt"/>
        <line num="47" count="14" type="stmt"/>
        <line num="48" count="14" type="stmt"/>
        <line num="52" count="1" type="stmt"/>
        <line num="53" count="1" type="stmt"/>
        <line num="54" count="1" type="stmt"/>
        <line num="55" count="1" type="cond" truecount="1" falsecount="0"/>
        <line num="56" count="0" type="cond" truecount="0" falsecount="1"/>
        <line num="60" count="3" type="stmt"/>
        <line num="61" count="3" type="cond" truecount="3" falsecount="1"/>
        <line num="63" count="0" type="stmt"/>
        <line num="65" count="2" type="stmt"/>
        <line num="69" count="1" type="stmt"/>
        <line num="73" count="3" type="cond" truecount="1" falsecount="1"/>
        <line num="74" count="3" type="cond" truecount="0" falsecount="1"/>
        <line num="75" count="3" type="stmt"/>
        <line num="76" count="3" type="stmt"/>
        <line num="77" count="3" type="stmt"/>
        <line num="78" count="3" type="stmt"/>
        <line num="79" count="3" type="stmt"/>
        <line num="83" count="8" type="cond" truecount="1" falsecount="1"/>
        <line num="84" count="8" type="cond" truecount="0" falsecount="1"/>
        <line num="85" count="8" type="stmt"/>
        <line num="86" count="8" type="stmt"/>
        <line num="87" count="8" type="stmt"/>
        <line num="91" count="3" type="cond" truecount="1" falsecount="1"/>
        <line num="92" count="3" type="cond" truecount="0" falsecount="1"/>
        <line num="94" count="3" type="cond" truecount="2" falsecount="0"/>
        <line num="99" count="3" type="stmt"/>
        <line num="100" count="3" type="cond" truecount="1" falsecount="5"/>
        <line num="106" count="0" type="cond" truecount="0" falsecount="2"/>
        <line num="107" count="0" type="cond" truecount="0" falsecount="2"/>
        <line num="108" count="0" type="cond" truecount="0" falsecount="1"/>
        <line num="109" count="0" type="stmt"/>
        <line num="112" count="3" type="stmt"/>
        <line num="113" count="3" type="stmt"/>
        <line num="114" count="3" type="stmt"/>
        <line num="120" count="1" type="stmt"/>
        <line num="124" count="1" type="stmt"/>
        <line num="128" count="1" type="stmt"/>
        <line num="132" count="5" type="cond" truecount="1" falsecount="1"/>
        <line num="133" count="5" type="cond" truecount="0" falsecount="1"/>
        <line num="134" count="5" type="stmt"/>
        <line num="135" count="5" type="stmt"/>
        <line num="136" count="5" type="stmt"/>
        <line num="140" count="0" type="cond" truecount="0" falsecount="1"/>
        <line num="141" count="0" type="stmt"/>
        <line num="142" count="0" type="stmt"/>
        <line num="146" count="2" type="stmt"/>
        <line num="156" count="3" type="cond" truecount="1" falsecount="0"/>
        <line num="157" count="2" type="stmt"/>
        <line num="158" count="2" type="stmt"/>
        <line num="162" count="7" type="stmt"/>
        <line num="163" count="7" type="cond" truecount="1" falsecount="1"/>
      </file>
      <file name="StringType.ts" path="/home/runner/work/json-joy/json-joy/src/json-type/type/classes/StringType.ts">
        <metrics statements="57" coveredstatements="52" conditionals="25" coveredconditionals="17" methods="14" coveredmethods="13"/>
        <line num="2" count="25" type="stmt"/>
        <line num="3" count="25" type="stmt"/>
        <line num="4" count="25" type="stmt"/>
        <line num="7" count="25" type="stmt"/>
        <line num="17" count="25" type="stmt"/>
        <line num="25" count="25" type="stmt"/>
        <line num="26" count="367" type="stmt"/>
        <line num="27" count="367" type="stmt"/>
        <line num="31" count="11" type="stmt"/>
        <line num="32" count="11" type="stmt"/>
        <line num="36" count="11" type="cond" truecount="1" falsecount="0"/>
        <line num="37" count="11" type="cond" truecount="1" falsecount="0"/>
        <line num="38" count="11" type="stmt"/>
        <line num="42" count="19" type="stmt"/>
        <line num="43" count="19" type="stmt"/>
        <line num="44" count="16" type="stmt"/>
        <line num="45" count="16" type="stmt"/>
        <line num="46" count="16" type="stmt"/>
        <line num="47" count="9" type="cond" truecount="1" falsecount="0"/>
        <line num="48" count="6" type="cond" truecount="1" falsecount="0"/>
        <line num="50" count="3" type="cond" truecount="0" falsecount="1"/>
        <line num="51" count="0" type="cond" truecount="0" falsecount="1"/>
        <line num="56" count="188" type="stmt"/>
        <line num="57" count="188" type="stmt"/>
        <line num="58" count="188" type="stmt"/>
        <line num="59" count="188" type="cond" truecount="4" falsecount="0"/>
        <line num="60" count="18" type="stmt"/>
        <line num="61" count="18" type="stmt"/>
        <line num="63" count="170" type="cond" truecount="1" falsecount="0"/>
        <line num="64" count="31" type="stmt"/>
        <line num="65" count="31" type="stmt"/>
        <line num="67" count="170" type="cond" truecount="1" falsecount="0"/>
        <line num="68" count="35" type="stmt"/>
        <line num="69" count="35" type="stmt"/>
        <line num="72" count="188" type="stmt"/>
        <line num="76" count="20" type="cond" truecount="1" falsecount="1"/>
        <line num="77" count="0" type="stmt"/>
        <line num="78" count="0" type="stmt"/>
        <line num="79" count="0" type="stmt"/>
        <line num="80" count="20" type="stmt"/>
        <line num="84" count="148" type="stmt"/>
        <line num="85" count="148" type="stmt"/>
        <line num="86" count="148" type="cond" truecount="2" falsecount="0"/>
        <line num="87" count="124" type="stmt"/>
        <line num="91" count="48" type="stmt"/>
        <line num="95" count="48" type="stmt"/>
        <line num="99" count="52" type="stmt"/>
        <line num="103" count="121" type="stmt"/>
        <line num="104" count="121" type="stmt"/>
        <line num="108" count="12" type="stmt"/>
        <line num="109" count="12" type="stmt"/>
        <line num="110" count="12" type="cond" truecount="1" falsecount="2"/>
        <line num="111" count="12" type="cond" truecount="1" falsecount="2"/>
        <line num="112" count="12" type="stmt"/>
        <line num="116" count="26" type="stmt"/>
        <line num="120" count="7" type="cond" truecount="1" falsecount="1"/>
        <line num="124" count="0" type="stmt"/>
      </file>
      <file name="TupleType.ts" path="/home/runner/work/json-joy/json-joy/src/json-type/type/classes/TupleType.ts">
        <metrics statements="93" coveredstatements="66" conditionals="8" coveredconditionals="3" methods="31" coveredmethods="22"/>
        <line num="1" count="25" type="stmt"/>
        <line num="2" count="25" type="stmt"/>
        <line num="3" count="25" type="stmt"/>
        <line num="6" count="25" type="stmt"/>
        <line num="8" count="25" type="stmt"/>
        <line num="10" count="25" type="stmt"/>
        <line num="14" count="25" type="stmt"/>
        <line num="22" count="25" type="stmt"/>
        <line num="26" count="32" type="stmt"/>
        <line num="29" count="32" type="stmt"/>
        <line num="30" count="32" type="stmt"/>
        <line num="34" count="4" type="stmt"/>
        <line num="36" count="12" type="stmt"/>
        <line num="41" count="0" type="stmt"/>
        <line num="43" count="0" type="stmt"/>
        <line num="47" count="0" type="stmt"/>
        <line num="51" count="3" type="stmt"/>
        <line num="52" count="3" type="stmt"/>
        <line num="56" count="0" type="stmt"/>
        <line num="57" count="0" type="stmt"/>
        <line num="58" count="0" type="stmt"/>
        <line num="59" count="0" type="cond" truecount="0" falsecount="1"/>
        <line num="60" count="0" type="cond" truecount="0" falsecount="1"/>
        <line num="61" count="0" type="stmt"/>
        <line num="65" count="4" type="stmt"/>
        <line num="66" count="4" type="stmt"/>
        <line num="67" count="4" type="stmt"/>
        <line num="68" count="4" type="stmt"/>
        <line num="69" count="6" type="stmt"/>
        <line num="70" count="6" type="stmt"/>
        <line num="71" count="6" type="stmt"/>
        <line num="73" count="4" type="stmt"/>
        <line num="77" count="0" type="stmt"/>
        <line num="78" count="0" type="stmt"/>
        <line num="79" count="0" type="stmt"/>
        <line num="80" count="0" type="stmt"/>
        <line num="81" count="0" type="stmt"/>
        <line num="82" count="0" type="stmt"/>
        <line num="83" count="0" type="stmt"/>
        <line num="85" count="0" type="stmt"/>
        <line num="86" count="0" type="stmt"/>
        <line num="93" count="8" type="stmt"/>
        <line num="94" count="8" type="stmt"/>
        <line num="95" count="8" type="stmt"/>
        <line num="97" count="8" type="stmt"/>
        <line num="100" count="8" type="stmt"/>
        <line num="101" count="8" type="stmt"/>
        <line num="102" count="8" type="stmt"/>
        <line num="103" count="14" type="cond" truecount="2" falsecount="0"/>
        <line num="104" count="7" type="stmt"/>
        <line num="105" count="7" type="stmt"/>
        <line num="109" count="4" type="stmt"/>
        <line num="113" count="4" type="stmt"/>
        <line num="117" count="5" type="stmt"/>
        <line num="118" count="5" type="stmt"/>
        <line num="119" count="5" type="stmt"/>
        <line num="120" count="5" type="stmt"/>
        <line num="121" count="5" type="stmt"/>
        <line num="123" count="5" type="stmt"/>
        <line num="126" count="5" type="stmt"/>
        <line num="127" count="5" type="stmt"/>
        <line num="128" count="5" type="stmt"/>
        <line num="129" count="5" type="stmt"/>
        <line num="131" count="5" type="stmt"/>
        <line num="132" count="9" type="stmt"/>
        <line num="133" count="9" type="stmt"/>
        <line num="134" count="9" type="stmt"/>
        <line num="135" count="9" type="stmt"/>
        <line num="136" count="9" type="cond" truecount="1" falsecount="0"/>
        <line num="138" count="5" type="stmt"/>
        <line num="140" count="5" type="stmt"/>
        <line num="146" count="11" type="stmt"/>
        <line num="147" count="11" type="stmt"/>
        <line num="148" count="11" type="stmt"/>
        <line num="149" count="11" type="stmt"/>
        <line num="150" count="11" type="stmt"/>
        <line num="151" count="11" type="stmt"/>
        <line num="152" count="17" type="stmt"/>
        <line num="153" count="17" type="stmt"/>
        <line num="157" count="17" type="stmt"/>
        <line num="158" count="17" type="stmt"/>
        <line num="163" count="0" type="stmt"/>
        <line num="167" count="3" type="stmt"/>
        <line num="169" count="9" type="stmt"/>
        <line num="174" count="0" type="stmt"/>
        <line num="175" count="0" type="stmt"/>
        <line num="176" count="0" type="cond" truecount="0" falsecount="1"/>
        <line num="177" count="0" type="stmt"/>
        <line num="178" count="0" type="stmt"/>
        <line num="179" count="0" type="stmt"/>
        <line num="180" count="0" type="stmt"/>
        <line num="181" count="0" type="stmt"/>
        <line num="185" count="8" type="stmt"/>
      </file>
    </package>
    <package name="json-type.typescript">
      <metrics statements="67" coveredstatements="55" conditionals="55" coveredconditionals="43" methods="11" coveredmethods="10"/>
      <file name="toText.ts" path="/home/runner/work/json-joy/json-joy/src/json-type/typescript/toText.ts">
        <metrics statements="61" coveredstatements="49" conditionals="48" coveredconditionals="36" methods="9" coveredmethods="8"/>
        <line num="1" count="18" type="stmt"/>
        <line num="3" count="18" type="stmt"/>
        <line num="5" count="18" type="stmt"/>
        <line num="6" count="35" type="cond" truecount="1" falsecount="0"/>
        <line num="7" count="0" type="stmt"/>
        <line num="8" count="0" type="stmt"/>
        <line num="11" count="18" type="cond" truecount="1" falsecount="0"/>
        <line num="12" count="118" type="cond" truecount="1" falsecount="0"/>
        <line num="14" count="105" type="stmt"/>
        <line num="16" count="105" type="cond" truecount="16" falsecount="9"/>
        <line num="18" count="2" type="stmt"/>
        <line num="19" count="2" type="cond" truecount="1" falsecount="1"/>
        <line num="20" count="2" type="stmt"/>
        <line num="21" count="2" type="stmt"/>
        <line num="22" count="2" type="stmt"/>
        <line num="25" count="4" type="stmt"/>
        <line num="26" count="4" type="stmt"/>
        <line num="27" count="4" type="stmt"/>
        <line num="28" count="4" type="cond" truecount="2" falsecount="0"/>
        <line num="29" count="4" type="stmt"/>
        <line num="30" count="4" type="stmt"/>
        <line num="31" count="4" type="stmt"/>
        <line num="34" count="3" type="stmt"/>
        <line num="35" count="3" type="stmt"/>
        <line num="36" count="3" type="cond" truecount="2" falsecount="0"/>
        <line num="37" count="3" type="stmt"/>
        <line num="40" count="28" type="stmt"/>
        <line num="41" count="28" type="stmt"/>
        <line num="42" count="28" type="stmt"/>
        <line num="43" count="28" type="cond" truecount="2" falsecount="0"/>
        <line num="46" count="0" type="stmt"/>
        <line num="49" count="3" type="stmt"/>
        <line num="50" count="3" type="stmt"/>
        <line num="51" count="3" type="cond" truecount="2" falsecount="0"/>
        <line num="54" count="5" type="stmt"/>
        <line num="55" count="2" type="cond" truecount="2" falsecount="0"/>
        <line num="56" count="3" type="stmt"/>
        <line num="57" count="3" type="stmt"/>
        <line num="60" count="2" type="stmt"/>
        <line num="63" count="19" type="stmt"/>
        <line num="66" count="6" type="stmt"/>
        <line num="69" count="3" type="stmt"/>
        <line num="72" count="0" type="stmt"/>
        <line num="75" count="0" type="stmt"/>
        <line num="78" count="0" type="stmt"/>
        <line num="81" count="8" type="cond" truecount="2" falsecount="0"/>
        <line num="84" count="1" type="stmt"/>
        <line num="87" count="0" type="stmt"/>
        <line num="90" count="0" type="stmt"/>
        <line num="93" count="0" type="stmt"/>
        <line num="96" count="0" type="stmt"/>
        <line num="99" count="6" type="stmt"/>
        <line num="102" count="6" type="stmt"/>
        <line num="107" count="10" type="stmt"/>
        <line num="110" count="4" type="stmt"/>
        <line num="111" count="4" type="stmt"/>
        <line num="112" count="4" type="stmt"/>
        <line num="115" count="0" type="stmt"/>
        <line num="118" count="4" type="stmt"/>
        <line num="119" count="4" type="stmt"/>
        <line num="123" count="0" type="stmt"/>
      </file>
      <file name="util.ts" path="/home/runner/work/json-joy/json-joy/src/json-type/typescript/util.ts">
        <metrics statements="6" coveredstatements="6" conditionals="7" coveredconditionals="7" methods="2" coveredmethods="2"/>
        <line num="3" count="18" type="stmt"/>
        <line num="5" count="18" type="stmt"/>
        <line num="69" count="18" type="stmt"/>
        <line num="70" count="28" type="cond" truecount="4" falsecount="0"/>
        <line num="72" count="18" type="stmt"/>
        <line num="73" count="3" type="cond" truecount="3" falsecount="0"/>
      </file>
    </package>
    <package name="json-walk">
      <metrics statements="15" coveredstatements="15" conditionals="6" coveredconditionals="6" methods="2" coveredmethods="2"/>
      <file name="index.ts" path="/home/runner/work/json-joy/json-joy/src/json-walk/index.ts">
        <metrics statements="15" coveredstatements="15" conditionals="6" coveredconditionals="6" methods="2" coveredmethods="2"/>
        <line num="1" count="1" type="stmt"/>
        <line num="2" count="17" type="stmt"/>
        <line num="3" count="17" type="cond" truecount="1" falsecount="0"/>
        <line num="4" count="8" type="cond" truecount="1" falsecount="0"/>
        <line num="5" count="6" type="cond" truecount="4" falsecount="0"/>
        <line num="7" count="2" type="stmt"/>
        <line num="8" count="2" type="stmt"/>
        <line num="9" count="8" type="stmt"/>
        <line num="10" count="2" type="stmt"/>
        <line num="13" count="2" type="stmt"/>
        <line num="14" count="2" type="stmt"/>
        <line num="15" count="2" type="stmt"/>
        <line num="19" count="2" type="stmt"/>
        <line num="20" count="3" type="stmt"/>
        <line num="21" count="2" type="stmt"/>
      </file>
    </package>
    <package name="util.print">
      <metrics statements="2" coveredstatements="2" conditionals="0" coveredconditionals="0" methods="0" coveredmethods="0"/>
      <file name="printBinary.ts" path="/home/runner/work/json-joy/json-joy/src/util/print/printBinary.ts">
        <metrics statements="1" coveredstatements="1" conditionals="0" coveredconditionals="0" methods="0" coveredmethods="0"/>
        <line num="1" count="107" type="stmt"/>
      </file>
      <file name="printTree.ts" path="/home/runner/work/json-joy/json-joy/src/util/print/printTree.ts">
        <metrics statements="1" coveredstatements="1" conditionals="0" coveredconditionals="0" methods="0" coveredmethods="0"/>
        <line num="1" count="133" type="stmt"/>
      </file>
    </package>
  </project>
</coverage>
