<?xml version="1.0" encoding="UTF-8"?>
<coverage generated="1759225294422" clover="3.2.0">
  <project timestamp="1759225294422" name="All files">
    <metrics statements="15342" coveredstatements="14249" conditionals="5692" coveredconditionals="4525" methods="2764" coveredmethods="2420" elements="23798" coveredelements="21194" complexity="0" loc="15342" ncloc="15342" packages="107" files="364" classes="364"/>
    <package name="__tests__">
      <metrics statements="7" coveredstatements="7" conditionals="3" coveredconditionals="2" methods="3" coveredmethods="3"/>
      <file name="binary-documents.ts" path="/home/runner/work/json-joy/json-joy/src/__tests__/binary-documents.ts">
        <metrics statements="1" coveredstatements="1" conditionals="0" coveredconditionals="0" methods="0" coveredmethods="0"/>
        <line num="7" count="18" type="stmt"/>
      </file>
      <file name="json-documents.ts" path="/home/runner/work/json-joy/json-joy/src/__tests__/json-documents.ts">
        <metrics statements="1" coveredstatements="1" conditionals="0" coveredconditionals="0" methods="0" coveredmethods="0"/>
        <line num="10" count="21" type="stmt"/>
      </file>
      <file name="util.ts" path="/home/runner/work/json-joy/json-joy/src/__tests__/util.ts">
        <metrics statements="5" coveredstatements="5" conditionals="3" coveredconditionals="2" methods="3" coveredmethods="3"/>
        <line num="1" count="1" type="cond" truecount="0" falsecount="1"/>
        <line num="3" count="1" type="cond" truecount="1" falsecount="0"/>
        <line num="4" count="1" type="stmt"/>
        <line num="5" count="2" type="cond" truecount="1" falsecount="0"/>
        <line num="6" count="1" type="stmt"/>
      </file>
    </package>
    <package name="json-cli.test">
      <metrics statements="90" coveredstatements="90" conditionals="0" coveredconditionals="0" methods="0" coveredmethods="0"/>
      <file name="op.add.tests.json.ts" path="/home/runner/work/json-joy/json-joy/src/json-cli/test/op.add.tests.json.ts">
        <metrics statements="2" coveredstatements="2" conditionals="0" coveredconditionals="0" methods="0" coveredmethods="0"/>
        <line num="3" count="2" type="stmt"/>
        <line num="100" count="2" type="stmt"/>
      </file>
      <file name="op.contains.tests.json.ts" path="/home/runner/work/json-joy/json-joy/src/json-cli/test/op.contains.tests.json.ts">
        <metrics statements="2" coveredstatements="2" conditionals="0" coveredconditionals="0" methods="0" coveredmethods="0"/>
        <line num="3" count="2" type="stmt"/>
        <line num="92" count="2" type="stmt"/>
      </file>
      <file name="op.copy.tests.json.ts" path="/home/runner/work/json-joy/json-joy/src/json-cli/test/op.copy.tests.json.ts">
        <metrics statements="2" coveredstatements="2" conditionals="0" coveredconditionals="0" methods="0" coveredmethods="0"/>
        <line num="3" count="2" type="stmt"/>
        <line num="88" count="2" type="stmt"/>
      </file>
      <file name="op.defined.tests.json.ts" path="/home/runner/work/json-joy/json-joy/src/json-cli/test/op.defined.tests.json.ts">
        <metrics statements="2" coveredstatements="2" conditionals="0" coveredconditionals="0" methods="0" coveredmethods="0"/>
        <line num="3" count="2" type="stmt"/>
        <line num="74" count="2" type="stmt"/>
      </file>
      <file name="op.ends.tests.json.ts" path="/home/runner/work/json-joy/json-joy/src/json-cli/test/op.ends.tests.json.ts">
        <metrics statements="2" coveredstatements="2" conditionals="0" coveredconditionals="0" methods="0" coveredmethods="0"/>
        <line num="3" count="2" type="stmt"/>
        <line num="106" count="2" type="stmt"/>
      </file>
      <file name="op.extend.tests.json.ts" path="/home/runner/work/json-joy/json-joy/src/json-cli/test/op.extend.tests.json.ts">
        <metrics statements="2" coveredstatements="2" conditionals="0" coveredconditionals="0" methods="0" coveredmethods="0"/>
        <line num="3" count="2" type="stmt"/>
        <line num="121" count="2" type="stmt"/>
      </file>
      <file name="op.flip.tests.json.ts" path="/home/runner/work/json-joy/json-joy/src/json-cli/test/op.flip.tests.json.ts">
        <metrics statements="2" coveredstatements="2" conditionals="0" coveredconditionals="0" methods="0" coveredmethods="0"/>
        <line num="3" count="2" type="stmt"/>
        <line num="111" count="2" type="stmt"/>
      </file>
      <file name="op.in.tests.json.ts" path="/home/runner/work/json-joy/json-joy/src/json-cli/test/op.in.tests.json.ts">
        <metrics statements="2" coveredstatements="2" conditionals="0" coveredconditionals="0" methods="0" coveredmethods="0"/>
        <line num="3" count="2" type="stmt"/>
        <line num="57" count="2" type="stmt"/>
      </file>
      <file name="op.inc.tests.json.ts" path="/home/runner/work/json-joy/json-joy/src/json-cli/test/op.inc.tests.json.ts">
        <metrics statements="2" coveredstatements="2" conditionals="0" coveredconditionals="0" methods="0" coveredmethods="0"/>
        <line num="3" count="2" type="stmt"/>
        <line num="130" count="2" type="stmt"/>
      </file>
      <file name="op.less.tests.json.ts" path="/home/runner/work/json-joy/json-joy/src/json-cli/test/op.less.tests.json.ts">
        <metrics statements="2" coveredstatements="2" conditionals="0" coveredconditionals="0" methods="0" coveredmethods="0"/>
        <line num="3" count="2" type="stmt"/>
        <line num="42" count="2" type="stmt"/>
      </file>
      <file name="op.merge.tests.json.ts" path="/home/runner/work/json-joy/json-joy/src/json-cli/test/op.merge.tests.json.ts">
        <metrics statements="2" coveredstatements="2" conditionals="0" coveredconditionals="0" methods="0" coveredmethods="0"/>
        <line num="3" count="2" type="stmt"/>
        <line num="117" count="2" type="stmt"/>
      </file>
      <file name="op.more.tests.json.ts" path="/home/runner/work/json-joy/json-joy/src/json-cli/test/op.more.tests.json.ts">
        <metrics statements="2" coveredstatements="2" conditionals="0" coveredconditionals="0" methods="0" coveredmethods="0"/>
        <line num="3" count="2" type="stmt"/>
        <line num="42" count="2" type="stmt"/>
      </file>
      <file name="op.move.tests.json.ts" path="/home/runner/work/json-joy/json-joy/src/json-cli/test/op.move.tests.json.ts">
        <metrics statements="2" coveredstatements="2" conditionals="0" coveredconditionals="0" methods="0" coveredmethods="0"/>
        <line num="3" count="2" type="stmt"/>
        <line num="85" count="2" type="stmt"/>
      </file>
      <file name="op.remove.tests.json.ts" path="/home/runner/work/json-joy/json-joy/src/json-cli/test/op.remove.tests.json.ts">
        <metrics statements="2" coveredstatements="2" conditionals="0" coveredconditionals="0" methods="0" coveredmethods="0"/>
        <line num="3" count="2" type="stmt"/>
        <line num="90" count="2" type="stmt"/>
      </file>
      <file name="op.replace.tests.json.ts" path="/home/runner/work/json-joy/json-joy/src/json-cli/test/op.replace.tests.json.ts">
        <metrics statements="19" coveredstatements="19" conditionals="0" coveredconditionals="0" methods="0" coveredmethods="0"/>
        <line num="1" count="2" type="stmt"/>
        <line num="4" count="2" type="stmt"/>
        <line num="20" count="2" type="stmt"/>
        <line num="29" count="2" type="stmt"/>
        <line num="30" count="12" type="stmt"/>
        <line num="31" count="72" type="stmt"/>
        <line num="40" count="2" type="stmt"/>
        <line num="41" count="12" type="stmt"/>
        <line num="42" count="72" type="stmt"/>
        <line num="63" count="2" type="stmt"/>
        <line num="64" count="12" type="stmt"/>
        <line num="65" count="72" type="stmt"/>
        <line num="96" count="2" type="stmt"/>
        <line num="97" count="12" type="stmt"/>
        <line num="98" count="72" type="stmt"/>
        <line num="107" count="2" type="stmt"/>
        <line num="108" count="12" type="stmt"/>
        <line num="109" count="72" type="stmt"/>
        <line num="134" count="2" type="stmt"/>
      </file>
      <file name="op.split.tests.json.ts" path="/home/runner/work/json-joy/json-joy/src/json-cli/test/op.split.tests.json.ts">
        <metrics statements="2" coveredstatements="2" conditionals="0" coveredconditionals="0" methods="0" coveredmethods="0"/>
        <line num="3" count="2" type="stmt"/>
        <line num="437" count="2" type="stmt"/>
      </file>
      <file name="op.starts.tests.json.ts" path="/home/runner/work/json-joy/json-joy/src/json-cli/test/op.starts.tests.json.ts">
        <metrics statements="2" coveredstatements="2" conditionals="0" coveredconditionals="0" methods="0" coveredmethods="0"/>
        <line num="3" count="2" type="stmt"/>
        <line num="118" count="2" type="stmt"/>
      </file>
      <file name="op.str_del.tests.json.ts" path="/home/runner/work/json-joy/json-joy/src/json-cli/test/op.str_del.tests.json.ts">
        <metrics statements="2" coveredstatements="2" conditionals="0" coveredconditionals="0" methods="0" coveredmethods="0"/>
        <line num="3" count="2" type="stmt"/>
        <line num="151" count="2" type="stmt"/>
      </file>
      <file name="op.str_ins.tests.json.ts" path="/home/runner/work/json-joy/json-joy/src/json-cli/test/op.str_ins.tests.json.ts">
        <metrics statements="2" coveredstatements="2" conditionals="0" coveredconditionals="0" methods="0" coveredmethods="0"/>
        <line num="3" count="2" type="stmt"/>
        <line num="252" count="2" type="stmt"/>
      </file>
      <file name="op.test.tests.json.ts" path="/home/runner/work/json-joy/json-joy/src/json-cli/test/op.test.tests.json.ts">
        <metrics statements="2" coveredstatements="2" conditionals="0" coveredconditionals="0" methods="0" coveredmethods="0"/>
        <line num="3" count="2" type="stmt"/>
        <line num="36" count="2" type="stmt"/>
      </file>
      <file name="op.type.tests.json.ts" path="/home/runner/work/json-joy/json-joy/src/json-cli/test/op.type.tests.json.ts">
        <metrics statements="2" coveredstatements="2" conditionals="0" coveredconditionals="0" methods="0" coveredmethods="0"/>
        <line num="3" count="2" type="stmt"/>
        <line num="30" count="2" type="stmt"/>
      </file>
      <file name="op.undefined.tests.json.ts" path="/home/runner/work/json-joy/json-joy/src/json-cli/test/op.undefined.tests.json.ts">
        <metrics statements="2" coveredstatements="2" conditionals="0" coveredconditionals="0" methods="0" coveredmethods="0"/>
        <line num="3" count="2" type="stmt"/>
        <line num="85" count="2" type="stmt"/>
      </file>
      <file name="spec.json.ts" path="/home/runner/work/json-joy/json-joy/src/json-cli/test/spec.json.ts">
        <metrics statements="2" coveredstatements="2" conditionals="0" coveredconditionals="0" methods="0" coveredmethods="0"/>
        <line num="3" count="2" type="stmt"/>
        <line num="212" count="2" type="stmt"/>
      </file>
      <file name="suites.ts" path="/home/runner/work/json-joy/json-joy/src/json-cli/test/suites.ts">
        <metrics statements="25" coveredstatements="25" conditionals="0" coveredconditionals="0" methods="0" coveredmethods="0"/>
        <line num="1" count="2" type="stmt"/>
        <line num="2" count="2" type="stmt"/>
        <line num="3" count="2" type="stmt"/>
        <line num="4" count="2" type="stmt"/>
        <line num="5" count="2" type="stmt"/>
        <line num="6" count="2" type="stmt"/>
        <line num="7" count="2" type="stmt"/>
        <line num="8" count="2" type="stmt"/>
        <line num="9" count="2" type="stmt"/>
        <line num="10" count="2" type="stmt"/>
        <line num="11" count="2" type="stmt"/>
        <line num="12" count="2" type="stmt"/>
        <line num="13" count="2" type="stmt"/>
        <line num="14" count="2" type="stmt"/>
        <line num="15" count="2" type="stmt"/>
        <line num="16" count="2" type="stmt"/>
        <line num="17" count="2" type="stmt"/>
        <line num="18" count="2" type="stmt"/>
        <line num="19" count="2" type="stmt"/>
        <line num="20" count="2" type="stmt"/>
        <line num="21" count="2" type="stmt"/>
        <line num="22" count="2" type="stmt"/>
        <line num="23" count="2" type="stmt"/>
        <line num="24" count="2" type="stmt"/>
        <line num="27" count="2" type="stmt"/>
      </file>
      <file name="tests.json.ts" path="/home/runner/work/json-joy/json-joy/src/json-cli/test/tests.json.ts">
        <metrics statements="2" coveredstatements="2" conditionals="0" coveredconditionals="0" methods="0" coveredmethods="0"/>
        <line num="3" count="2" type="stmt"/>
        <line num="518" count="2" type="stmt"/>
      </file>
    </package>
    <package name="json-crdt">
      <metrics statements="42" coveredstatements="40" conditionals="11" coveredconditionals="11" methods="9" coveredmethods="8"/>
      <file name="constants.ts" path="/home/runner/work/json-joy/json-joy/src/json-crdt/constants.ts">
        <metrics statements="2" coveredstatements="2" conditionals="2" coveredconditionals="2" methods="1" coveredmethods="1"/>
        <line num="1" count="174" type="cond" truecount="2" falsecount="0"/>
        <line num="2" count="174" type="stmt"/>
      </file>
      <file name="hash.ts" path="/home/runner/work/json-joy/json-joy/src/json-crdt/hash.ts">
        <metrics statements="36" coveredstatements="34" conditionals="9" coveredconditionals="9" methods="8" coveredmethods="7"/>
        <line num="1" count="67" type="stmt"/>
        <line num="2" count="67" type="stmt"/>
        <line num="3" count="67" type="stmt"/>
        <line num="4" count="67" type="stmt"/>
        <line num="9" count="67" type="stmt"/>
        <line num="10" count="1013237" type="stmt"/>
        <line num="11" count="1013237" type="stmt"/>
        <line num="12" count="1013237" type="stmt"/>
        <line num="13" count="1013237" type="stmt"/>
        <line num="16" count="67" type="stmt"/>
        <line num="17" count="127361" type="stmt"/>
        <line num="18" count="127361" type="stmt"/>
        <line num="19" count="127361" type="stmt"/>
        <line num="20" count="127361" type="cond" truecount="1" falsecount="0"/>
        <line num="21" count="127361" type="stmt"/>
        <line num="29" count="67" type="stmt"/>
        <line num="30" count="843591" type="cond" truecount="1" falsecount="0"/>
        <line num="31" count="155949" type="cond" truecount="1" falsecount="0"/>
        <line num="32" count="3348" type="stmt"/>
        <line num="33" count="3348" type="cond" truecount="1" falsecount="0"/>
        <line num="34" count="3348" type="stmt"/>
        <line num="36" count="152601" type="cond" truecount="3" falsecount="0"/>
        <line num="37" count="146827" type="stmt"/>
        <line num="38" count="687016" type="stmt"/>
        <line num="40" count="146827" type="stmt"/>
        <line num="42" count="5774" type="cond" truecount="1" falsecount="0"/>
        <line num="43" count="3078" type="stmt"/>
        <line num="44" count="8234" type="stmt"/>
        <line num="47" count="5774" type="cond" truecount="1" falsecount="0"/>
        <line num="48" count="0" type="stmt"/>
        <line num="51" count="67" type="stmt"/>
        <line num="52" count="228" type="stmt"/>
        <line num="55" count="67" type="stmt"/>
        <line num="56" count="202" type="stmt"/>
        <line num="59" count="67" type="stmt"/>
        <line num="60" count="0" type="stmt"/>
      </file>
      <file name="index.ts" path="/home/runner/work/json-joy/json-joy/src/json-crdt/index.ts">
        <metrics statements="4" coveredstatements="4" conditionals="0" coveredconditionals="0" methods="0" coveredmethods="0"/>
        <line num="1" count="174" type="stmt"/>
        <line num="2" count="174" type="stmt"/>
        <line num="3" count="174" type="stmt"/>
        <line num="5" count="174" type="stmt"/>
      </file>
    </package>
    <package name="json-crdt-diff">
      <metrics statements="151" coveredstatements="148" conditionals="69" coveredconditionals="55" methods="19" coveredmethods="19"/>
      <file name="JsonCrdtDiff.ts" path="/home/runner/work/json-joy/json-joy/src/json-crdt-diff/JsonCrdtDiff.ts">
        <metrics statements="142" coveredstatements="139" conditionals="66" coveredconditionals="53" methods="17" coveredmethods="17"/>
        <line num="1" count="174" type="stmt"/>
        <line num="2" count="174" type="stmt"/>
        <line num="3" count="174" type="stmt"/>
        <line num="4" count="174" type="stmt"/>
        <line num="5" count="174" type="stmt"/>
        <line num="6" count="174" type="stmt"/>
        <line num="7" count="174" type="stmt"/>
        <line num="8" count="174" type="stmt"/>
        <line num="9" count="174" type="stmt"/>
        <line num="12" count="174" type="stmt"/>
        <line num="14" count="249" type="stmt"/>
        <line num="18" count="174" type="stmt"/>
        <line num="21" count="2304" type="stmt"/>
        <line num="22" count="2304" type="stmt"/>
        <line num="26" count="6732" type="stmt"/>
        <line num="27" count="6732" type="cond" truecount="1" falsecount="0"/>
        <line num="28" count="21" type="stmt"/>
        <line num="29" count="21" type="stmt"/>
        <line num="32" count="37" type="cond" truecount="1" falsecount="1"/>
        <line num="33" count="24" type="stmt"/>
        <line num="38" count="4" type="stmt"/>
        <line num="39" count="4" type="cond" truecount="1" falsecount="0"/>
        <line num="40" count="3" type="stmt"/>
        <line num="41" count="3" type="stmt"/>
        <line num="44" count="2" type="cond" truecount="1" falsecount="1"/>
        <line num="45" count="2" type="stmt"/>
        <line num="50" count="1911" type="stmt"/>
        <line num="51" count="1911" type="stmt"/>
        <line num="52" count="8347" type="stmt"/>
        <line num="54" count="1911" type="stmt"/>
        <line num="55" count="1911" type="stmt"/>
        <line num="56" count="8368" type="stmt"/>
        <line num="57" count="1911" type="stmt"/>
        <line num="58" count="1911" type="cond" truecount="1" falsecount="0"/>
        <line num="59" count="122" type="stmt"/>
        <line num="60" count="122" type="stmt"/>
        <line num="61" count="122" type="stmt"/>
        <line num="62" count="122" type="stmt"/>
        <line num="63" count="732" type="stmt"/>
        <line num="64" count="732" type="cond" truecount="4" falsecount="0"/>
        <line num="66" count="108" type="stmt"/>
        <line num="68" count="204" type="stmt"/>
        <line num="69" count="204" type="cond" truecount="2" falsecount="0"/>
        <line num="70" count="204" type="cond" truecount="0" falsecount="1"/>
        <line num="71" count="204" type="stmt"/>
        <line num="72" count="204" type="stmt"/>
        <line num="75" count="183" type="stmt"/>
        <line num="76" count="183" type="cond" truecount="2" falsecount="1"/>
        <line num="77" count="183" type="stmt"/>
        <line num="78" count="183" type="stmt"/>
        <line num="81" count="237" type="stmt"/>
        <line num="82" count="237" type="stmt"/>
        <line num="83" count="237" type="stmt"/>
        <line num="85" count="7" type="cond" truecount="1" falsecount="1"/>
        <line num="86" count="7" type="stmt"/>
        <line num="87" count="7" type="stmt"/>
        <line num="88" count="7" type="cond" truecount="2" falsecount="0"/>
        <line num="89" count="7" type="cond" truecount="0" falsecount="1"/>
        <line num="90" count="7" type="stmt"/>
        <line num="91" count="0" type="stmt"/>
        <line num="96" count="122" type="stmt"/>
        <line num="97" count="122" type="stmt"/>
        <line num="98" count="122" type="stmt"/>
        <line num="99" count="211" type="stmt"/>
        <line num="100" count="211" type="stmt"/>
        <line num="103" count="211" type="stmt"/>
        <line num="106" count="122" type="cond" truecount="1" falsecount="0"/>
        <line num="110" count="3739" type="stmt"/>
        <line num="111" count="3739" type="stmt"/>
        <line num="112" count="3739" type="stmt"/>
        <line num="114" count="3739" type="stmt"/>
        <line num="115" count="34898" type="stmt"/>
        <line num="116" count="34898" type="stmt"/>
        <line num="117" count="34898" type="cond" truecount="1" falsecount="0"/>
        <line num="119" count="3739" type="stmt"/>
        <line num="120" count="3739" type="stmt"/>
        <line num="121" count="3739" type="stmt"/>
        <line num="122" count="34600" type="stmt"/>
        <line num="123" count="34600" type="stmt"/>
        <line num="124" count="34600" type="cond" truecount="1" falsecount="0"/>
        <line num="125" count="20987" type="stmt"/>
        <line num="126" count="20987" type="cond" truecount="1" falsecount="0"/>
        <line num="127" count="20987" type="stmt"/>
        <line num="128" count="20987" type="stmt"/>
        <line num="129" count="20973" type="stmt"/>
        <line num="131" count="14" type="cond" truecount="0" falsecount="1"/>
        <line num="135" count="13627" type="cond" truecount="2" falsecount="0"/>
        <line num="137" count="3739" type="cond" truecount="1" falsecount="0"/>
        <line num="141" count="8" type="stmt"/>
        <line num="142" count="8" type="stmt"/>
        <line num="143" count="8" type="stmt"/>
        <line num="144" count="8" type="stmt"/>
        <line num="145" count="8" type="stmt"/>
        <line num="146" count="8" type="stmt"/>
        <line num="147" count="8" type="stmt"/>
        <line num="148" count="8" type="stmt"/>
        <line num="149" count="2" type="stmt"/>
        <line num="150" count="2" type="cond" truecount="1" falsecount="0"/>
        <line num="151" count="2" type="stmt"/>
        <line num="152" count="2" type="cond" truecount="3" falsecount="0"/>
        <line num="153" count="2" type="cond" truecount="1" falsecount="0"/>
        <line num="154" count="1" type="stmt"/>
        <line num="157" count="7" type="stmt"/>
        <line num="158" count="8" type="stmt"/>
        <line num="159" count="8" type="stmt"/>
        <line num="160" count="8" type="cond" truecount="1" falsecount="0"/>
        <line num="161" count="8" type="stmt"/>
        <line num="162" count="8" type="stmt"/>
        <line num="163" count="7" type="stmt"/>
        <line num="165" count="1" type="cond" truecount="0" falsecount="1"/>
        <line num="168" count="1" type="stmt"/>
        <line num="170" count="7" type="stmt"/>
        <line num="171" count="7" type="cond" truecount="1" falsecount="0"/>
        <line num="175" count="2485" type="stmt"/>
        <line num="176" count="2485" type="stmt"/>
        <line num="178" count="227" type="cond" truecount="1" falsecount="1"/>
        <line num="179" count="227" type="stmt"/>
        <line num="180" count="227" type="stmt"/>
        <line num="181" count="0" type="stmt"/>
        <line num="186" count="26009" type="cond" truecount="2" falsecount="0"/>
        <line num="187" count="11123" type="stmt"/>
        <line num="188" count="11123" type="cond" truecount="3" falsecount="0"/>
        <line num="189" count="14886" type="cond" truecount="2" falsecount="0"/>
        <line num="190" count="6734" type="cond" truecount="1" falsecount="0"/>
        <line num="191" count="6732" type="stmt"/>
        <line num="192" count="8152" type="cond" truecount="2" falsecount="0"/>
        <line num="193" count="3739" type="cond" truecount="3" falsecount="1"/>
        <line num="194" count="3739" type="stmt"/>
        <line num="195" count="4413" type="cond" truecount="2" falsecount="0"/>
        <line num="196" count="2485" type="stmt"/>
        <line num="197" count="1928" type="cond" truecount="2" falsecount="0"/>
        <line num="198" count="1916" type="cond" truecount="1" falsecount="0"/>
        <line num="199" count="1911" type="stmt"/>
        <line num="200" count="12" type="cond" truecount="2" falsecount="0"/>
        <line num="201" count="8" type="cond" truecount="0" falsecount="1"/>
        <line num="202" count="8" type="stmt"/>
        <line num="203" count="4" type="cond" truecount="1" falsecount="1"/>
        <line num="204" count="4" type="cond" truecount="0" falsecount="1"/>
        <line num="205" count="4" type="stmt"/>
        <line num="207" count="0" type="stmt"/>
        <line num="212" count="2292" type="stmt"/>
        <line num="213" count="2292" type="stmt"/>
      </file>
      <file name="index.ts" path="/home/runner/work/json-joy/json-joy/src/json-crdt-diff/index.ts">
        <metrics statements="9" coveredstatements="9" conditionals="3" coveredconditionals="2" methods="2" coveredmethods="2"/>
        <line num="3" count="174" type="stmt"/>
        <line num="5" count="174" type="stmt"/>
        <line num="6" count="12" type="stmt"/>
        <line num="7" count="12" type="stmt"/>
        <line num="8" count="12" type="cond" truecount="1" falsecount="1"/>
        <line num="11" count="174" type="stmt"/>
        <line num="12" count="11" type="stmt"/>
        <line num="13" count="11" type="cond" truecount="1" falsecount="0"/>
        <line num="14" count="11" type="stmt"/>
      </file>
    </package>
    <package name="json-crdt-extensions">
      <metrics statements="41" coveredstatements="38" conditionals="5" coveredconditionals="5" methods="8" coveredmethods="7"/>
      <file name="ModelWithExt.ts" path="/home/runner/work/json-joy/json-joy/src/json-crdt-extensions/ModelWithExt.ts">
        <metrics statements="19" coveredstatements="16" conditionals="1" coveredconditionals="1" methods="2" coveredmethods="1"/>
        <line num="2" count="46" type="stmt"/>
        <line num="3" count="46" type="stmt"/>
        <line num="4" count="46" type="stmt"/>
        <line num="8" count="46" type="stmt"/>
        <line num="10" count="46" type="stmt"/>
        <line num="11" count="46" type="stmt"/>
        <line num="12" count="46" type="stmt"/>
        <line num="13" count="46" type="stmt"/>
        <line num="15" count="46" type="stmt"/>
        <line num="17" count="46" type="stmt"/>
        <line num="18" count="46" type="stmt"/>
        <line num="20" count="46" type="stmt"/>
        <line num="24" count="1913" type="stmt"/>
        <line num="25" count="1913" type="stmt"/>
        <line num="26" count="1913" type="stmt"/>
        <line num="29" count="46" type="stmt"/>
        <line num="34" count="0" type="stmt"/>
        <line num="35" count="0" type="stmt"/>
        <line num="36" count="0" type="stmt"/>
      </file>
      <file name="constants.ts" path="/home/runner/work/json-joy/json-joy/src/json-crdt-extensions/constants.ts">
        <metrics statements="10" coveredstatements="10" conditionals="4" coveredconditionals="4" methods="2" coveredmethods="2"/>
        <line num="1" count="68" type="cond" truecount="2" falsecount="0"/>
        <line num="2" count="68" type="stmt"/>
        <line num="3" count="68" type="stmt"/>
        <line num="4" count="68" type="stmt"/>
        <line num="5" count="68" type="stmt"/>
        <line num="8" count="68" type="cond" truecount="2" falsecount="0"/>
        <line num="9" count="68" type="stmt"/>
        <line num="10" count="68" type="stmt"/>
        <line num="11" count="68" type="stmt"/>
        <line num="12" count="68" type="stmt"/>
      </file>
      <file name="ext.ts" path="/home/runner/work/json-joy/json-joy/src/json-crdt-extensions/ext.ts">
        <metrics statements="5" coveredstatements="5" conditionals="0" coveredconditionals="0" methods="4" coveredmethods="4"/>
        <line num="1" count="47" type="stmt"/>
        <line num="2" count="47" type="stmt"/>
        <line num="3" count="47" type="stmt"/>
        <line num="4" count="47" type="stmt"/>
        <line num="6" count="1992" type="stmt"/>
      </file>
      <file name="index.ts" path="/home/runner/work/json-joy/json-joy/src/json-crdt-extensions/index.ts">
        <metrics statements="7" coveredstatements="7" conditionals="0" coveredconditionals="0" methods="0" coveredmethods="0"/>
        <line num="1" count="2" type="stmt"/>
        <line num="2" count="2" type="stmt"/>
        <line num="3" count="2" type="stmt"/>
        <line num="4" count="2" type="stmt"/>
        <line num="5" count="2" type="stmt"/>
        <line num="6" count="2" type="stmt"/>
        <line num="7" count="2" type="stmt"/>
      </file>
    </package>
    <package name="json-crdt-extensions.cnt">
      <metrics statements="26" coveredstatements="25" conditionals="8" coveredconditionals="7" methods="6" coveredmethods="5"/>
      <file name="index.ts" path="/home/runner/work/json-joy/json-joy/src/json-crdt-extensions/cnt/index.ts">
        <metrics statements="26" coveredstatements="25" conditionals="8" coveredconditionals="7" methods="6" coveredmethods="5"/>
        <line num="1" count="48" type="stmt"/>
        <line num="2" count="48" type="stmt"/>
        <line num="3" count="48" type="stmt"/>
        <line num="4" count="48" type="stmt"/>
        <line num="5" count="48" type="stmt"/>
        <line num="8" count="48" type="stmt"/>
        <line num="11" count="4" type="stmt"/>
        <line num="14" count="0" type="stmt"/>
        <line num="18" count="9" type="stmt"/>
        <line num="19" count="9" type="stmt"/>
        <line num="20" count="9" type="stmt"/>
        <line num="21" count="9" type="stmt"/>
        <line num="27" count="4" type="stmt"/>
        <line num="28" count="4" type="stmt"/>
        <line num="29" count="4" type="stmt"/>
        <line num="30" count="4" type="cond" truecount="2" falsecount="0"/>
        <line num="31" count="4" type="stmt"/>
        <line num="32" count="4" type="stmt"/>
        <line num="33" count="4" type="stmt"/>
        <line num="36" count="4" type="stmt"/>
        <line num="40" count="48" type="cond" truecount="1" falsecount="0"/>
        <line num="41" count="4" type="stmt"/>
        <line num="42" count="4" type="cond" truecount="1" falsecount="0"/>
        <line num="44" count="4" type="cond" truecount="2" falsecount="0"/>
        <line num="47" count="4" type="stmt"/>
        <line num="50" count="48" type="stmt"/>
      </file>
    </package>
    <package name="json-crdt-extensions.mval">
      <metrics statements="27" coveredstatements="26" conditionals="2" coveredconditionals="2" methods="5" coveredmethods="4"/>
      <file name="MvalApi.ts" path="/home/runner/work/json-joy/json-joy/src/json-crdt-extensions/mval/MvalApi.ts">
        <metrics statements="10" coveredstatements="10" conditionals="0" coveredconditionals="0" methods="1" coveredmethods="1"/>
        <line num="1" count="51" type="stmt"/>
        <line num="5" count="51" type="stmt"/>
        <line num="7" count="10" type="stmt"/>
        <line num="8" count="10" type="stmt"/>
        <line num="9" count="10" type="stmt"/>
        <line num="10" count="10" type="stmt"/>
        <line num="11" count="10" type="stmt"/>
        <line num="12" count="10" type="stmt"/>
        <line num="13" count="10" type="stmt"/>
        <line num="14" count="10" type="stmt"/>
      </file>
      <file name="MvalNode.ts" path="/home/runner/work/json-joy/json-joy/src/json-crdt-extensions/mval/MvalNode.ts">
        <metrics statements="7" coveredstatements="6" conditionals="0" coveredconditionals="0" methods="3" coveredmethods="2"/>
        <line num="1" count="51" type="stmt"/>
        <line num="2" count="51" type="stmt"/>
        <line num="3" count="51" type="stmt"/>
        <line num="6" count="51" type="stmt"/>
        <line num="7" count="10" type="stmt"/>
        <line num="10" count="0" type="stmt"/>
        <line num="14" count="16" type="stmt"/>
      </file>
      <file name="constants.ts" path="/home/runner/work/json-joy/json-joy/src/json-crdt-extensions/mval/constants.ts">
        <metrics statements="2" coveredstatements="2" conditionals="0" coveredconditionals="0" methods="0" coveredmethods="0"/>
        <line num="1" count="51" type="stmt"/>
        <line num="3" count="51" type="stmt"/>
      </file>
      <file name="index.ts" path="/home/runner/work/json-joy/json-joy/src/json-crdt-extensions/mval/index.ts">
        <metrics statements="8" coveredstatements="8" conditionals="2" coveredconditionals="2" methods="1" coveredmethods="1"/>
        <line num="1" count="51" type="stmt"/>
        <line num="2" count="51" type="stmt"/>
        <line num="3" count="51" type="stmt"/>
        <line num="4" count="51" type="stmt"/>
        <line num="5" count="51" type="stmt"/>
        <line num="6" count="51" type="stmt"/>
        <line num="10" count="51" type="stmt"/>
        <line num="15" count="12" type="cond" truecount="2" falsecount="0"/>
      </file>
    </package>
    <package name="json-crdt-extensions.peritext">
      <metrics statements="161" coveredstatements="142" conditionals="53" coveredconditionals="35" methods="52" coveredmethods="35"/>
      <file name="Peritext.ts" path="/home/runner/work/json-joy/json-joy/src/json-crdt-extensions/peritext/Peritext.ts">
        <metrics statements="118" coveredstatements="102" conditionals="49" coveredconditionals="31" methods="33" coveredmethods="23"/>
        <line num="1" count="64" type="stmt"/>
        <line num="2" count="64" type="stmt"/>
        <line num="3" count="64" type="stmt"/>
        <line num="4" count="64" type="stmt"/>
        <line num="5" count="64" type="stmt"/>
        <line num="6" count="64" type="stmt"/>
        <line num="7" count="64" type="stmt"/>
        <line num="8" count="64" type="stmt"/>
        <line num="9" count="64" type="stmt"/>
        <line num="10" count="64" type="stmt"/>
        <line num="11" count="64" type="stmt"/>
        <line num="12" count="64" type="stmt"/>
        <line num="13" count="64" type="stmt"/>
        <line num="15" count="64" type="stmt"/>
        <line num="16" count="64" type="stmt"/>
        <line num="17" count="64" type="stmt"/>
        <line num="18" count="64" type="stmt"/>
        <line num="29" count="64" type="stmt"/>
        <line num="30" count="64" type="stmt"/>
        <line num="39" count="64" type="stmt"/>
        <line num="41" count="3663" type="stmt"/>
        <line num="58" count="3663" type="stmt"/>
        <line num="60" count="3663" type="stmt"/>
        <line num="66" count="3663" type="stmt"/>
        <line num="67" count="3663" type="stmt"/>
        <line num="68" count="3663" type="stmt"/>
        <line num="69" count="3663" type="stmt"/>
        <line num="70" count="13686" type="stmt"/>
        <line num="72" count="3663" type="stmt"/>
        <line num="73" count="3663" type="stmt"/>
        <line num="74" count="3663" type="stmt"/>
        <line num="78" count="9262" type="cond" truecount="1" falsecount="0"/>
        <line num="79" count="0" type="stmt"/>
        <line num="92" count="22658" type="stmt"/>
        <line num="107" count="5498" type="stmt"/>
        <line num="108" count="5498" type="stmt"/>
        <line num="109" count="5498" type="cond" truecount="3" falsecount="0"/>
        <line num="110" count="5376" type="stmt"/>
        <line num="120" count="4470" type="stmt"/>
        <line num="130" count="4457" type="stmt"/>
        <line num="134" count="649" type="cond" truecount="0" falsecount="1"/>
        <line num="135" count="649" type="stmt"/>
        <line num="136" count="649" type="stmt"/>
        <line num="137" count="649" type="stmt"/>
        <line num="141" count="657" type="cond" truecount="0" falsecount="1"/>
        <line num="142" count="657" type="stmt"/>
        <line num="143" count="657" type="stmt"/>
        <line num="144" count="657" type="stmt"/>
        <line num="157" count="1885" type="stmt"/>
        <line num="161" count="0" type="cond" truecount="0" falsecount="2"/>
        <line num="162" count="0" type="stmt"/>
        <line num="163" count="0" type="stmt"/>
        <line num="164" count="0" type="stmt"/>
        <line num="165" count="0" type="stmt"/>
        <line num="177" count="3033" type="cond" truecount="2" falsecount="0"/>
        <line num="189" count="28003" type="stmt"/>
        <line num="198" count="559" type="stmt"/>
        <line num="199" count="559" type="stmt"/>
        <line num="200" count="559" type="cond" truecount="2" falsecount="1"/>
        <line num="201" count="559" type="stmt"/>
        <line num="205" count="723" type="stmt"/>
        <line num="217" count="7839" type="stmt"/>
        <line num="218" count="7839" type="stmt"/>
        <line num="230" count="582" type="cond" truecount="0" falsecount="1"/>
        <line num="231" count="582" type="stmt"/>
        <line num="232" count="582" type="stmt"/>
        <line num="233" count="582" type="stmt"/>
        <line num="234" count="582" type="stmt"/>
        <line num="238" count="4591" type="stmt"/>
        <line num="239" count="4591" type="stmt"/>
        <line num="243" count="4591" type="stmt"/>
        <line num="244" count="4591" type="stmt"/>
        <line num="248" count="6704" type="stmt"/>
        <line num="249" count="6704" type="cond" truecount="1" falsecount="0"/>
        <line num="250" count="5392" type="stmt"/>
        <line num="251" count="5392" type="cond" truecount="2" falsecount="0"/>
        <line num="256" count="5392" type="cond" truecount="4" falsecount="0"/>
        <line num="257" count="5392" type="cond" truecount="2" falsecount="1"/>
        <line num="258" count="5392" type="stmt"/>
        <line num="259" count="5392" type="stmt"/>
        <line num="260" count="5392" type="stmt"/>
        <line num="261" count="5392" type="stmt"/>
        <line num="262" count="5392" type="stmt"/>
        <line num="263" count="5392" type="stmt"/>
        <line num="268" count="4603" type="stmt"/>
        <line num="269" count="4603" type="stmt"/>
        <line num="270" count="4603" type="stmt"/>
        <line num="271" count="4603" type="stmt"/>
        <line num="272" count="4603" type="stmt"/>
        <line num="273" count="4603" type="cond" truecount="1" falsecount="0"/>
        <line num="274" count="2272" type="cond" truecount="1" falsecount="0"/>
        <line num="275" count="2272" type="cond" truecount="1" falsecount="0"/>
        <line num="276" count="2272" type="cond" truecount="0" falsecount="1"/>
        <line num="277" count="2272" type="stmt"/>
        <line num="303" count="12" type="cond" truecount="1" falsecount="2"/>
        <line num="315" count="0" type="stmt"/>
        <line num="320" count="2" type="stmt"/>
        <line num="321" count="2" type="stmt"/>
        <line num="322" count="2" type="stmt"/>
        <line num="323" count="2" type="stmt"/>
        <line num="324" count="2" type="cond" truecount="1" falsecount="0"/>
        <line num="325" count="2" type="stmt"/>
        <line num="326" count="2" type="stmt"/>
        <line num="332" count="0" type="stmt"/>
        <line num="333" count="0" type="stmt"/>
        <line num="334" count="0" type="stmt"/>
        <line num="337" count="0" type="stmt"/>
        <line num="339" count="0" type="cond" truecount="0" falsecount="2"/>
        <line num="340" count="0" type="cond" truecount="0" falsecount="2"/>
        <line num="341" count="0" type="cond" truecount="0" falsecount="2"/>
        <line num="343" count="0" type="stmt"/>
        <line num="345" count="0" type="stmt"/>
        <line num="352" count="3663" type="stmt"/>
        <line num="355" count="2345" type="stmt"/>
        <line num="356" count="2345" type="stmt"/>
        <line num="357" count="2345" type="stmt"/>
        <line num="358" count="2345" type="stmt"/>
        <line num="359" count="2345" type="stmt"/>
      </file>
      <file name="PeritextApi.ts" path="/home/runner/work/json-joy/json-joy/src/json-crdt-extensions/peritext/PeritextApi.ts">
        <metrics statements="13" coveredstatements="11" conditionals="0" coveredconditionals="0" methods="7" coveredmethods="3"/>
        <line num="1" count="50" type="stmt"/>
        <line num="2" count="50" type="stmt"/>
        <line num="3" count="50" type="stmt"/>
        <line num="9" count="50" type="stmt"/>
        <line num="14" count="1908" type="stmt"/>
        <line num="15" count="1908" type="stmt"/>
        <line num="17" count="1908" type="stmt"/>
        <line num="18" count="1908" type="stmt"/>
        <line num="19" count="1908" type="stmt"/>
        <line num="23" count="2023" type="stmt"/>
        <line num="27" count="3" type="stmt"/>
        <line num="31" count="0" type="stmt"/>
        <line num="32" count="0" type="stmt"/>
      </file>
      <file name="PeritextNode.ts" path="/home/runner/work/json-joy/json-joy/src/json-crdt-extensions/peritext/PeritextNode.ts">
        <metrics statements="9" coveredstatements="8" conditionals="0" coveredconditionals="0" methods="5" coveredmethods="4"/>
        <line num="1" count="50" type="stmt"/>
        <line num="2" count="50" type="stmt"/>
        <line num="3" count="50" type="stmt"/>
        <line num="8" count="50" type="stmt"/>
        <line num="10" count="3977" type="stmt"/>
        <line num="14" count="1911" type="stmt"/>
        <line num="18" count="1908" type="stmt"/>
        <line num="21" count="0" type="stmt"/>
        <line num="25" count="46" type="stmt"/>
      </file>
      <file name="constants.ts" path="/home/runner/work/json-joy/json-joy/src/json-crdt-extensions/peritext/constants.ts">
        <metrics statements="10" coveredstatements="10" conditionals="4" coveredconditionals="4" methods="3" coveredmethods="3"/>
        <line num="1" count="65" type="stmt"/>
        <line num="2" count="65" type="stmt"/>
        <line num="5" count="65" type="cond" truecount="2" falsecount="0"/>
        <line num="6" count="65" type="stmt"/>
        <line num="9" count="65" type="cond" truecount="2" falsecount="0"/>
        <line num="15" count="65" type="stmt"/>
        <line num="21" count="65" type="stmt"/>
        <line num="24" count="65" type="stmt"/>
        <line num="26" count="65" type="stmt"/>
        <line num="27" count="2173" type="stmt"/>
      </file>
      <file name="index.ts" path="/home/runner/work/json-joy/json-joy/src/json-crdt-extensions/peritext/index.ts">
        <metrics statements="11" coveredstatements="11" conditionals="0" coveredconditionals="0" methods="4" coveredmethods="2"/>
        <line num="1" count="50" type="stmt"/>
        <line num="2" count="50" type="stmt"/>
        <line num="3" count="50" type="stmt"/>
        <line num="4" count="50" type="stmt"/>
        <line num="5" count="50" type="stmt"/>
        <line num="6" count="50" type="stmt"/>
        <line num="9" count="333" type="stmt"/>
        <line num="10" count="50" type="stmt"/>
        <line num="11" count="50" type="stmt"/>
        <line num="13" count="50" type="stmt"/>
        <line num="19" count="1897" type="stmt"/>
      </file>
    </package>
    <package name="json-crdt-extensions.peritext.__tests__">
      <metrics statements="212" coveredstatements="212" conditionals="23" coveredconditionals="8" methods="47" coveredmethods="47"/>
      <file name="render.ts" path="/home/runner/work/json-joy/json-joy/src/json-crdt-extensions/peritext/__tests__/render.ts">
        <metrics statements="28" coveredstatements="28" conditionals="8" coveredconditionals="6" methods="6" coveredmethods="6"/>
        <line num="1" count="5" type="stmt"/>
        <line num="2" count="5" type="stmt"/>
        <line num="6" count="5" type="stmt"/>
        <line num="7" count="529" type="stmt"/>
        <line num="8" count="529" type="stmt"/>
        <line num="9" count="529" type="stmt"/>
        <line num="10" count="529" type="stmt"/>
        <line num="11" count="529" type="stmt"/>
        <line num="14" count="5" type="stmt"/>
        <line num="15" count="380" type="stmt"/>
        <line num="16" count="380" type="cond" truecount="2" falsecount="0"/>
        <line num="17" count="380" type="stmt"/>
        <line num="18" count="380" type="cond" truecount="1" falsecount="1"/>
        <line num="19" count="380" type="stmt"/>
        <line num="22" count="5" type="cond" truecount="0" falsecount="1"/>
        <line num="23" count="214" type="stmt"/>
        <line num="24" count="214" type="stmt"/>
        <line num="25" count="214" type="stmt"/>
        <line num="26" count="529" type="stmt"/>
        <line num="27" count="214" type="stmt"/>
        <line num="30" count="5" type="stmt"/>
        <line num="31" count="166" type="stmt"/>
        <line num="32" count="166" type="stmt"/>
        <line num="33" count="226" type="stmt"/>
        <line num="34" count="166" type="stmt"/>
        <line num="37" count="5" type="cond" truecount="1" falsecount="0"/>
        <line num="38" count="380" type="cond" truecount="2" falsecount="0"/>
        <line num="39" count="166" type="stmt"/>
      </file>
      <file name="setup.ts" path="/home/runner/work/json-joy/json-joy/src/json-crdt-extensions/peritext/__tests__/setup.ts">
        <metrics statements="184" coveredstatements="184" conditionals="15" coveredconditionals="2" methods="41" coveredmethods="41"/>
        <line num="1" count="43" type="stmt"/>
        <line num="4" count="43" type="stmt"/>
        <line num="9" count="43" type="stmt"/>
        <line num="10" count="1895" type="stmt"/>
        <line num="14" count="43" type="stmt"/>
        <line num="19" count="1895" type="stmt"/>
        <line num="20" count="1895" type="stmt"/>
        <line num="21" count="1895" type="stmt"/>
        <line num="22" count="1895" type="stmt"/>
        <line num="23" count="1895" type="stmt"/>
        <line num="24" count="1895" type="stmt"/>
        <line num="25" count="1895" type="stmt"/>
        <line num="35" count="43" type="stmt"/>
        <line num="36" count="93" type="stmt"/>
        <line num="37" count="93" type="stmt"/>
        <line num="38" count="93" type="stmt"/>
        <line num="39" count="93" type="cond" truecount="0" falsecount="1"/>
        <line num="43" count="43" type="stmt"/>
        <line num="44" count="77" type="stmt"/>
        <line num="45" count="77" type="stmt"/>
        <line num="46" count="77" type="stmt"/>
        <line num="47" count="77" type="stmt"/>
        <line num="48" count="77" type="stmt"/>
        <line num="49" count="77" type="stmt"/>
        <line num="50" count="77" type="cond" truecount="0" falsecount="1"/>
        <line num="57" count="43" type="stmt"/>
        <line num="58" count="100" type="stmt"/>
        <line num="59" count="100" type="stmt"/>
        <line num="60" count="100" type="stmt"/>
        <line num="61" count="100" type="cond" truecount="0" falsecount="1"/>
        <line num="69" count="43" type="stmt"/>
        <line num="70" count="132" type="stmt"/>
        <line num="73" count="132" type="stmt"/>
        <line num="74" count="132" type="stmt"/>
        <line num="75" count="132" type="stmt"/>
        <line num="76" count="132" type="stmt"/>
        <line num="77" count="132" type="stmt"/>
        <line num="78" count="132" type="stmt"/>
        <line num="79" count="132" type="stmt"/>
        <line num="80" count="132" type="stmt"/>
        <line num="81" count="132" type="stmt"/>
        <line num="82" count="132" type="stmt"/>
        <line num="83" count="132" type="stmt"/>
        <line num="84" count="132" type="stmt"/>
        <line num="85" count="132" type="stmt"/>
        <line num="86" count="132" type="stmt"/>
        <line num="87" count="132" type="stmt"/>
        <line num="88" count="132" type="stmt"/>
        <line num="89" count="132" type="stmt"/>
        <line num="90" count="132" type="stmt"/>
        <line num="91" count="132" type="stmt"/>
        <line num="92" count="132" type="stmt"/>
        <line num="93" count="132" type="stmt"/>
        <line num="94" count="132" type="stmt"/>
        <line num="95" count="132" type="stmt"/>
        <line num="96" count="132" type="stmt"/>
        <line num="97" count="132" type="stmt"/>
        <line num="98" count="132" type="stmt"/>
        <line num="99" count="132" type="stmt"/>
        <line num="100" count="132" type="stmt"/>
        <line num="101" count="132" type="cond" truecount="0" falsecount="1"/>
        <line num="110" count="43" type="stmt"/>
        <line num="111" count="80" type="stmt"/>
        <line num="112" count="80" type="stmt"/>
        <line num="113" count="80" type="stmt"/>
        <line num="114" count="80" type="stmt"/>
        <line num="115" count="80" type="cond" truecount="0" falsecount="1"/>
        <line num="122" count="43" type="stmt"/>
        <line num="123" count="80" type="stmt"/>
        <line num="124" count="80" type="stmt"/>
        <line num="125" count="80" type="stmt"/>
        <line num="126" count="80" type="stmt"/>
        <line num="127" count="80" type="cond" truecount="0" falsecount="1"/>
        <line num="134" count="43" type="stmt"/>
        <line num="135" count="80" type="stmt"/>
        <line num="136" count="80" type="stmt"/>
        <line num="137" count="80" type="stmt"/>
        <line num="138" count="80" type="stmt"/>
        <line num="139" count="80" type="stmt"/>
        <line num="140" count="80" type="stmt"/>
        <line num="141" count="80" type="stmt"/>
        <line num="142" count="80" type="stmt"/>
        <line num="143" count="80" type="stmt"/>
        <line num="144" count="80" type="stmt"/>
        <line num="145" count="80" type="cond" truecount="0" falsecount="1"/>
        <line num="149" count="43" type="stmt"/>
        <line num="150" count="1" type="stmt"/>
        <line num="151" count="1" type="stmt"/>
        <line num="154" count="1" type="stmt"/>
        <line num="155" count="1" type="stmt"/>
        <line num="158" count="1" type="stmt"/>
        <line num="159" count="1" type="stmt"/>
        <line num="162" count="1" type="stmt"/>
        <line num="163" count="1" type="stmt"/>
        <line num="166" count="1" type="stmt"/>
        <line num="167" count="1" type="stmt"/>
        <line num="174" count="43" type="stmt"/>
        <line num="175" count="201" type="stmt"/>
        <line num="176" count="201" type="stmt"/>
        <line num="177" count="201" type="stmt"/>
        <line num="178" count="201" type="cond" truecount="0" falsecount="1"/>
        <line num="185" count="43" type="stmt"/>
        <line num="186" count="201" type="stmt"/>
        <line num="187" count="201" type="stmt"/>
        <line num="188" count="201" type="stmt"/>
        <line num="189" count="201" type="stmt"/>
        <line num="190" count="201" type="cond" truecount="0" falsecount="1"/>
        <line num="197" count="43" type="stmt"/>
        <line num="198" count="201" type="stmt"/>
        <line num="199" count="201" type="stmt"/>
        <line num="200" count="201" type="stmt"/>
        <line num="201" count="201" type="stmt"/>
        <line num="202" count="201" type="stmt"/>
        <line num="203" count="201" type="cond" truecount="0" falsecount="1"/>
        <line num="210" count="43" type="stmt"/>
        <line num="211" count="201" type="stmt"/>
        <line num="212" count="201" type="stmt"/>
        <line num="213" count="201" type="stmt"/>
        <line num="214" count="201" type="stmt"/>
        <line num="215" count="201" type="stmt"/>
        <line num="216" count="201" type="stmt"/>
        <line num="217" count="201" type="stmt"/>
        <line num="218" count="201" type="stmt"/>
        <line num="219" count="201" type="stmt"/>
        <line num="220" count="201" type="stmt"/>
        <line num="221" count="201" type="cond" truecount="0" falsecount="1"/>
        <line num="229" count="43" type="stmt"/>
        <line num="230" count="384" type="stmt"/>
        <line num="231" count="384" type="stmt"/>
        <line num="232" count="384" type="stmt"/>
        <line num="233" count="384" type="stmt"/>
        <line num="234" count="384" type="stmt"/>
        <line num="235" count="384" type="stmt"/>
        <line num="236" count="384" type="stmt"/>
        <line num="237" count="384" type="stmt"/>
        <line num="238" count="384" type="stmt"/>
        <line num="239" count="384" type="stmt"/>
        <line num="240" count="384" type="stmt"/>
        <line num="241" count="384" type="stmt"/>
        <line num="242" count="384" type="stmt"/>
        <line num="243" count="384" type="stmt"/>
        <line num="244" count="384" type="stmt"/>
        <line num="245" count="384" type="stmt"/>
        <line num="246" count="384" type="stmt"/>
        <line num="247" count="384" type="stmt"/>
        <line num="248" count="384" type="stmt"/>
        <line num="249" count="384" type="stmt"/>
        <line num="250" count="384" type="stmt"/>
        <line num="251" count="384" type="stmt"/>
        <line num="252" count="384" type="stmt"/>
        <line num="253" count="384" type="stmt"/>
        <line num="254" count="384" type="stmt"/>
        <line num="255" count="384" type="stmt"/>
        <line num="256" count="384" type="stmt"/>
        <line num="257" count="384" type="stmt"/>
        <line num="258" count="384" type="cond" truecount="0" falsecount="1"/>
        <line num="266" count="43" type="stmt"/>
        <line num="267" count="192" type="stmt"/>
        <line num="268" count="192" type="stmt"/>
        <line num="269" count="192" type="stmt"/>
        <line num="270" count="192" type="stmt"/>
        <line num="271" count="192" type="stmt"/>
        <line num="272" count="192" type="stmt"/>
        <line num="273" count="192" type="stmt"/>
        <line num="274" count="192" type="stmt"/>
        <line num="275" count="192" type="stmt"/>
        <line num="276" count="192" type="stmt"/>
        <line num="277" count="192" type="stmt"/>
        <line num="278" count="192" type="stmt"/>
        <line num="279" count="192" type="cond" truecount="0" falsecount="1"/>
        <line num="280" count="192" type="stmt"/>
        <line num="283" count="43" type="stmt"/>
        <line num="284" count="17" type="stmt"/>
        <line num="285" count="17" type="stmt"/>
        <line num="287" count="17" type="stmt"/>
        <line num="288" count="17" type="stmt"/>
        <line num="290" count="17" type="stmt"/>
        <line num="291" count="17" type="stmt"/>
        <line num="293" count="17" type="stmt"/>
        <line num="294" count="17" type="stmt"/>
        <line num="296" count="17" type="stmt"/>
        <line num="297" count="17" type="stmt"/>
        <line num="299" count="17" type="stmt"/>
        <line num="300" count="17" type="stmt"/>
      </file>
    </package>
    <package name="json-crdt-extensions.peritext.block">
      <metrics statements="327" coveredstatements="268" conditionals="141" coveredconditionals="96" methods="76" coveredmethods="32"/>
      <file name="Block.ts" path="/home/runner/work/json-joy/json-joy/src/json-crdt-extensions/peritext/block/Block.ts">
        <metrics statements="122" coveredstatements="100" conditionals="41" coveredconditionals="30" methods="25" coveredmethods="13"/>
        <line num="1" count="64" type="stmt"/>
        <line num="2" count="64" type="stmt"/>
        <line num="3" count="64" type="stmt"/>
        <line num="4" count="64" type="stmt"/>
        <line num="5" count="64" type="stmt"/>
        <line num="6" count="64" type="stmt"/>
        <line num="7" count="64" type="stmt"/>
        <line num="8" count="64" type="stmt"/>
        <line num="23" count="64" type="stmt"/>
        <line num="24" count="10697" type="stmt"/>
        <line num="26" count="10697" type="stmt"/>
        <line num="29" count="10697" type="stmt"/>
        <line num="30" count="10697" type="stmt"/>
        <line num="31" count="10697" type="stmt"/>
        <line num="32" count="10697" type="stmt"/>
        <line num="33" count="10697" type="stmt"/>
        <line num="35" count="10697" type="stmt"/>
        <line num="43" count="0" type="cond" truecount="0" falsecount="1"/>
        <line num="44" count="0" type="stmt"/>
        <line num="45" count="0" type="stmt"/>
        <line num="49" count="3094" type="stmt"/>
        <line num="53" count="3090" type="stmt"/>
        <line num="54" count="3090" type="stmt"/>
        <line num="55" count="3090" type="cond" truecount="1" falsecount="0"/>
        <line num="56" count="2212" type="stmt"/>
        <line num="57" count="2212" type="cond" truecount="1" falsecount="0"/>
        <line num="58" count="317" type="stmt"/>
        <line num="62" count="0" type="stmt"/>
        <line num="70" count="8" type="stmt"/>
        <line num="71" count="8" type="stmt"/>
        <line num="72" count="8" type="stmt"/>
        <line num="73" count="8" type="stmt"/>
        <line num="74" count="8" type="stmt"/>
        <line num="75" count="28" type="cond" truecount="1" falsecount="0"/>
        <line num="76" count="4" type="stmt"/>
        <line num="77" count="4" type="cond" truecount="2" falsecount="0"/>
        <line num="79" count="24" type="cond" truecount="0" falsecount="1"/>
        <line num="80" count="24" type="stmt"/>
        <line num="81" count="24" type="cond" truecount="1" falsecount="0"/>
        <line num="82" count="18" type="cond" truecount="1" falsecount="0"/>
        <line num="83" count="2" type="stmt"/>
        <line num="84" count="2" type="stmt"/>
        <line num="86" count="16" type="stmt"/>
        <line num="91" count="4" type="stmt"/>
        <line num="95" count="1954" type="stmt"/>
        <line num="96" count="1954" type="stmt"/>
        <line num="97" count="1954" type="stmt"/>
        <line num="98" count="1954" type="stmt"/>
        <line num="99" count="1954" type="stmt"/>
        <line num="100" count="7306" type="cond" truecount="1" falsecount="0"/>
        <line num="101" count="5344" type="stmt"/>
        <line num="102" count="5344" type="cond" truecount="4" falsecount="0"/>
        <line num="103" count="5344" type="cond" truecount="1" falsecount="0"/>
        <line num="104" count="4239" type="cond" truecount="3" falsecount="0"/>
        <line num="105" count="4239" type="stmt"/>
        <line num="113" count="1954" type="stmt"/>
        <line num="114" count="1954" type="stmt"/>
        <line num="115" count="1954" type="stmt"/>
        <line num="116" count="1954" type="stmt"/>
        <line num="117" count="1954" type="stmt"/>
        <line num="118" count="1954" type="stmt"/>
        <line num="119" count="1954" type="stmt"/>
        <line num="120" count="1954" type="stmt"/>
        <line num="121" count="1954" type="stmt"/>
        <line num="122" count="1954" type="stmt"/>
        <line num="123" count="1954" type="stmt"/>
        <line num="124" count="6117" type="cond" truecount="1" falsecount="0"/>
        <line num="125" count="5352" type="stmt"/>
        <line num="126" count="5352" type="stmt"/>
        <line num="127" count="5352" type="cond" truecount="1" falsecount="0"/>
        <line num="128" count="4185" type="stmt"/>
        <line num="129" count="4185" type="stmt"/>
        <line num="130" count="4185" type="stmt"/>
        <line num="131" count="4185" type="cond" truecount="1" falsecount="0"/>
        <line num="132" count="1954" type="stmt"/>
        <line num="133" count="1954" type="cond" truecount="1" falsecount="0"/>
        <line num="134" count="1954" type="cond" truecount="1" falsecount="0"/>
        <line num="135" count="812" type="stmt"/>
        <line num="136" count="812" type="stmt"/>
        <line num="139" count="812" type="cond" truecount="1" falsecount="0"/>
        <line num="142" count="4155" type="cond" truecount="3" falsecount="0"/>
        <line num="143" count="765" type="stmt"/>
        <line num="144" count="765" type="stmt"/>
        <line num="146" count="4155" type="stmt"/>
        <line num="148" count="1954" type="stmt"/>
        <line num="155" count="1830" type="stmt"/>
        <line num="159" count="0" type="stmt"/>
        <line num="160" count="0" type="stmt"/>
        <line num="161" count="0" type="stmt"/>
        <line num="162" count="0" type="stmt"/>
        <line num="163" count="0" type="stmt"/>
        <line num="169" count="1376" type="stmt"/>
        <line num="170" count="1376" type="cond" truecount="2" falsecount="0"/>
        <line num="171" count="1376" type="stmt"/>
        <line num="172" count="1376" type="stmt"/>
        <line num="173" count="1376" type="stmt"/>
        <line num="174" count="1985" type="stmt"/>
        <line num="175" count="1376" type="stmt"/>
        <line num="180" count="10697" type="stmt"/>
        <line num="183" count="9378" type="stmt"/>
        <line num="184" count="9378" type="stmt"/>
        <line num="185" count="9378" type="stmt"/>
        <line num="186" count="9378" type="stmt"/>
        <line num="187" count="9378" type="cond" truecount="2" falsecount="0"/>
        <line num="188" count="1830" type="stmt"/>
        <line num="189" count="1830" type="stmt"/>
        <line num="191" count="7548" type="stmt"/>
        <line num="193" count="9378" type="stmt"/>
        <line num="194" count="9378" type="stmt"/>
        <line num="200" count="0" type="stmt"/>
        <line num="204" count="0" type="stmt"/>
        <line num="205" count="0" type="stmt"/>
        <line num="206" count="0" type="stmt"/>
        <line num="207" count="0" type="stmt"/>
        <line num="208" count="0" type="stmt"/>
        <line num="212" count="0" type="stmt"/>
        <line num="213" count="0" type="stmt"/>
        <line num="214" count="0" type="stmt"/>
        <line num="217" count="0" type="cond" truecount="0" falsecount="2"/>
        <line num="218" count="0" type="cond" truecount="0" falsecount="4"/>
        <line num="221" count="0" type="stmt"/>
        <line num="225" count="0" type="stmt"/>
      </file>
      <file name="Fragment.ts" path="/home/runner/work/json-joy/json-joy/src/json-crdt-extensions/peritext/block/Fragment.ts">
        <metrics statements="44" coveredstatements="43" conditionals="16" coveredconditionals="15" methods="7" coveredmethods="5"/>
        <line num="1" count="64" type="stmt"/>
        <line num="2" count="64" type="stmt"/>
        <line num="3" count="64" type="stmt"/>
        <line num="4" count="64" type="stmt"/>
        <line num="5" count="64" type="stmt"/>
        <line num="6" count="64" type="stmt"/>
        <line num="20" count="64" type="stmt"/>
        <line num="24" count="4386" type="stmt"/>
        <line num="28" count="4386" type="stmt"/>
        <line num="29" count="4386" type="stmt"/>
        <line num="35" count="724" type="stmt"/>
        <line num="36" count="724" type="stmt"/>
        <line num="37" count="724" type="stmt"/>
        <line num="43" count="0" type="stmt"/>
        <line num="48" count="4386" type="stmt"/>
        <line num="51" count="3068" type="stmt"/>
        <line num="52" count="3068" type="stmt"/>
        <line num="61" count="4831" type="stmt"/>
        <line num="62" count="4831" type="stmt"/>
        <line num="63" count="4831" type="cond" truecount="2" falsecount="0"/>
        <line num="64" count="4831" type="cond" truecount="2" falsecount="0"/>
        <line num="65" count="4831" type="stmt"/>
        <line num="66" count="1477" type="stmt"/>
        <line num="67" count="1477" type="stmt"/>
        <line num="68" count="1477" type="stmt"/>
        <line num="69" count="1477" type="stmt"/>
        <line num="71" count="4831" type="stmt"/>
        <line num="72" count="4831" type="stmt"/>
        <line num="73" count="4831" type="stmt"/>
        <line num="74" count="4831" type="stmt"/>
        <line num="78" count="3068" type="stmt"/>
        <line num="79" count="3068" type="stmt"/>
        <line num="80" count="3068" type="stmt"/>
        <line num="81" count="3068" type="stmt"/>
        <line num="82" count="3068" type="stmt"/>
        <line num="83" count="3068" type="stmt"/>
        <line num="85" count="3068" type="stmt"/>
        <line num="86" count="4886" type="stmt"/>
        <line num="87" count="4886" type="cond" truecount="4" falsecount="0"/>
        <line num="88" count="4886" type="cond" truecount="1" falsecount="0"/>
        <line num="89" count="4831" type="cond" truecount="2" falsecount="0"/>
        <line num="90" count="4831" type="cond" truecount="2" falsecount="0"/>
        <line num="91" count="4831" type="stmt"/>
        <line num="92" count="4831" type="cond" truecount="1" falsecount="0"/>
      </file>
      <file name="Inline.ts" path="/home/runner/work/json-joy/json-joy/src/json-crdt-extensions/peritext/block/Inline.ts">
        <metrics statements="136" coveredstatements="109" conditionals="76" coveredconditionals="48" methods="33" coveredmethods="12"/>
        <line num="1" count="64" type="stmt"/>
        <line num="2" count="64" type="stmt"/>
        <line num="3" count="64" type="stmt"/>
        <line num="4" count="64" type="stmt"/>
        <line num="5" count="64" type="stmt"/>
        <line num="6" count="64" type="stmt"/>
        <line num="7" count="64" type="stmt"/>
        <line num="8" count="64" type="stmt"/>
        <line num="17" count="64" type="stmt"/>
        <line num="18" count="2049" type="stmt"/>
        <line num="22" count="0" type="stmt"/>
        <line num="27" count="0" type="stmt"/>
        <line num="32" count="0" type="stmt"/>
        <line num="37" count="64" type="stmt"/>
        <line num="40" count="64" type="stmt"/>
        <line num="42" count="0" type="stmt"/>
        <line num="47" count="64" type="stmt"/>
        <line num="49" count="0" type="stmt"/>
        <line num="54" count="64" type="stmt"/>
        <line num="56" count="0" type="stmt"/>
        <line num="59" count="0" type="stmt"/>
        <line num="64" count="64" type="stmt"/>
        <line num="66" count="0" type="stmt"/>
        <line num="69" count="0" type="stmt"/>
        <line num="74" count="64" type="stmt"/>
        <line num="76" count="0" type="stmt"/>
        <line num="79" count="0" type="stmt"/>
        <line num="102" count="64" type="stmt"/>
        <line num="104" count="5317" type="stmt"/>
        <line num="105" count="5317" type="stmt"/>
        <line num="106" count="5317" type="stmt"/>
        <line num="110" count="5317" type="stmt"/>
        <line num="119" count="228" type="stmt"/>
        <line num="120" count="228" type="cond" truecount="1" falsecount="1"/>
        <line num="127" count="516" type="stmt"/>
        <line num="128" count="516" type="cond" truecount="0" falsecount="1"/>
        <line num="129" count="516" type="stmt"/>
        <line num="130" count="516" type="stmt"/>
        <line num="131" count="516" type="stmt"/>
        <line num="135" count="2049" type="stmt"/>
        <line num="136" count="2049" type="stmt"/>
        <line num="137" count="2049" type="cond" truecount="2" falsecount="0"/>
        <line num="161" count="3578" type="cond" truecount="1" falsecount="0"/>
        <line num="162" count="3472" type="stmt"/>
        <line num="163" count="3472" type="stmt"/>
        <line num="164" count="3472" type="stmt"/>
        <line num="165" count="3472" type="stmt"/>
        <line num="166" count="3472" type="stmt"/>
        <line num="167" count="3472" type="cond" truecount="2" falsecount="0"/>
        <line num="168" count="3472" type="stmt"/>
        <line num="169" count="3472" type="stmt"/>
        <line num="170" count="3472" type="stmt"/>
        <line num="171" count="3472" type="stmt"/>
        <line num="172" count="3472" type="stmt"/>
        <line num="173" count="3472" type="stmt"/>
        <line num="174" count="2089" type="cond" truecount="4" falsecount="0"/>
        <line num="175" count="2089" type="cond" truecount="1" falsecount="0"/>
        <line num="176" count="2089" type="stmt"/>
        <line num="177" count="2089" type="cond" truecount="4" falsecount="0"/>
        <line num="179" count="855" type="cond" truecount="2" falsecount="0"/>
        <line num="180" count="855" type="stmt"/>
        <line num="181" count="855" type="stmt"/>
        <line num="184" count="97" type="cond" truecount="2" falsecount="0"/>
        <line num="185" count="97" type="stmt"/>
        <line num="186" count="97" type="stmt"/>
        <line num="189" count="1097" type="stmt"/>
        <line num="190" count="1097" type="stmt"/>
        <line num="193" count="40" type="stmt"/>
        <line num="194" count="40" type="stmt"/>
        <line num="199" count="3472" type="stmt"/>
        <line num="203" count="0" type="stmt"/>
        <line num="208" count="4" type="stmt"/>
        <line num="209" count="4" type="stmt"/>
        <line num="210" count="4" type="cond" truecount="0" falsecount="1"/>
        <line num="211" count="4" type="stmt"/>
        <line num="212" count="4" type="cond" truecount="1" falsecount="0"/>
        <line num="217" count="4" type="stmt"/>
        <line num="218" count="4" type="cond" truecount="1" falsecount="1"/>
        <line num="220" count="0" type="stmt"/>
        <line num="224" count="4" type="stmt"/>
        <line num="225" count="4" type="stmt"/>
        <line num="226" count="4" type="cond" truecount="0" falsecount="1"/>
        <line num="227" count="4" type="stmt"/>
        <line num="228" count="4" type="cond" truecount="1" falsecount="0"/>
        <line num="233" count="4" type="stmt"/>
        <line num="234" count="4" type="cond" truecount="1" falsecount="1"/>
        <line num="236" count="0" type="stmt"/>
        <line num="248" count="24" type="stmt"/>
        <line num="249" count="24" type="stmt"/>
        <line num="250" count="24" type="cond" truecount="0" falsecount="1"/>
        <line num="251" count="24" type="stmt"/>
        <line num="252" count="24" type="stmt"/>
        <line num="253" count="24" type="cond" truecount="0" falsecount="1"/>
        <line num="254" count="24" type="cond" truecount="0" falsecount="1"/>
        <line num="255" count="24" type="cond" truecount="0" falsecount="3"/>
        <line num="256" count="24" type="cond" truecount="0" falsecount="3"/>
        <line num="257" count="24" type="cond" truecount="1" falsecount="0"/>
        <line num="258" count="16" type="cond" truecount="2" falsecount="0"/>
        <line num="259" count="8" type="stmt"/>
        <line num="263" count="516" type="stmt"/>
        <line num="264" count="516" type="stmt"/>
        <line num="265" count="516" type="stmt"/>
        <line num="266" count="516" type="stmt"/>
        <line num="267" count="516" type="stmt"/>
        <line num="268" count="516" type="cond" truecount="0" falsecount="1"/>
        <line num="269" count="516" type="stmt"/>
        <line num="270" count="516" type="stmt"/>
        <line num="271" count="516" type="cond" truecount="1" falsecount="0"/>
        <line num="273" count="516" type="stmt"/>
        <line num="279" count="2677" type="stmt"/>
        <line num="280" count="2677" type="stmt"/>
        <line num="281" count="2677" type="stmt"/>
        <line num="282" count="1406" type="stmt"/>
        <line num="283" count="1406" type="cond" truecount="3" falsecount="0"/>
        <line num="284" count="718" type="stmt"/>
        <line num="285" count="718" type="cond" truecount="1" falsecount="1"/>
        <line num="287" count="718" type="stmt"/>
        <line num="288" count="718" type="stmt"/>
        <line num="289" count="718" type="stmt"/>
        <line num="290" count="718" type="stmt"/>
        <line num="291" count="718" type="cond" truecount="2" falsecount="0"/>
        <line num="292" count="718" type="cond" truecount="1" falsecount="1"/>
        <line num="296" count="2677" type="stmt"/>
        <line num="302" count="0" type="stmt"/>
        <line num="306" count="0" type="stmt"/>
        <line num="307" count="0" type="stmt"/>
        <line num="308" count="0" type="stmt"/>
        <line num="309" count="0" type="stmt"/>
        <line num="310" count="0" type="stmt"/>
        <line num="316" count="0" type="stmt"/>
        <line num="319" count="0" type="stmt"/>
        <line num="320" count="0" type="cond" truecount="0" falsecount="2"/>
        <line num="326" count="0" type="stmt"/>
        <line num="327" count="0" type="cond" truecount="0" falsecount="2"/>
        <line num="335" count="0" type="stmt"/>
        <line num="338" count="0" type="stmt"/>
      </file>
      <file name="LeafBlock.ts" path="/home/runner/work/json-joy/json-joy/src/json-crdt-extensions/peritext/block/LeafBlock.ts">
        <metrics statements="22" coveredstatements="13" conditionals="8" coveredconditionals="3" methods="9" coveredmethods="2"/>
        <line num="1" count="64" type="stmt"/>
        <line num="2" count="64" type="stmt"/>
        <line num="12" count="64" type="stmt"/>
        <line num="14" count="124" type="stmt"/>
        <line num="15" count="208" type="stmt"/>
        <line num="16" count="124" type="stmt"/>
        <line num="20" count="0" type="stmt"/>
        <line num="26" count="1333" type="stmt"/>
        <line num="27" count="1333" type="cond" truecount="2" falsecount="0"/>
        <line num="28" count="1333" type="stmt"/>
        <line num="29" count="1333" type="stmt"/>
        <line num="30" count="2677" type="stmt"/>
        <line num="31" count="2677" type="cond" truecount="1" falsecount="0"/>
        <line num="33" count="1333" type="stmt"/>
        <line num="38" count="0" type="stmt"/>
        <line num="42" count="0" type="stmt"/>
        <line num="43" count="0" type="stmt"/>
        <line num="44" count="0" type="stmt"/>
        <line num="45" count="0" type="stmt"/>
        <line num="48" count="0" type="cond" truecount="0" falsecount="2"/>
        <line num="52" count="0" type="stmt"/>
        <line num="55" count="0" type="stmt"/>
      </file>
      <file name="index.ts" path="/home/runner/work/json-joy/json-joy/src/json-crdt-extensions/peritext/block/index.ts">
        <metrics statements="3" coveredstatements="3" conditionals="0" coveredconditionals="0" methods="2" coveredmethods="0"/>
        <line num="1" count="50" type="stmt"/>
        <line num="2" count="50" type="stmt"/>
        <line num="3" count="50" type="stmt"/>
      </file>
    </package>
    <package name="json-crdt-extensions.peritext.editor">
      <metrics statements="608" coveredstatements="524" conditionals="334" coveredconditionals="223" methods="107" coveredmethods="89"/>
      <file name="Cursor.ts" path="/home/runner/work/json-joy/json-joy/src/json-crdt-extensions/peritext/editor/Cursor.ts">
        <metrics statements="39" coveredstatements="32" conditionals="33" coveredconditionals="26" methods="12" coveredmethods="9"/>
        <line num="1" count="64" type="stmt"/>
        <line num="2" count="64" type="stmt"/>
        <line num="3" count="64" type="stmt"/>
        <line num="24" count="64" type="stmt"/>
        <line num="29" count="10217" type="stmt"/>
        <line num="33" count="22" type="cond" truecount="2" falsecount="0"/>
        <line num="37" count="12" type="cond" truecount="1" falsecount="1"/>
        <line num="43" count="0" type="stmt"/>
        <line num="47" count="21" type="cond" truecount="2" falsecount="0"/>
        <line num="51" count="22" type="cond" truecount="2" falsecount="0"/>
        <line num="55" count="13255" type="stmt"/>
        <line num="56" count="13255" type="cond" truecount="1" falsecount="0"/>
        <line num="57" count="13255" type="cond" truecount="3" falsecount="0"/>
        <line num="58" count="13255" type="cond" truecount="3" falsecount="0"/>
        <line num="59" count="13255" type="cond" truecount="1" falsecount="0"/>
        <line num="60" count="10639" type="stmt"/>
        <line num="61" count="10639" type="cond" truecount="2" falsecount="0"/>
        <line num="62" count="10639" type="stmt"/>
        <line num="75" count="17" type="cond" truecount="0" falsecount="1"/>
        <line num="76" count="17" type="stmt"/>
        <line num="77" count="17" type="stmt"/>
        <line num="78" count="17" type="cond" truecount="2" falsecount="0"/>
        <line num="79" count="7" type="stmt"/>
        <line num="80" count="17" type="cond" truecount="2" falsecount="0"/>
        <line num="81" count="10" type="stmt"/>
        <line num="85" count="232" type="stmt"/>
        <line num="86" count="232" type="stmt"/>
        <line num="87" count="232" type="stmt"/>
        <line num="88" count="232" type="cond" truecount="1" falsecount="1"/>
        <line num="90" count="0" type="stmt"/>
        <line num="91" count="0" type="stmt"/>
        <line num="96" count="2357" type="stmt"/>
        <line num="97" count="2357" type="stmt"/>
        <line num="98" count="2357" type="stmt"/>
        <line num="99" count="2357" type="stmt"/>
        <line num="105" count="0" type="cond" truecount="0" falsecount="2"/>
        <line num="106" count="0" type="stmt"/>
        <line num="110" count="0" type="cond" truecount="0" falsecount="2"/>
        <line num="111" count="0" type="stmt"/>
      </file>
      <file name="Editor.ts" path="/home/runner/work/json-joy/json-joy/src/json-crdt-extensions/peritext/editor/Editor.ts">
        <metrics statements="524" coveredstatements="447" conditionals="283" coveredconditionals="182" methods="80" coveredmethods="65"/>
        <line num="1" count="64" type="stmt"/>
        <line num="2" count="64" type="stmt"/>
        <line num="3" count="64" type="stmt"/>
        <line num="4" count="64" type="stmt"/>
        <line num="5" count="64" type="stmt"/>
        <line num="6" count="64" type="stmt"/>
        <line num="7" count="64" type="stmt"/>
        <line num="8" count="64" type="stmt"/>
        <line num="9" count="64" type="stmt"/>
        <line num="10" count="64" type="stmt"/>
        <line num="11" count="64" type="stmt"/>
        <line num="12" count="64" type="stmt"/>
        <line num="13" count="64" type="stmt"/>
        <line num="14" count="64" type="stmt"/>
        <line num="15" count="64" type="stmt"/>
        <line num="16" count="64" type="stmt"/>
        <line num="17" count="64" type="stmt"/>
        <line num="46" count="64" type="stmt"/>
        <line num="47" count="42" type="cond" truecount="2" falsecount="1"/>
        <line num="48" count="0" type="stmt"/>
        <line num="49" count="0" type="stmt"/>
        <line num="50" count="0" type="stmt"/>
        <line num="51" count="0" type="stmt"/>
        <line num="52" count="0" type="stmt"/>
        <line num="56" count="64" type="stmt"/>
        <line num="73" count="3663" type="stmt"/>
        <line num="75" count="3663" type="stmt"/>
        <line num="76" count="3663" type="stmt"/>
        <line num="77" count="3663" type="stmt"/>
        <line num="78" count="3663" type="stmt"/>
        <line num="82" count="198" type="stmt"/>
        <line num="83" count="198" type="cond" truecount="1" falsecount="0"/>
        <line num="84" count="198" type="stmt"/>
        <line num="88" count="666" type="stmt"/>
        <line num="94" count="2214" type="stmt"/>
        <line num="101" count="2214" type="stmt"/>
        <line num="114" count="15487" type="stmt"/>
        <line num="115" count="13381" type="cond" truecount="2" falsecount="0"/>
        <line num="116" count="6" type="stmt"/>
        <line num="117" count="15487" type="cond" truecount="2" falsecount="0"/>
        <line num="121" count="21881" type="stmt"/>
        <line num="122" count="21881" type="stmt"/>
        <line num="123" count="41162" type="stmt"/>
        <line num="124" count="41474" type="stmt"/>
        <line num="125" count="41474" type="cond" truecount="1" falsecount="0"/>
        <line num="126" count="21776" type="cond" truecount="1" falsecount="0"/>
        <line num="132" count="0" type="stmt"/>
        <line num="136" count="5157" type="stmt"/>
        <line num="140" count="24" type="stmt"/>
        <line num="147" count="360" type="stmt"/>
        <line num="157" count="0" type="cond" truecount="0" falsecount="2"/>
        <line num="164" count="78" type="stmt"/>
[...]
        <line num="121" count="0" type="stmt"/>
        <line num="123" count="0" type="stmt"/>
        <line num="124" count="0" type="stmt"/>
        <line num="126" count="0" type="stmt"/>
        <line num="127" count="0" type="stmt"/>
        <line num="130" count="50015" type="stmt"/>
        <line num="131" count="50015" type="cond" truecount="1" falsecount="0"/>
        <line num="132" count="1" type="stmt"/>
        <line num="133" count="1" type="stmt"/>
        <line num="134" count="1" type="stmt"/>
        <line num="138" count="141197" type="stmt"/>
        <line num="139" count="141197" type="stmt"/>
        <line num="140" count="141197" type="stmt"/>
        <line num="141" count="141197" type="cond" truecount="3" falsecount="1"/>
        <line num="142" count="0" type="stmt"/>
        <line num="143" count="0" type="stmt"/>
        <line num="144" count="141197" type="cond" truecount="2" falsecount="0"/>
        <line num="145" count="46146" type="stmt"/>
        <line num="146" count="46146" type="stmt"/>
        <line num="147" count="95051" type="cond" truecount="2" falsecount="0"/>
        <line num="148" count="45036" type="stmt"/>
        <line num="149" count="45036" type="stmt"/>
        <line num="151" count="50015" type="stmt"/>
        <line num="152" count="50015" type="stmt"/>
        <line num="155" count="151698" type="stmt"/>
        <line num="156" count="151698" type="cond" truecount="4" falsecount="0"/>
        <line num="158" count="9422" type="stmt"/>
        <line num="159" count="9422" type="stmt"/>
        <line num="160" count="142276" type="stmt"/>
        <line num="161" count="151698" type="stmt"/>
        <line num="162" count="151698" type="stmt"/>
        <line num="163" count="151698" type="stmt"/>
        <line num="164" count="151698" type="stmt"/>
        <line num="165" count="151698" type="stmt"/>
        <line num="169" count="54938" type="cond" truecount="1" falsecount="0"/>
        <line num="174" count="54938" type="stmt"/>
        <line num="175" count="54938" type="stmt"/>
        <line num="177" count="54938" type="stmt"/>
        <line num="178" count="190096" type="stmt"/>
        <line num="179" count="190096" type="stmt"/>
        <line num="180" count="190096" type="cond" truecount="3" falsecount="0"/>
        <line num="182" count="28314" type="stmt"/>
        <line num="183" count="28314" type="stmt"/>
        <line num="184" count="28314" type="stmt"/>
        <line num="185" count="28314" type="stmt"/>
        <line num="186" count="28314" type="cond" truecount="2" falsecount="0"/>
        <line num="188" count="708" type="stmt"/>
        <line num="189" count="708" type="stmt"/>
        <line num="190" count="708" type="stmt"/>
        <line num="191" count="708" type="stmt"/>
        <line num="192" count="27606" type="cond" truecount="1" falsecount="0"/>
        <line num="194" count="305" type="stmt"/>
        <line num="195" count="305" type="stmt"/>
        <line num="196" count="305" type="stmt"/>
        <line num="197" count="305" type="stmt"/>
        <line num="200" count="190096" type="stmt"/>
        <line num="203" count="54938" type="cond" truecount="1" falsecount="0"/>
        <line num="216" count="182" type="stmt"/>
        <line num="217" count="26215" type="stmt"/>
        <line num="218" count="26215" type="stmt"/>
        <line num="219" count="26215" type="stmt"/>
        <line num="235" count="182" type="stmt"/>
        <line num="236" count="28034" type="stmt"/>
        <line num="237" count="28034" type="stmt"/>
        <line num="238" count="28034" type="stmt"/>
        <line num="239" count="28034" type="stmt"/>
        <line num="240" count="28034" type="stmt"/>
        <line num="241" count="28034" type="stmt"/>
        <line num="242" count="28034" type="stmt"/>
        <line num="243" count="28034" type="stmt"/>
        <line num="244" count="1204034" type="stmt"/>
        <line num="245" count="1204034" type="stmt"/>
        <line num="247" count="28034" type="stmt"/>
        <line num="248" count="28034" type="stmt"/>
        <line num="249" count="28034" type="stmt"/>
        <line num="252" count="28034" type="stmt"/>
        <line num="255" count="28034" type="stmt"/>
        <line num="256" count="28034" type="stmt"/>
        <line num="257" count="28034" type="stmt"/>
        <line num="258" count="28034" type="stmt"/>
        <line num="259" count="28034" type="stmt"/>
        <line num="260" count="369643" type="stmt"/>
        <line num="261" count="8528293" type="stmt"/>
        <line num="262" count="8528293" type="stmt"/>
        <line num="263" count="8528293" type="stmt"/>
        <line num="264" count="8528293" type="stmt"/>
        <line num="265" count="8528293" type="cond" truecount="5" falsecount="0"/>
        <line num="266" count="1336075" type="stmt"/>
        <line num="267" count="8528293" type="stmt"/>
        <line num="268" count="8528293" type="cond" truecount="3" falsecount="0"/>
        <line num="269" count="288993" type="stmt"/>
        <line num="270" count="288993" type="stmt"/>
        <line num="272" count="8528293" type="stmt"/>
        <line num="273" count="8528293" type="cond" truecount="2" falsecount="0"/>
        <line num="274" count="8488825" type="cond" truecount="2" falsecount="0"/>
        <line num="275" count="8442886" type="cond" truecount="1" falsecount="0"/>
        <line num="276" count="4114065" type="stmt"/>
        <line num="277" count="4114065" type="stmt"/>
        <line num="278" count="4114065" type="cond" truecount="4" falsecount="0"/>
        <line num="279" count="1897137" type="cond" truecount="1" falsecount="0"/>
        <line num="284" count="357178" type="stmt"/>
        <line num="285" count="8349494" type="stmt"/>
        <line num="287" count="8349494" type="cond" truecount="5" falsecount="0"/>
        <line num="288" count="8349494" type="stmt"/>
        <line num="289" count="8349494" type="stmt"/>
        <line num="294" count="284829" type="stmt"/>
        <line num="295" count="284829" type="stmt"/>
        <line num="297" count="8349494" type="stmt"/>
        <line num="298" count="8349494" type="cond" truecount="2" falsecount="0"/>
        <line num="299" count="8313345" type="cond" truecount="2" falsecount="0"/>
        <line num="300" count="8269627" type="cond" truecount="1" falsecount="0"/>
        <line num="301" count="4243503" type="stmt"/>
        <line num="302" count="4243503" type="stmt"/>
        <line num="303" count="4243503" type="cond" truecount="4" falsecount="0"/>
        <line num="304" count="1985124" type="stmt"/>
        <line num="305" count="1985124" type="stmt"/>
        <line num="306" count="1985124" type="cond" truecount="1" falsecount="0"/>
        <line num="311" count="1819" type="stmt"/>
        <line num="325" count="182" type="stmt"/>
        <line num="326" count="54051" type="cond" truecount="1" falsecount="0"/>
        <line num="327" count="45624" type="cond" truecount="1" falsecount="0"/>
        <line num="328" count="36568" type="stmt"/>
        <line num="329" count="36568" type="stmt"/>
        <line num="330" count="36568" type="cond" truecount="2" falsecount="0"/>
        <line num="331" count="36568" type="cond" truecount="2" falsecount="0"/>
        <line num="332" count="36568" type="stmt"/>
        <line num="333" count="36568" type="stmt"/>
        <line num="334" count="36568" type="cond" truecount="1" falsecount="0"/>
        <line num="335" count="5023" type="stmt"/>
        <line num="336" count="5023" type="stmt"/>
        <line num="337" count="5023" type="cond" truecount="2" falsecount="0"/>
        <line num="349" count="31545" type="cond" truecount="1" falsecount="0"/>
        <line num="350" count="3511" type="stmt"/>
        <line num="354" count="28034" type="stmt"/>
        <line num="364" count="182" type="stmt"/>
        <line num="365" count="104066" type="cond" truecount="4" falsecount="0"/>
        <line num="366" count="952" type="stmt"/>
        <line num="367" count="952" type="stmt"/>
        <line num="368" count="952" type="stmt"/>
        <line num="369" count="952" type="stmt"/>
        <line num="370" count="952" type="stmt"/>
        <line num="371" count="6680" type="cond" truecount="2" falsecount="0"/>
        <line num="372" count="1752" type="stmt"/>
        <line num="373" count="1752" type="stmt"/>
        <line num="374" count="4928" type="stmt"/>
        <line num="375" count="6680" type="stmt"/>
        <line num="377" count="952" type="stmt"/>
        <line num="378" count="952" type="cond" truecount="2" falsecount="0"/>
        <line num="379" count="952" type="cond" truecount="1" falsecount="0"/>
        <line num="380" count="952" type="stmt"/>
        <line num="390" count="182" type="stmt"/>
        <line num="391" count="104066" type="cond" truecount="4" falsecount="0"/>
        <line num="392" count="9194" type="stmt"/>
        <line num="393" count="9194" type="stmt"/>
        <line num="394" count="9194" type="stmt"/>
        <line num="395" count="9194" type="stmt"/>
        <line num="396" count="9194" type="stmt"/>
        <line num="397" count="22049" type="cond" truecount="2" falsecount="0"/>
        <line num="398" count="10539" type="stmt"/>
        <line num="399" count="10539" type="stmt"/>
        <line num="400" count="11510" type="stmt"/>
        <line num="401" count="22049" type="stmt"/>
        <line num="403" count="9194" type="stmt"/>
        <line num="404" count="9194" type="cond" truecount="2" falsecount="0"/>
        <line num="405" count="9194" type="cond" truecount="1" falsecount="0"/>
        <line num="406" count="9194" type="stmt"/>
        <line num="418" count="182" type="stmt"/>
        <line num="419" count="54058" type="cond" truecount="3" falsecount="0"/>
        <line num="422" count="54051" type="stmt"/>
        <line num="423" count="54051" type="stmt"/>
        <line num="424" count="54051" type="stmt"/>
        <line num="425" count="54051" type="stmt"/>
        <line num="428" count="54051" type="stmt"/>
        <line num="429" count="54051" type="stmt"/>
        <line num="430" count="54051" type="stmt"/>
        <line num="431" count="54051" type="stmt"/>
        <line num="434" count="54051" type="stmt"/>
        <line num="435" count="54051" type="cond" truecount="1" falsecount="0"/>
        <line num="436" count="54051" type="cond" truecount="1" falsecount="0"/>
        <line num="437" count="54051" type="stmt"/>
        <line num="438" count="54051" type="stmt"/>
        <line num="448" count="1628" type="stmt"/>
        <line num="466" count="182" type="stmt"/>
        <line num="467" count="137" type="stmt"/>
        <line num="468" count="137" type="cond" truecount="0" falsecount="1"/>
        <line num="469" count="137" type="stmt"/>
        <line num="470" count="137" type="stmt"/>
        <line num="471" count="137" type="cond" truecount="1" falsecount="0"/>
        <line num="472" count="102" type="stmt"/>
        <line num="473" count="102" type="stmt"/>
        <line num="474" count="102" type="cond" truecount="1" falsecount="0"/>
        <line num="475" count="82" type="stmt"/>
        <line num="476" count="82" type="cond" truecount="1" falsecount="0"/>
        <line num="477" count="55" type="stmt"/>
        <line num="478" count="55" type="cond" truecount="2" falsecount="0"/>
        <line num="479" count="18" type="stmt"/>
        <line num="480" count="18" type="stmt"/>
        <line num="481" count="18" type="stmt"/>
        <line num="482" count="18" type="cond" truecount="1" falsecount="0"/>
        <line num="483" count="17" type="stmt"/>
        <line num="484" count="17" type="stmt"/>
        <line num="485" count="17" type="cond" truecount="1" falsecount="0"/>
        <line num="486" count="17" type="cond" truecount="1" falsecount="0"/>
        <line num="487" count="17" type="cond" truecount="1" falsecount="0"/>
        <line num="488" count="17" type="stmt"/>
        <line num="490" count="37" type="stmt"/>
        <line num="491" count="37" type="stmt"/>
        <line num="492" count="37" type="stmt"/>
        <line num="493" count="37" type="cond" truecount="1" falsecount="0"/>
        <line num="494" count="16" type="stmt"/>
        <line num="495" count="16" type="stmt"/>
        <line num="496" count="16" type="cond" truecount="1" falsecount="0"/>
        <line num="497" count="16" type="cond" truecount="1" falsecount="0"/>
        <line num="498" count="16" type="cond" truecount="1" falsecount="0"/>
        <line num="499" count="16" type="stmt"/>
        <line num="502" count="104" type="stmt"/>
        <line num="505" count="182" type="stmt"/>
        <line num="506" count="1068" type="stmt"/>
        <line num="507" count="1068" type="stmt"/>
        <line num="508" count="1068" type="stmt"/>
        <line num="509" count="8475" type="stmt"/>
        <line num="510" count="8475" type="cond" truecount="1" falsecount="0"/>
        <line num="512" count="1068" type="stmt"/>
        <line num="515" count="182" type="stmt"/>
        <line num="516" count="1068" type="stmt"/>
        <line num="517" count="1068" type="stmt"/>
        <line num="518" count="1068" type="stmt"/>
        <line num="519" count="8475" type="stmt"/>
        <line num="520" count="8475" type="cond" truecount="1" falsecount="0"/>
        <line num="522" count="1068" type="stmt"/>
        <line num="525" count="182" type="stmt"/>
        <line num="526" count="3827" type="stmt"/>
        <line num="527" count="3827" type="cond" truecount="2" falsecount="0"/>
        <line num="541" count="482" type="stmt"/>
        <line num="549" count="182" type="stmt"/>
        <line num="555" count="1004" type="stmt"/>
        <line num="556" count="1004" type="stmt"/>
        <line num="557" count="1004" type="stmt"/>
        <line num="558" count="7810" type="stmt"/>
        <line num="559" count="7810" type="cond" truecount="2" falsecount="0"/>
        <line num="560" count="5280" type="cond" truecount="2" falsecount="0"/>
        <line num="562" count="2630" type="stmt"/>
        <line num="563" count="2630" type="stmt"/>
        <line num="564" count="2630" type="stmt"/>
      </file>
    </package>
    <package name="util.diff.__tests__">
      <metrics statements="36" coveredstatements="36" conditionals="10" coveredconditionals="10" methods="6" coveredmethods="6"/>
      <file name="line.ts" path="/home/runner/work/json-joy/json-joy/src/util/diff/__tests__/line.ts">
        <metrics statements="15" coveredstatements="15" conditionals="9" coveredconditionals="9" methods="1" coveredmethods="1"/>
        <line num="1" count="2" type="stmt"/>
        <line num="3" count="2" type="stmt"/>
        <line num="6" count="1038" type="stmt"/>
        <line num="8" count="1038" type="stmt"/>
        <line num="9" count="1038" type="cond" truecount="2" falsecount="0"/>
        <line num="10" count="974" type="stmt"/>
        <line num="11" count="2920" type="cond" truecount="2" falsecount="0"/>
        <line num="12" count="2229" type="cond" truecount="2" falsecount="0"/>
        <line num="13" count="732" type="stmt"/>
        <line num="14" count="1497" type="cond" truecount="2" falsecount="0"/>
        <line num="15" count="1017" type="stmt"/>
        <line num="16" count="480" type="cond" truecount="1" falsecount="0"/>
        <line num="17" count="480" type="stmt"/>
        <line num="21" count="64" type="stmt"/>
        <line num="23" count="1038" type="stmt"/>
      </file>
      <file name="util.ts" path="/home/runner/work/json-joy/json-joy/src/util/diff/__tests__/util.ts">
        <metrics statements="21" coveredstatements="21" conditionals="1" coveredconditionals="1" methods="5" coveredmethods="5"/>
        <line num="1" count="3" type="stmt"/>
        <line num="3" count="3" type="cond" truecount="1" falsecount="0"/>
        <line num="4" count="482" type="stmt"/>
        <line num="5" count="482" type="stmt"/>
        <line num="6" count="482" type="stmt"/>
        <line num="7" count="482" type="stmt"/>
        <line num="11" count="1271" type="stmt"/>
        <line num="14" count="1318" type="stmt"/>
        <line num="17" count="482" type="stmt"/>
        <line num="18" count="482" type="stmt"/>
        <line num="19" count="482" type="stmt"/>
        <line num="20" count="482" type="stmt"/>
        <line num="21" count="482" type="stmt"/>
        <line num="25" count="1318" type="stmt"/>
        <line num="28" count="1271" type="stmt"/>
        <line num="31" count="482" type="stmt"/>
        <line num="32" count="482" type="stmt"/>
        <line num="33" count="482" type="stmt"/>
        <line num="34" count="482" type="stmt"/>
        <line num="35" count="482" type="stmt"/>
        <line num="36" count="482" type="stmt"/>
      </file>
    </package>
    <package name="util.events">
      <metrics statements="21" coveredstatements="12" conditionals="4" coveredconditionals="0" methods="12" coveredmethods="2"/>
      <file name="TypedEventTarget.ts" path="/home/runner/work/json-joy/json-joy/src/util/events/TypedEventTarget.ts">
        <metrics statements="8" coveredstatements="5" conditionals="0" coveredconditionals="0" methods="6" coveredmethods="1"/>
        <line num="1" count="6" type="stmt"/>
        <line num="2" count="6" type="stmt"/>
        <line num="17" count="0" type="stmt"/>
        <line num="31" count="6" type="stmt"/>
        <line num="34" count="6" type="stmt"/>
        <line num="61" count="6" type="stmt"/>
        <line num="63" count="0" type="stmt"/>
        <line num="64" count="0" type="stmt"/>
      </file>
      <file name="sync-store.ts" path="/home/runner/work/json-joy/json-joy/src/util/events/sync-store.ts">
        <metrics statements="13" coveredstatements="7" conditionals="4" coveredconditionals="0" methods="6" coveredmethods="1"/>
        <line num="1" count="64" type="stmt"/>
        <line num="11" count="64" type="stmt"/>
        <line num="12" count="0" type="stmt"/>
        <line num="13" count="0" type="stmt"/>
        <line num="15" count="0" type="stmt"/>
        <line num="18" count="64" type="stmt"/>
        <line num="19" count="3663" type="stmt"/>
        <line num="20" count="3663" type="stmt"/>
        <line num="22" count="3663" type="stmt"/>
        <line num="24" count="3663" type="stmt"/>
        <line num="27" count="0" type="cond" truecount="0" falsecount="3"/>
        <line num="28" count="0" type="stmt"/>
        <line num="29" count="0" type="stmt"/>
      </file>
    </package>
    <package name="util.iterator">
      <metrics statements="13" coveredstatements="9" conditionals="4" coveredconditionals="1" methods="5" coveredmethods="3"/>
      <file name="index.ts" path="/home/runner/work/json-joy/json-joy/src/util/iterator/index.ts">
        <metrics statements="8" coveredstatements="8" conditionals="0" coveredconditionals="0" methods="3" coveredmethods="3"/>
        <line num="1" count="65" type="stmt"/>
        <line num="13" count="65" type="stmt"/>
        <line num="14" count="8732" type="stmt"/>
        <line num="15" count="8732" type="stmt"/>
        <line num="19" count="21092" type="stmt"/>
        <line num="20" count="21092" type="stmt"/>
        <line num="26" count="21092" type="stmt"/>
        <line num="27" count="21092" type="stmt"/>
      </file>
      <file name="polyfill.ts" path="/home/runner/work/json-joy/json-joy/src/util/iterator/polyfill.ts">
        <metrics statements="5" coveredstatements="1" conditionals="4" coveredconditionals="1" methods="2" coveredmethods="0"/>
        <line num="1" count="65" type="cond" truecount="1" falsecount="2"/>
        <line num="4" count="0" type="stmt"/>
        <line num="8" count="0" type="cond" truecount="0" falsecount="1"/>
        <line num="9" count="0" type="stmt"/>
        <line num="16" count="0" type="stmt"/>
      </file>
    </package>
  </project>
</coverage>
