TN:
SF:src/__bench__/data/json-very-large-object.ts
FNF:0
FNH:0
DA:1,1
LF:1
LH:1
BRF:0
BRH:0
end_of_record
TN:
SF:src/__tests__/binary-documents.ts
FNF:0
FNH:0
DA:7,24
LF:1
LH:1
BRF:0
BRH:0
end_of_record
TN:
SF:src/__tests__/json-documents.ts
FNF:0
FNH:0
DA:10,33
LF:1
LH:1
BRF:0
BRH:0
end_of_record
TN:
SF:src/__tests__/msgpack-documents.ts
FNF:0
FNH:0
DA:1,1
DA:2,1
DA:10,1
LF:3
LH:3
BRF:0
BRH:0
end_of_record
TN:
SF:src/__tests__/util.ts
FN:1,(anonymous_0)
FN:1,(anonymous_1)
FN:3,(anonymous_2)
FN:3,(anonymous_3)
FNF:4
FNH:4
FNDA:75,(anonymous_0)
FNDA:75,(anonymous_1)
FNDA:31,(anonymous_2)
FNDA:31,(anonymous_3)
DA:1,75
DA:3,31
DA:4,31
DA:5,96
DA:6,65
LF:5
LH:5
BRDA:1,0,0,0
BRDA:3,1,0,31
BRDA:5,2,0,31
BRF:3
BRH:2
end_of_record
TN:
SF:src/json-binary/codec.ts
FN:12,(anonymous_0)
FN:24,(anonymous_1)
FN:80,(anonymous_2)
FN:85,(anonymous_3)
FN:92,(anonymous_4)
FN:121,(anonymous_5)
FNF:6
FNH:6
FNDA:6,(anonymous_0)
FNDA:3491,(anonymous_1)
FNDA:1156,(anonymous_2)
FNDA:20,(anonymous_3)
FNDA:2348,(anonymous_4)
FNDA:82,(anonymous_5)
DA:1,57
DA:2,57
DA:3,57
DA:4,57
DA:7,57
DA:8,57
DA:9,57
DA:10,57
DA:12,57
DA:13,6
DA:14,6
DA:15,6
DA:16,6
DA:17,6
DA:18,6
DA:24,57
DA:25,3491
DA:26,3417
DA:27,949
DA:28,949
DA:29,868
DA:30,868
DA:32,346
DA:33,346
DA:36,445
DA:37,8
DA:38,4
DA:39,4
DA:40,2
DA:41,2
DA:45,949
DA:47,2468
DA:48,2403
DA:49,4124
DA:50,4124
DA:52,1989
DA:53,1989
DA:56,1740
DA:57,1047
DA:58,11
DA:59,11
DA:60,1036
DA:61,2
DA:62,1034
DA:63,3
DA:67,2403
DA:69,65
DA:70,19
DA:71,11
DA:72,7
DA:73,2
DA:74,5
DA:75,4
DA:77,46
DA:80,57
DA:81,1156
DA:82,1156
DA:85,57
DA:86,20
DA:92,57
DA:93,2348
DA:94,2344
DA:95,2325
DA:96,925
DA:97,925
DA:98,925
DA:99,812
DA:100,812
DA:102,925
DA:104,1400
DA:105,1394
DA:106,1388
DA:107,1360
DA:108,1360
DA:109,3015
DA:110,3015
DA:112,1360
DA:114,28
DA:121,57
DA:122,82
DA:123,82
LF:81
LH:81
BRDA:15,0,0,0
BRDA:25,1,0,74
BRDA:26,2,0,949
BRDA:30,3,0,346
BRDA:30,3,1,445
BRDA:36,4,0,437
BRDA:37,5,0,4
BRDA:37,5,1,4
BRDA:39,6,0,2
BRDA:39,6,1,2
BRDA:41,7,0,2
BRDA:47,8,0,2403
BRDA:50,9,0,1989
BRDA:50,9,1,1740
BRDA:56,10,0,693
BRDA:57,11,0,11
BRDA:57,11,1,1036
BRDA:60,12,0,2
BRDA:60,12,1,1034
BRDA:62,13,0,3
BRDA:69,14,0,19
BRDA:70,15,0,8
BRDA:71,16,0,4
BRDA:72,17,0,2
BRDA:74,18,0,1
BRDA:74,18,1,4
BRDA:93,19,0,4
BRDA:94,20,0,19
BRDA:95,21,0,925
BRDA:100,22,0,478
BRDA:100,22,1,334
BRDA:100,23,0,812
BRDA:100,23,1,794
BRDA:104,24,0,6
BRDA:105,25,0,6
BRDA:106,26,0,1360
BRDA:110,27,0,1083
BRDA:110,27,1,1932
BRDA:110,28,0,3015
BRDA:110,28,1,2938
BRF:40
BRH:39
end_of_record
TN:
SF:src/json-binary/constants.ts
FNF:0
FNH:0
DA:1,57
DA:2,57
DA:3,57
DA:4,57
LF:4
LH:4
BRF:0
BRH:0
end_of_record
TN:
SF:src/json-binary/index.ts
FNF:0
FNH:0
DA:1,57
DA:2,57
DA:3,57
LF:3
LH:3
BRF:0
BRH:0
end_of_record
TN:
SF:src/json-cli/test/op.add.tests.json.ts
FNF:0
FNH:0
DA:3,2
DA:100,2
LF:2
LH:2
BRF:0
BRH:0
end_of_record
TN:
SF:src/json-cli/test/op.contains.tests.json.ts
FNF:0
FNH:0
DA:3,2
DA:92,2
LF:2
LH:2
BRF:0
BRH:0
end_of_record
TN:
SF:src/json-cli/test/op.copy.tests.json.ts
FNF:0
FNH:0
DA:3,2
DA:88,2
LF:2
LH:2
BRF:0
BRH:0
end_of_record
TN:
SF:src/json-cli/test/op.defined.tests.json.ts
FNF:0
FNH:0
DA:3,2
DA:74,2
LF:2
LH:2
BRF:0
BRH:0
end_of_record
TN:
SF:src/json-cli/test/op.ends.tests.json.ts
FNF:0
FNH:0
DA:3,2
DA:106,2
LF:2
LH:2
BRF:0
BRH:0
end_of_record
TN:
SF:src/json-cli/test/op.extend.tests.json.ts
FNF:0
FNH:0
DA:3,2
DA:121,2
LF:2
LH:2
BRF:0
BRH:0
end_of_record
TN:
SF:src/json-cli/test/op.flip.tests.json.ts
FNF:0
FNH:0
DA:3,2
DA:111,2
LF:2
LH:2
BRF:0
BRH:0
end_of_record
TN:
SF:src/json-cli/test/op.in.tests.json.ts
FNF:0
FNH:0
DA:3,2
DA:57,2
LF:2
LH:2
BRF:0
BRH:0
end_of_record
TN:
SF:src/json-cli/test/op.inc.tests.json.ts
FNF:0
FNH:0
DA:3,2
DA:130,2
LF:2
LH:2
BRF:0
BRH:0
end_of_record
TN:
SF:src/json-cli/test/op.less.tests.json.ts
FNF:0
FNH:0
DA:3,2
DA:42,2
LF:2
LH:2
BRF:0
BRH:0
end_of_record
TN:
SF:src/json-cli/test/op.merge.tests.json.ts
FNF:0
FNH:0
DA:3,2
DA:117,2
LF:2
LH:2
BRF:0
BRH:0
end_of_record
TN:
SF:src/json-cli/test/op.more.tests.json.ts
FNF:0
FNH:0
DA:3,2
DA:42,2
LF:2
LH:2
BRF:0
BRH:0
end_of_record
TN:
SF:src/json-cli/test/op.move.tests.json.ts
FNF:0
FNH:0
DA:3,2
DA:85,2
LF:2
LH:2
BRF:0
BRH:0
end_of_record
TN:
SF:src/json-cli/test/op.remove.tests.json.ts
FNF:0
FNH:0
DA:3,2
DA:90,2
LF:2
LH:2
BRF:0
BRH:0
end_of_record
TN:
SF:src/json-cli/test/op.replace.tests.json.ts
FNF:0
FNH:0
DA:1,2
DA:4,2
DA:20,2
DA:29,2
DA:30,12
DA:31,72
DA:40,2
DA:41,12
DA:42,72
DA:63,2
DA:64,12
DA:65,72
DA:96,2
DA:97,12
DA:98,72
DA:107,2
DA:108,12
DA:109,72
DA:134,2
LF:19
LH:19
BRF:0
BRH:0
end_of_record
TN:
SF:src/json-cli/test/op.split.tests.json.ts
FNF:0
FNH:0
DA:3,2
DA:437,2
LF:2
LH:2
BRF:0
BRH:0
end_of_record
TN:
SF:src/json-cli/test/op.starts.tests.json.ts
FNF:0
FNH:0
DA:3,2
DA:118,2
LF:2
LH:2
BRF:0
BRH:0
end_of_record
TN:
SF:src/json-cli/test/op.str_del.tests.json.ts
FNF:0
FNH:0
DA:3,2
DA:151,2
LF:2
LH:2
BRF:0
BRH:0
end_of_record
TN:
SF:src/json-cli/test/op.str_ins.tests.json.ts
FNF:0
FNH:0
DA:3,2
DA:252,2
LF:2
LH:2
BRF:0
BRH:0
end_of_record
TN:
SF:src/json-cli/test/op.test.tests.json.ts
FNF:0
FNH:0
DA:3,2
DA:36,2
LF:2
LH:2
BRF:0
BRH:0
end_of_record
TN:
SF:src/json-cli/test/op.type.tests.json.ts
FNF:0
FNH:0
DA:3,2
DA:30,2
LF:2
LH:2
BRF:0
BRH:0
end_of_record
TN:
SF:src/json-cli/test/op.undefined.tests.json.ts
FNF:0
FNH:0
DA:3,2
DA:85,2
LF:2
LH:2
BRF:0
BRH:0
end_of_record
TN:
SF:src/json-cli/test/spec.json.ts
FNF:0
FNH:0
DA:3,2
DA:212,2
LF:2
LH:2
BRF:0
BRH:0
end_of_record
TN:
SF:src/json-cli/test/suites.ts
FNF:0
FNH:0
DA:1,2
DA:2,2
DA:3,2
DA:4,2
DA:5,2
DA:6,2
DA:7,2
DA:8,2
DA:9,2
DA:10,2
DA:11,2
DA:12,2
DA:13,2
DA:14,2
DA:15,2
DA:16,2
DA:17,2
DA:18,2
DA:19,2
DA:20,2
DA:21,2
DA:22,2
DA:23,2
DA:24,2
DA:27,2
LF:25
LH:25
BRF:0
BRH:0
end_of_record
TN:
SF:src/json-cli/test/tests.json.ts
FNF:0
FNH:0
DA:3,2
DA:518,2
LF:2
LH:2
BRF:0
BRH:0
end_of_record
TN:
SF:src/json-clone/clone.ts
FN:10,(anonymous_0)
FNF:1
FNH:1
FNDA:18218,(anonymous_0)
DA:1,75
DA:2,75
DA:10,75
DA:11,18218
DA:12,17132
DA:13,3686
DA:14,3686
DA:15,5279
DA:16,3686
DA:17,13446
DA:18,5294
DA:19,5294
DA:20,5294
DA:21,5294
DA:22,10330
DA:23,10330
DA:25,5294
DA:27,8152
LF:18
LH:18
BRDA:11,0,0,1086
BRDA:12,1,0,3686
BRDA:12,1,1,13446
BRDA:17,2,0,5294
BRF:4
BRH:4
end_of_record
TN:
SF:src/json-clone/cloneBinary.ts
FN:12,(anonymous_0)
FNF:1
FNH:1
FNDA:4278,(anonymous_0)
DA:1,57
DA:3,57
DA:4,57
DA:12,57
DA:13,4278
DA:14,3982
DA:15,921
DA:16,921
DA:17,921
DA:18,921
DA:19,3061
DA:20,1372
DA:21,1357
DA:22,1357
DA:23,1357
DA:24,1357
DA:25,3004
DA:26,3004
DA:28,1357
DA:30,1689
LF:20
LH:20
BRDA:13,0,0,296
BRDA:14,1,0,921
BRDA:14,1,1,3061
BRDA:19,2,0,1372
BRDA:20,3,0,15
BRF:5
BRH:5
end_of_record
TN:
SF:src/json-clone/index.ts
FNF:0
FNH:0
DA:1,56
DA:2,56
LF:2
LH:2
BRF:0
BRH:0
end_of_record
TN:
SF:src/json-crdt/hash.ts
FN:9,(anonymous_0)
FN:17,(anonymous_1)
FN:30,(anonymous_2)
FN:38,(anonymous_3)
FN:44,(anonymous_4)
FN:52,(anonymous_5)
FN:56,(anonymous_6)
FNF:7
FNH:6
FNDA:10080,(anonymous_0)
FNDA:2560,(anonymous_1)
FNDA:7640,(anonymous_2)
FNDA:4636,(anonymous_3)
FNDA:1762,(anonymous_4)
FNDA:202,(anonymous_5)
FNDA:0,(anonymous_6)
DA:1,1
DA:2,1
DA:3,1
DA:4,1
DA:9,1
DA:10,10080
DA:11,10080
DA:13,10080
DA:14,10080
DA:17,1
DA:18,2560
DA:19,2560
DA:20,2560
DA:21,2560
DA:22,2560
DA:30,1
DA:31,7640
DA:32,4326
DA:33,1040
DA:34,1040
DA:35,1040
DA:37,3286
DA:38,726
DA:39,4636
DA:41,726
DA:43,2560
DA:44,532
DA:45,1762
DA:48,2560
DA:49,0
DA:52,1
DA:53,202
DA:56,1
DA:57,0
LF:34
LH:32
BRDA:21,0,0,2440
BRDA:31,1,0,3314
BRDA:32,2,0,1040
BRDA:34,3,0,1040
BRDA:37,4,0,726
BRDA:37,5,0,3286
BRDA:37,5,1,2560
BRDA:43,6,0,532
BRDA:48,7,0,2560
BRF:9
BRH:9
end_of_record
TN:
SF:src/json-crdt/index.ts
FNF:0
FNH:0
DA:1,15
DA:2,15
DA:3,15
DA:5,15
LF:4
LH:4
BRF:0
BRH:0
end_of_record
TN:
SF:src/json-crdt-extensions/cnt/index.ts
FN:17,(anonymous_0)
FN:23,(anonymous_1)
FN:27,(anonymous_2)
FN:34,(anonymous_3)
FN:36,(anonymous_4)
FN:40,(anonymous_5)
FN:48,(anonymous_6)
FN:49,(anonymous_7)
FN:54,(anonymous_8)
FN:71,(anonymous_9)
FN:74,(anonymous_10)
FNF:11
FNH:5
FNDA:3,(anonymous_0)
FNDA:0,(anonymous_1)
FNDA:8,(anonymous_2)
FNDA:0,(anonymous_3)
FNDA:0,(anonymous_4)
FNDA:0,(anonymous_5)
FNDA:0,(anonymous_6)
FNDA:0,(anonymous_7)
FNDA:4,(anonymous_8)
FNDA:2,(anonymous_9)
FNDA:2,(anonymous_10)
DA:1,1
DA:2,1
DA:4,1
DA:5,1
DA:12,1
DA:17,3
DA:18,3
DA:24,0
DA:28,8
DA:29,8
DA:30,10
DA:31,8
DA:37,0
DA:41,0
DA:44,3
DA:49,0
DA:55,4
DA:56,4
DA:57,4
DA:58,4
DA:59,4
DA:60,4
DA:61,4
DA:64,4
DA:68,1
DA:72,2
DA:74,2
LF:27
LH:23
BRDA:58,0,0,1
BRDA:58,0,1,3
BRDA:58,1,0,4
BRDA:58,1,1,4
BRDA:58,2,0,3
BRDA:58,2,1,1
BRDA:58,3,0,4
BRDA:58,3,1,4
BRDA:71,4,0,2
BRDA:74,5,0,1
BRDA:74,5,1,1
BRF:11
BRH:11
end_of_record
TN:
SF:src/json-crdt-extensions/mval/ValueMv.ts
FN:10,(anonymous_0)
FN:16,(anonymous_1)
FN:20,(anonymous_2)
FN:24,(anonymous_3)
FN:26,(anonymous_4)
FN:30,(anonymous_5)
FN:38,(anonymous_6)
FN:39,(anonymous_7)
FNF:8
FNH:2
FNDA:10,(anonymous_0)
FNDA:0,(anonymous_1)
FNDA:16,(anonymous_2)
FNDA:0,(anonymous_3)
FNDA:0,(anonymous_4)
FNDA:0,(anonymous_5)
FNDA:0,(anonymous_6)
FNDA:0,(anonymous_7)
DA:2,2
DA:7,2
DA:10,10
DA:11,10
DA:17,0
DA:21,16
DA:27,0
DA:31,0
DA:34,10
DA:39,0
LF:10
LH:6
BRF:0
BRH:0
end_of_record
TN:
SF:src/json-crdt-extensions/mval/ValueMvApi.ts
FN:6,(anonymous_0)
FNF:1
FNH:1
FNDA:10,(anonymous_0)
DA:1,2
DA:5,2
DA:7,10
DA:8,10
DA:9,10
DA:10,10
DA:11,10
DA:12,10
DA:13,10
DA:14,10
LF:10
LH:10
BRF:0
BRH:0
end_of_record
TN:
SF:src/json-crdt-extensions/mval/index.ts
FN:13,(anonymous_0)
FN:16,(anonymous_1)
FNF:2
FNH:2
FNDA:11,(anonymous_0)
FNDA:11,(anonymous_1)
DA:1,2
DA:2,2
DA:4,2
DA:5,2
DA:10,2
DA:14,11
DA:16,11
LF:7
LH:7
BRF:0
BRH:0
end_of_record
TN:
SF:src/json-crdt-patch/Patch.ts
FN:54,(anonymous_0)
FN:58,(anonymous_1)
FN:79,(anonymous_2)
FN:91,(anonymous_3)
FN:100,(anonymous_4)
FN:115,(anonymous_5)
FN:143,(anonymous_6)
FN:163,(anonymous_7)
FN:169,(anonymous_8)
FN:184,(anonymous_9)
FN:185,(anonymous_10)
FN:193,(anonymous_11)
FN:206,(anonymous_12)
FNF:13
FNH:10
FNDA:89459,(anonymous_0)
FNDA:44681,(anonymous_1)
FNDA:24036,(anonymous_2)
FNDA:13375,(anonymous_3)
FNDA:1868858,(anonymous_4)
FNDA:3,(anonymous_5)
FNDA:0,(anonymous_6)
FNDA:3,(anonymous_7)
FNDA:12,(anonymous_8)
FNDA:0,(anonymous_9)
FNDA:0,(anonymous_10)
FNDA:51,(anonymous_11)
FNDA:6,(anonymous_12)
DA:1,112
DA:2,112
DA:4,112
DA:54,112
DA:59,44681
DA:65,89459
DA:71,89459
DA:80,24036
DA:81,24036
DA:82,24036
DA:92,13375
DA:93,20806
DA:94,13375
DA:101,1868858
DA:102,1868858
DA:103,1868858
DA:104,1779576
DA:105,1779576
DA:116,3
DA:117,3
DA:118,3
DA:119,3
DA:120,3
DA:121,3
DA:122,3
DA:123,3
DA:124,3
DA:125,3
DA:126,3
DA:127,3
DA:128,3
DA:129,3
DA:130,3
DA:131,3
DA:132,0
DA:133,0
DA:134,0
DA:135,0
DA:136,0
DA:137,0
DA:138,0
DA:139,0
DA:143,0
DA:146,0
DA:148,3
DA:164,3
DA:165,3
DA:166,3
DA:167,3
DA:168,3
DA:169,3
DA:170,12
DA:171,12
DA:172,12
DA:173,9
DA:174,9
DA:175,5
DA:185,0
DA:194,51
DA:207,6
DA:208,6
DA:209,6
DA:210,12
DA:211,12
DA:213,6
LF:65
LH:54
BRDA:81,0,0,0
BRDA:103,1,0,89282
BRDA:122,2,0,0
BRDA:122,2,1,3
BRDA:123,3,0,0
BRDA:123,3,1,3
BRDA:124,4,0,0
BRDA:124,4,1,3
BRDA:125,5,0,0
BRDA:125,5,1,3
BRDA:126,6,0,0
BRDA:126,6,1,3
BRDA:127,7,0,0
BRDA:127,7,1,3
BRDA:128,8,0,0
BRDA:128,8,1,3
BRDA:129,9,0,0
BRDA:129,9,1,3
BRDA:130,10,0,3
BRDA:130,10,1,0
BRDA:132,11,0,0
BRDA:132,11,1,0
BRDA:134,12,0,0
BRDA:134,12,1,0
BRDA:136,13,0,0
BRDA:136,13,1,0
BRDA:138,14,0,0
BRDA:138,14,1,0
BRDA:146,15,0,0
BRDA:165,16,0,0
BRDA:167,17,0,0
BRDA:172,18,0,3
BRDA:174,19,0,4
BRDA:206,20,0,6
BRDA:208,21,0,6
BRDA:208,21,1,0
BRDA:211,22,0,6
BRDA:211,22,1,6
BRDA:211,23,0,6
BRDA:211,23,1,6
BRF:40
BRH:18
end_of_record
TN:
SF:src/json-crdt-patch/PatchBuilder.ts
FN:26,(anonymous_0)
FN:50,(anonymous_1)
FN:59,(anonymous_2)
FN:69,(anonymous_3)
FN:82,(anonymous_4)
FN:94,(anonymous_5)
FN:106,(anonymous_6)
FN:118,(anonymous_7)
FN:130,(anonymous_8)
FN:144,(anonymous_9)
FN:159,(anonymous_10)
FN:171,(anonymous_11)
FN:183,(anonymous_12)
FN:199,(anonymous_13)
FN:216,(anonymous_14)
FN:229,(anonymous_15)
FN:245,(anonymous_16)
FN:261,(anonymous_17)
FN:278,(anonymous_18)
FN:292,(anonymous_19)
FN:304,(anonymous_20)
FN:322,(anonymous_21)
FN:335,(anonymous_22)
FN:344,(anonymous_23)
FN:353,(anonymous_24)
FN:363,(anonymous_25)
FN:377,(anonymous_26)
FN:407,(anonymous_27)
FN:419,(anonymous_28)
FN:430,(anonymous_29)
FNF:30
FNH:29
FNDA:90686,(anonymous_0)
FNDA:89228,(anonymous_1)
FNDA:403739,(anonymous_2)
FNDA:227,(anonymous_3)
FNDA:61574,(anonymous_4)
FNDA:35368,(anonymous_5)
FNDA:71,(anonymous_6)
FNDA:49009,(anonymous_7)
FNDA:6759,(anonymous_8)
FNDA:39635,(anonymous_9)
FNDA:7220,(anonymous_10)
FNDA:3768,(anonymous_11)
FNDA:70280,(anonymous_12)
FNDA:84,(anonymous_13)
FNDA:10581,(anonymous_14)
FNDA:497094,(anonymous_15)
FNDA:16965,(anonymous_16)
FNDA:24243,(anonymous_17)
FNDA:129737,(anonymous_18)
FNDA:3374,(anonymous_19)
FNDA:40076,(anonymous_20)
FNDA:25448,(anonymous_21)
FNDA:33194,(anonymous_22)
FNDA:1036,(anonymous_23)
FNDA:3056,(anonymous_24)
FNDA:10,(anonymous_25)
FNDA:102923,(anonymous_26)
FNDA:481,(anonymous_27)
FNDA:0,(anonymous_28)
FNDA:1465119,(anonymous_29)
DA:1,112
DA:18,112
DA:19,112
DA:20,112
DA:21,112
DA:22,112
DA:23,112
DA:24,112
DA:26,112
DA:27,90686
DA:30,14042
DA:32,76644
DA:41,112
DA:50,89228
DA:51,89228
DA:60,403739
DA:70,227
DA:71,227
DA:72,227
DA:83,61574
DA:84,61574
DA:85,61574
DA:86,61574
DA:95,35368
DA:96,35368
DA:97,35368
DA:98,35368
DA:107,71
DA:108,71
DA:109,71
DA:110,71
DA:119,49009
DA:120,49009
DA:121,49009
DA:122,49009
DA:131,6759
DA:132,6759
DA:133,6759
DA:134,6759
DA:145,39635
DA:146,39635
DA:147,39635
DA:148,39635
DA:160,7220
DA:161,7220
DA:162,7220
DA:163,7220
DA:172,3768
DA:173,3768
DA:174,3768
DA:175,3768
DA:184,70280
DA:185,70280
DA:186,70280
DA:187,70280
DA:188,70280
DA:189,70280
DA:190,70280
DA:191,70280
DA:200,84
DA:201,84
DA:202,84
DA:203,84
DA:204,84
DA:205,84
DA:206,84
DA:207,84
DA:217,10581
DA:218,10581
DA:219,10581
DA:220,10581
DA:221,10581
DA:230,497094
DA:231,497094
DA:232,497094
DA:233,497094
DA:234,497094
DA:235,497094
DA:236,497094
DA:237,497094
DA:246,16965
DA:247,16965
DA:248,16965
DA:249,16965
DA:250,16965
DA:251,16965
DA:252,16965
DA:253,16965
DA:262,24243
DA:263,24243
DA:264,24243
DA:265,24243
DA:266,24243
DA:267,24243
DA:268,24243
DA:279,129737
DA:280,129737
DA:281,129737
DA:282,129737
DA:293,3374
DA:294,3374
DA:295,3374
DA:296,3374
DA:305,40076
DA:306,40076
DA:307,40076
DA:308,37915
DA:309,37915
DA:310,90207
DA:311,90207
DA:312,90207
DA:314,37915
DA:316,40076
DA:323,25448
DA:324,25448
DA:325,16039
DA:326,23355
DA:327,16039
DA:329,25448
DA:336,33194
DA:337,33194
DA:338,33194
DA:345,1036
DA:346,1036
DA:347,1036
DA:354,3056
DA:355,3056
DA:356,3056
DA:357,3056
DA:364,10
DA:365,10
DA:366,10
DA:367,10
DA:368,26
DA:369,10
DA:371,10
DA:378,102923
DA:379,102911
DA:380,102901
DA:381,77464
DA:382,76428
DA:383,76418
DA:384,76387
DA:385,76325
DA:387,40505
DA:389,33194
DA:392,2626
DA:394,0
DA:408,481
DA:409,479
DA:420,0
DA:431,1465119
DA:432,1465119
DA:433,1375854
DA:434,1375854
DA:435,2
DA:436,2
DA:437,2
LF:158
LH:156
BRDA:27,0,0,8092
BRDA:27,0,1,14042
BRDA:27,0,2,76644
BRDA:60,1,0,403739
BRDA:60,1,1,17
BRDA:185,2,0,0
BRDA:189,3,0,0
BRDA:201,4,0,0
BRDA:205,5,0,0
BRDA:231,6,0,0
BRDA:235,7,0,96322
BRDA:247,8,0,0
BRDA:251,9,0,16118
BRDA:266,10,0,6786
BRDA:307,11,0,37915
BRDA:311,12,0,0
BRDA:311,12,1,90207
BRDA:311,13,0,15233
BRDA:311,13,1,74974
BRDA:324,14,0,16039
BRDA:337,15,0,32962
BRDA:346,16,0,853
BRDA:366,17,0,10
BRDA:378,18,0,12
BRDA:379,19,0,10
BRDA:380,20,0,25437
BRDA:381,21,0,1036
BRDA:382,22,0,10
BRDA:383,23,0,31
BRDA:384,24,0,62
BRDA:385,25,0,40505
BRDA:385,25,1,33194
BRDA:385,25,2,2362
BRDA:385,25,3,2626
BRDA:387,26,0,429
BRDA:387,26,1,40076
BRDA:408,27,0,2
BRDA:409,28,0,387
BRDA:409,28,1,92
BRDA:420,29,0,0
BRDA:420,29,1,0
BRDA:432,30,0,89265
BRDA:434,31,0,2
BRF:43
BRH:34
end_of_record
TN:
SF:src/json-crdt-patch/constants.ts
FNF:0
FNH:0
DA:1,119
DA:28,119
LF:2
LH:2
BRF:0
BRH:0
end_of_record
TN:
SF:src/json-crdt-patch/index.ts
FNF:0
FNH:0
DA:113,35
DA:114,35
DA:115,35
DA:116,35
DA:117,35
DA:118,35
DA:119,35
DA:120,35
DA:121,35
LF:9
LH:9
BRF:0
BRH:0
end_of_record
TN:
SF:src/json-crdt-patch/operations.ts
FN:10,(anonymous_0)
FN:15,(anonymous_1)
FN:19,(anonymous_2)
FN:23,(anonymous_3)
FN:43,(anonymous_4)
FN:45,(anonymous_5)
FN:49,(anonymous_6)
FN:53,(anonymous_7)
FN:64,(anonymous_8)
FN:66,(anonymous_9)
FN:70,(anonymous_10)
FN:74,(anonymous_11)
FN:85,(anonymous_12)
FN:87,(anonymous_13)
FN:91,(anonymous_14)
FN:95,(anonymous_15)
FN:106,(anonymous_16)
FN:108,(anonymous_17)
FN:112,(anonymous_18)
FN:116,(anonymous_19)
FN:127,(anonymous_20)
FN:129,(anonymous_21)
FN:133,(anonymous_22)
FN:137,(anonymous_23)
FN:148,(anonymous_24)
FN:150,(anonymous_25)
FN:154,(anonymous_26)
FN:158,(anonymous_27)
FN:169,(anonymous_28)
FN:176,(anonymous_29)
FN:180,(anonymous_30)
FN:184,(anonymous_31)
FN:197,(anonymous_32)
FN:203,(anonymous_33)
FN:207,(anonymous_34)
FN:211,(anonymous_35)
FN:229,(anonymous_36)
FN:235,(anonymous_37)
FN:239,(anonymous_38)
FN:243,(anonymous_39)
FN:261,(anonymous_40)
FN:268,(anonymous_41)
FN:272,(anonymous_42)
FN:276,(anonymous_43)
FN:289,(anonymous_44)
FN:296,(anonymous_45)
FN:300,(anonymous_46)
FN:304,(anonymous_47)
FN:330,(anonymous_48)
FN:337,(anonymous_49)
FN:341,(anonymous_50)
FN:345,(anonymous_51)
FN:364,(anonymous_52)
FN:370,(anonymous_53)
FN:374,(anonymous_54)
FN:378,(anonymous_55)
FN:379,(anonymous_56)
FN:391,(anonymous_57)
FN:396,(anonymous_58)
FN:400,(anonymous_59)
FN:404,(anonymous_60)
FNF:61
FNH:34
FNDA:39635,(anonymous_0)
FNDA:92572,(anonymous_1)
FNDA:6,(anonymous_2)
FNDA:6,(anonymous_3)
FNDA:7220,(anonymous_4)
FNDA:10735,(anonymous_5)
FNDA:0,(anonymous_6)
FNDA:0,(anonymous_7)
FNDA:61575,(anonymous_8)
FNDA:114340,(anonymous_9)
FNDA:0,(anonymous_10)
FNDA:0,(anonymous_11)
FNDA:71,(anonymous_12)
FNDA:126,(anonymous_13)
FNDA:0,(anonymous_14)
FNDA:0,(anonymous_15)
FNDA:49010,(anonymous_16)
FNDA:88589,(anonymous_17)
FNDA:0,(anonymous_18)
FNDA:0,(anonymous_19)
FNDA:6759,(anonymous_20)
FNDA:12806,(anonymous_21)
FNDA:0,(anonymous_22)
FNDA:0,(anonymous_23)
FNDA:35368,(anonymous_24)
FNDA:54979,(anonymous_25)
FNDA:0,(anonymous_26)
FNDA:0,(anonymous_27)
FNDA:14350,(anonymous_28)
FNDA:18656,(anonymous_29)
FNDA:6,(anonymous_30)
FNDA:6,(anonymous_31)
FNDA:70282,(anonymous_32)
FNDA:203117,(anonymous_33)
FNDA:0,(anonymous_34)
FNDA:0,(anonymous_35)
FNDA:84,(anonymous_36)
FNDA:219,(anonymous_37)
FNDA:0,(anonymous_38)
FNDA:0,(anonymous_39)
FNDA:497098,(anonymous_40)
FNDA:1851524,(anonymous_41)
FNDA:0,(anonymous_42)
FNDA:0,(anonymous_43)
FNDA:16965,(anonymous_44)
FNDA:54991,(anonymous_45)
FNDA:0,(anonymous_46)
FNDA:0,(anonymous_47)
FNDA:24246,(anonymous_48)
FNDA:61756,(anonymous_49)
FNDA:0,(anonymous_50)
FNDA:0,(anonymous_51)
FNDA:129737,(anonymous_52)
FNDA:276824,(anonymous_53)
FNDA:0,(anonymous_54)
FNDA:0,(anonymous_55)
FNDA:0,(anonymous_56)
FNDA:3376,(anonymous_57)
FNDA:3084,(anonymous_58)
FNDA:0,(anonymous_59)
FNDA:0,(anonymous_60)
DA:2,112
DA:9,112
DA:11,39635
DA:12,39635
DA:16,92572
DA:20,6
DA:24,6
DA:26,6
DA:33,6
DA:42,112
DA:43,7220
DA:46,10735
DA:50,0
DA:54,0
DA:63,112
DA:64,61575
DA:67,114340
DA:71,0
DA:75,0
DA:84,112
DA:85,71
DA:88,126
DA:92,0
DA:96,0
DA:105,112
DA:106,49010
DA:109,88589
DA:113,0
DA:117,0
DA:126,112
DA:127,6759
DA:130,12806
DA:134,0
DA:138,0
DA:147,112
DA:148,35368
DA:151,54979
DA:155,0
DA:159,0
DA:168,112
DA:170,14350
DA:172,14350
DA:173,14350
DA:177,18656
DA:181,6
DA:185,6
DA:196,112
DA:198,70282
DA:199,70282
DA:200,70282
DA:204,203117
DA:208,0
DA:212,0
DA:213,0
DA:214,0
DA:215,0
DA:219,0
DA:228,112
DA:230,84
DA:231,84
DA:232,84
DA:236,219
DA:240,0
DA:244,0
DA:245,0
DA:246,0
DA:247,0
DA:251,0
DA:260,112
DA:262,497098
DA:263,497098
DA:264,497098
DA:265,497098
DA:269,1851524
DA:273,0
DA:277,0
DA:288,112
DA:290,16965
DA:291,16965
DA:292,16965
DA:293,16965
DA:297,54991
DA:301,0
DA:305,0
DA:306,0
DA:317,112
DA:331,24246
DA:332,24246
DA:333,24246
DA:334,24246
DA:338,61756
DA:342,0
DA:346,0
DA:358,112
DA:365,129737
DA:366,129737
DA:367,129737
DA:371,276824
DA:375,0
DA:379,0
DA:380,0
DA:390,112
DA:392,3376
DA:393,3376
DA:397,3084
DA:401,0
DA:405,0
LF:107
LH:71
BRDA:23,0,0,0
BRDA:26,1,0,6
BRDA:26,1,1,0
BRDA:28,2,0,0
BRDA:28,2,1,0
BRDA:29,3,0,0
BRDA:29,3,1,0
BRDA:137,4,0,0
BRDA:184,5,0,0
BRDA:211,6,0,0
BRDA:215,7,0,0
BRDA:215,7,1,0
BRDA:243,8,0,0
BRDA:247,9,0,0
BRDA:247,9,1,0
BRDA:304,10,0,0
BRF:16
BRH:1
end_of_record
TN:
SF:src/json-crdt-patch/builder/DelayedValueBuilder.ts
FN:10,(anonymous_0)
FN:13,(anonymous_1)
FNF:2
FNH:2
FNDA:157,(anonymous_0)
FNDA:16,(anonymous_1)
DA:9,112
DA:10,157
DA:13,112
LF:3
LH:3
BRF:0
BRH:0
end_of_record
TN:
SF:src/json-crdt-patch/builder/Konst.ts
FN:5,(anonymous_0)
FN:8,(anonymous_1)
FNF:2
FNH:2
FNDA:31,(anonymous_0)
FNDA:31,(anonymous_1)
DA:4,112
DA:5,31
DA:8,112
LF:3
LH:3
BRF:0
BRH:0
end_of_record
TN:
SF:src/json-crdt-patch/builder/Tuple.ts
FN:5,(anonymous_0)
FN:13,(anonymous_1)
FNF:2
FNH:2
FNDA:10,(anonymous_0)
FNDA:10,(anonymous_1)
DA:4,112
DA:5,10
DA:13,112
LF:3
LH:3
BRF:0
BRH:0
end_of_record
TN:
SF:src/json-crdt-patch/builder/schema.ts
FN:11,(anonymous_0)
FN:28,(anonymous_1)
FN:29,(anonymous_2)
FN:49,(anonymous_3)
FN:50,(anonymous_4)
FN:60,(anonymous_5)
FN:61,(anonymous_6)
FN:80,(anonymous_7)
FN:81,(anonymous_8)
FN:104,(anonymous_9)
FN:105,(anonymous_10)
FN:142,(anonymous_11)
FN:146,(anonymous_12)
FN:164,(anonymous_13)
FN:195,(anonymous_14)
FN:196,(anonymous_15)
FN:228,(anonymous_16)
FN:234,(anonymous_17)
FN:240,(anonymous_18)
FN:246,(anonymous_19)
FN:252,(anonymous_20)
FN:259,(anonymous_21)
FN:268,(anonymous_22)
FN:275,(anonymous_23)
FNF:24
FNH:23
FNDA:35,(anonymous_0)
FNDA:60,(anonymous_1)
FNDA:60,(anonymous_2)
FNDA:12,(anonymous_3)
FNDA:12,(anonymous_4)
FNDA:2,(anonymous_5)
FNDA:2,(anonymous_6)
FNDA:4,(anonymous_7)
FNDA:4,(anonymous_8)
FNDA:23,(anonymous_9)
FNDA:23,(anonymous_10)
FNDA:22,(anonymous_11)
FNDA:22,(anonymous_12)
FNDA:0,(anonymous_13)
FNDA:2,(anonymous_14)
FNDA:2,(anonymous_15)
FNDA:60,(anonymous_16)
FNDA:12,(anonymous_17)
FNDA:2,(anonymous_18)
FNDA:4,(anonymous_19)
FNDA:23,(anonymous_20)
FNDA:22,(anonymous_21)
FNDA:1,(anonymous_22)
FNDA:2,(anonymous_23)
DA:2,35
DA:11,35
DA:25,35
DA:26,60
DA:28,60
DA:29,60
DA:46,35
DA:47,12
DA:49,12
DA:50,12
DA:57,35
DA:58,2
DA:60,2
DA:61,2
DA:77,35
DA:78,4
DA:80,4
DA:81,4
DA:82,4
DA:83,4
DA:84,4
DA:85,4
DA:101,35
DA:102,23
DA:104,23
DA:105,23
DA:106,23
DA:107,23
DA:108,23
DA:109,21
DA:110,21
DA:111,42
DA:112,42
DA:113,42
DA:115,21
DA:117,23
DA:136,35
DA:140,22
DA:143,22
DA:144,22
DA:146,22
DA:147,22
DA:148,22
DA:149,22
DA:150,22
DA:151,22
DA:152,22
DA:153,22
DA:154,29
DA:155,29
DA:156,29
DA:158,22
DA:160,22
DA:165,0
DA:192,35
DA:193,2
DA:195,2
DA:196,2
DA:197,2
DA:198,2
DA:199,2
DA:200,2
DA:201,4
DA:202,2
DA:204,2
DA:223,35
DA:228,60
DA:234,12
DA:240,2
DA:246,4
DA:252,23
DA:260,22
DA:269,1
DA:275,2
DA:282,35
LF:75
LH:74
BRDA:108,0,0,21
BRDA:152,1,0,22
BRDA:199,2,0,2
BRDA:11,3,0,35
BRDA:11,3,1,35
BRDA:234,4,0,12
BRDA:234,4,1,0
BRF:7
BRH:6
end_of_record
TN:
SF:src/json-crdt-patch/clock/clock.ts
FN:5,(anonymous_0)
FN:12,(anonymous_1)
FN:26,(anonymous_2)
FN:36,(anonymous_3)
FN:45,(anonymous_4)
FN:52,(anonymous_5)
FN:60,(anonymous_6)
FN:81,(anonymous_7)
FN:98,(anonymous_8)
FN:113,(anonymous_9)
FN:129,(anonymous_10)
FN:143,(anonymous_11)
FN:154,(anonymous_12)
FN:169,(anonymous_13)
FN:186,(anonymous_14)
FN:196,(anonymous_15)
FN:199,(anonymous_16)
FN:211,(anonymous_17)
FN:215,(anonymous_18)
FN:228,(anonymous_19)
FN:232,(anonymous_20)
FN:239,(anonymous_21)
FN:243,(anonymous_22)
FN:252,(anonymous_23)
FNF:24
FNH:23
FNDA:7205365,(anonymous_0)
FNDA:768677,(anonymous_1)
FNDA:3688373,(anonymous_2)
FNDA:691547,(anonymous_3)
FNDA:1841327,(anonymous_4)
FNDA:16,(anonymous_5)
FNDA:16985664,(anonymous_6)
FNDA:0,(anonymous_7)
FNDA:54007,(anonymous_8)
FNDA:109762,(anonymous_9)
FNDA:63752,(anonymous_10)
FNDA:1135926,(anonymous_11)
FNDA:88919,(anonymous_12)
FNDA:1589423,(anonymous_13)
FNDA:15,(anonymous_14)
FNDA:3552,(anonymous_15)
FNDA:58453,(anonymous_16)
FNDA:58,(anonymous_17)
FNDA:11692,(anonymous_18)
FNDA:3762,(anonymous_19)
FNDA:50322,(anonymous_20)
FNDA:53,(anonymous_21)
FNDA:53,(anonymous_22)
FNDA:2,(anonymous_23)
DA:4,122
DA:6,7205365
DA:7,7205365
DA:11,122
DA:13,768677
DA:14,768677
DA:15,768677
DA:26,3688373
DA:36,691547
DA:45,1841327
DA:52,122
DA:53,16
DA:60,122
DA:61,16985664
DA:62,16985664
DA:63,16985664
DA:64,6595709
DA:65,1798110
DA:66,1798110
DA:67,1798110
DA:68,1629568
DA:69,1475757
DA:81,122
DA:82,0
DA:83,0
DA:84,0
DA:85,0
DA:86,0
DA:87,0
DA:98,122
DA:99,54007
DA:100,25511
DA:101,25511
DA:102,25511
DA:103,24503
DA:104,24105
DA:113,122
DA:114,109762
DA:115,109686
DA:116,109686
DA:117,109686
DA:129,122
DA:130,63752
DA:135,122
DA:144,1135926
DA:145,1135926
DA:146,1135926
DA:154,122
DA:158,88919
DA:171,1589423
DA:172,1589423
DA:173,1589423
DA:174,1241339
DA:175,1241339
DA:176,972826
DA:178,1589423
DA:187,15
DA:197,3552
DA:198,3552
DA:199,3552
DA:200,58453
DA:202,3552
DA:212,58
DA:213,58
DA:214,58
DA:215,58
DA:216,11692
DA:217,11692
DA:218,11692
DA:220,58
DA:228,122
DA:230,3762
DA:233,50322
DA:234,50322
DA:235,50321
DA:236,50321
DA:240,53
DA:244,53
DA:253,2
LF:79
LH:73
BRDA:53,0,0,16
BRDA:53,0,1,16
BRDA:63,1,0,10389955
BRDA:64,2,0,4797599
BRDA:67,3,0,168542
BRDA:68,4,0,153811
BRDA:82,5,0,0
BRDA:85,6,0,0
BRDA:86,7,0,0
BRDA:99,8,0,28496
BRDA:102,9,0,1008
BRDA:103,10,0,398
BRDA:114,11,0,76
BRDA:116,12,0,109592
BRDA:173,13,0,1241339
BRDA:175,14,0,268513
BRDA:175,14,1,972826
BRDA:176,15,0,546528
BRDA:178,16,0,177317
BRDA:198,17,0,3537
BRDA:211,18,0,0
BRDA:217,19,0,18
BRDA:217,19,1,11674
BRDA:233,20,0,0
BRDA:234,21,0,1
BRDA:236,22,0,20
BRF:26
BRH:21
end_of_record
TN:
SF:src/json-crdt-patch/clock/index.ts
FNF:0
FNH:0
DA:25,122
DA:26,122
LF:2
LH:2
BRF:0
BRH:0
end_of_record
TN:
SF:src/json-crdt-patch/codec/__tests__/PatchFuzzer.ts
FN:8,(anonymous_0)
FN:67,(anonymous_1)
FN:73,(anonymous_2)
FN:78,(anonymous_3)
FN:9,(anonymous_4)
FN:16,(anonymous_5)
FN:23,(anonymous_6)
FN:27,(anonymous_7)
FN:28,(anonymous_8)
FN:29,(anonymous_9)
FN:30,(anonymous_10)
FN:31,(anonymous_11)
FN:32,(anonymous_12)
FN:33,(anonymous_13)
FN:34,(anonymous_14)
FN:37,(anonymous_15)
FN:39,(anonymous_16)
FN:40,(anonymous_17)
FN:41,(anonymous_18)
FN:42,(anonymous_19)
FN:46,(anonymous_20)
FN:48,(anonymous_21)
FN:49,(anonymous_22)
FN:50,(anonymous_23)
FN:57,(anonymous_24)
FN:63,(anonymous_25)
FN:85,(anonymous_26)
FN:89,(anonymous_27)
FN:93,(anonymous_28)
FN:97,(anonymous_29)
FNF:30
FNH:29
FNDA:1,(anonymous_0)
FNDA:14590,(anonymous_1)
FNDA:14633,(anonymous_2)
FNDA:0,(anonymous_3)
FNDA:800,(anonymous_4)
FNDA:800,(anonymous_5)
FNDA:1600,(anonymous_6)
FNDA:1139,(anonymous_7)
FNDA:1068,(anonymous_8)
FNDA:1045,(anonymous_9)
FNDA:1116,(anonymous_10)
FNDA:1166,(anonymous_11)
FNDA:1138,(anonymous_12)
FNDA:1098,(anonymous_13)
FNDA:1105,(anonymous_14)
FNDA:6127,(anonymous_15)
FNDA:1122,(anonymous_16)
FNDA:1113,(anonymous_17)
FNDA:1128,(anonymous_18)
FNDA:1129,(anonymous_19)
FNDA:6294,(anonymous_20)
FNDA:1111,(anonymous_21)
FNDA:1131,(anonymous_22)
FNDA:1108,(anonymous_23)
FNDA:800,(anonymous_24)
FNDA:800,(anonymous_25)
FNDA:800,(anonymous_26)
FNDA:1600,(anonymous_27)
FNDA:3373,(anonymous_28)
FNDA:1600,(anonymous_29)
DA:1,1
DA:2,1
DA:3,1
DA:6,1
DA:8,1
DA:10,800
DA:11,800
DA:12,800
DA:13,800
DA:17,800
DA:18,800
DA:19,800
DA:20,800
DA:24,1600
DA:25,1600
DA:26,16717
DA:27,1139
DA:28,1068
DA:29,1045
DA:30,1116
DA:31,1166
DA:32,1138
DA:33,1098
DA:35,1105
DA:37,6127
DA:39,1122
DA:40,1113
DA:41,1128
DA:43,1129
DA:46,6294
DA:48,1111
DA:49,1131
DA:50,1108
DA:52,16717
DA:54,1600
DA:58,800
DA:59,800
DA:60,800
DA:64,800
DA:67,1
DA:68,14590
DA:69,14590
DA:70,14590
DA:73,1
DA:74,14633
DA:75,14633
DA:78,1
DA:79,0
DA:80,0
DA:81,0
DA:82,0
DA:86,800
DA:90,1600
DA:94,3373
DA:98,1600
LF:55
LH:51
BRF:0
BRH:0
end_of_record
TN:
SF:src/json-crdt-patch/codec/binary/Decoder.ts
FN:21,(anonymous_0)
FN:31,(anonymous_1)
FN:46,(anonymous_2)
FN:52,(anonymous_3)
FN:58,(anonymous_4)
FN:64,(anonymous_5)
FNF:6
FNH:6
FNDA:112,(anonymous_0)
FNDA:52402,(anonymous_1)
FNDA:225736,(anonymous_2)
FNDA:60242,(anonymous_3)
FNDA:52402,(anonymous_4)
FNDA:113152,(anonymous_5)
DA:1,112
DA:2,112
DA:4,112
DA:6,112
DA:12,112
DA:22,112
DA:32,52402
DA:33,52402
DA:34,52402
DA:35,52402
DA:36,52402
DA:37,52402
DA:38,52402
DA:39,52402
DA:40,52402
DA:41,52402
DA:42,52402
DA:43,52402
DA:47,225736
DA:48,225736
DA:49,225736
DA:53,60242
DA:54,60242
DA:55,60242
DA:59,52402
DA:60,52402
DA:61,113152
DA:65,113152
DA:66,113152
DA:67,113152
DA:68,113152
DA:69,113152
DA:71,11827
DA:72,11827
DA:73,11827
DA:76,743
DA:77,743
DA:80,10246
DA:81,10246
DA:84,2
DA:85,2
DA:88,6586
DA:89,6586
DA:92,2386
DA:93,2386
DA:96,2426
DA:97,2426
DA:100,1706
DA:101,1706
DA:102,1706
DA:103,1706
DA:106,17066
DA:107,17066
DA:108,17066
DA:109,17066
DA:110,31162
DA:111,31162
DA:112,31162
DA:113,31162
DA:115,17066
DA:116,17066
DA:119,1
DA:120,1
DA:121,1
DA:122,1
DA:123,1
DA:124,1
DA:125,1
DA:126,1
DA:128,1
DA:129,1
DA:132,40565
DA:133,40565
DA:134,40565
DA:135,40565
DA:136,40565
DA:137,40565
DA:140,6681
DA:141,6681
DA:142,6681
DA:143,6681
DA:144,6681
DA:145,6681
DA:146,6681
DA:149,1993
DA:150,1993
DA:151,1993
DA:152,1993
DA:153,5027
DA:154,1993
DA:155,1993
DA:158,10343
DA:159,10343
DA:160,10343
DA:161,60242
DA:162,10343
DA:163,10343
DA:166,581
DA:167,581
DA:168,581
DA:171,0
LF:101
LH:100
BRDA:21,0,0,112
BRDA:37,1,0,487
BRDA:37,1,1,51915
BRDA:41,2,0,3
BRDA:49,3,0,131634
BRDA:49,3,1,94102
BRDA:69,4,0,11827
BRDA:69,4,1,743
BRDA:69,4,2,10246
BRDA:69,4,3,2
BRDA:69,4,4,6586
BRDA:69,4,5,2386
BRDA:69,4,6,2426
BRDA:69,4,7,1706
BRDA:69,4,8,17066
BRDA:69,4,9,1
BRDA:69,4,10,40565
BRDA:69,4,11,6681
BRDA:69,4,12,1993
BRDA:69,4,13,10343
BRDA:69,4,14,581
BRDA:69,4,15,0
BRDA:72,5,0,11823
BRDA:72,5,1,4
BRDA:106,6,0,17066
BRDA:106,6,1,160
BRDA:111,7,0,0
BRDA:119,8,0,1
BRDA:119,8,1,0
BRDA:124,9,0,0
BRDA:132,10,0,40565
BRDA:132,10,1,17082
BRDA:140,11,0,6681
BRDA:140,11,1,4719
BRDA:144,12,0,0
BRDA:149,13,0,1993
BRDA:149,13,1,175
BRDA:158,14,0,10343
BRDA:158,14,1,2473
BRDA:166,15,0,581
BRDA:166,15,1,382
BRF:41
BRH:36
end_of_record
TN:
SF:src/json-crdt-patch/codec/binary/Encoder.ts
FN:19,(anonymous_0)
FN:29,(anonymous_1)
FN:43,(anonymous_2)
FN:50,(anonymous_3)
FN:62,(anonymous_4)
FN:67,(anonymous_5)
FN:80,(anonymous_6)
FNF:7
FNH:7
FNDA:112,(anonymous_0)
FNDA:7772,(anonymous_1)
FNDA:7772,(anonymous_2)
FNDA:57567,(anonymous_3)
FNDA:11454,(anonymous_4)
FNDA:5836,(anonymous_5)
FNDA:33006,(anonymous_6)
DA:1,112
DA:3,112
DA:4,112
DA:5,112
DA:11,112
DA:12,112
DA:19,112
DA:20,112
DA:30,7772
DA:31,7772
DA:32,7772
DA:33,7772
DA:34,7772
DA:35,7772
DA:36,7772
DA:37,7772
DA:38,3
DA:39,7772
DA:40,7772
DA:44,7772
DA:45,7772
DA:46,7772
DA:47,33006
DA:51,57567
DA:52,57567
DA:53,57567
DA:54,57567
DA:55,31076
DA:57,26491
DA:58,26491
DA:63,11454
DA:64,11454
DA:68,5836
DA:69,5836
DA:70,3285
DA:72,2551
DA:73,2551
DA:75,5836
DA:76,5836
DA:77,5836
DA:81,33006
DA:82,33006
DA:83,33006
DA:85,2666
DA:86,2666
DA:87,2666
DA:88,4
DA:89,4
DA:91,2662
DA:92,2662
DA:94,2666
DA:97,688
DA:98,688
DA:101,4088
DA:102,4088
DA:105,2
DA:106,2
DA:109,3139
DA:110,3139
DA:113,746
DA:114,746
DA:117,2358
DA:118,2358
DA:121,1530
DA:122,1530
DA:123,1530
DA:124,1530
DA:125,1530
DA:128,4532
DA:129,4532
DA:130,4532
DA:131,4532
DA:132,4387
DA:134,145
DA:135,145
DA:137,4532
DA:138,4532
DA:139,11084
DA:140,11084
DA:141,11084
DA:143,4532
DA:146,1
DA:147,1
DA:148,1
DA:149,1
DA:150,1
DA:152,0
DA:153,0
DA:155,1
DA:156,1
DA:157,1
DA:158,1
DA:159,1
DA:161,1
DA:164,5664
DA:165,5664
DA:166,5664
DA:167,5664
DA:168,5664
DA:169,5664
DA:170,5664
DA:171,5664
DA:172,5664
DA:173,172
DA:174,172
DA:176,5664
DA:179,2211
DA:180,2211
DA:181,2211
DA:182,2211
DA:183,655
DA:185,1556
DA:186,1556
DA:188,2211
DA:189,2211
DA:190,2211
DA:191,2211
DA:194,1785
DA:195,1785
DA:196,1785
DA:197,1785
DA:198,1611
DA:200,174
DA:201,174
DA:203,1785
DA:204,1785
DA:205,4752
DA:206,1785
DA:209,3015
DA:210,3015
DA:211,3015
DA:212,3015
DA:213,2616
DA:215,399
DA:216,399
DA:218,3015
DA:219,11454
DA:220,3015
DA:223,581
DA:224,581
DA:225,581
DA:226,199
DA:228,382
DA:229,382
DA:231,581
DA:234,0
LF:146
LH:143
BRDA:19,0,0,0
BRDA:37,1,0,7769
BRDA:37,1,1,3
BRDA:54,2,0,31076
BRDA:54,2,1,26491
BRDA:69,3,0,3285
BRDA:69,3,1,2551
BRDA:83,4,0,2666
BRDA:83,4,1,688
BRDA:83,4,2,4088
BRDA:83,4,3,2
BRDA:83,4,4,3139
BRDA:83,4,5,746
BRDA:83,4,6,2358
BRDA:83,4,7,1530
BRDA:83,4,8,4532
BRDA:83,4,9,1
BRDA:83,4,10,5664
BRDA:83,4,11,2211
BRDA:83,4,12,1785
BRDA:83,4,13,3015
BRDA:83,4,14,581
BRDA:83,4,15,0
BRDA:87,5,0,4
BRDA:87,5,1,2662
BRDA:131,6,0,4387
BRDA:131,6,1,145
BRDA:149,7,0,1
BRDA:149,7,1,0
BRDA:172,8,0,172
BRDA:182,9,0,655
BRDA:182,9,1,1556
BRDA:197,10,0,1611
BRDA:197,10,1,174
BRDA:212,11,0,2616
BRDA:212,11,1,399
BRDA:225,12,0,199
BRDA:225,12,1,382
BRF:38
BRH:35
end_of_record
TN:
SF:src/json-crdt-patch/codec/binary/index.ts
FNF:0
FNH:0
DA:15,112
DA:16,112
DA:17,112
LF:3
LH:3
BRF:0
BRH:0
end_of_record
TN:
SF:src/json-crdt-patch/codec/binary/shared.ts
FN:18,(anonymous_0)
FN:31,(anonymous_1)
FNF:2
FNH:2
FNDA:7772,(anonymous_0)
FNDA:52402,(anonymous_1)
DA:1,112
DA:2,112
DA:4,112
DA:7,112
DA:10,112
DA:18,112
DA:19,7772
DA:23,112
DA:31,112
DA:32,52402
LF:10
LH:10
BRF:0
BRH:0
end_of_record
TN:
SF:src/json-crdt-patch/codec/clock/ClockDecoder.ts
FN:8,(anonymous_0)
FN:15,(anonymous_1)
FN:20,(anonymous_2)
FN:26,(anonymous_3)
FNF:4
FNH:4
FNDA:2176,(anonymous_0)
FNDA:7778,(anonymous_1)
FNDA:126382,(anonymous_2)
FNDA:1058973,(anonymous_3)
DA:1,95
DA:3,95
DA:5,7778
DA:9,2176
DA:10,2176
DA:11,28181
DA:12,2176
DA:16,7778
DA:17,7778
DA:21,126382
DA:22,126382
DA:23,126382
DA:27,1058973
DA:28,1058973
DA:29,1058973
DA:30,1058973
LF:16
LH:16
BRDA:27,0,0,0
BRDA:29,1,0,0
BRF:2
BRH:0
end_of_record
TN:
SF:src/json-crdt-patch/codec/clock/ClockEncoder.ts
FN:5,(anonymous_0)
FN:11,(anonymous_1)
FN:17,(anonymous_2)
FN:25,(anonymous_3)
FN:41,(anonymous_4)
FN:43,(anonymous_5)
FNF:6
FNH:6
FNDA:128330,(anonymous_0)
FNDA:2735,(anonymous_1)
FNDA:7790,(anonymous_2)
FNDA:1016237,(anonymous_3)
FNDA:2180,(anonymous_4)
FNDA:30364,(anonymous_5)
DA:1,96
DA:2,96
DA:6,128330
DA:7,128330
DA:11,96
DA:12,2735
DA:14,2735
DA:15,2735
DA:18,7790
DA:19,7790
DA:20,7790
DA:21,7790
DA:22,7790
DA:26,1016237
DA:27,1016237
DA:28,1016237
DA:29,1016237
DA:30,120540
DA:31,120540
DA:32,120540
DA:33,120540
DA:35,1016237
DA:36,1016237
DA:37,1016237
DA:38,1016237
DA:42,2180
DA:43,2180
DA:44,30364
DA:45,30364
DA:47,2180
LF:30
LH:30
BRDA:29,0,0,120540
BRDA:31,1,0,4
BRDA:37,2,0,0
BRF:3
BRH:2
end_of_record
TN:
SF:src/json-crdt-patch/codec/clock/ClockTable.ts
FN:6,(anonymous_0)
FN:12,(anonymous_1)
FN:13,(anonymous_2)
FN:16,(anonymous_3)
FN:20,(anonymous_4)
FN:31,(anonymous_5)
FN:39,(anonymous_6)
FN:46,(anonymous_7)
FN:52,(anonymous_8)
FNF:9
FNH:9
FNDA:55400,(anonymous_0)
FNDA:3244,(anonymous_1)
FNDA:1620,(anonymous_2)
FNDA:26075,(anonymous_3)
FNDA:1624,(anonymous_4)
FNDA:66549,(anonymous_5)
FNDA:55400,(anonymous_6)
FNDA:281569,(anonymous_7)
FNDA:1622,(anonymous_8)
DA:1,12
DA:5,12
DA:7,55400
DA:8,55400
DA:12,12
DA:14,1620
DA:15,1620
DA:16,26075
DA:17,1620
DA:21,1624
DA:22,1624
DA:23,1624
DA:24,26079
DA:25,1624
DA:28,3244
DA:29,3244
DA:32,66549
DA:33,66549
DA:34,66549
DA:35,66549
DA:36,66549
DA:40,55400
DA:41,55400
DA:42,55400
DA:43,55400
DA:47,281569
DA:48,281569
DA:49,281569
DA:53,1622
DA:54,1622
DA:55,1622
DA:56,1622
DA:57,27700
DA:58,27700
DA:59,27700
LF:35
LH:35
BRDA:48,0,0,0
BRF:1
BRH:0
end_of_record
TN:
SF:src/json-crdt-patch/codec/clock/RelativeTimestamp.ts
FN:11,(anonymous_0)
FNF:1
FNH:1
FNDA:1016237,(anonymous_0)
DA:5,96
DA:12,1016237
DA:13,1016237
LF:3
LH:3
BRF:0
BRH:0
end_of_record
TN:
SF:src/json-crdt-patch/codec/compact/decode.ts
FN:9,(anonymous_0)
FN:13,(anonymous_1)
FN:23,(anonymous_2)
FNF:3
FNH:3
FNDA:68877,(anonymous_0)
FNDA:13378,(anonymous_1)
FNDA:8490,(anonymous_2)
DA:2,14
DA:3,14
DA:5,14
DA:9,14
DA:10,68877
DA:13,14
DA:14,13378
DA:23,14
DA:24,8490
DA:25,8490
DA:26,8490
DA:27,8490
DA:28,8490
DA:29,8490
DA:30,8490
DA:32,8490
DA:33,48884
DA:34,48884
DA:36,3786
DA:37,3786
DA:38,3786
DA:41,1443
DA:42,1443
DA:45,5922
DA:46,5922
DA:49,4
DA:50,4
DA:53,4866
DA:54,4866
DA:57,1396
DA:58,1396
DA:61,3875
DA:62,3875
DA:65,2781
DA:66,2781
DA:69,6484
DA:70,6484
DA:71,6484
DA:72,6484
DA:73,6484
DA:74,17861
DA:75,17861
DA:77,6484
DA:78,6484
DA:81,2
DA:82,2
DA:83,2
DA:84,2
DA:85,2
DA:86,2
DA:87,2
DA:89,2
DA:90,2
DA:93,7250
DA:94,7250
DA:97,2803
DA:98,2803
DA:101,2940
DA:102,2940
DA:103,2940
DA:104,2940
DA:105,2940
DA:106,8787
DA:107,2940
DA:108,2940
DA:111,4190
DA:112,4190
DA:113,4190
DA:114,4190
DA:115,13378
DA:116,4190
DA:117,4190
DA:120,1142
DA:121,1142
DA:126,8490
DA:127,8490
DA:129,8490
LF:77
LH:77
BRDA:10,0,0,24078
BRDA:10,0,1,44799
BRDA:14,1,0,10285
BRDA:14,1,1,3093
BRDA:26,2,0,7605
BRDA:26,2,1,885
BRDA:34,3,0,3786
BRDA:34,3,1,1443
BRDA:34,3,2,5922
BRDA:34,3,3,4
BRDA:34,3,4,4866
BRDA:34,3,5,1396
BRDA:34,3,6,3875
BRDA:34,3,7,2781
BRDA:34,3,8,6484
BRDA:34,3,9,2
BRDA:34,3,10,7250
BRDA:34,3,11,2803
BRDA:34,3,12,2940
BRDA:34,3,13,4190
BRDA:34,3,14,1142
BRDA:37,4,0,3
BRDA:37,4,1,3783
BRDA:120,5,0,1142
BRDA:120,5,1,66
BRF:25
BRH:25
end_of_record
TN:
SF:src/json-crdt-patch/codec/compact/encode.ts
FN:8,(anonymous_0)
FN:13,(anonymous_1)
FN:28,(anonymous_2)
FN:111,(anonymous_3)
FNF:4
FNH:4
FNDA:82261,(anonymous_0)
FNDA:13378,(anonymous_1)
FNDA:8491,(anonymous_2)
FNDA:13378,(anonymous_3)
DA:1,13
DA:2,13
DA:5,13
DA:8,13
DA:9,82261
DA:10,82261
DA:13,13
DA:14,13378
DA:15,13378
DA:16,10285
DA:17,10285
DA:19,3093
DA:28,13
DA:29,8491
DA:30,8491
DA:32,8491
DA:33,8491
DA:34,8491
DA:35,8491
DA:36,8491
DA:37,8491
DA:39,8491
DA:40,48889
DA:41,3786
DA:42,3786
DA:43,3
DA:44,3783
DA:45,320
DA:47,3463
DA:49,45103
DA:50,1443
DA:51,43660
DA:52,5923
DA:53,37737
DA:54,4
DA:55,37733
DA:56,4867
DA:57,32866
DA:58,1396
DA:59,31470
DA:60,3875
DA:61,27595
DA:62,2782
DA:63,24813
DA:64,6485
DA:65,17862
DA:66,6485
DA:71,6485
DA:72,18328
DA:73,2
DA:74,2
DA:75,2
DA:80,2
DA:81,18326
DA:82,7251
DA:88,7251
DA:89,11075
DA:90,2803
DA:96,2803
DA:97,8272
DA:98,2940
DA:99,8787
DA:100,2940
DA:106,2940
DA:107,5332
DA:108,4190
DA:111,13378
DA:113,4190
DA:114,1142
DA:115,1142
DA:116,1142
DA:117,1142
DA:118,1142
DA:122,8491
LF:74
LH:74
BRDA:10,0,0,47897
BRDA:10,0,1,34364
BRDA:15,1,0,10285
BRDA:30,2,0,0
BRDA:34,3,0,886
BRDA:34,3,1,7605
BRDA:36,4,0,2
BRDA:40,5,0,3786
BRDA:40,5,1,45103
BRDA:42,6,0,3
BRDA:42,6,1,3783
BRDA:44,7,0,320
BRDA:44,7,1,3463
BRDA:49,8,0,1443
BRDA:49,8,1,43660
BRDA:51,9,0,5923
BRDA:51,9,1,37737
BRDA:53,10,0,4
BRDA:53,10,1,37733
BRDA:55,11,0,4867
BRDA:55,11,1,32866
BRDA:57,12,0,1396
BRDA:57,12,1,31470
BRDA:59,13,0,3875
BRDA:59,13,1,27595
BRDA:61,14,0,2782
BRDA:61,14,1,24813
BRDA:63,15,0,6485
BRDA:63,15,1,18328
BRDA:72,16,0,2
BRDA:72,16,1,18326
BRDA:81,17,0,7251
BRDA:81,17,1,11075
BRDA:89,18,0,2803
BRDA:89,18,1,8272
BRDA:97,19,0,2940
BRDA:97,19,1,5332
BRDA:107,20,0,4190
BRDA:107,20,1,1142
BRDA:114,21,0,1142
BRDA:117,22,0,1076
BRF:41
BRH:40
end_of_record
TN:
SF:src/json-crdt-patch/codec/compact-binary/decode.ts
FN:6,(anonymous_0)
FNF:1
FNH:1
FNDA:896,(anonymous_0)
DA:1,3
DA:2,3
DA:6,3
DA:7,896
LF:4
LH:4
BRF:0
BRH:0
end_of_record
TN:
SF:src/json-crdt-patch/codec/compact-binary/encode.ts
FN:6,(anonymous_0)
FNF:1
FNH:1
FNDA:896,(anonymous_0)
DA:1,3
DA:2,3
DA:6,3
DA:7,896
LF:4
LH:4
BRF:0
BRH:0
end_of_record
TN:
SF:src/json-crdt-patch/codec/verbose/decode.ts
FN:8,(anonymous_0)
FN:17,(anonymous_1)
FN:63,(anonymous_2)
FN:70,(anonymous_3)
FN:89,(anonymous_4)
FNF:5
FNH:5
FNDA:47091,(anonymous_0)
FNDA:7651,(anonymous_1)
FNDA:11707,(anonymous_2)
FNDA:1,(anonymous_3)
FNDA:11250,(anonymous_4)
DA:1,14
DA:2,14
DA:5,14
DA:8,14
DA:9,47091
DA:17,14
DA:18,7651
DA:19,7651
DA:20,7651
DA:22,7651
DA:23,33755
DA:25,2691
DA:26,3
DA:28,2688
DA:30,2691
DA:33,799
DA:34,799
DA:37,4141
DA:38,4141
DA:41,2
DA:42,2
DA:45,3275
DA:46,3275
DA:49,790
DA:50,790
DA:53,2491
DA:54,2491
DA:57,1543
DA:58,1543
DA:61,4650
DA:63,11707
DA:65,4650
DA:68,1
DA:70,1
DA:72,1
DA:75,5667
DA:76,5667
DA:79,2307
DA:80,2307
DA:83,1801
DA:84,1801
DA:87,3083
DA:89,11250
DA:91,3083
DA:94,514
DA:95,514
DA:100,7651
DA:101,7651
DA:103,7651
LF:49
LH:49
BRDA:9,0,0,15785
BRDA:9,0,1,31306
BRDA:19,1,0,0
BRDA:19,1,1,7651
BRDA:23,2,0,2691
BRDA:23,2,1,799
BRDA:23,2,2,4141
BRDA:23,2,3,2
BRDA:23,2,4,3275
BRDA:23,2,5,790
BRDA:23,2,6,2491
BRDA:23,2,7,1543
BRDA:23,2,8,4650
BRDA:23,2,9,1
BRDA:23,2,10,5667
BRDA:23,2,11,2307
BRDA:23,2,12,1801
BRDA:23,2,13,3083
BRDA:23,2,14,514
BRDA:25,3,0,3
BRDA:25,3,1,2688
BRDA:75,4,0,5667
BRDA:75,4,1,0
BRDA:79,5,0,2307
BRDA:79,5,1,0
BRDA:83,6,0,1801
BRDA:83,6,1,0
BRDA:94,7,0,514
BRDA:94,7,1,39
BRF:29
BRH:25
end_of_record
TN:
SF:src/json-crdt-patch/codec/verbose/encode.ts
FN:8,(anonymous_0)
FN:17,(anonymous_1)
FN:53,(anonymous_2)
FN:59,(anonymous_3)
FN:92,(anonymous_4)
FNF:5
FNH:5
FNDA:47093,(anonymous_0)
FNDA:7653,(anonymous_1)
FNDA:11707,(anonymous_2)
FNDA:1,(anonymous_3)
FNDA:11252,(anonymous_4)
DA:1,14
DA:4,14
DA:5,14
DA:8,14
DA:9,47093
DA:17,14
DA:18,7653
DA:19,7653
DA:21,7653
DA:22,7653
DA:27,7653
DA:29,7653
DA:30,33756
DA:31,2691
DA:32,2691
DA:33,3
DA:35,2688
DA:37,31065
DA:38,4141
DA:39,26924
DA:40,2
DA:41,26922
DA:42,2491
DA:43,24431
DA:44,3275
DA:45,21156
DA:46,790
DA:47,20366
DA:48,799
DA:49,19567
DA:50,4650
DA:53,11707
DA:55,14917
DA:56,1
DA:59,1
DA:61,14916
DA:62,1543
DA:67,13373
DA:68,5667
DA:74,7706
DA:75,2307
DA:81,5399
DA:82,1801
DA:88,3598
DA:89,3085
DA:92,11252
DA:94,3085
DA:95,513
DA:96,513
DA:99,513
DA:100,513
DA:101,513
DA:105,7653
LF:53
LH:53
BRDA:9,0,0,15785
BRDA:9,0,1,31308
BRDA:19,1,0,0
BRDA:27,2,0,2
BRDA:30,3,0,2691
BRDA:30,3,1,31065
BRDA:32,4,0,3
BRDA:32,4,1,2688
BRDA:37,5,0,4141
BRDA:37,5,1,26924
BRDA:39,6,0,2
BRDA:39,6,1,26922
BRDA:41,7,0,2491
BRDA:41,7,1,24431
BRDA:43,8,0,3275
BRDA:43,8,1,21156
BRDA:45,9,0,790
BRDA:45,9,1,20366
BRDA:47,10,0,799
BRDA:47,10,1,19567
BRDA:49,11,0,4650
BRDA:49,11,1,14917
BRDA:55,12,0,1
BRDA:55,12,1,14916
BRDA:61,13,0,1543
BRDA:61,13,1,13373
BRDA:67,14,0,5667
BRDA:67,14,1,7706
BRDA:74,15,0,2307
BRDA:74,15,1,5399
BRDA:81,16,0,1801
BRDA:81,16,1,3598
BRDA:88,17,0,3085
BRDA:88,17,1,513
BRDA:95,18,0,513
BRDA:100,19,0,474
BRF:36
BRH:35
end_of_record
TN:
SF:src/json-crdt-patch/util/binary/CrdtReader.ts
FN:5,(anonymous_0)
FN:12,(anonymous_1)
FN:20,(anonymous_2)
FN:60,(anonymous_3)
FN:78,(anonymous_4)
FNF:5
FNH:5
FNDA:1016714,(anonymous_0)
FNDA:22920,(anonymous_1)
FNDA:1617775,(anonymous_2)
FNDA:32413,(anonymous_3)
FNDA:1439005,(anonymous_4)
DA:1,115
DA:4,115
DA:6,1016714
DA:7,1016714
DA:8,948086
DA:9,948086
DA:13,22920
DA:14,22920
DA:15,21127
DA:16,21127
DA:17,21127
DA:21,1617775
DA:22,1617775
DA:23,727445
DA:24,727445
DA:25,340004
DA:26,340004
DA:27,298175
DA:28,298175
DA:29,297956
DA:30,297956
DA:31,238
DA:35,297718
DA:36,297718
DA:37,979
DA:42,296739
DA:43,296739
DA:44,15853
DA:50,280886
DA:51,280886
DA:61,32413
DA:62,32413
DA:63,21896
DA:64,21896
DA:65,0
DA:66,0
DA:67,0
DA:68,0
DA:69,0
DA:70,0
DA:71,0
DA:72,0
DA:73,0
DA:74,0
DA:75,0
DA:79,1439005
DA:80,1439005
DA:81,1439005
DA:82,1439005
DA:83,264880
DA:84,264880
DA:85,89901
DA:86,89901
DA:87,13483
DA:88,13483
DA:89,13369
DA:90,114
DA:91,114
DA:92,28
DA:97,86
DA:98,86
DA:99,32
DA:105,54
DA:106,54
DA:107,32
DA:117,22
DA:118,22
LF:67
LH:56
BRDA:7,0,0,68628
BRDA:14,1,0,1793
BRDA:22,2,0,890330
BRDA:24,3,0,387441
BRDA:26,4,0,41829
BRDA:28,5,0,219
BRDA:30,6,0,238
BRDA:36,7,0,979
BRDA:43,8,0,15853
BRDA:62,9,0,10517
BRDA:64,10,0,21896
BRDA:66,11,0,0
BRDA:68,12,0,0
BRDA:70,13,0,0
BRDA:72,14,0,0
BRDA:74,15,0,0
BRDA:80,16,0,1255489
BRDA:80,16,1,183516
BRDA:82,17,0,1174125
BRDA:84,18,0,174979
BRDA:86,19,0,76418
BRDA:88,20,0,13369
BRDA:91,21,0,28
BRDA:98,22,0,32
BRDA:106,23,0,32
BRF:25
BRH:20
end_of_record
TN:
SF:src/json-crdt-patch/util/binary/CrdtWriter.ts
FN:32,(anonymous_0)
FN:67,(anonymous_1)
FN:163,(anonymous_2)
FNF:3
FNH:3
FNDA:970347,(anonymous_0)
FNDA:1252141,(anonymous_1)
FNDA:1195014,(anonymous_2)
DA:1,117
DA:3,117
DA:33,970347
DA:34,68513
DA:36,901834
DA:37,901834
DA:68,1252141
DA:69,730765
DA:70,521376
DA:71,357787
DA:72,357787
DA:73,357787
DA:74,357787
DA:75,163589
DA:76,4606
DA:77,4606
DA:78,4606
DA:79,4606
DA:80,4606
DA:81,158983
DA:82,222
DA:83,222
DA:84,222
DA:85,222
DA:86,222
DA:87,222
DA:89,158761
DA:90,158761
DA:91,158761
DA:92,158761
DA:93,241
DA:94,241
DA:95,241
DA:96,241
DA:97,241
DA:98,241
DA:99,241
DA:100,158520
DA:101,965
DA:102,965
DA:103,965
DA:104,965
DA:105,965
DA:106,965
DA:107,965
DA:108,965
DA:109,157555
DA:110,8547
DA:111,8547
DA:112,8547
DA:113,8547
DA:114,8547
DA:115,8547
DA:116,8547
DA:117,8547
DA:118,8547
DA:120,149008
DA:121,149008
DA:122,149008
DA:123,149008
DA:124,149008
DA:125,149008
DA:126,149008
DA:127,149008
DA:128,149008
DA:129,149008
DA:164,1195014
DA:165,1102784
DA:167,92230
DA:168,92230
DA:169,76513
DA:170,76513
DA:171,76513
DA:172,76513
DA:173,15717
DA:174,2190
DA:175,2190
DA:176,2190
DA:177,2190
DA:178,2190
DA:179,13527
DA:180,13399
DA:181,13399
DA:182,13399
DA:183,13399
DA:184,13399
DA:185,13399
DA:187,128
DA:188,128
DA:189,128
DA:190,128
DA:191,32
DA:192,32
DA:193,32
DA:194,32
DA:195,32
DA:196,32
DA:197,32
DA:198,96
DA:199,36
DA:200,36
DA:201,36
DA:202,36
DA:203,36
DA:204,36
DA:205,36
DA:206,36
DA:207,60
DA:208,36
DA:209,36
DA:210,36
DA:211,36
DA:212,36
DA:213,36
DA:214,36
DA:215,36
DA:216,36
DA:218,24
DA:219,24
DA:220,24
DA:221,24
DA:222,24
DA:223,24
DA:224,24
DA:225,24
DA:226,24
DA:227,24
LF:127
LH:127
BRDA:33,0,0,68513
BRDA:33,0,1,901834
BRDA:33,1,0,970347
BRDA:33,1,1,389562
BRDA:68,2,0,730765
BRDA:68,2,1,521376
BRDA:70,3,0,357787
BRDA:70,3,1,163589
BRDA:75,4,0,4606
BRDA:75,4,1,158983
BRDA:81,5,0,222
BRDA:81,5,1,158761
BRDA:90,6,0,78636
BRDA:92,7,0,241
BRDA:92,7,1,158520
BRDA:100,8,0,965
BRDA:100,8,1,157555
BRDA:109,9,0,8547
BRDA:109,9,1,149008
BRDA:164,10,0,1102784
BRDA:164,10,1,92230
BRDA:168,11,0,76513
BRDA:168,11,1,15717
BRDA:173,12,0,2190
BRDA:173,12,1,13527
BRDA:179,13,0,13399
BRDA:179,13,1,128
BRDA:188,14,0,62
BRDA:190,15,0,32
BRDA:190,15,1,96
BRDA:198,16,0,36
BRDA:198,16,1,60
BRDA:207,17,0,36
BRDA:207,17,1,24
BRF:34
BRH:34
end_of_record
TN:
SF:src/json-crdt/__bench__/util/concurrent-trace.ts
FN:7,(anonymous_0)
FN:18,(anonymous_1)
FNF:2
FNH:2
FNDA:2,(anonymous_0)
FNDA:9109,(anonymous_1)
DA:1,1
DA:2,1
DA:3,1
DA:4,1
DA:5,1
DA:7,1
DA:8,2
DA:9,2
DA:10,2
DA:11,2
DA:12,2
DA:13,2
DA:14,2
DA:15,2
DA:16,2
DA:17,2
DA:18,9109
DA:19,2
LF:18
LH:18
BRF:0
BRH:0
end_of_record
TN:
SF:src/json-crdt/__bench__/util/editors.ts
FN:15,(anonymous_0)
FN:19,(anonymous_1)
FN:23,(anonymous_2)
FN:26,(anonymous_3)
FN:27,(anonymous_4)
FN:28,(anonymous_5)
FN:35,(anonymous_6)
FN:40,(anonymous_7)
FN:43,(anonymous_8)
FN:46,(anonymous_9)
FN:47,(anonymous_10)
FN:48,(anonymous_11)
FN:49,(anonymous_12)
FN:56,(anonymous_13)
FN:60,(anonymous_14)
FN:63,(anonymous_15)
FN:66,(anonymous_16)
FN:67,(anonymous_17)
FN:68,(anonymous_18)
FN:77,(anonymous_19)
FN:84,(anonymous_20)
FN:88,(anonymous_21)
FN:91,(anonymous_22)
FN:94,(anonymous_23)
FN:95,(anonymous_24)
FN:96,(anonymous_25)
FN:97,(anonymous_26)
FN:104,(anonymous_27)
FN:106,(anonymous_28)
FN:110,(anonymous_29)
FN:111,(anonymous_30)
FN:115,(anonymous_31)
FN:116,(anonymous_32)
FN:120,(anonymous_33)
FN:121,(anonymous_34)
FN:122,(anonymous_35)
FN:123,(anonymous_36)
FN:130,(anonymous_37)
FN:132,(anonymous_38)
FN:134,(anonymous_39)
FN:135,(anonymous_40)
FN:139,(anonymous_41)
FN:140,(anonymous_42)
FN:144,(anonymous_43)
FN:145,(anonymous_44)
FN:146,(anonymous_45)
FN:147,(anonymous_46)
FN:154,(anonymous_47)
FN:157,(anonymous_48)
FN:160,(anonymous_49)
FN:163,(anonymous_50)
FN:164,(anonymous_51)
FN:165,(anonymous_52)
FN:166,(anonymous_53)
FN:173,(anonymous_54)
FN:176,(anonymous_55)
FN:179,(anonymous_56)
FN:182,(anonymous_57)
FN:183,(anonymous_58)
FN:184,(anonymous_59)
FN:191,(anonymous_60)
FN:194,(anonymous_61)
FN:197,(anonymous_62)
FN:200,(anonymous_63)
FN:201,(anonymous_64)
FN:202,(anonymous_65)
FN:209,(anonymous_66)
FN:213,(anonymous_67)
FN:216,(anonymous_68)
FN:219,(anonymous_69)
FN:220,(anonymous_70)
FN:221,(anonymous_71)
FNF:72
FNH:8
FNDA:7,(anonymous_0)
FNDA:403663,(anonymous_1)
FNDA:105602,(anonymous_2)
FNDA:7,(anonymous_3)
FNDA:0,(anonymous_4)
FNDA:0,(anonymous_5)
FNDA:7,(anonymous_6)
FNDA:403663,(anonymous_7)
FNDA:105602,(anonymous_8)
FNDA:7,(anonymous_9)
FNDA:0,(anonymous_10)
FNDA:0,(anonymous_11)
FNDA:0,(anonymous_12)
FNDA:0,(anonymous_13)
FNDA:0,(anonymous_14)
FNDA:0,(anonymous_15)
FNDA:0,(anonymous_16)
FNDA:0,(anonymous_17)
FNDA:0,(anonymous_18)
FNDA:0,(anonymous_19)
FNDA:0,(anonymous_20)
FNDA:0,(anonymous_21)
FNDA:0,(anonymous_22)
FNDA:0,(anonymous_23)
FNDA:0,(anonymous_24)
FNDA:0,(anonymous_25)
FNDA:0,(anonymous_26)
FNDA:0,(anonymous_27)
FNDA:0,(anonymous_28)
FNDA:0,(anonymous_29)
FNDA:0,(anonymous_30)
FNDA:0,(anonymous_31)
FNDA:0,(anonymous_32)
FNDA:0,(anonymous_33)
FNDA:0,(anonymous_34)
FNDA:0,(anonymous_35)
FNDA:0,(anonymous_36)
FNDA:0,(anonymous_37)
FNDA:0,(anonymous_38)
FNDA:0,(anonymous_39)
FNDA:0,(anonymous_40)
FNDA:0,(anonymous_41)
FNDA:0,(anonymous_42)
FNDA:0,(anonymous_43)
FNDA:0,(anonymous_44)
FNDA:0,(anonymous_45)
FNDA:0,(anonymous_46)
FNDA:0,(anonymous_47)
FNDA:0,(anonymous_48)
FNDA:0,(anonymous_49)
FNDA:0,(anonymous_50)
FNDA:0,(anonymous_51)
FNDA:0,(anonymous_52)
FNDA:0,(anonymous_53)
FNDA:0,(anonymous_54)
FNDA:0,(anonymous_55)
FNDA:0,(anonymous_56)
FNDA:0,(anonymous_57)
FNDA:0,(anonymous_58)
FNDA:0,(anonymous_59)
FNDA:0,(anonymous_60)
FNDA:0,(anonymous_61)
FNDA:0,(anonymous_62)
FNDA:0,(anonymous_63)
FNDA:0,(anonymous_64)
FNDA:0,(anonymous_65)
FNDA:0,(anonymous_66)
FNDA:0,(anonymous_67)
FNDA:0,(anonymous_68)
FNDA:0,(anonymous_69)
FNDA:0,(anonymous_70)
FNDA:0,(anonymous_71)
DA:1,2
DA:2,2
DA:3,2
DA:4,2
DA:5,2
DA:6,2
DA:7,2
DA:8,2
DA:9,2
DA:11,2
DA:13,2
DA:16,7
DA:17,7
DA:18,7
DA:20,403663
DA:21,403663
DA:24,105602
DA:26,7
DA:27,0
DA:28,0
DA:33,2
DA:36,7
DA:37,7
DA:38,7
DA:39,7
DA:41,403663
DA:44,105602
DA:46,7
DA:47,0
DA:48,0
DA:49,0
DA:54,2
DA:57,0
DA:58,0
DA:59,0
DA:61,0
DA:64,0
DA:66,0
DA:67,0
DA:69,0
DA:70,0
DA:71,0
DA:72,0
DA:73,0
DA:75,0
DA:77,0
DA:82,2
DA:85,0
DA:86,0
DA:87,0
DA:89,0
DA:92,0
DA:94,0
DA:95,0
DA:96,0
DA:97,0
DA:102,2
DA:105,0
DA:106,0
DA:107,0
DA:109,0
DA:111,0
DA:112,0
DA:116,0
DA:117,0
DA:120,0
DA:121,0
DA:122,0
DA:123,0
DA:128,2
DA:131,0
DA:132,0
DA:133,0
DA:135,0
DA:136,0
DA:140,0
DA:141,0
DA:144,0
DA:145,0
DA:146,0
DA:147,0
DA:152,2
DA:155,0
DA:156,0
DA:158,0
DA:161,0
DA:163,0
DA:164,0
DA:165,0
DA:166,0
DA:171,2
DA:174,0
DA:175,0
DA:177,0
DA:180,0
DA:182,0
DA:183,0
DA:184,0
DA:189,2
DA:192,0
DA:193,0
DA:195,0
DA:198,0
DA:200,0
DA:201,0
DA:202,0
DA:207,2
DA:210,0
DA:211,0
DA:212,0
DA:214,0
DA:217,0
DA:219,0
DA:220,0
DA:221,0
DA:226,2
LF:116
LH:35
BRF:0
BRH:0
end_of_record
TN:
SF:src/json-crdt/__bench__/util/execute.ts
FN:8,numberWithCommas
FN:12,(anonymous_1)
FN:33,(anonymous_2)
FN:70,(anonymous_3)
FN:83,(anonymous_4)
FN:111,(anonymous_5)
FNF:6
FNH:1
FNDA:0,numberWithCommas
FNDA:14,(anonymous_1)
FNDA:0,(anonymous_2)
FNDA:0,(anonymous_3)
FNDA:0,(anonymous_4)
FNDA:0,(anonymous_5)
DA:1,2
DA:2,2
DA:4,2
DA:9,0
DA:12,2
DA:13,14
DA:14,14
DA:15,14
DA:16,14
DA:17,14
DA:18,987642
DA:19,987642
DA:20,987642
DA:21,987642
DA:22,1004302
DA:23,1004302
DA:24,1004302
DA:25,1004302
DA:26,1004302
DA:27,1004302
DA:30,14
DA:33,2
DA:38,0
DA:39,0
DA:41,0
DA:42,0
DA:43,0
DA:44,0
DA:45,0
DA:46,0
DA:47,0
DA:48,0
DA:49,0
DA:50,0
DA:51,0
DA:52,0
DA:53,0
DA:54,0
DA:55,0
DA:57,0
DA:60,0
DA:70,0
DA:71,0
DA:83,2
DA:88,0
DA:89,0
DA:90,0
DA:91,0
DA:92,0
DA:93,0
DA:94,0
DA:95,0
DA:96,0
DA:97,0
DA:105,0
DA:106,0
DA:108,0
DA:111,2
DA:112,0
DA:113,0
LF:60
LH:23
BRDA:16,0,0,0
BRDA:26,1,0,211204
BRDA:27,2,0,807326
BRDA:36,3,0,0
BRDA:53,4,0,0
BRDA:54,5,0,0
BRDA:68,6,0,0
BRDA:68,6,1,0
BRDA:68,7,0,0
BRDA:68,7,1,0
BRF:10
BRH:2
end_of_record
TN:
SF:src/json-crdt/__bench__/util/fuzzer-traces.ts
FN:8,(anonymous_0)
FN:18,(anonymous_1)
FNF:2
FNH:2
FNDA:9,(anonymous_0)
FNDA:35531,(anonymous_1)
DA:1,1
DA:2,1
DA:3,1
DA:4,1
DA:5,1
DA:6,1
DA:8,1
DA:9,9
DA:10,9
DA:11,9
DA:12,9
DA:13,9
DA:14,9
DA:15,9
DA:16,9
DA:17,9
DA:18,35531
DA:19,9
LF:18
LH:18
BRF:0
BRH:0
end_of_record
TN:
SF:src/json-crdt/__bench__/util/traces.ts
FN:6,(anonymous_0)
FN:27,(anonymous_1)
FN:29,(anonymous_2)
FNF:3
FNH:3
FNDA:14,(anonymous_0)
FNDA:14,(anonymous_1)
FNDA:14,(anonymous_2)
DA:1,2
DA:2,2
DA:3,2
DA:6,2
DA:7,14
DA:8,14
DA:9,14
DA:10,14
DA:13,2
DA:14,2
DA:16,2
DA:26,2
DA:28,14
DA:30,14
DA:31,14
DA:32,14
DA:34,14
LF:17
LH:17
BRDA:30,0,0,14
BRF:1
BRH:1
end_of_record
TN:
SF:src/json-crdt/__tests__/fuzzer/JsonCrdtFuzzer.ts
FN:31,(anonymous_0)
FN:37,(anonymous_1)
FN:49,(anonymous_2)
FNF:3
FNH:3
FNDA:90,(anonymous_0)
FNDA:90,(anonymous_1)
FNDA:1000,(anonymous_2)
DA:1,6
DA:2,6
DA:3,6
DA:5,6
DA:6,6
DA:7,6
DA:10,6
DA:25,6
DA:29,90
DA:32,90
DA:33,90
DA:34,90
DA:39,90
DA:42,90
DA:43,90
DA:44,90
DA:45,90
DA:46,90
DA:50,1000
DA:51,1000
DA:52,1000
DA:53,1000
DA:54,1000
DA:55,1000
LF:24
LH:24
BRDA:31,0,0,10
BRDA:39,1,0,40
BRDA:39,1,1,50
BRDA:40,2,0,25
BRDA:40,2,1,15
BRDA:54,3,0,0
BRF:6
BRH:5
end_of_record
TN:
SF:src/json-crdt/__tests__/fuzzer/Picker.ts
FN:20,(anonymous_0)
FN:22,(anonymous_1)
FN:25,(anonymous_2)
FN:30,(anonymous_3)
FN:38,(anonymous_4)
FN:46,(anonymous_5)
FN:55,(anonymous_6)
FN:61,(anonymous_7)
FN:66,(anonymous_8)
FN:71,(anonymous_9)
FNF:10
FNH:10
FNDA:90,(anonymous_0)
FNDA:20974,(anonymous_1)
FNDA:923454,(anonymous_2)
FNDA:7078,(anonymous_3)
FNDA:5824,(anonymous_4)
FNDA:2923,(anonymous_5)
FNDA:289,(anonymous_6)
FNDA:5703,(anonymous_7)
FNDA:3120,(anonymous_8)
FNDA:1693,(anonymous_9)
DA:1,6
DA:2,6
DA:5,6
DA:13,6
DA:19,6
DA:20,90
DA:23,20974
DA:24,20974
DA:25,923454
DA:26,20974
DA:27,20974
DA:31,7078
DA:32,7078
DA:33,6979
DA:34,6974
DA:35,5604
DA:39,5824
DA:40,5824
DA:41,5723
DA:42,5722
DA:43,3019
DA:47,2923
DA:48,2687
DA:49,1232
DA:50,1232
DA:51,1232
DA:52,1232
DA:56,289
DA:57,237
DA:58,106
DA:62,5703
DA:63,5703
DA:67,3120
DA:68,3120
DA:72,1693
DA:73,1693
DA:74,414
DA:75,414
DA:76,412
DA:78,1279
DA:79,1279
LF:41
LH:41
BRDA:26,0,0,0
BRDA:32,1,0,99
BRDA:33,2,0,5
BRDA:34,3,0,1370
BRDA:40,4,0,101
BRDA:41,5,0,1
BRDA:42,6,0,2703
BRDA:47,7,0,236
BRDA:48,8,0,1455
BRDA:50,9,0,0
BRDA:56,10,0,52
BRDA:57,11,0,131
BRDA:57,11,1,106
BRDA:73,12,0,414
BRDA:73,12,1,1279
BRDA:75,13,0,2
BRDA:75,14,0,414
BRDA:75,14,1,23
BRF:18
BRH:16
end_of_record
TN:
SF:src/json-crdt/__tests__/fuzzer/SessionLogical.ts
FN:46,(anonymous_0)
FN:60,(anonymous_1)
FN:66,(anonymous_2)
FN:73,(anonymous_3)
FN:96,(anonymous_4)
FN:115,(anonymous_5)
FN:134,(anonymous_6)
FN:160,(anonymous_7)
FN:185,(anonymous_8)
FN:195,(anonymous_9)
FNF:10
FNH:10
FNDA:1000,(anonymous_0)
FNDA:1000,(anonymous_1)
FNDA:3504,(anonymous_2)
FNDA:20974,(anonymous_3)
FNDA:7078,(anonymous_4)
FNDA:5824,(anonymous_5)
FNDA:2923,(anonymous_6)
FNDA:289,(anonymous_7)
FNDA:334,(anonymous_8)
FNDA:1000,(anonymous_9)
DA:1,6
DA:2,6
DA:3,6
DA:4,6
DA:5,6
DA:6,6
DA:7,6
DA:8,6
DA:9,6
DA:10,6
DA:11,6
DA:12,6
DA:13,6
DA:14,6
DA:15,6
DA:18,6
DA:19,6
DA:20,6
DA:21,6
DA:22,6
DA:24,6
DA:26,6
DA:27,6
DA:28,6
DA:29,6
DA:30,6
DA:31,6
DA:32,6
DA:33,6
DA:35,6
DA:36,1000
DA:37,1000
DA:40,1000
DA:41,1000
DA:42,1000
DA:44,1000
DA:47,1000
DA:48,1000
DA:50,1000
DA:51,1000
DA:52,3504
DA:53,3504
DA:54,3504
DA:55,3504
DA:56,3504
DA:61,1000
DA:62,3504
DA:67,3504
DA:68,3504
DA:69,20974
DA:74,20974
DA:75,20974
DA:76,20974
DA:77,20974
DA:78,13896
DA:79,8072
DA:80,5149
DA:81,4860
DA:82,4526
DA:83,16448
DA:84,16448
DA:85,16448
DA:86,13367
DA:87,13367
DA:88,13367
DA:89,13367
DA:92,16448
DA:93,16448
DA:97,7078
DA:98,7078
DA:99,7078
DA:100,7078
DA:101,5703
DA:102,5703
DA:103,5703
DA:104,5703
DA:105,1375
DA:106,1375
DA:107,1375
DA:108,1375
DA:109,1375
DA:110,1375
DA:112,7078
DA:116,5824
DA:117,5824
DA:118,5824
DA:119,5824
DA:120,3120
DA:121,3120
DA:122,3120
DA:123,3120
DA:124,2704
DA:125,2704
DA:126,2704
DA:127,2704
DA:128,2704
DA:129,2704
DA:131,5824
DA:135,2923
DA:136,2923
DA:137,2923
DA:138,1691
DA:151,1691
DA:152,1691
DA:155,1232
DA:157,2923
DA:161,289
DA:162,289
DA:163,289
DA:164,289
DA:165,183
DA:166,183
DA:167,183
DA:169,131
DA:170,131
DA:172,131
DA:173,131
DA:177,106
DA:178,106
DA:179,106
DA:180,106
DA:182,289
DA:186,334
DA:188,334
DA:191,334
DA:192,334
DA:196,1000
DA:197,3504
DA:198,3504
DA:199,2610
DA:200,2610
DA:201,2610
DA:202,2610
DA:204,3504
DA:205,15132
DA:206,15132
DA:207,70963
DA:210,3504
DA:212,1000
DA:213,3504
DA:214,3504
DA:215,16448
DA:218,1000
LF:143
LH:143
BRDA:50,0,0,0
BRDA:54,1,0,0
BRDA:77,2,0,7078
BRDA:77,2,1,13896
BRDA:78,3,0,5824
BRDA:78,3,1,8072
BRDA:79,4,0,2923
BRDA:79,4,1,5149
BRDA:80,5,0,289
BRDA:80,5,1,4860
BRDA:81,6,0,334
BRDA:81,6,1,4526
BRDA:83,7,0,0
BRDA:85,8,0,13367
BRDA:86,9,0,13367
BRDA:87,10,0,6667
BRDA:88,11,0,6608
BRDA:89,12,0,6748
BRDA:93,13,0,0
BRDA:100,14,0,5703
BRDA:100,14,1,1375
BRDA:102,15,0,99
BRDA:102,15,1,5604
BRDA:103,16,0,99
BRDA:103,16,1,5604
BRDA:105,17,0,1375
BRDA:106,18,0,0
BRDA:119,19,0,3120
BRDA:119,19,1,2704
BRDA:121,20,0,101
BRDA:121,20,1,3019
BRDA:122,21,0,101
BRDA:122,21,1,3019
BRDA:124,22,0,2704
BRDA:125,23,0,0
BRDA:137,24,0,1691
BRDA:137,24,1,1232
BRDA:164,25,0,183
BRDA:164,25,1,106
BRDA:167,26,0,52
BRDA:167,26,1,131
BRDA:170,27,0,0
BRDA:170,27,1,131
BRDA:177,28,0,0
BRDA:188,29,0,295
BRDA:188,29,1,39
BRDA:198,30,0,2610
BRDA:199,31,0,1305
BRDA:200,32,0,1308
BRDA:201,33,0,1276
BRDA:202,34,0,1319
BRDA:218,35,0,0
BRF:52
BRH:43
end_of_record
TN:
SF:src/json-crdt/__tests__/fuzzer/util.ts
FN:1,(anonymous_0)
FNF:1
FNH:1
FNDA:4504,(anonymous_0)
DA:1,6
DA:2,4504
LF:2
LH:2
BRF:0
BRH:0
end_of_record
TN:
SF:src/json-crdt/codec/indexed/binary/Decoder.ts
FN:15,(anonymous_0)
FN:132,(anonymous_1)
FN:147,(anonymous_2)
FN:161,(anonymous_3)
FN:19,(anonymous_4)
FN:29,(anonymous_5)
FN:59,(anonymous_6)
FN:64,(anonymous_7)
FN:89,(anonymous_8)
FN:96,(anonymous_9)
FN:102,(anonymous_10)
FN:114,(anonymous_11)
FN:126,(anonymous_12)
FN:141,(anonymous_13)
FN:155,(anonymous_14)
FNF:15
FNH:15
FNDA:150,(anonymous_0)
FNDA:93833,(anonymous_1)
FNDA:48917,(anonymous_2)
FNDA:5723,(anonymous_3)
FNDA:1622,(anonymous_4)
FNDA:1624,(anonymous_5)
FNDA:215027,(anonymous_6)
FNDA:66549,(anonymous_7)
FNDA:23348,(anonymous_8)
FNDA:811,(anonymous_9)
FNDA:21000,(anonymous_10)
FNDA:1,(anonymous_11)
FNDA:13295,(anonymous_12)
FNDA:3516,(anonymous_13)
FNDA:4578,(anonymous_14)
DA:1,11
DA:2,11
DA:3,11
DA:5,11
DA:6,11
DA:7,11
DA:10,11
DA:16,150
DA:23,1622
DA:24,1622
DA:25,1622
DA:26,1622
DA:34,1624
DA:35,1624
DA:36,1624
DA:37,1624
DA:38,1624
DA:39,1624
DA:40,1622
DA:41,1622
DA:42,1622
DA:44,1624
DA:45,1624
DA:46,1624
DA:47,1624
DA:48,69793
DA:49,69793
DA:50,66549
DA:51,66549
DA:52,66549
DA:53,66549
DA:54,66549
DA:56,1624
DA:60,215027
DA:61,215027
DA:65,66549
DA:66,66549
DA:67,66549
DA:68,66549
DA:69,66549
DA:70,66549
DA:72,23348
DA:74,811
DA:76,21000
DA:78,1
DA:80,13295
DA:82,3516
DA:84,4578
DA:86,0
DA:90,23348
DA:91,23348
DA:92,23348
DA:93,23348
DA:97,811
DA:98,811
DA:99,811
DA:103,21000
DA:104,21000
DA:105,21000
DA:106,21000
DA:107,58164
DA:108,58164
DA:109,58164
DA:111,21000
DA:115,1
DA:116,1
DA:117,1
DA:118,1
DA:119,1
DA:120,1
DA:121,1
DA:123,1
DA:127,13295
DA:128,13295
DA:129,13295
DA:132,150
DA:133,93833
DA:134,93833
DA:135,93833
DA:136,93833
DA:137,93833
DA:138,51614
DA:142,3516
DA:143,3516
DA:144,3516
DA:147,150
DA:148,48917
DA:149,48917
DA:150,48917
DA:151,48917
DA:152,12949
DA:156,4578
DA:157,4578
DA:158,4578
DA:161,150
DA:162,5723
DA:163,5723
DA:164,5723
DA:165,5723
DA:167,4621
DA:168,5955
DA:169,4621
LF:102
LH:101
BRDA:137,0,0,42219
BRDA:151,1,0,35968
BRDA:165,2,0,1102
BRDA:165,2,1,4621
BRDA:16,3,0,150
BRDA:16,3,1,150
BRDA:21,4,0,1622
BRDA:32,5,0,0
BRDA:39,6,0,1622
BRDA:39,7,0,1624
BRDA:39,7,1,1622
BRDA:49,8,0,3244
BRDA:69,9,0,65804
BRDA:69,9,1,745
BRDA:69,10,0,680
BRDA:69,10,1,65
BRDA:69,11,0,65
BRDA:69,11,1,0
BRDA:70,12,0,23348
BRDA:70,12,1,811
BRDA:70,12,2,21000
BRDA:70,12,3,1
BRDA:70,12,4,13295
BRDA:70,12,5,3516
BRDA:70,12,6,4578
BRDA:91,13,0,23347
BRDA:91,13,1,1
BRDA:120,14,0,0
BRDA:120,14,1,1
BRF:29
BRH:26
end_of_record
TN:
SF:src/json-crdt/codec/indexed/binary/Encoder.ts
FN:14,(anonymous_0)
FN:37,(anonymous_1)
FN:104,(anonymous_2)
FN:18,(anonymous_3)
FN:33,(anonymous_4)
FN:46,(anonymous_5)
FN:57,(anonymous_6)
FN:62,(anonymous_7)
FN:70,(anonymous_8)
FN:85,(anonymous_9)
FN:94,(anonymous_10)
FN:109,(anonymous_11)
FN:125,(anonymous_12)
FN:138,(anonymous_13)
FN:154,(anonymous_14)
FNF:15
FNH:15
FNDA:151,(anonymous_0)
FNDA:66547,(anonymous_1)
FNDA:58156,(anonymous_2)
FNDA:1622,(anonymous_3)
FNDA:66547,(anonymous_4)
FNDA:66547,(anonymous_5)
FNDA:215020,(anonymous_6)
FNDA:66547,(anonymous_7)
FNDA:23347,(anonymous_8)
FNDA:813,(anonymous_9)
FNDA:20999,(anonymous_10)
FNDA:1,(anonymous_11)
FNDA:13291,(anonymous_12)
FNDA:3517,(anonymous_13)
FNDA:4579,(anonymous_14)
DA:1,12
DA:2,12
DA:3,12
DA:4,12
DA:6,12
DA:10,12
DA:15,151
DA:19,1622
DA:20,1622
DA:21,1622
DA:22,1622
DA:23,1622
DA:24,1622
DA:25,1622
DA:28,1622
DA:29,1620
DA:30,1620
DA:31,1620
DA:33,66547
DA:34,1622
DA:37,151
DA:38,66547
DA:39,66547
DA:40,66547
DA:41,66547
DA:42,66547
DA:43,66547
DA:47,66547
DA:48,43200
DA:49,42387
DA:50,21388
DA:51,21387
DA:52,8096
DA:53,4579
DA:54,0
DA:58,215020
DA:59,215020
DA:63,66547
DA:64,66547
DA:65,745
DA:66,65
DA:67,0
DA:71,23347
DA:72,23347
DA:73,23347
DA:74,23347
DA:75,23347
DA:76,1
DA:77,1
DA:79,23346
DA:80,23346
DA:82,23347
DA:86,813
DA:87,813
DA:88,813
DA:89,813
DA:90,813
DA:91,813
DA:95,20999
DA:96,20999
DA:97,20999
DA:98,20999
DA:99,20999
DA:100,20999
DA:101,20999
DA:104,151
DA:105,58156
DA:106,58156
DA:110,1
DA:111,1
DA:112,1
DA:113,1
DA:114,1
DA:115,1
DA:116,1
DA:118,1
DA:119,1
DA:122,1
DA:126,13291
DA:127,13291
DA:128,13291
DA:129,13291
DA:130,13291
DA:131,93828
DA:132,93828
DA:133,42214
DA:135,13291
DA:139,3517
DA:140,3517
DA:141,3517
DA:142,3517
DA:143,3517
DA:144,48918
DA:145,48918
DA:146,48918
DA:147,48918
DA:148,48918
DA:149,12950
DA:151,3517
DA:155,4579
DA:156,4579
DA:157,4579
DA:158,4579
DA:159,4579
DA:160,5724
DA:161,5724
DA:162,5724
DA:163,5724
DA:164,5724
DA:165,4622
DA:166,5959
DA:168,4579
LF:112
LH:110
BRDA:15,0,0,151
BRDA:15,0,1,151
BRDA:18,1,0,1620
BRDA:28,2,0,1620
BRDA:47,3,0,23347
BRDA:47,3,1,43200
BRDA:48,4,0,813
BRDA:48,4,1,42387
BRDA:49,5,0,20999
BRDA:49,5,1,21388
BRDA:50,6,0,1
BRDA:50,6,1,21387
BRDA:51,7,0,13291
BRDA:51,7,1,8096
BRDA:52,8,0,3517
BRDA:52,8,1,4579
BRDA:53,9,0,4579
BRDA:64,10,0,65802
BRDA:64,10,1,745
BRDA:65,11,0,680
BRDA:65,11,1,65
BRDA:66,12,0,65
BRDA:66,12,1,0
BRDA:75,13,0,1
BRDA:75,13,1,23346
BRDA:116,14,0,0
BRDA:116,14,1,1
BRDA:132,15,0,51614
BRDA:132,15,1,42214
BRDA:148,16,0,35968
BRDA:164,17,0,1102
BRF:31
BRH:29
end_of_record
TN:
SF:src/json-crdt/codec/sidecar/binary/Decoder.ts
FN:11,(anonymous_0)
FN:17,(anonymous_1)
FN:29,(anonymous_2)
FN:46,(anonymous_3)
FN:52,(anonymous_4)
FN:58,(anonymous_5)
FN:84,(anonymous_6)
FN:91,(anonymous_7)
FN:99,(anonymous_8)
FN:114,(anonymous_9)
FN:129,(anonymous_10)
FN:134,(anonymous_11)
FN:146,(anonymous_12)
FN:151,(anonymous_13)
FN:163,(anonymous_14)
FN:168,(anonymous_15)
FNF:16
FNH:16
FNDA:159,(anonymous_0)
FNDA:223,(anonymous_1)
FNDA:223,(anonymous_2)
FNDA:15968,(anonymous_3)
FNDA:223,(anonymous_4)
FNDA:10873,(anonymous_5)
FNDA:2190,(anonymous_6)
FNDA:433,(anonymous_7)
FNDA:3338,(anonymous_8)
FNDA:6,(anonymous_9)
FNDA:2792,(anonymous_10)
FNDA:3456,(anonymous_11)
FNDA:129,(anonymous_12)
FNDA:216,(anonymous_13)
FNDA:1985,(anonymous_14)
FNDA:1422,(anonymous_15)
DA:1,5
DA:2,5
DA:4,5
DA:5,5
DA:6,5
DA:8,5
DA:11,5
DA:14,159
DA:15,159
DA:18,223
DA:19,223
DA:20,223
DA:21,223
DA:22,223
DA:23,223
DA:24,223
DA:25,223
DA:26,223
DA:30,223
DA:31,223
DA:32,223
DA:33,223
DA:34,223
DA:35,223
DA:36,223
DA:37,223
DA:38,223
DA:39,394
DA:40,394
DA:41,394
DA:43,223
DA:47,15968
DA:48,15968
DA:49,15968
DA:53,223
DA:54,223
DA:55,223
DA:59,10873
DA:60,10873
DA:61,10873
DA:62,10873
DA:63,10873
DA:64,10873
DA:65,10873
DA:67,2190
DA:69,433
DA:71,3338
DA:73,6
DA:75,2792
DA:77,129
DA:79,1985
DA:81,0
DA:85,2190
DA:86,2190
DA:87,2190
DA:88,2190
DA:92,433
DA:93,433
DA:94,433
DA:95,433
DA:96,433
DA:100,3338
DA:101,3338
DA:102,3338
DA:103,3338
DA:104,3338
DA:105,3338
DA:106,8070
DA:107,8070
DA:108,8070
DA:110,3338
DA:111,3338
DA:115,6
DA:116,6
DA:117,6
DA:118,6
DA:119,6
DA:120,16
DA:121,16
DA:122,16
DA:123,14
DA:125,6
DA:126,6
DA:130,2792
DA:131,2792
DA:132,2792
DA:133,2792
DA:134,2792
DA:135,3456
DA:136,3456
DA:137,3456
DA:138,3356
DA:139,3356
DA:140,3356
DA:142,2792
DA:143,2792
DA:147,129
DA:148,129
DA:149,129
DA:150,129
DA:151,129
DA:152,216
DA:153,216
DA:154,216
DA:155,207
DA:156,207
DA:157,207
DA:159,129
DA:160,129
DA:164,1985
DA:165,1985
DA:166,1985
DA:167,1985
DA:168,1985
DA:169,1422
DA:170,1422
DA:171,1422
DA:172,1380
DA:173,2131
DA:174,1380
DA:176,1985
DA:177,1985
LF:122
LH:121
BRDA:55,0,0,0
BRDA:55,0,1,223
BRDA:64,1,0,10869
BRDA:64,1,1,4
BRDA:64,2,0,2
BRDA:64,2,1,2
BRDA:64,3,0,2
BRDA:64,3,1,0
BRDA:65,4,0,2190
BRDA:65,4,1,433
BRDA:65,4,2,3338
BRDA:65,4,3,6
BRDA:65,4,4,2792
BRDA:65,4,5,129
BRDA:65,4,6,1985
BRDA:86,5,0,1
BRDA:86,5,1,2189
BRDA:101,6,0,0
BRDA:101,7,0,3338
BRDA:101,7,1,3338
BRDA:103,8,0,0
BRDA:116,9,0,0
BRDA:116,10,0,6
BRDA:116,10,1,6
BRDA:122,11,0,2
BRDA:122,11,1,14
BRDA:130,12,0,0
BRDA:137,13,0,100
BRDA:147,14,0,0
BRDA:154,15,0,9
BRDA:164,16,0,0
BRDA:171,17,0,42
BRF:32
BRH:24
end_of_record
TN:
SF:src/json-crdt/codec/sidecar/binary/Encoder.ts
FN:12,(anonymous_0)
FN:50,(anonymous_1)
FN:57,(anonymous_2)
FN:20,(anonymous_3)
FN:28,(anonymous_4)
FN:39,(anonymous_5)
FN:62,(anonymous_6)
FN:68,(anonymous_7)
FN:76,(anonymous_8)
FN:87,(anonymous_9)
FN:101,(anonymous_10)
FN:107,(anonymous_11)
FN:121,(anonymous_12)
FN:135,(anonymous_13)
FN:147,(anonymous_14)
FN:159,(anonymous_15)
FNF:16
FNH:16
FNDA:159,(anonymous_0)
FNDA:618,(anonymous_1)
FNDA:15971,(anonymous_2)
FNDA:224,(anonymous_3)
FNDA:224,(anonymous_4)
FNDA:224,(anonymous_5)
FNDA:224,(anonymous_6)
FNDA:8252,(anonymous_7)
FNDA:10873,(anonymous_8)
FNDA:2190,(anonymous_9)
FNDA:433,(anonymous_10)
FNDA:3339,(anonymous_11)
FNDA:6,(anonymous_12)
FNDA:2793,(anonymous_13)
FNDA:129,(anonymous_14)
FNDA:1985,(anonymous_15)
DA:1,5
DA:2,5
DA:3,5
DA:4,5
DA:5,5
DA:8,5
DA:9,5
DA:12,5
DA:13,159
DA:14,159
DA:16,159
DA:17,159
DA:18,159
DA:21,224
DA:22,224
DA:23,224
DA:24,224
DA:25,224
DA:29,224
DA:30,224
DA:31,224
DA:32,224
DA:33,224
DA:34,224
DA:35,224
DA:36,224
DA:40,224
DA:41,224
DA:42,224
DA:43,224
DA:44,224
DA:45,224
DA:46,224
DA:47,224
DA:50,159
DA:51,618
DA:52,618
DA:53,618
DA:54,618
DA:57,159
DA:58,15971
DA:59,15971
DA:63,224
DA:64,224
DA:65,224
DA:69,8252
DA:70,8252
DA:71,4
DA:72,2
DA:73,0
DA:78,10873
DA:79,8685
DA:80,8252
DA:81,5459
DA:82,2120
DA:83,2114
DA:84,129
DA:88,2190
DA:89,2190
DA:90,2190
DA:91,2190
DA:92,1
DA:93,1
DA:94,1
DA:96,2189
DA:97,2189
DA:102,433
DA:103,433
DA:104,433
DA:108,3339
DA:109,3339
DA:110,3339
DA:111,3339
DA:112,3339
DA:113,3339
DA:114,3339
DA:115,8071
DA:116,8071
DA:117,8071
DA:122,6
DA:123,6
DA:124,6
DA:125,6
DA:126,6
DA:127,6
DA:128,6
DA:129,16
DA:130,16
DA:131,14
DA:136,2793
DA:137,2793
DA:138,2793
DA:139,2793
DA:140,2793
DA:141,2793
DA:142,3457
DA:143,3457
DA:148,129
DA:149,129
DA:150,129
DA:151,129
DA:152,129
DA:153,129
DA:154,216
DA:155,216
DA:160,1985
DA:161,1985
DA:162,1985
DA:163,1985
DA:164,1985
DA:165,1985
DA:166,1985
DA:167,1422
DA:168,1422
DA:169,1422
DA:170,1422
DA:171,1422
DA:172,1380
DA:173,1380
DA:174,2131
LF:120
LH:119
BRDA:64,0,0,0
BRDA:64,0,1,224
BRDA:70,1,0,8248
BRDA:70,1,1,4
BRDA:71,2,0,2
BRDA:71,2,1,2
BRDA:72,3,0,2
BRDA:72,3,1,0
BRDA:78,4,0,2188
BRDA:78,4,1,8685
BRDA:79,5,0,433
BRDA:79,5,1,8252
BRDA:80,6,0,2793
BRDA:80,6,1,5459
BRDA:81,7,0,3339
BRDA:81,7,1,2120
BRDA:82,8,0,6
BRDA:82,8,1,2114
BRDA:83,9,0,1985
BRDA:83,9,1,129
BRDA:84,10,0,129
BRDA:91,11,0,1
BRDA:91,11,1,2189
BRDA:130,12,0,2
BRDA:130,12,1,14
BRDA:171,13,0,1380
BRF:26
BRH:24
end_of_record
TN:
SF:src/json-crdt/codec/structural/binary/Decoder.ts
FN:15,(anonymous_0)
FN:151,(anonymous_1)
FN:165,(anonymous_2)
FN:180,(anonymous_3)
FN:19,(anonymous_4)
FN:42,(anonymous_5)
FN:59,(anonymous_6)
FN:70,(anonymous_7)
FN:76,(anonymous_8)
FN:101,(anonymous_9)
FN:109,(anonymous_10)
FN:117,(anonymous_11)
FN:124,(anonymous_12)
FN:129,(anonymous_13)
FN:144,(anonymous_14)
FN:158,(anonymous_15)
FN:173,(anonymous_16)
FNF:17
FNH:17
FNDA:393,(anonymous_0)
FNDA:367368,(anonymous_1)
FNDA:162431,(anonymous_2)
FNDA:18149,(anonymous_3)
FNDA:5743,(anonymous_4)
FNDA:5379,(anonymous_5)
FNDA:807219,(anonymous_6)
FNDA:5743,(anonymous_7)
FNDA:259269,(anonymous_8)
FNDA:99693,(anonymous_9)
FNDA:4483,(anonymous_10)
FNDA:79163,(anonymous_11)
FNDA:229198,(anonymous_12)
FNDA:6,(anonymous_13)
FNDA:49821,(anonymous_14)
FNDA:14529,(anonymous_15)
FNDA:11574,(anonymous_16)
DA:1,95
DA:2,95
DA:3,95
DA:4,95
DA:5,95
DA:6,95
DA:10,95
DA:13,393
DA:16,393
DA:20,5743
DA:21,5743
DA:22,5743
DA:23,5743
DA:24,5743
DA:25,5743
DA:26,364
DA:27,364
DA:28,364
DA:30,5379
DA:31,5379
DA:32,5371
DA:33,5371
DA:36,5743
DA:37,5743
DA:38,5743
DA:39,5743
DA:43,5379
DA:44,5379
DA:45,5379
DA:46,5379
DA:47,5379
DA:48,5379
DA:49,5379
DA:50,5379
DA:51,5379
DA:52,97807
DA:53,97807
DA:54,97807
DA:56,5379
DA:60,807219
DA:61,807219
DA:62,807219
DA:63,784609
DA:64,784609
DA:66,22610
DA:71,5743
DA:72,5743
DA:73,5743
DA:77,259269
DA:78,259269
DA:79,259269
DA:80,259269
DA:81,259269
DA:82,259269
DA:84,99693
DA:86,4483
DA:88,79163
DA:90,6
DA:92,49821
DA:94,14529
DA:96,11574
DA:98,0
DA:102,99693
DA:103,99693
DA:104,99693
DA:105,99693
DA:106,99693
DA:110,4483
DA:111,4483
DA:112,4483
DA:113,4483
DA:114,4483
DA:118,79163
DA:119,229198
DA:120,79163
DA:121,79163
DA:125,229198
DA:126,229198
DA:130,6
DA:131,6
DA:132,6
DA:133,6
DA:134,15
DA:135,15
DA:136,1
DA:137,1
DA:138,14
DA:140,6
DA:141,6
DA:145,49821
DA:146,49821
DA:147,49821
DA:148,49821
DA:151,393
DA:152,367368
DA:153,367368
DA:154,367368
DA:155,207154
DA:159,14529
DA:160,14529
DA:161,14529
DA:162,14529
DA:165,393
DA:166,162431
DA:167,162431
DA:168,162431
DA:169,162431
DA:170,49308
DA:174,11574
DA:175,11574
DA:176,11574
DA:177,11574
DA:180,393
DA:181,18149
DA:182,18149
DA:183,18149
DA:184,14169
DA:185,19901
DA:186,14169
LF:119
LH:118
BRDA:154,0,0,160214
BRDA:169,1,0,113123
BRDA:183,2,0,3980
BRDA:25,3,0,364
BRDA:25,3,1,5379
BRDA:28,4,0,364
BRDA:31,5,0,5371
BRDA:62,6,0,784609
BRDA:62,6,1,22610
BRDA:73,7,0,70
BRDA:73,7,1,5673
BRDA:82,8,0,99693
BRDA:82,8,1,4483
BRDA:82,8,2,79163
BRDA:82,8,3,6
BRDA:82,8,4,49821
BRDA:82,8,5,14529
BRDA:82,8,6,11574
BRDA:88,9,0,79155
BRDA:88,9,1,8
BRDA:90,10,0,6
BRDA:90,10,1,0
BRDA:92,11,0,48752
BRDA:92,11,1,1069
BRDA:94,12,0,13462
BRDA:94,12,1,1067
BRDA:96,13,0,11574
BRDA:96,13,1,0
BRDA:103,14,0,99691
BRDA:103,14,1,2
BRDA:135,15,0,1
BRDA:135,15,1,14
BRDA:146,16,0,49669
BRDA:160,17,0,14396
BRDA:175,18,0,8280
BRF:35
BRH:33
end_of_record
TN:
SF:src/json-crdt/codec/structural/binary/Encoder.ts
FN:15,(anonymous_0)
FN:59,(anonymous_1)
FN:66,(anonymous_2)
FN:71,(anonymous_3)
FN:128,(anonymous_4)
FN:19,(anonymous_5)
FN:28,(anonymous_6)
FN:40,(anonymous_7)
FN:48,(anonymous_8)
FN:77,(anonymous_9)
FN:83,(anonymous_10)
FN:92,(anonymous_11)
FN:103,(anonymous_12)
FN:115,(anonymous_13)
FN:121,(anonymous_14)
FN:133,(anonymous_15)
FN:146,(anonymous_16)
FN:157,(anonymous_17)
FN:172,(anonymous_18)
FNF:19
FNH:19
FNDA:396,(anonymous_0)
FNDA:97348,(anonymous_1)
FNDA:738246,(anonymous_2)
FNDA:22624,(anonymous_3)
FNDA:221094,(anonymous_4)
FNDA:5752,(anonymous_5)
FNDA:5386,(anonymous_6)
FNDA:366,(anonymous_7)
FNDA:5386,(anonymous_8)
FNDA:5752,(anonymous_9)
FNDA:150539,(anonymous_10)
FNDA:251099,(anonymous_11)
FNDA:96082,(anonymous_12)
FNDA:4478,(anonymous_13)
FNDA:76475,(anonymous_14)
FNDA:9,(anonymous_15)
FNDA:48577,(anonymous_16)
FNDA:13919,(anonymous_17)
FNDA:11559,(anonymous_18)
DA:1,95
DA:2,95
DA:3,95
DA:4,95
DA:5,95
DA:10,95
DA:11,396
DA:12,396
DA:16,396
DA:20,5752
DA:21,5752
DA:22,5752
DA:23,5752
DA:24,5386
DA:25,5752
DA:29,5386
DA:30,5386
DA:31,5386
DA:32,5386
DA:33,5386
DA:34,5386
DA:35,5386
DA:36,5386
DA:37,5386
DA:41,366
DA:42,366
DA:43,366
DA:44,366
DA:45,366
DA:49,5386
DA:50,5386
DA:51,5386
DA:52,5386
DA:53,5386
DA:54,5386
DA:55,5386
DA:56,5386
DA:59,396
DA:60,97348
DA:61,97348
DA:62,97348
DA:63,97348
DA:66,396
DA:67,738246
DA:68,738246
DA:71,396
DA:72,22624
DA:75,396
DA:78,5752
DA:79,5752
DA:80,5679
DA:84,150539
DA:85,150539
DA:87,2142
DA:88,2142
DA:94,251099
DA:95,155017
DA:96,150539
DA:97,101962
DA:98,25487
DA:99,25478
DA:100,13919
DA:104,96082
DA:105,96082
DA:106,96082
DA:107,3
DA:108,3
DA:110,96079
DA:111,96079
DA:116,4478
DA:117,4478
DA:118,4478
DA:122,76475
DA:123,76475
DA:124,76475
DA:125,76475
DA:128,396
DA:129,221094
DA:130,221094
DA:134,9
DA:135,9
DA:136,9
DA:137,9
DA:138,9
DA:139,9
DA:140,24
DA:141,24
DA:142,22
DA:147,48577
DA:148,48577
DA:149,48577
DA:150,48577
DA:151,334158
DA:152,334158
DA:153,156786
DA:158,13919
DA:159,13919
DA:160,13919
DA:161,13919
DA:162,13919
DA:163,157588
DA:164,157588
DA:165,157588
DA:166,157588
DA:167,157588
DA:168,47676
DA:173,11559
DA:174,11559
DA:175,11559
DA:176,11559
DA:177,11559
DA:178,11559
DA:179,18022
DA:180,18022
DA:181,18022
DA:182,18022
DA:183,18022
DA:184,14092
DA:185,19826
LF:119
LH:119
BRDA:16,0,0,396
BRDA:16,0,1,396
BRDA:23,1,0,366
BRDA:23,1,1,5386
BRDA:79,2,0,73
BRDA:79,2,1,5679
BRDA:85,3,0,148397
BRDA:85,3,1,2142
BRDA:94,4,0,96082
BRDA:94,4,1,155017
BRDA:95,5,0,4478
BRDA:95,5,1,150539
BRDA:96,6,0,48577
BRDA:96,6,1,101962
BRDA:97,7,0,76475
BRDA:97,7,1,25487
BRDA:98,8,0,9
BRDA:98,8,1,25478
BRDA:99,9,0,11559
BRDA:99,9,1,13919
BRDA:100,10,0,13919
BRDA:106,11,0,3
BRDA:106,11,1,96079
BRDA:141,12,0,2
BRDA:141,12,1,22
BRDA:152,13,0,177372
BRDA:152,13,1,156786
BRDA:167,14,0,109912
BRDA:183,15,0,3930
BRF:29
BRH:29
end_of_record
TN:
SF:src/json-crdt/codec/structural/binary/ViewDecoder.ts
FN:8,(anonymous_0)
FN:12,(anonymous_1)
FN:26,(anonymous_2)
FN:31,(anonymous_3)
FN:37,(anonymous_4)
FN:63,(anonymous_5)
FN:67,(anonymous_6)
FN:77,(anonymous_7)
FN:90,(anonymous_8)
FN:100,(anonymous_9)
FN:121,(anonymous_10)
FN:130,(anonymous_11)
FNF:12
FNH:12
FNDA:287,(anonymous_0)
FNDA:404,(anonymous_1)
FNDA:34206,(anonymous_2)
FNDA:404,(anonymous_3)
FNDA:21992,(anonymous_4)
FNDA:4530,(anonymous_5)
FNDA:7152,(anonymous_6)
FNDA:3,(anonymous_7)
FNDA:5646,(anonymous_8)
FNDA:368,(anonymous_9)
FNDA:3833,(anonymous_10)
FNDA:2658,(anonymous_11)
DA:1,5
DA:2,5
DA:5,5
DA:6,287
DA:9,287
DA:13,404
DA:14,404
DA:15,404
DA:16,404
DA:17,404
DA:18,141
DA:19,141
DA:21,263
DA:23,404
DA:27,34206
DA:28,11286
DA:32,404
DA:33,404
DA:34,404
DA:38,21992
DA:39,21992
DA:40,21992
DA:41,21992
DA:42,21992
DA:43,21992
DA:44,21992
DA:46,4530
DA:48,460
DA:50,3
DA:52,7152
DA:54,5646
DA:56,368
DA:58,3833
DA:60,0
DA:64,4530
DA:68,7152
DA:69,7152
DA:70,17482
DA:71,17482
DA:72,17482
DA:74,7152
DA:78,3
DA:79,3
DA:80,3
DA:81,9
DA:82,9
DA:83,1
DA:84,1
DA:85,8
DA:87,3
DA:91,5646
DA:92,5646
DA:93,8697
DA:94,8697
DA:95,8697
DA:97,5646
DA:101,368
DA:102,368
DA:103,368
DA:104,368
DA:105,858
DA:106,858
DA:107,858
DA:108,766
DA:109,766
DA:111,368
DA:112,368
DA:113,368
DA:114,766
DA:115,766
DA:116,766
DA:118,368
DA:122,3833
DA:123,3833
DA:124,2658
DA:125,2658
DA:127,3833
DA:131,2658
DA:132,2658
DA:133,2658
DA:134,113
DA:136,2545
DA:137,3639
DA:138,2545
LF:84
LH:83
BRDA:17,0,0,141
BRDA:17,0,1,263
BRDA:27,1,0,22920
BRDA:27,1,1,11286
BRDA:34,2,0,1
BRDA:34,2,1,403
BRDA:43,3,0,21988
BRDA:43,3,1,4
BRDA:44,4,0,4530
BRDA:44,4,1,460
BRDA:44,4,2,3
BRDA:44,4,3,7152
BRDA:44,4,4,5646
BRDA:44,4,5,368
BRDA:44,4,6,3833
BRDA:64,5,0,4529
BRDA:64,5,1,1
BRDA:72,6,0,16801
BRDA:82,7,0,1
BRDA:82,7,1,8
BRDA:95,8,0,8183
BRDA:107,9,0,92
BRDA:125,10,0,2545
BRDA:125,11,0,2658
BRDA:125,11,1,2545
BRDA:133,12,0,113
BRDA:133,12,1,2545
BRF:27
BRH:27
end_of_record
TN:
SF:src/json-crdt/codec/structural/binary/shared.ts
FNF:0
FNH:0
DA:1,95
DA:2,95
DA:4,95
DA:5,95
LF:4
LH:4
BRF:0
BRH:0
end_of_record
TN:
SF:src/json-crdt/codec/structural/compact/Decoder.ts
FN:12,(anonymous_0)
FN:28,(anonymous_1)
FN:41,(anonymous_2)
FN:61,(anonymous_3)
FN:74,(anonymous_4)
FN:82,(anonymous_5)
FN:97,(anonymous_6)
FN:115,(anonymous_7)
FN:121,(anonymous_8)
FN:132,(anonymous_9)
FN:138,(anonymous_10)
FN:149,(anonymous_11)
FN:155,(anonymous_12)
FN:160,(anonymous_13)
FNF:14
FNH:14
FNDA:2489,(anonymous_0)
FNDA:281053,(anonymous_1)
FNDA:111859,(anonymous_2)
FNDA:31866,(anonymous_3)
FNDA:1928,(anonymous_4)
FNDA:35890,(anonymous_5)
FNDA:6,(anonymous_6)
FNDA:25114,(anonymous_7)
FNDA:106135,(anonymous_8)
FNDA:3998,(anonymous_9)
FNDA:51525,(anonymous_10)
FNDA:13057,(anonymous_11)
FNDA:11532,(anonymous_12)
FNDA:14147,(anonymous_13)
DA:1,19
DA:2,19
DA:3,19
DA:4,19
DA:8,19
DA:13,2489
DA:14,2489
DA:15,2489
DA:16,313
DA:18,2176
DA:20,2489
DA:23,2489
DA:24,2489
DA:25,2489
DA:29,281053
DA:30,22657
DA:32,258396
DA:33,258396
DA:34,258396
DA:36,0
DA:42,111859
DA:44,31866
DA:46,1928
DA:48,35890
DA:50,6
DA:52,25114
DA:54,3998
DA:56,13057
DA:58,0
DA:62,31866
DA:63,31866
DA:64,31866
DA:65,8287
DA:66,8287
DA:67,2
DA:69,31866
DA:70,31866
DA:71,31866
DA:75,1928
DA:76,1928
DA:77,1928
DA:78,1928
DA:79,1928
DA:83,35890
DA:84,35890
DA:85,35890
DA:86,35890
DA:87,35890
DA:88,35890
DA:89,93294
DA:90,93294
DA:91,93294
DA:93,35890
DA:94,35890
DA:98,6
DA:99,6
DA:100,6
DA:101,6
DA:102,6
DA:103,6
DA:104,18
DA:105,18
DA:107,16
DA:108,16
DA:111,6
DA:112,6
DA:116,25114
DA:117,25114
DA:118,25114
DA:119,25114
DA:120,25114
DA:121,25114
DA:122,106135
DA:123,106135
DA:124,106135
DA:125,106135
DA:126,57392
DA:128,25114
DA:129,25114
DA:133,3998
DA:134,3998
DA:135,3998
DA:136,3998
DA:137,3998
DA:138,3998
DA:139,51525
DA:140,51525
DA:141,51525
DA:142,51525
DA:143,13735
DA:145,3998
DA:146,3998
DA:150,13057
DA:151,13057
DA:152,13057
DA:153,13057
DA:154,13057
DA:155,13057
DA:156,11532
DA:157,11532
DA:158,11532
DA:159,11532
DA:160,14147
DA:161,10400
DA:163,13057
DA:164,13057
LF:106
LH:104
BRDA:15,0,0,313
BRDA:15,0,1,2176
BRDA:20,1,0,313
BRDA:20,1,1,2176
BRDA:23,2,0,2474
BRDA:23,2,1,15
BRDA:29,3,0,22657
BRDA:29,3,1,258396
BRDA:33,4,0,258396
BRDA:33,4,1,0
BRDA:42,5,0,31866
BRDA:42,5,1,1928
BRDA:42,5,2,35890
BRDA:42,5,3,6
BRDA:42,5,4,25114
BRDA:42,5,5,3998
BRDA:42,5,6,13057
BRDA:64,6,0,8287
BRDA:66,7,0,8285
BRDA:66,7,1,2
BRDA:105,8,0,2
BRDA:105,8,1,16
BRDA:125,9,0,48743
BRDA:142,10,0,37790
BRDA:159,11,0,1132
BRF:25
BRH:24
end_of_record
TN:
SF:src/json-crdt/codec/structural/compact/Encoder.ts
FN:14,(anonymous_0)
FN:30,(anonymous_1)
FN:43,(anonymous_2)
FN:55,(anonymous_3)
FN:57,(anonymous_4)
FN:62,(anonymous_5)
FN:79,(anonymous_6)
FN:99,(anonymous_7)
FN:109,(anonymous_8)
FN:119,(anonymous_9)
FN:124,(anonymous_10)
FNF:11
FNH:11
FNDA:2491,(anonymous_0)
FNDA:284674,(anonymous_1)
FNDA:114232,(anonymous_2)
FNDA:36715,(anonymous_3)
FNDA:95666,(anonymous_4)
FNDA:6,(anonymous_5)
FNDA:13057,(anonymous_6)
FNDA:25548,(anonymous_7)
FNDA:4216,(anonymous_8)
FNDA:1928,(anonymous_9)
FNDA:32762,(anonymous_10)
DA:1,18
DA:2,18
DA:3,18
DA:9,18
DA:15,2491
DA:16,2491
DA:17,2491
DA:18,2491
DA:19,315
DA:21,2176
DA:22,2176
DA:24,2491
DA:25,2491
DA:26,2491
DA:27,2491
DA:31,284674
DA:33,0
DA:35,22660
DA:37,262014
DA:38,262014
DA:45,114232
DA:46,77517
DA:47,64460
DA:48,38912
DA:49,36984
DA:50,36978
DA:51,4216
DA:52,0
DA:56,36715
DA:57,95666
DA:58,36715
DA:59,36715
DA:63,6
DA:64,6
DA:65,6
DA:66,6
DA:67,6
DA:68,18
DA:69,18
DA:71,16
DA:72,16
DA:75,6
DA:76,6
DA:80,13057
DA:81,13057
DA:82,13057
DA:83,11532
DA:84,11532
DA:85,11532
DA:86,11532
DA:87,1132
DA:89,10400
DA:90,10400
DA:91,14147
DA:92,10400
DA:95,13057
DA:96,13057
DA:100,25548
DA:101,25548
DA:102,106888
DA:105,25548
DA:106,25548
DA:110,4216
DA:111,4216
DA:112,52020
DA:115,4216
DA:116,4216
DA:120,1928
DA:121,1928
DA:125,32762
DA:126,32762
DA:127,32762
DA:128,2
DA:129,2
DA:130,2
DA:131,32760
DA:132,8517
DA:133,8517
DA:135,32762
LF:79
LH:77
BRDA:18,0,0,315
BRDA:18,0,1,2176
BRDA:25,1,0,16
BRDA:25,1,1,2475
BRDA:26,2,0,315
BRDA:26,2,1,2176
BRDA:31,3,0,0
BRDA:31,3,1,22660
BRDA:31,3,2,262014
BRDA:45,4,0,36715
BRDA:45,4,1,77517
BRDA:46,5,0,13057
BRDA:46,5,1,64460
BRDA:47,6,0,25548
BRDA:47,6,1,38912
BRDA:48,7,0,1928
BRDA:48,7,1,36984
BRDA:49,8,0,6
BRDA:49,8,1,36978
BRDA:50,9,0,32762
BRDA:50,9,1,4216
BRDA:51,10,0,4216
BRDA:69,11,0,2
BRDA:69,11,1,16
BRDA:86,12,0,1132
BRDA:86,12,1,10400
BRDA:102,13,0,48806
BRDA:102,13,1,58082
BRDA:112,14,0,37820
BRDA:112,14,1,14200
BRDA:127,15,0,2
BRDA:127,15,1,32760
BRDA:131,16,0,8517
BRF:33
BRH:32
end_of_record
TN:
SF:src/json-crdt/codec/structural/compact-binary/Decoder.ts
FN:5,(anonymous_0)
FN:8,(anonymous_1)
FNF:2
FNH:2
FNDA:215,(anonymous_0)
FNDA:369,(anonymous_1)
DA:1,5
DA:2,5
DA:5,5
DA:6,215
DA:9,369
DA:10,369
DA:11,369
LF:7
LH:7
BRF:0
BRH:0
end_of_record
TN:
SF:src/json-crdt/codec/structural/compact-binary/Encoder.ts
FN:5,(anonymous_0)
FN:8,(anonymous_1)
FNF:2
FNH:2
FNDA:214,(anonymous_0)
FNDA:369,(anonymous_1)
DA:1,5
DA:2,5
DA:5,5
DA:6,214
DA:9,369
DA:10,369
DA:11,369
LF:7
LH:7
BRF:0
BRH:0
end_of_record
TN:
SF:src/json-crdt/codec/structural/verbose/Decoder.ts
[...]
DA:98,421347
DA:99,421347
DA:100,421347
DA:101,355213
DA:102,167125
DA:103,421347
DA:106,104
DA:107,303142
DA:108,303142
DA:109,303142
DA:110,303142
DA:111,303142
DA:112,303142
DA:113,303142
DA:114,303142
DA:115,303142
DA:116,303142
DA:117,303142
DA:118,303142
DA:119,303142
DA:120,252992
DA:121,131916
DA:122,303142
LF:101
LH:99
BRDA:5,0,0,5
BRDA:8,1,0,2
BRDA:9,2,0,0
BRDA:9,2,1,2
BRDA:14,3,0,2
BRDA:14,3,1,2
BRDA:15,4,0,0
BRDA:15,4,1,2
BRDA:21,5,0,1
BRDA:21,5,1,1
BRDA:27,6,0,4
BRDA:37,7,0,134790
BRDA:46,8,0,134864
BRDA:60,9,0,363078
BRDA:61,10,0,382344
BRDA:62,11,0,83657
BRDA:62,11,1,412913
BRDA:63,12,0,173383
BRDA:63,12,1,239530
BRDA:79,13,0,326481
BRDA:80,14,0,381979
BRDA:81,15,0,76920
BRDA:81,15,1,318914
BRDA:82,16,0,195082
BRDA:82,16,1,123832
BRDA:98,17,0,308807
BRDA:99,18,0,349344
BRDA:100,19,0,66134
BRDA:100,19,1,355213
BRDA:101,20,0,188088
BRDA:101,20,1,167125
BRDA:117,21,0,290863
BRDA:118,22,0,303141
BRDA:119,23,0,50150
BRDA:119,23,1,252992
BRDA:120,24,0,121076
BRDA:120,24,1,131916
BRF:37
BRH:35
end_of_record
TN:
SF:src/util/trees/splay/util2.ts
FN:3,(anonymous_0)
FN:30,(anonymous_1)
FN:39,(anonymous_2)
FN:48,(anonymous_3)
FN:67,(anonymous_4)
FN:86,(anonymous_5)
FN:105,(anonymous_6)
FNF:7
FNH:7
FNDA:7452751,(anonymous_0)
FNDA:399937,(anonymous_1)
FNDA:555315,(anonymous_2)
FNDA:1424838,(anonymous_3)
FNDA:1546277,(anonymous_4)
FNDA:1191939,(anonymous_5)
FNDA:1114664,(anonymous_6)
DA:3,102
DA:4,7452751
DA:5,7452751
DA:6,6232970
DA:7,6232970
DA:8,6232970
DA:9,955252
DA:10,555315
DA:11,955252
DA:13,5277718
DA:14,5277718
DA:15,2738216
DA:16,1546277
DA:18,1191939
DA:21,2539502
DA:22,1114664
DA:24,1424838
DA:27,5277718
DA:30,102
DA:31,399937
DA:32,399937
DA:33,399937
DA:34,399937
DA:35,399937
DA:36,399937
DA:39,102
DA:40,555315
DA:41,555315
DA:42,555315
DA:43,555315
DA:44,555315
DA:45,555315
DA:48,102
DA:49,1424838
DA:50,1424838
DA:51,1424838
DA:52,1424838
DA:53,1424838
DA:54,1424838
DA:55,1424838
DA:56,1424838
DA:57,1424838
DA:58,1424838
DA:59,1424838
DA:60,1424838
DA:61,1424838
DA:62,1185598
DA:63,727334
DA:64,1424838
DA:67,102
DA:68,1546277
DA:69,1546277
DA:70,1546277
DA:71,1546277
DA:72,1546277
DA:73,1546277
DA:74,1546277
DA:75,1546277
DA:76,1546277
DA:77,1546277
DA:78,1546277
DA:79,1546277
DA:80,1546277
DA:81,1330283
DA:82,513783
DA:83,1546277
DA:86,102
DA:87,1191939
DA:88,1191939
DA:89,1191939
DA:90,1191939
DA:91,1191939
DA:92,1191939
DA:93,1191939
DA:94,1191939
DA:95,1191939
DA:96,1191939
DA:97,1191939
DA:98,1191939
DA:99,1191939
DA:100,896997
DA:101,399197
DA:102,1191939
DA:105,102
DA:106,1114664
DA:107,1114664
DA:108,1114664
DA:109,1114664
DA:110,1114664
DA:111,1114664
DA:112,1114664
DA:113,1114664
DA:114,1114664
DA:115,1114664
DA:116,1114664
DA:117,1114664
DA:118,1114664
DA:119,871572
DA:120,442242
DA:121,1114664
LF:100
LH:100
BRDA:5,0,0,1219781
BRDA:8,1,0,955252
BRDA:9,2,0,399937
BRDA:9,2,1,555315
BRDA:14,3,0,2738216
BRDA:14,3,1,2539502
BRDA:15,4,0,1546277
BRDA:15,4,1,1191939
BRDA:21,5,0,1114664
BRDA:21,5,1,1424838
BRDA:36,6,0,323600
BRDA:45,7,0,320938
BRDA:59,8,0,851012
BRDA:60,9,0,870422
BRDA:61,10,0,239240
BRDA:61,10,1,1185598
BRDA:62,11,0,458264
BRDA:62,11,1,727334
BRDA:78,12,0,964102
BRDA:79,13,0,999644
BRDA:80,14,0,215994
BRDA:80,14,1,1330283
BRDA:81,15,0,816500
BRDA:81,15,1,513783
BRDA:97,16,0,620596
BRDA:98,17,0,620346
BRDA:99,18,0,294942
BRDA:99,18,1,896997
BRDA:100,19,0,497800
BRDA:100,19,1,399197
BRDA:116,20,0,655504
BRDA:117,21,0,593346
BRDA:118,22,0,243092
BRDA:118,22,1,871572
BRDA:119,23,0,429330
BRDA:119,23,1,442242
BRF:36
BRH:36
end_of_record
TN:
SF:src/util/trees/trie/TrieNode.ts
FN:12,(anonymous_0)
FN:17,(anonymous_1)
FN:27,(anonymous_2)
FN:31,(anonymous_3)
FNF:4
FNH:3
FNDA:285,(anonymous_0)
FNDA:152,(anonymous_1)
FNDA:10,(anonymous_2)
FNDA:0,(anonymous_3)
DA:1,8
DA:2,8
DA:6,8
DA:7,285
DA:8,285
DA:9,285
DA:10,285
DA:13,285
DA:14,285
DA:18,152
DA:19,152
DA:20,152
DA:21,63
DA:22,63
DA:23,63
DA:28,10
DA:32,0
LF:17
LH:16
BRDA:31,0,0,0
BRF:1
BRH:0
end_of_record
TN:
SF:src/web3/constants.ts
FNF:0
FNH:0
DA:4,8
LF:1
LH:1
BRDA:4,0,0,0
BRDA:4,0,1,8
BRDA:4,1,0,8
BRDA:4,1,1,8
BRDA:4,2,0,0
BRDA:4,2,1,8
BRDA:4,3,0,8
BRDA:4,3,1,8
BRF:8
BRH:6
end_of_record
TN:
SF:src/web3/adl/feed-crdt/Feed.ts
FN:25,(anonymous_1)
FN:48,(anonymous_3)
FN:96,(anonymous_4)
FN:160,(anonymous_6)
FN:311,(anonymous_7)
FN:312,(anonymous_8)
FN:313,(anonymous_9)
FN:316,(anonymous_10)
FN:318,(anonymous_11)
FN:164,(anonymous_12)
FN:168,(anonymous_13)
FN:172,(anonymous_15)
FN:183,(anonymous_16)
FN:204,(anonymous_18)
FN:214,(anonymous_19)
FN:219,(anonymous_20)
FN:227,(anonymous_21)
FN:235,(anonymous_23)
FN:247,(anonymous_25)
FN:251,(anonymous_26)
FN:273,(anonymous_27)
FN:227,(anonymous_30)
FN:235,(anonymous_32)
FN:273,(anonymous_34)
FNF:24
FNH:18
FNDA:10,(anonymous_1)
FNDA:10,(anonymous_3)
FNDA:10,(anonymous_4)
FNDA:49,(anonymous_6)
FNDA:0,(anonymous_7)
FNDA:0,(anonymous_8)
FNDA:0,(anonymous_9)
FNDA:42,(anonymous_10)
FNDA:441,(anonymous_11)
FNDA:30,(anonymous_12)
FNDA:10,(anonymous_13)
FNDA:29,(anonymous_15)
FNDA:3,(anonymous_16)
FNDA:389,(anonymous_18)
FNDA:5,(anonymous_19)
FNDA:5,(anonymous_20)
FNDA:29,(anonymous_21)
FNDA:42,(anonymous_23)
FNDA:52,(anonymous_25)
FNDA:76,(anonymous_26)
FNDA:267,(anonymous_27)
FNDA:0,(anonymous_30)
FNDA:0,(anonymous_32)
FNDA:0,(anonymous_34)
DA:1,2
DA:2,2
DA:3,2
DA:4,2
DA:5,2
DA:6,2
DA:8,2
DA:24,2
DA:31,10
DA:32,10
DA:33,10
DA:34,10
DA:35,10
DA:36,22
DA:37,22
DA:38,22
DA:39,22
DA:40,22
DA:41,22
DA:42,22
DA:43,22
DA:45,10
DA:49,10
DA:50,10
DA:51,13
DA:52,13
DA:53,10
DA:54,10
DA:55,34
DA:56,6
DA:57,6
DA:59,28
DA:60,4
DA:61,4
DA:63,24
DA:64,24
DA:65,0
DA:66,0
DA:67,0
DA:69,24
DA:70,24
DA:71,0
DA:72,0
DA:73,0
DA:75,24
DA:76,24
DA:77,24
DA:78,24
DA:79,3
DA:80,3
DA:81,3
DA:82,3
DA:83,21
DA:84,15
DA:85,15
DA:86,15
DA:88,6
DA:89,6
DA:90,6
DA:93,10
DA:101,10
DA:102,10
DA:103,10
DA:104,10
DA:105,10
DA:106,2
DA:107,5
DA:108,5
DA:109,5
DA:110,5
DA:111,5
DA:112,5
DA:115,10
DA:116,3
DA:117,5
DA:118,5
DA:119,5
DA:120,5
DA:121,5
DA:122,5
DA:125,10
DA:126,17
DA:127,17
DA:128,17
DA:129,17
DA:130,16
DA:131,9
DA:132,9
DA:133,9
DA:135,7
DA:136,7
DA:137,7
DA:138,7
DA:139,7
DA:152,49
DA:154,49
DA:155,49
DA:156,49
DA:157,49
DA:158,49
DA:160,49
DA:161,49
DA:165,30
DA:169,42
DA:173,29
DA:174,29
DA:175,29
DA:176,29
DA:177,29
DA:178,0
DA:179,0
DA:184,3
DA:185,3
DA:186,3
DA:187,5
DA:188,3
DA:189,3
DA:190,3
DA:191,2
DA:192,2
DA:194,3
DA:195,3
DA:196,3
DA:197,0
DA:198,3
DA:199,3
DA:205,389
DA:206,389
DA:207,389
DA:208,389
DA:209,389
DA:210,389
DA:211,389
DA:215,5
DA:216,5
DA:217,5
DA:218,5
DA:219,5
DA:221,5
DA:222,5
DA:223,5
DA:226,2
DA:227,2
DA:228,29
DA:229,29
DA:230,29
DA:231,29
DA:234,2
DA:235,2
DA:236,42
DA:237,42
DA:238,42
DA:239,42
DA:240,42
DA:241,42
DA:242,42
DA:243,42
DA:244,42
DA:248,52
DA:252,76
DA:253,76
DA:254,404
DA:256,399
DA:257,399
DA:258,398
DA:259,398
DA:262,5
DA:263,5
DA:264,5
DA:265,5
DA:269,76
DA:272,2
DA:273,2
DA:274,267
DA:275,267
DA:276,267
DA:277,2
DA:278,2
DA:279,2
DA:280,2
DA:281,2
DA:282,2
DA:284,265
DA:285,16
DA:286,16
DA:287,16
DA:288,16
DA:289,16
DA:291,249
DA:292,249
DA:293,249
DA:294,201
DA:295,201
DA:296,201
DA:297,201
DA:298,201
DA:299,201
DA:301,48
DA:302,48
DA:303,48
DA:304,48
DA:305,48
DA:306,48
DA:311,49
DA:312,0
DA:313,0
DA:316,49
DA:317,42
DA:318,441
DA:319,42
LF:210
LH:199
BRDA:29,0,0,2
BRDA:37,1,0,21
BRDA:37,1,1,1
BRDA:38,2,0,21
BRDA:38,2,1,1
BRDA:54,3,0,34
BRDA:54,3,1,6
BRDA:55,4,0,6
BRDA:59,5,0,4
BRDA:64,6,0,0
BRDA:70,7,0,0
BRDA:78,8,0,3
BRDA:78,8,1,21
BRDA:83,9,0,15
BRDA:83,9,1,6
BRDA:105,10,0,2
BRDA:108,11,0,0
BRDA:112,12,0,2
BRDA:115,13,0,3
BRDA:118,14,0,0
BRDA:122,15,0,3
BRDA:128,16,0,0
BRDA:129,17,0,1
BRDA:130,18,0,9
BRDA:137,19,0,0
BRDA:137,20,0,7
BRDA:137,20,1,7
BRDA:161,21,0,28
BRDA:161,21,1,21
BRDA:161,22,0,49
BRDA:161,22,1,49
BRDA:165,23,0,0
BRDA:165,23,1,30
BRDA:165,24,0,30
BRDA:165,24,1,30
BRDA:177,25,0,0
BRDA:184,26,0,1
BRDA:185,27,0,0
BRDA:195,28,0,3
BRDA:195,28,1,3
BRDA:196,29,0,3
BRDA:196,29,1,0
BRDA:219,30,0,5
BRDA:219,30,1,0
BRDA:221,31,0,0
BRDA:223,32,0,5
BRDA:237,33,0,0
BRDA:239,34,0,0
BRDA:241,35,0,0
BRDA:241,35,1,42
BRDA:241,36,0,42
BRDA:241,36,1,0
BRDA:241,37,0,0
BRDA:241,37,1,42
BRDA:241,38,0,42
BRDA:241,38,1,42
BRDA:248,39,0,0
BRDA:248,39,1,52
BRDA:248,40,0,52
BRDA:248,40,1,52
BRDA:254,41,0,399
BRDA:254,41,1,5
BRDA:257,42,0,1
BRDA:269,43,0,71
BRDA:276,44,0,2
BRDA:277,45,0,0
BRDA:284,46,0,16
BRDA:293,47,0,201
BRF:68
BRH:49
end_of_record
TN:
SF:src/web3/adl/feed-crdt/FeedFactory.ts
FN:7,(anonymous_0)
FN:9,(anonymous_1)
FN:14,(anonymous_2)
FNF:3
FNH:3
FNDA:21,(anonymous_0)
FNDA:20,(anonymous_1)
FNDA:29,(anonymous_2)
DA:1,2
DA:6,2
DA:7,21
DA:10,20
DA:11,20
DA:15,29
DA:16,29
DA:17,29
LF:8
LH:8
BRF:0
BRH:0
end_of_record
TN:
SF:src/web3/adl/feed-crdt/FeedFrame.ts
FN:6,(anonymous_0)
FN:12,(anonymous_2)
FN:20,(anonymous_4)
FN:25,(anonymous_5)
FN:29,(anonymous_6)
FN:33,(anonymous_7)
FNF:6
FNH:6
FNDA:115,(anonymous_0)
FNDA:289,(anonymous_2)
FNDA:404,(anonymous_4)
FNDA:225,(anonymous_5)
FNDA:392,(anonymous_6)
FNDA:275,(anonymous_7)
DA:5,2
DA:7,115
DA:8,115
DA:9,115
DA:13,289
DA:14,289
DA:15,289
DA:18,404
DA:21,404
DA:22,404
DA:26,225
DA:30,392
DA:34,275
LF:13
LH:13
BRF:0
BRH:0
end_of_record
TN:
SF:src/web3/adl/hamt-crdt/Hamt.ts
FN:26,(anonymous_1)
FN:30,(anonymous_2)
FN:36,(anonymous_3)
FN:55,(anonymous_5)
FN:66,(anonymous_7)
FN:73,(anonymous_9)
FN:82,(anonymous_11)
FN:87,(anonymous_13)
FN:92,(anonymous_15)
FN:55,(anonymous_18)
FNF:10
FNH:9
FNDA:24,(anonymous_1)
FNDA:1,(anonymous_2)
FNDA:4,(anonymous_3)
FNDA:1363,(anonymous_5)
FNDA:1363,(anonymous_7)
FNDA:2726,(anonymous_9)
FNDA:4,(anonymous_11)
FNDA:5,(anonymous_13)
FNDA:24,(anonymous_15)
FNDA:0,(anonymous_18)
DA:1,1
DA:2,1
DA:3,1
DA:4,1
DA:6,1
DA:7,1
DA:16,1
DA:18,24
DA:19,24
DA:21,24
DA:22,24
DA:23,24
DA:24,24
DA:26,24
DA:27,24
DA:31,1
DA:37,4
DA:38,4
DA:39,4
DA:40,4
DA:41,4
DA:42,4
DA:43,4
DA:44,4
DA:45,4
DA:47,0
DA:49,4
DA:51,4
DA:54,1
DA:55,1
DA:56,1363
DA:57,1363
DA:58,1363
DA:59,1363
DA:60,1363
DA:61,1363
DA:62,1363
DA:63,1363
DA:67,1363
DA:68,1363
DA:69,1363
DA:74,2726
DA:75,2726
DA:76,2726
DA:77,2726
DA:78,2726
DA:79,2726
DA:83,4
DA:84,4
DA:88,5
DA:89,5
DA:93,24
DA:94,24
DA:95,24
DA:96,24
DA:97,24
DA:98,24
DA:99,24
DA:100,24
DA:101,24
DA:102,24
DA:103,24
DA:104,24
LF:63
LH:62
BRDA:56,0,0,0
BRDA:62,1,0,1363
BRDA:67,2,0,0
BRDA:74,3,0,2715
BRDA:74,3,1,11
BRDA:83,4,0,0
BRDA:88,5,0,0
BRF:7
BRH:3
end_of_record
TN:
SF:src/web3/adl/hamt-crdt/HamtFactory.ts
FN:6,(anonymous_0)
FN:8,(anonymous_1)
FNF:2
FNH:2
FNDA:20,(anonymous_0)
FNDA:24,(anonymous_1)
DA:1,1
DA:5,1
DA:6,20
DA:9,24
DA:10,24
LF:5
LH:5
BRF:0
BRH:0
end_of_record
TN:
SF:src/web3/adl/hamt-crdt/HamtFrame.ts
FN:18,(anonymous_1)
FN:23,(anonymous_2)
FN:36,(anonymous_4)
FN:53,(anonymous_6)
FN:67,(anonymous_7)
FN:94,(anonymous_9)
FN:100,(anonymous_11)
FN:113,(anonymous_13)
FN:160,(anonymous_15)
FN:165,(anonymous_16)
FN:177,(anonymous_18)
FN:195,(anonymous_20)
FN:212,(anonymous_22)
FN:213,(anonymous_23)
FN:36,(anonymous_25)
FNF:15
FNH:13
FNDA:544,(anonymous_1)
FNDA:4024,(anonymous_2)
FNDA:289,(anonymous_4)
FNDA:293,(anonymous_6)
FNDA:3596,(anonymous_7)
FNDA:1363,(anonymous_9)
FNDA:0,(anonymous_11)
FNDA:3596,(anonymous_13)
FNDA:3596,(anonymous_15)
FNDA:2233,(anonymous_16)
FNDA:576,(anonymous_18)
FNDA:600,(anonymous_20)
FNDA:24,(anonymous_22)
FNDA:356,(anonymous_23)
FNDA:0,(anonymous_25)
DA:1,1
DA:2,1
DA:3,1
DA:7,1
DA:10,1
DA:11,544
DA:12,544
DA:13,544
DA:14,544
DA:16,544
DA:19,544
DA:20,544
DA:24,4024
DA:25,4024
DA:26,4024
DA:27,289
DA:35,1
DA:36,1
DA:37,289
DA:38,289
DA:39,289
DA:40,289
DA:41,289
DA:42,289
DA:43,289
DA:54,293
DA:55,293
DA:56,293
DA:57,293
DA:58,293
DA:59,293
DA:60,1639
DA:61,1639
DA:62,1639
DA:64,293
DA:68,3596
DA:69,3596
DA:70,3596
DA:71,3596
DA:72,27426
DA:73,27426
DA:74,27426
DA:75,27426
DA:76,26070
DA:77,26070
DA:78,2105
DA:79,2105
DA:80,2105
DA:83,135
DA:84,135
DA:85,128
DA:95,1363
DA:96,1363
DA:97,1356
DA:101,0
DA:114,3596
DA:115,3596
DA:116,3596
DA:117,3596
DA:118,3596
DA:119,3596
DA:120,23861
DA:121,23861
DA:122,23861
DA:124,23861
DA:125,4
DA:126,4
DA:127,4
DA:128,4
DA:129,4
DA:131,23857
DA:132,23857
DA:133,2952
DA:135,2105
DA:136,2105
DA:137,2105
DA:140,847
DA:141,847
DA:142,847
DA:143,847
DA:148,640
DA:149,128
DA:150,128
DA:151,128
DA:154,512
DA:155,512
DA:156,512
DA:157,512
DA:161,3596
DA:162,3596
DA:166,2233
DA:167,2233
DA:168,2233
DA:178,576
DA:180,576
DA:181,576
DA:182,576
DA:183,576
DA:184,576
DA:185,576
DA:186,576
DA:196,600
DA:197,600
DA:198,600
DA:199,600
DA:200,3813
DA:201,3813
DA:202,3237
DA:203,3237
DA:205,576
DA:206,576
DA:207,576
DA:209,600
DA:213,356
DA:214,24
DA:215,24
LF:116
LH:115
BRDA:24,0,0,0
BRDA:25,1,0,0
BRDA:26,2,0,3735
BRDA:27,3,0,289
BRDA:38,4,0,0
BRDA:61,5,0,256
BRDA:61,5,1,1383
BRDA:68,6,0,321
BRDA:75,7,0,1356
BRDA:77,8,0,2105
BRDA:79,9,0,0
BRDA:84,10,0,7
BRDA:96,11,0,7
BRDA:114,12,0,3425
BRDA:124,13,0,4
BRDA:126,14,0,0
BRDA:132,15,0,2952
BRDA:133,16,0,2105
BRDA:133,16,1,847
BRDA:136,17,0,2105
BRDA:148,18,0,128
BRDA:150,19,0,128
BRDA:167,20,0,264
BRDA:178,21,0,278
BRDA:180,22,0,0
BRDA:180,23,0,576
BRDA:180,23,1,193
BRDA:201,24,0,3237
BRDA:213,25,0,276
BRDA:213,25,1,80
BRF:30
BRH:24
end_of_record
TN:
SF:src/web3/codec/codecs/cbor.ts
FN:8,(anonymous_0)
FN:15,(anonymous_1)
FNF:2
FNH:2
FNDA:596,(anonymous_0)
FNDA:258,(anonymous_1)
DA:1,5
DA:2,5
DA:3,5
DA:4,5
DA:7,5
DA:9,596
DA:10,0
DA:14,5
DA:16,258
DA:17,258
DA:18,0
DA:22,5
LF:12
LH:10
BRDA:9,0,0,596
BRDA:9,0,1,0
BRDA:17,1,0,258
BRF:3
BRH:2
end_of_record
TN:
SF:src/web3/codec/codecs/writer.ts
FNF:0
FNH:0
DA:1,5
DA:3,5
LF:2
LH:2
BRF:0
BRH:0
end_of_record
TN:
SF:src/web3/crypto/index.ts
FNF:0
FNH:0
DA:1,8
DA:2,8
LF:2
LH:2
BRF:0
BRH:0
end_of_record
TN:
SF:src/web3/crypto/sha256.ts
FN:3,(anonymous_0)
FN:3,(anonymous_1)
FNF:2
FNH:2
FNDA:2726,(anonymous_0)
FNDA:2726,(anonymous_1)
DA:1,8
DA:3,2726
DA:4,2726
DA:5,2726
LF:4
LH:4
BRF:0
BRH:0
end_of_record
TN:
SF:src/web3/crypto/webcrypto.ts
FNF:0
FNH:0
DA:1,8
DA:8,8
LF:2
LH:2
BRDA:8,0,0,8
BRDA:8,0,1,0
BRF:2
BRH:1
end_of_record
TN:
SF:src/web3/hlc/Hlc.ts
FN:11,(anonymous_0)
FNF:1
FNH:1
FNDA:1826,(anonymous_0)
DA:6,5
DA:12,1826
DA:13,1826
DA:14,1826
LF:4
LH:4
BRF:0
BRH:0
end_of_record
TN:
SF:src/web3/hlc/HlcFactory.ts
FN:12,(anonymous_0)
FN:19,(anonymous_1)
FN:25,(anonymous_2)
FN:32,(anonymous_3)
FNF:4
FNH:4
FNDA:1792,(anonymous_0)
FNDA:41,(anonymous_1)
FNDA:2,(anonymous_2)
FNDA:1752,(anonymous_3)
DA:1,5
DA:2,5
DA:12,1792
DA:14,5
DA:20,41
DA:21,41
DA:22,41
DA:26,2
DA:33,1752
DA:34,1752
DA:35,1752
LF:11
LH:11
BRDA:19,0,0,40
BRDA:19,1,0,40
BRF:2
BRH:2
end_of_record
TN:
SF:src/web3/hlc/index.ts
FNF:0
FNH:0
DA:2,4
DA:3,4
DA:4,4
LF:3
LH:3
BRF:0
BRH:0
end_of_record
TN:
SF:src/web3/hlc/util.ts
FN:4,(anonymous_0)
FN:8,(anonymous_1)
FN:10,(anonymous_2)
FN:12,(anonymous_3)
FN:17,(anonymous_4)
FN:23,(anonymous_5)
FN:29,(anonymous_6)
FNF:7
FNH:6
FNDA:3,(anonymous_0)
FNDA:1753,(anonymous_1)
FNDA:0,(anonymous_2)
FNDA:1755,(anonymous_3)
FNDA:6,(anonymous_4)
FNDA:3798,(anonymous_5)
FNDA:5,(anonymous_6)
DA:1,5
DA:4,5
DA:5,3
DA:8,1753
DA:10,5
DA:12,5
DA:13,1755
DA:14,1754
DA:17,5
DA:18,6
DA:19,4
DA:20,2
DA:23,5
DA:24,3798
DA:25,3796
DA:26,21
DA:29,5
DA:30,5
DA:31,4
DA:32,2
DA:33,1
LF:21
LH:21
BRDA:13,0,0,1
BRDA:18,1,0,2
BRDA:19,2,0,2
BRDA:24,3,0,2
BRDA:25,4,0,3775
BRDA:30,5,0,1
BRDA:30,6,0,5
BRDA:30,6,1,1
BRDA:31,7,0,2
BRDA:32,8,0,1
BRF:10
BRH:10
end_of_record
TN:
SF:src/web3/multiformats/Cid.ts
FN:9,(anonymous_0)
FN:14,(anonymous_1)
FN:20,(anonymous_2)
FN:28,(anonymous_3)
FN:38,(anonymous_4)
FN:43,(anonymous_6)
FN:47,(anonymous_8)
FN:51,(anonymous_10)
FN:55,(anonymous_12)
FN:59,(anonymous_14)
FN:65,(anonymous_15)
FN:69,(anonymous_16)
FN:74,(anonymous_17)
FN:79,(anonymous_18)
FN:84,(anonymous_19)
FN:88,(anonymous_20)
FN:104,(anonymous_21)
FN:111,(anonymous_22)
FN:118,(anonymous_23)
FNF:19
FNH:15
FNDA:258,(anonymous_0)
FNDA:3,(anonymous_1)
FNDA:327,(anonymous_2)
FNDA:6,(anonymous_3)
FNDA:902,(anonymous_4)
FNDA:0,(anonymous_6)
FNDA:1,(anonymous_8)
FNDA:0,(anonymous_10)
FNDA:0,(anonymous_12)
FNDA:1234,(anonymous_14)
FNDA:18,(anonymous_15)
FNDA:1,(anonymous_16)
FNDA:1,(anonymous_17)
FNDA:596,(anonymous_18)
FNDA:2,(anonymous_19)
FNDA:2010,(anonymous_20)
FNDA:1346,(anonymous_21)
FNDA:2,(anonymous_22)
FNDA:0,(anonymous_23)
DA:1,7
DA:2,7
DA:3,7
DA:8,7
DA:10,258
DA:11,258
DA:15,3
DA:16,3
DA:17,3
DA:21,327
DA:22,327
DA:23,327
DA:24,327
DA:25,327
DA:29,6
DA:30,3
DA:31,3
DA:33,3
DA:34,3
DA:35,3
DA:39,902
DA:40,902
DA:44,0
DA:48,1
DA:52,0
DA:56,0
DA:60,1234
DA:61,1234
DA:62,1234
DA:66,18
DA:70,1
DA:71,1
DA:75,1
DA:76,1
DA:80,596
DA:81,596
DA:85,2
DA:89,2010
DA:90,2010
DA:91,2010
DA:92,2010
DA:93,2010
DA:94,2010
DA:95,2010
DA:96,2010
DA:97,2010
DA:98,2010
DA:99,2010
DA:100,2010
DA:101,2010
DA:105,1346
DA:106,1345
DA:107,1345
DA:108,1345
DA:112,2
DA:113,2
DA:114,2
DA:115,2
DA:119,0
LF:59
LH:55
BRDA:10,0,0,258
BRDA:10,0,1,0
BRDA:11,1,0,0
BRDA:11,1,1,258
BRDA:15,2,0,0
BRDA:15,3,0,3
BRDA:15,3,1,3
BRDA:22,4,0,0
BRDA:29,5,0,3
BRDA:29,6,0,6
BRDA:29,6,1,3
BRDA:34,7,0,0
BRDA:38,8,0,2
BRDA:66,9,0,18
BRDA:66,9,1,18
BRDA:66,9,2,18
BRDA:70,10,0,0
BRDA:75,11,0,0
BRDA:79,12,0,596
BRDA:80,13,0,0
BRDA:91,14,0,0
BRDA:92,15,0,0
BRDA:93,16,0,0
BRDA:104,17,0,1342
BRDA:105,18,0,1
BRF:25
BRH:14
end_of_record
TN:
SF:src/web3/multiformats/Multihash.ts
FN:7,(anonymous_0)
FN:33,(anonymous_2)
FN:37,(anonymous_3)
FN:42,(anonymous_4)
FN:49,(anonymous_5)
FN:56,(anonymous_6)
FN:60,(anonymous_7)
FN:17,(anonymous_8)
FNF:8
FNH:8
FNDA:910,(anonymous_0)
FNDA:1245,(anonymous_2)
FNDA:4,(anonymous_3)
FNDA:4,(anonymous_4)
FNDA:4,(anonymous_5)
FNDA:18,(anonymous_6)
FNDA:1,(anonymous_7)
FNDA:1245,(anonymous_8)
DA:1,8
DA:2,8
DA:3,8
DA:6,8
DA:8,910
DA:9,910
DA:10,910
DA:11,910
DA:12,910
DA:13,910
DA:14,910
DA:17,8
DA:18,1245
DA:19,1245
DA:20,1245
DA:21,1245
DA:23,1244
DA:26,1
DA:29,1244
DA:30,1244
DA:33,1245
DA:34,1245
DA:38,4
DA:39,4
DA:43,4
DA:44,4
DA:45,4
DA:46,4
DA:50,4
DA:51,4
DA:52,4
DA:53,4
DA:57,18
DA:61,1
DA:62,1
DA:63,34
DA:64,34
DA:66,1
LF:38
LH:38
BRDA:64,0,0,3
BRDA:64,0,1,31
BRDA:19,1,0,0
BRDA:21,2,0,1244
BRDA:21,2,1,1
BRDA:30,3,0,2
BRF:6
BRH:5
end_of_record
TN:
SF:src/web3/multiformats/index.ts
FNF:0
FNH:0
DA:1,6
DA:2,6
LF:2
LH:2
BRF:0
BRH:0
end_of_record
TN:
SF:src/web3/multiformats/multibase.ts
FN:9,(anonymous_0)
FN:9,(anonymous_1)
FNF:2
FNH:2
FNDA:1347,(anonymous_0)
FNDA:6,(anonymous_1)
DA:7,7
DA:9,1354
LF:2
LH:2
BRF:0
BRH:0
end_of_record
TN:
SF:src/web3/store/cas/CidCasMemory.ts
FN:5,(anonymous_0)
FN:8,(anonymous_1)
FN:10,(anonymous_3)
FN:16,(anonymous_4)
FN:18,(anonymous_6)
FN:22,(anonymous_7)
FN:24,(anonymous_9)
FN:28,(anonymous_10)
FN:30,(anonymous_12)
FN:36,(anonymous_13)
FNF:10
FNH:10
FNDA:54,(anonymous_0)
FNDA:416,(anonymous_1)
FNDA:416,(anonymous_3)
FNDA:16,(anonymous_4)
FNDA:16,(anonymous_6)
FNDA:10,(anonymous_7)
FNDA:10,(anonymous_9)
FNDA:899,(anonymous_10)
FNDA:899,(anonymous_12)
FNDA:2,(anonymous_13)
DA:1,5
DA:5,5
DA:6,54
DA:9,416
DA:10,416
DA:11,416
DA:12,416
DA:13,416
DA:17,16
DA:18,16
DA:19,16
DA:23,10
DA:24,10
DA:25,10
DA:29,899
DA:30,899
DA:31,899
DA:32,899
DA:33,899
DA:37,2
LF:20
LH:20
BRDA:12,0,0,0
BRDA:28,1,0,5
BRF:2
BRH:1
end_of_record
TN:
SF:src/web3/store/cas/CidCasStruct.ts
FN:6,(anonymous_0)
FN:12,(anonymous_1)
FN:17,(anonymous_3)
FN:21,(anonymous_4)
FN:25,(anonymous_6)
FNF:5
FNH:5
FNDA:47,(anonymous_0)
FNDA:414,(anonymous_1)
FNDA:8,(anonymous_3)
FNDA:5,(anonymous_4)
FNDA:894,(anonymous_6)
DA:5,4
DA:7,47
DA:8,47
DA:9,47
DA:13,414
DA:14,414
DA:18,8
DA:22,5
DA:26,894
DA:27,894
LF:10
LH:10
BRF:0
BRH:0
end_of_record
TN:
SF:src/web3/store/cas/CidCasStructCbor.ts
FN:8,(anonymous_0)
FNF:1
FNH:1
FNDA:47,(anonymous_0)
DA:2,4
DA:3,4
DA:7,4
DA:9,47
DA:10,47
DA:12,47
LF:6
LH:6
BRDA:10,0,0,47
BRF:1
BRH:1
end_of_record
TN:
SF:src/web3/util/uvint.ts
FN:11,(anonymous_0)
FN:29,(anonymous_1)
FNF:2
FNH:2
FNDA:3204,(anonymous_0)
FNDA:2045,(anonymous_1)
DA:11,9
DA:12,3204
DA:13,3204
DA:14,26
DA:15,26
DA:16,16
DA:17,16
DA:18,0
DA:29,9
DA:30,2045
DA:31,2022
DA:32,2022
DA:34,23
DA:35,8
DA:36,8
DA:37,8
DA:39,15
DA:40,15
DA:41,15
DA:42,15
DA:43,15
DA:45,0
LF:22
LH:20
BRDA:13,0,0,3178
BRDA:15,1,0,10
BRDA:17,2,0,16
BRDA:30,3,0,2022
BRDA:34,4,0,8
BRDA:39,5,0,15
BRF:6
BRH:6
end_of_record
