TN:
SF:src/__bench__/data/json-very-large-object.ts
FNF:0
FNH:0
DA:1,1
LF:1
LH:1
BRF:0
BRH:0
end_of_record
TN:
SF:src/__tests__/binary-documents.ts
FNF:0
FNH:0
DA:7,24
LF:1
LH:1
BRF:0
BRH:0
end_of_record
TN:
SF:src/__tests__/json-documents.ts
FNF:0
FNH:0
DA:10,33
LF:1
LH:1
BRF:0
BRH:0
end_of_record
TN:
SF:src/__tests__/msgpack-documents.ts
FNF:0
FNH:0
DA:1,1
DA:2,1
DA:10,1
LF:3
LH:3
BRF:0
BRH:0
end_of_record
TN:
SF:src/__tests__/util.ts
FN:1,(anonymous_0)
FN:1,(anonymous_1)
FN:3,(anonymous_2)
FN:3,(anonymous_3)
FNF:4
FNH:4
FNDA:52,(anonymous_0)
FNDA:52,(anonymous_1)
FNDA:31,(anonymous_2)
FNDA:31,(anonymous_3)
DA:1,52
DA:3,31
DA:4,31
DA:5,73
DA:6,42
LF:5
LH:5
BRDA:1,0,0,0
BRDA:3,1,0,31
BRDA:5,2,0,31
BRF:3
BRH:2
end_of_record
TN:
SF:src/json-binary/codec.ts
FN:12,(anonymous_0)
FN:24,(anonymous_1)
FN:80,(anonymous_2)
FN:85,(anonymous_3)
FN:92,(anonymous_4)
FN:121,(anonymous_5)
FNF:6
FNH:6
FNDA:6,(anonymous_0)
FNDA:3491,(anonymous_1)
FNDA:1156,(anonymous_2)
FNDA:20,(anonymous_3)
FNDA:2348,(anonymous_4)
FNDA:82,(anonymous_5)
DA:1,57
DA:2,57
DA:3,57
DA:4,57
DA:7,57
DA:8,57
DA:9,57
DA:10,57
DA:12,57
DA:13,6
DA:14,6
DA:15,6
DA:16,6
DA:17,6
DA:18,6
DA:24,57
DA:25,3491
DA:26,3417
DA:27,949
DA:28,949
DA:29,868
DA:30,868
DA:32,346
DA:33,346
DA:36,445
DA:37,8
DA:38,4
DA:39,4
DA:40,2
DA:41,2
DA:45,949
DA:47,2468
DA:48,2403
DA:49,4124
DA:50,4124
DA:52,1989
DA:53,1989
DA:56,1740
DA:57,1045
DA:58,11
DA:59,11
DA:60,1034
DA:61,2
DA:62,1032
DA:63,3
DA:67,2403
DA:69,65
DA:70,19
DA:71,11
DA:72,7
DA:73,2
DA:74,5
DA:75,4
DA:77,46
DA:80,57
DA:81,1156
DA:82,1156
DA:85,57
DA:86,20
DA:92,57
DA:93,2348
DA:94,2344
DA:95,2325
DA:96,925
DA:97,925
DA:98,925
DA:99,812
DA:100,812
DA:102,925
DA:104,1400
DA:105,1394
DA:106,1388
DA:107,1360
DA:108,1360
DA:109,3015
DA:110,3015
DA:112,1360
DA:114,28
DA:121,57
DA:122,82
DA:123,82
LF:81
LH:81
BRDA:15,0,0,0
BRDA:25,1,0,74
BRDA:26,2,0,949
BRDA:30,3,0,346
BRDA:30,3,1,445
BRDA:36,4,0,437
BRDA:37,5,0,4
BRDA:37,5,1,4
BRDA:39,6,0,2
BRDA:39,6,1,2
BRDA:41,7,0,2
BRDA:47,8,0,2403
BRDA:50,9,0,1989
BRDA:50,9,1,1740
BRDA:56,10,0,695
BRDA:57,11,0,11
BRDA:57,11,1,1034
BRDA:60,12,0,2
BRDA:60,12,1,1032
BRDA:62,13,0,3
BRDA:69,14,0,19
BRDA:70,15,0,8
BRDA:71,16,0,4
BRDA:72,17,0,2
BRDA:74,18,0,1
BRDA:74,18,1,4
BRDA:93,19,0,4
BRDA:94,20,0,19
BRDA:95,21,0,925
BRDA:100,22,0,478
BRDA:100,22,1,334
BRDA:100,23,0,812
BRDA:100,23,1,794
BRDA:104,24,0,6
BRDA:105,25,0,6
BRDA:106,26,0,1360
BRDA:110,27,0,1083
BRDA:110,27,1,1932
BRDA:110,28,0,3015
BRDA:110,28,1,2938
BRF:40
BRH:39
end_of_record
TN:
SF:src/json-binary/constants.ts
FNF:0
FNH:0
DA:1,57
DA:2,57
DA:3,57
DA:4,57
LF:4
LH:4
BRF:0
BRH:0
end_of_record
TN:
SF:src/json-binary/index.ts
FNF:0
FNH:0
DA:1,57
DA:2,57
DA:3,57
LF:3
LH:3
BRF:0
BRH:0
end_of_record
TN:
SF:src/json-cli/test/op.add.tests.json.ts
FNF:0
FNH:0
DA:3,2
DA:100,2
LF:2
LH:2
BRF:0
BRH:0
end_of_record
TN:
SF:src/json-cli/test/op.contains.tests.json.ts
FNF:0
FNH:0
DA:3,2
DA:92,2
LF:2
LH:2
BRF:0
BRH:0
end_of_record
TN:
SF:src/json-cli/test/op.copy.tests.json.ts
FNF:0
FNH:0
DA:3,2
DA:88,2
LF:2
LH:2
BRF:0
BRH:0
end_of_record
TN:
SF:src/json-cli/test/op.defined.tests.json.ts
FNF:0
FNH:0
DA:3,2
DA:74,2
LF:2
LH:2
BRF:0
BRH:0
end_of_record
TN:
SF:src/json-cli/test/op.ends.tests.json.ts
FNF:0
FNH:0
DA:3,2
DA:106,2
LF:2
LH:2
BRF:0
BRH:0
end_of_record
TN:
SF:src/json-cli/test/op.extend.tests.json.ts
FNF:0
FNH:0
DA:3,2
DA:121,2
LF:2
LH:2
BRF:0
BRH:0
end_of_record
TN:
SF:src/json-cli/test/op.flip.tests.json.ts
FNF:0
FNH:0
DA:3,2
DA:111,2
LF:2
LH:2
BRF:0
BRH:0
end_of_record
TN:
SF:src/json-cli/test/op.in.tests.json.ts
FNF:0
FNH:0
DA:3,2
DA:57,2
LF:2
LH:2
BRF:0
BRH:0
end_of_record
TN:
SF:src/json-cli/test/op.inc.tests.json.ts
FNF:0
FNH:0
DA:3,2
DA:130,2
LF:2
LH:2
BRF:0
BRH:0
end_of_record
TN:
SF:src/json-cli/test/op.less.tests.json.ts
FNF:0
FNH:0
DA:3,2
DA:42,2
LF:2
LH:2
BRF:0
BRH:0
end_of_record
TN:
SF:src/json-cli/test/op.merge.tests.json.ts
FNF:0
FNH:0
DA:3,2
DA:117,2
LF:2
LH:2
BRF:0
BRH:0
end_of_record
TN:
SF:src/json-cli/test/op.more.tests.json.ts
FNF:0
FNH:0
DA:3,2
DA:42,2
LF:2
LH:2
BRF:0
BRH:0
end_of_record
TN:
SF:src/json-cli/test/op.move.tests.json.ts
FNF:0
FNH:0
DA:3,2
DA:85,2
LF:2
LH:2
BRF:0
BRH:0
end_of_record
TN:
SF:src/json-cli/test/op.remove.tests.json.ts
FNF:0
FNH:0
DA:3,2
DA:90,2
LF:2
LH:2
BRF:0
BRH:0
end_of_record
TN:
SF:src/json-cli/test/op.replace.tests.json.ts
FNF:0
FNH:0
DA:1,2
DA:4,2
DA:20,2
DA:29,2
DA:30,12
DA:31,72
DA:40,2
DA:41,12
DA:42,72
DA:63,2
DA:64,12
DA:65,72
DA:96,2
DA:97,12
DA:98,72
DA:107,2
DA:108,12
DA:109,72
DA:134,2
LF:19
LH:19
BRF:0
BRH:0
end_of_record
TN:
SF:src/json-cli/test/op.split.tests.json.ts
FNF:0
FNH:0
DA:3,2
DA:437,2
LF:2
LH:2
BRF:0
BRH:0
end_of_record
TN:
SF:src/json-cli/test/op.starts.tests.json.ts
FNF:0
FNH:0
DA:3,2
DA:118,2
LF:2
LH:2
BRF:0
BRH:0
end_of_record
TN:
SF:src/json-cli/test/op.str_del.tests.json.ts
FNF:0
FNH:0
DA:3,2
DA:151,2
LF:2
LH:2
BRF:0
BRH:0
end_of_record
TN:
SF:src/json-cli/test/op.str_ins.tests.json.ts
FNF:0
FNH:0
DA:3,2
DA:252,2
LF:2
LH:2
BRF:0
BRH:0
end_of_record
TN:
SF:src/json-cli/test/op.test.tests.json.ts
FNF:0
FNH:0
DA:3,2
DA:36,2
LF:2
LH:2
BRF:0
BRH:0
end_of_record
TN:
SF:src/json-cli/test/op.type.tests.json.ts
FNF:0
FNH:0
DA:3,2
DA:30,2
LF:2
LH:2
BRF:0
BRH:0
end_of_record
TN:
SF:src/json-cli/test/op.undefined.tests.json.ts
FNF:0
FNH:0
DA:3,2
DA:85,2
LF:2
LH:2
BRF:0
BRH:0
end_of_record
TN:
SF:src/json-cli/test/spec.json.ts
FNF:0
FNH:0
DA:3,2
DA:212,2
LF:2
LH:2
BRF:0
BRH:0
end_of_record
TN:
SF:src/json-cli/test/suites.ts
FNF:0
FNH:0
DA:1,2
DA:2,2
DA:3,2
DA:4,2
DA:5,2
DA:6,2
DA:7,2
DA:8,2
DA:9,2
DA:10,2
DA:11,2
DA:12,2
DA:13,2
DA:14,2
DA:15,2
DA:16,2
DA:17,2
DA:18,2
DA:19,2
DA:20,2
DA:21,2
DA:22,2
DA:23,2
DA:24,2
DA:27,2
LF:25
LH:25
BRF:0
BRH:0
end_of_record
TN:
SF:src/json-cli/test/tests.json.ts
FNF:0
FNH:0
DA:3,2
DA:518,2
LF:2
LH:2
BRF:0
BRH:0
end_of_record
TN:
SF:src/json-clone/clone.ts
FN:10,(anonymous_0)
FNF:1
FNH:1
FNDA:18334,(anonymous_0)
DA:1,75
DA:2,75
DA:10,75
DA:11,18334
DA:12,17245
DA:13,3678
DA:14,3678
DA:15,5148
DA:16,3678
DA:17,13567
DA:18,5375
DA:19,5375
DA:20,5375
DA:21,5375
DA:22,10547
DA:23,10547
DA:25,5375
DA:27,8192
LF:18
LH:18
BRDA:11,0,0,1089
BRDA:12,1,0,3678
BRDA:12,1,1,13567
BRDA:17,2,0,5375
BRF:4
BRH:4
end_of_record
TN:
SF:src/json-clone/cloneBinary.ts
FN:12,(anonymous_0)
FNF:1
FNH:1
FNDA:4278,(anonymous_0)
DA:1,57
DA:3,57
DA:4,57
DA:12,57
DA:13,4278
DA:14,3982
DA:15,921
DA:16,921
DA:17,921
DA:18,921
DA:19,3061
DA:20,1372
DA:21,1357
DA:22,1357
DA:23,1357
DA:24,1357
DA:25,3004
DA:26,3004
DA:28,1357
DA:30,1689
LF:20
LH:20
BRDA:13,0,0,296
BRDA:14,1,0,921
BRDA:14,1,1,3061
BRDA:19,2,0,1372
BRDA:20,3,0,15
BRF:5
BRH:5
end_of_record
TN:
SF:src/json-clone/index.ts
FNF:0
FNH:0
DA:1,56
DA:2,56
LF:2
LH:2
BRF:0
BRH:0
end_of_record
TN:
SF:src/json-crdt/hash.ts
FN:9,(anonymous_0)
FN:17,(anonymous_1)
FN:30,(anonymous_2)
FN:38,(anonymous_3)
FN:44,(anonymous_4)
FN:52,(anonymous_5)
FN:56,(anonymous_6)
FNF:7
FNH:6
FNDA:10383,(anonymous_0)
FNDA:2552,(anonymous_1)
FNDA:7917,(anonymous_2)
FNDA:4650,(anonymous_3)
FNDA:1836,(anonymous_4)
FNDA:217,(anonymous_5)
FNDA:0,(anonymous_6)
DA:1,5
DA:2,5
DA:3,5
DA:4,5
DA:9,5
DA:10,10383
DA:11,10383
DA:13,10383
DA:14,10383
DA:17,5
DA:18,2552
DA:19,2552
DA:20,2552
DA:21,2552
DA:22,2552
DA:30,5
DA:31,7917
DA:32,4466
DA:33,1214
DA:34,1214
DA:35,1214
DA:37,3252
DA:38,716
DA:39,4650
DA:41,716
DA:43,2536
DA:44,522
DA:45,1836
DA:48,2536
DA:49,0
DA:52,5
DA:53,217
DA:56,5
DA:57,0
LF:34
LH:32
BRDA:21,0,0,2433
BRDA:31,1,0,3451
BRDA:32,2,0,1214
BRDA:34,3,0,1214
BRDA:37,4,0,716
BRDA:37,5,0,3252
BRDA:37,5,1,2551
BRDA:43,6,0,522
BRDA:48,7,0,2536
BRF:9
BRH:9
end_of_record
TN:
SF:src/json-crdt/index.ts
FNF:0
FNH:0
DA:1,15
DA:2,15
DA:3,15
DA:5,15
LF:4
LH:4
BRF:0
BRH:0
end_of_record
TN:
SF:src/json-crdt-extensions/cnt/index.ts
FN:17,(anonymous_0)
FN:23,(anonymous_1)
FN:27,(anonymous_2)
FN:34,(anonymous_3)
FN:36,(anonymous_4)
FN:40,(anonymous_5)
FN:48,(anonymous_6)
FN:49,(anonymous_7)
FN:54,(anonymous_8)
FN:71,(anonymous_9)
FN:74,(anonymous_10)
FNF:11
FNH:5
FNDA:3,(anonymous_0)
FNDA:0,(anonymous_1)
FNDA:8,(anonymous_2)
FNDA:0,(anonymous_3)
FNDA:0,(anonymous_4)
FNDA:0,(anonymous_5)
FNDA:0,(anonymous_6)
FNDA:0,(anonymous_7)
FNDA:4,(anonymous_8)
FNDA:2,(anonymous_9)
FNDA:2,(anonymous_10)
DA:1,1
DA:2,1
DA:4,1
DA:5,1
DA:12,1
DA:17,3
DA:18,3
DA:24,0
DA:28,8
DA:29,8
DA:30,10
DA:31,8
DA:37,0
DA:41,0
DA:44,3
DA:49,0
DA:55,4
DA:56,4
DA:57,4
DA:58,4
DA:59,4
DA:60,4
DA:61,4
DA:64,4
DA:68,1
DA:72,2
DA:74,2
LF:27
LH:23
BRDA:58,0,0,1
BRDA:58,0,1,3
BRDA:58,1,0,4
BRDA:58,1,1,4
BRDA:58,2,0,3
BRDA:58,2,1,1
BRDA:58,3,0,4
BRDA:58,3,1,4
BRDA:71,4,0,2
BRDA:74,5,0,1
BRDA:74,5,1,1
BRF:11
BRH:11
end_of_record
TN:
SF:src/json-crdt-extensions/mval/ValueMv.ts
FN:10,(anonymous_0)
FN:16,(anonymous_1)
FN:20,(anonymous_2)
FN:24,(anonymous_3)
FN:26,(anonymous_4)
FN:30,(anonymous_5)
FN:38,(anonymous_6)
FN:39,(anonymous_7)
FNF:8
FNH:2
FNDA:10,(anonymous_0)
FNDA:0,(anonymous_1)
FNDA:16,(anonymous_2)
FNDA:0,(anonymous_3)
FNDA:0,(anonymous_4)
FNDA:0,(anonymous_5)
FNDA:0,(anonymous_6)
FNDA:0,(anonymous_7)
DA:2,2
DA:7,2
DA:10,10
DA:11,10
DA:17,0
DA:21,16
DA:27,0
DA:31,0
DA:34,10
DA:39,0
LF:10
LH:6
BRF:0
BRH:0
end_of_record
TN:
SF:src/json-crdt-extensions/mval/ValueMvApi.ts
FN:6,(anonymous_0)
FNF:1
FNH:1
FNDA:10,(anonymous_0)
DA:1,2
DA:5,2
DA:7,10
DA:8,10
DA:9,10
DA:10,10
DA:11,10
DA:12,10
DA:13,10
DA:14,10
LF:10
LH:10
BRF:0
BRH:0
end_of_record
TN:
SF:src/json-crdt-extensions/mval/index.ts
FN:13,(anonymous_0)
FN:16,(anonymous_1)
FNF:2
FNH:2
FNDA:11,(anonymous_0)
FNDA:11,(anonymous_1)
DA:1,2
DA:2,2
DA:4,2
DA:5,2
DA:10,2
DA:14,11
DA:16,11
LF:7
LH:7
BRF:0
BRH:0
end_of_record
TN:
SF:src/json-crdt-extensions/peritext/Peritext.ts
FN:22,(anonymous_0)
FN:31,(anonymous_1)
FN:44,(anonymous_2)
FN:56,(anonymous_3)
FN:71,(anonymous_4)
FN:81,(anonymous_5)
FN:94,(anonymous_6)
FN:105,(anonymous_7)
FN:117,(anonymous_8)
FN:129,(anonymous_9)
FN:142,(anonymous_10)
FN:150,(anonymous_11)
FN:164,(anonymous_12)
FN:169,(anonymous_13)
FN:181,(anonymous_14)
FN:182,(anonymous_15)
FN:186,(anonymous_16)
FN:188,(anonymous_17)
FN:190,(anonymous_18)
FN:199,(anonymous_19)
FNF:20
FNH:13
FNDA:105,(anonymous_0)
FNDA:95,(anonymous_1)
FNDA:450,(anonymous_2)
FNDA:138,(anonymous_3)
FNDA:13,(anonymous_4)
FNDA:13,(anonymous_5)
FNDA:1,(anonymous_6)
FNDA:9,(anonymous_7)
FNDA:76,(anonymous_8)
FNDA:0,(anonymous_9)
FNDA:24,(anonymous_10)
FNDA:9,(anonymous_11)
FNDA:1,(anonymous_12)
FNDA:0,(anonymous_13)
FNDA:0,(anonymous_14)
FNDA:0,(anonymous_15)
FNDA:0,(anonymous_16)
FNDA:0,(anonymous_17)
FNDA:0,(anonymous_18)
FNDA:10,(anonymous_19)
DA:2,3
DA:3,3
DA:4,3
DA:5,3
DA:7,3
DA:18,3
DA:23,105
DA:24,105
DA:27,105
DA:28,105
DA:32,95
DA:45,450
DA:59,138
DA:60,138
DA:61,138
DA:62,137
DA:72,13
DA:82,13
DA:95,1
DA:106,9
DA:118,76
DA:130,0
DA:131,0
DA:143,24
DA:144,24
DA:145,24
DA:146,24
DA:147,24
DA:158,9
DA:159,9
DA:165,1
DA:170,0
DA:171,0
DA:172,0
DA:174,0
DA:175,0
DA:176,0
DA:182,0
DA:183,0
DA:186,0
DA:188,0
DA:190,0
DA:197,105
DA:200,10
LF:44
LH:31
BRDA:44,0,0,0
BRDA:44,1,0,0
BRDA:56,2,0,3
BRDA:61,3,0,1
BRDA:117,4,0,15
BRDA:143,5,0,0
BRDA:170,6,0,0
BRDA:172,7,0,0
BRDA:172,8,0,0
BRDA:172,8,1,0
BRDA:175,9,0,0
BRDA:181,10,0,0
BRF:12
BRH:3
end_of_record
TN:
SF:src/json-crdt-extensions/peritext/editor/Editor.ts
FN:18,(anonymous_0)
FN:25,(anonymous_1)
FN:30,(anonymous_2)
FN:42,(anonymous_3)
FN:67,(anonymous_4)
FN:79,(anonymous_5)
FN:89,(anonymous_6)
FN:100,(anonymous_7)
FN:111,(anonymous_8)
FN:118,(anonymous_9)
FN:123,(anonymous_10)
FN:127,(anonymous_11)
FN:131,(anonymous_12)
FNF:13
FNH:7
FNDA:105,(anonymous_0)
FNDA:37,(anonymous_1)
FNDA:0,(anonymous_2)
FNDA:29,(anonymous_3)
FNDA:24,(anonymous_4)
FNDA:5,(anonymous_5)
FNDA:0,(anonymous_6)
FNDA:0,(anonymous_7)
FNDA:0,(anonymous_8)
FNDA:0,(anonymous_9)
FNDA:7,(anonymous_10)
FNDA:2,(anonymous_11)
FNDA:0,(anonymous_12)
DA:1,3
DA:3,3
DA:11,3
DA:18,105
DA:19,105
DA:20,105
DA:21,105
DA:26,37
DA:31,0
DA:43,29
DA:44,29
DA:45,29
DA:46,5
DA:47,5
DA:48,5
DA:49,5
DA:50,5
DA:51,5
DA:52,5
DA:53,5
DA:54,5
DA:55,5
DA:56,5
DA:57,5
DA:58,1
DA:60,29
DA:68,24
DA:69,24
DA:70,24
DA:71,24
DA:72,24
DA:80,5
DA:81,5
DA:82,0
DA:83,0
DA:84,0
DA:86,5
DA:90,0
DA:91,0
DA:92,0
DA:93,0
DA:94,0
DA:95,0
DA:96,0
DA:97,0
DA:101,0
DA:102,0
DA:103,0
DA:104,0
DA:105,0
DA:106,0
DA:107,0
DA:108,0
DA:112,0
DA:113,0
DA:114,0
DA:115,0
DA:119,0
DA:120,0
DA:124,7
DA:128,2
DA:132,0
LF:62
LH:35
BRDA:25,0,0,25
BRDA:45,1,0,5
BRDA:48,2,0,1
BRDA:48,2,1,4
BRDA:49,3,0,1
BRDA:49,3,1,4
BRDA:51,4,0,0
BRDA:51,5,0,5
BRDA:51,5,1,5
BRDA:57,6,0,4
BRDA:57,6,1,1
BRDA:58,7,0,1
BRDA:58,7,1,0
BRDA:68,8,0,0
BRDA:72,9,0,0
BRDA:72,9,1,24
BRDA:81,10,0,0
BRDA:83,11,0,0
BRDA:92,12,0,0
BRDA:94,13,0,0
BRDA:103,14,0,0
BRDA:105,15,0,0
BRDA:106,16,0,0
BRDA:106,16,1,0
BRDA:114,17,0,0
BRDA:114,18,0,0
BRDA:114,18,1,0
BRDA:120,19,0,0
BRF:28
BRH:12
end_of_record
TN:
SF:src/json-crdt-extensions/peritext/point/Point.ts
FN:26,(anonymous_0)
FN:38,(anonymous_1)
FN:48,(anonymous_2)
FN:62,(anonymous_3)
FN:78,(anonymous_4)
FN:110,(anonymous_5)
FN:126,(anonymous_6)
FN:138,(anonymous_7)
FN:152,(anonymous_8)
FN:197,(anonymous_9)
FN:230,(anonymous_10)
FN:252,(anonymous_11)
FN:275,(anonymous_12)
FN:283,(anonymous_13)
FN:291,(anonymous_14)
FN:300,(anonymous_15)
FN:311,(anonymous_16)
FN:323,(anonymous_17)
FN:331,(anonymous_18)
FN:339,(anonymous_19)
FN:347,(anonymous_20)
FN:358,(anonymous_21)
FN:382,(anonymous_22)
FN:409,(anonymous_23)
FN:418,(anonymous_24)
FN:441,(anonymous_25)
FN:449,(anonymous_26)
FNF:27
FNH:26
FNDA:1222,(anonymous_0)
FNDA:1,(anonymous_1)
FNDA:557,(anonymous_2)
FNDA:99,(anonymous_3)
FNDA:273,(anonymous_4)
FNDA:1754,(anonymous_5)
FNDA:530,(anonymous_6)
FNDA:125,(anonymous_7)
FNDA:274,(anonymous_8)
FNDA:298,(anonymous_9)
FNDA:94,(anonymous_10)
FNDA:108,(anonymous_11)
FNDA:1831,(anonymous_12)
FNDA:830,(anonymous_13)
FNDA:507,(anonymous_14)
FNDA:6,(anonymous_15)
FNDA:6,(anonymous_16)
FNDA:7,(anonymous_17)
FNDA:5,(anonymous_18)
FNDA:1,(anonymous_19)
FNDA:1,(anonymous_20)
FNDA:163,(anonymous_21)
FNDA:264,(anonymous_22)
FNDA:2,(anonymous_23)
FNDA:76,(anonymous_24)
FNDA:10,(anonymous_25)
FNDA:0,(anonymous_26)
DA:1,3
DA:3,3
DA:4,3
DA:25,3
DA:27,1222
DA:28,1222
DA:29,1222
DA:39,1
DA:40,1
DA:49,557
DA:63,99
DA:64,99
DA:65,23
DA:79,273
DA:80,273
DA:81,273
DA:82,52
DA:83,52
DA:84,221
DA:85,12
DA:86,12
DA:88,209
DA:89,209
DA:90,143
DA:91,143
DA:92,33
DA:93,33
DA:94,33
DA:95,32
DA:96,32
DA:97,32
DA:98,48
DA:99,32
DA:101,16
DA:111,1754
DA:112,1754
DA:113,1754
DA:114,1048
DA:115,1048
DA:116,1048
DA:117,1048
DA:119,844
DA:120,844
DA:127,530
DA:128,530
DA:129,525
DA:130,525
DA:131,378
DA:139,125
DA:140,125
DA:141,120
DA:153,274
DA:154,273
DA:155,273
DA:157,273
DA:158,7
DA:159,7
DA:160,7
DA:161,7
DA:162,7
DA:163,3
DA:164,3
DA:166,266
DA:167,266
DA:168,266
DA:169,228
DA:170,228
DA:171,228
DA:172,150
DA:174,188
DA:177,191
DA:178,444
DA:179,203
DA:180,203
DA:182,241
DA:183,241
DA:184,241
DA:185,78
DA:186,78
DA:188,28
DA:189,0
DA:198,298
DA:199,297
DA:200,297
DA:201,297
DA:202,297
DA:203,296
DA:204,246
DA:205,246
DA:206,160
DA:208,210
DA:209,210
DA:210,407
DA:211,183
DA:212,183
DA:214,224
DA:215,224
DA:216,157
DA:218,67
DA:219,67
DA:221,53
DA:231,94
DA:232,94
DA:233,2
DA:234,2
DA:235,2
DA:237,92
DA:238,92
DA:239,92
DA:240,90
DA:241,90
DA:242,90
DA:243,90
DA:253,108
DA:254,108
DA:255,2
DA:256,2
DA:257,2
DA:259,106
DA:260,106
DA:261,106
DA:262,104
DA:263,104
DA:264,104
DA:265,104
DA:276,1831
DA:284,830
DA:292,507
DA:301,6
DA:302,4
DA:303,4
DA:312,6
DA:313,4
DA:314,4
DA:315,4
DA:316,4
DA:317,4
DA:324,7
DA:325,7
DA:332,5
DA:333,5
DA:340,1
DA:341,1
DA:348,1
DA:349,1
DA:359,163
DA:360,163
DA:361,2
DA:362,2
DA:363,2
DA:364,2
DA:365,2
DA:366,2
DA:369,0
DA:371,161
DA:372,84
DA:373,84
DA:383,264
DA:384,264
DA:385,9
DA:386,7
DA:387,7
DA:388,7
DA:389,6
DA:390,6
DA:391,6
DA:392,6
DA:393,6
DA:397,3
DA:399,255
DA:400,144
DA:401,144
DA:410,2
DA:411,1
DA:419,76
DA:420,76
DA:421,76
DA:422,76
DA:423,51
DA:424,51
DA:426,48
DA:427,48
DA:430,25
DA:431,25
DA:433,23
DA:434,23
DA:442,10
DA:443,10
DA:444,10
DA:450,0
DA:451,0
DA:452,0
DA:453,0
DA:454,0
LF:194
LH:187
BRDA:64,0,0,76
BRDA:81,1,0,52
BRDA:81,1,1,221
BRDA:83,2,0,39
BRDA:83,2,1,13
BRDA:83,3,0,28
BRDA:83,3,1,11
BRDA:83,4,0,3
BRDA:83,4,1,10
BRDA:84,5,0,12
BRDA:86,6,0,6
BRDA:86,6,1,6
BRDA:86,7,0,0
BRDA:86,7,1,6
BRDA:86,8,0,0
BRDA:86,8,1,6
BRDA:89,9,0,66
BRDA:91,10,0,110
BRDA:93,11,0,0
BRDA:94,12,0,1
BRDA:98,13,0,16
BRDA:113,14,0,1048
BRDA:117,15,0,910
BRDA:117,16,0,1048
BRDA:117,16,1,1046
BRDA:117,16,2,970
BRDA:128,17,0,5
BRDA:130,18,0,147
BRDA:140,19,0,5
BRDA:140,20,0,3
BRDA:140,20,1,2
BRDA:141,21,0,48
BRDA:141,21,1,72
BRDA:152,22,0,111
BRDA:153,23,0,1
BRDA:157,24,0,7
BRDA:157,24,1,266
BRDA:159,25,0,7
BRDA:159,25,1,7
BRDA:160,26,0,0
BRDA:162,27,0,4
BRDA:167,28,0,0
BRDA:168,29,0,228
BRDA:171,30,0,78
BRDA:171,30,1,150
BRDA:177,31,0,472
BRDA:177,31,1,444
BRDA:178,32,0,203
BRDA:184,33,0,163
BRDA:184,34,0,54
BRDA:184,34,1,109
BRDA:188,35,0,28
BRDA:189,36,0,0
BRDA:189,36,1,0
BRDA:197,37,0,173
BRDA:198,38,0,1
BRDA:202,39,0,1
BRDA:203,40,0,246
BRDA:205,41,0,86
BRDA:210,42,0,183
BRDA:215,43,0,157
BRDA:232,44,0,2
BRDA:234,45,0,0
BRDA:239,46,0,2
BRDA:241,47,0,0
BRDA:241,48,0,90
BRDA:241,48,1,90
BRDA:254,49,0,2
BRDA:256,50,0,0
BRDA:261,51,0,2
BRDA:263,52,0,0
BRDA:263,53,0,104
BRDA:263,53,1,104
BRDA:284,54,0,830
BRDA:284,54,1,58
BRDA:292,55,0,507
BRDA:292,55,1,30
BRDA:301,56,0,2
BRDA:303,57,0,4
BRDA:303,57,1,4
BRDA:312,58,0,2
BRDA:315,59,0,0
BRDA:317,60,0,4
BRDA:317,60,1,4
BRDA:360,61,0,2
BRDA:361,62,0,2
BRDA:363,63,0,2
BRDA:371,64,0,77
BRDA:371,65,0,161
BRDA:371,65,1,154
BRDA:373,66,0,84
BRDA:373,66,1,4
BRDA:384,67,0,9
BRDA:385,68,0,7
BRDA:388,69,0,6
BRDA:390,70,0,6
BRDA:399,71,0,111
BRDA:399,72,0,255
BRDA:399,72,1,241
BRDA:401,73,0,144
BRDA:401,73,1,25
BRDA:410,74,0,1
BRDA:410,74,1,1
BRDA:419,75,0,0
BRDA:421,76,0,45
BRDA:422,77,0,51
BRDA:422,77,1,25
BRDA:424,78,0,3
BRDA:424,78,1,48
BRDA:427,79,0,21
BRDA:431,80,0,2
BRDA:431,80,1,23
BRDA:434,81,0,21
BRDA:449,82,0,0
BRDA:450,83,0,0
BRDA:450,83,1,0
BRDA:453,84,0,0
BRDA:453,84,1,0
BRF:118
BRH:100
end_of_record
TN:
SF:src/json-crdt-extensions/peritext/slice/Cursor.ts
FN:23,(anonymous_0)
FN:32,(anonymous_1)
FN:36,(anonymous_2)
FN:40,(anonymous_3)
FN:46,(anonymous_4)
FN:63,(anonymous_5)
FN:81,(anonymous_6)
FN:85,(anonymous_7)
FN:89,(anonymous_8)
FN:96,(anonymous_9)
FN:100,(anonymous_10)
FN:107,(anonymous_11)
FNF:12
FNH:3
FNDA:105,(anonymous_0)
FNDA:0,(anonymous_1)
FNDA:0,(anonymous_2)
FNDA:70,(anonymous_3)
FNDA:37,(anonymous_4)
FNDA:0,(anonymous_5)
FNDA:0,(anonymous_6)
FNDA:0,(anonymous_7)
FNDA:0,(anonymous_8)
FNDA:0,(anonymous_9)
FNDA:0,(anonymous_10)
FNDA:0,(anonymous_11)
DA:3,3
DA:4,3
DA:9,3
DA:10,105
DA:11,105
DA:21,105
DA:24,105
DA:25,105
DA:26,105
DA:27,105
DA:29,105
DA:33,0
DA:37,0
DA:41,70
DA:42,70
DA:43,70
DA:47,37
DA:48,37
DA:49,37
DA:50,0
DA:51,0
DA:53,37
DA:54,37
DA:64,0
DA:65,0
DA:66,0
DA:67,0
DA:68,0
DA:69,0
DA:70,0
DA:71,0
DA:72,0
DA:74,0
DA:75,0
DA:76,0
DA:82,0
DA:86,0
DA:90,0
DA:91,0
DA:92,0
DA:93,0
DA:97,0
DA:98,0
DA:99,0
DA:100,0
DA:105,105
DA:109,0
LF:47
LH:20
BRDA:33,0,0,0
BRDA:33,0,1,0
BRDA:37,1,0,0
BRDA:37,1,1,0
BRDA:40,2,0,70
BRDA:41,3,0,29
BRDA:41,4,0,70
BRDA:41,4,1,41
BRDA:46,5,0,0
BRDA:49,6,0,0
BRDA:54,7,0,0
BRDA:54,7,1,37
BRDA:63,8,0,0
BRDA:64,9,0,0
BRDA:67,10,0,0
BRDA:67,10,1,0
BRDA:69,11,0,0
BRDA:69,11,1,0
BRDA:92,12,0,0
BRDA:96,13,0,0
BRDA:98,14,0,0
BRDA:98,14,1,0
BRF:22
BRH:5
end_of_record
TN:
SF:src/json-crdt-extensions/peritext/slice/PersistedSlice.ts
FN:17,(anonymous_0)
FN:32,(anonymous_1)
FN:37,(anonymous_2)
FN:41,(anonymous_3)
FN:47,(anonymous_4)
FN:51,(anonymous_5)
FN:58,(anonymous_6)
FNF:7
FNH:3
FNDA:9,(anonymous_0)
FNDA:0,(anonymous_1)
FNDA:4,(anonymous_2)
FNDA:0,(anonymous_3)
FNDA:0,(anonymous_4)
FNDA:0,(anonymous_5)
FNDA:15,(anonymous_6)
DA:2,3
DA:3,3
DA:4,3
DA:7,3
DA:14,3
DA:18,9
DA:19,9
DA:20,9
DA:21,9
DA:23,9
DA:25,9
DA:26,9
DA:28,9
DA:29,9
DA:34,0
DA:38,4
DA:42,0
DA:48,0
DA:49,0
DA:50,0
DA:51,0
DA:56,9
DA:59,15
DA:60,15
DA:61,15
DA:62,15
DA:63,10
DA:64,10
DA:65,10
DA:66,10
DA:67,10
DA:68,10
DA:69,10
DA:70,10
DA:71,10
DA:72,10
DA:73,10
DA:74,10
DA:75,10
DA:76,10
DA:77,10
DA:78,10
DA:79,10
DA:80,10
DA:82,15
LF:45
LH:39
BRDA:38,0,0,0
BRDA:38,0,1,4
BRDA:38,1,0,4
BRDA:38,1,1,4
BRDA:47,2,0,0
BRDA:51,3,0,0
BRDA:51,3,1,0
BRDA:62,4,0,10
BRDA:69,5,0,10
BRDA:69,5,1,0
BRDA:70,6,0,0
BRDA:71,7,0,0
BRF:12
BRH:5
end_of_record
TN:
SF:src/json-crdt-extensions/peritext/slice/Range.ts
FN:22,(anonymous_0)
FN:46,(anonymous_1)
FN:80,(anonymous_2)
FN:91,(anonymous_3)
FN:102,(anonymous_4)
FN:116,(anonymous_5)
FN:126,(anonymous_6)
FN:132,(anonymous_7)
FN:137,(anonymous_8)
FN:141,(anonymous_9)
FN:146,(anonymous_10)
FN:151,(anonymous_11)
FN:155,(anonymous_12)
FN:163,(anonymous_13)
FN:175,(anonymous_14)
FN:184,(anonymous_15)
FN:194,(anonymous_16)
FN:203,(anonymous_17)
FN:211,(anonymous_18)
FNF:19
FNH:18
FNDA:1,(anonymous_0)
FNDA:113,(anonymous_1)
FNDA:238,(anonymous_2)
FNDA:1,(anonymous_3)
FNDA:89,(anonymous_4)
FNDA:1,(anonymous_5)
FNDA:1,(anonymous_6)
FNDA:70,(anonymous_7)
FNDA:41,(anonymous_8)
FNDA:37,(anonymous_9)
FNDA:29,(anonymous_10)
FNDA:10,(anonymous_11)
FNDA:4,(anonymous_12)
FNDA:8,(anonymous_13)
FNDA:1,(anonymous_14)
FNDA:26,(anonymous_15)
FNDA:37,(anonymous_16)
FNDA:73,(anonymous_17)
FNDA:0,(anonymous_18)
DA:1,3
DA:12,3
DA:23,1
DA:47,113
DA:48,113
DA:49,40
DA:50,40
DA:51,40
DA:52,40
DA:54,73
DA:55,14
DA:56,14
DA:58,73
DA:59,4
DA:60,4
DA:61,4
DA:63,73
DA:64,0
DA:65,0
DA:67,73
DA:68,73
DA:69,73
DA:70,73
DA:71,73
DA:72,73
DA:81,238
DA:82,238
DA:83,238
DA:92,1
DA:103,89
DA:104,89
DA:105,54
DA:106,54
DA:107,54
DA:108,54
DA:109,54
DA:117,1
DA:118,1
DA:119,1
DA:127,1
DA:128,1
DA:129,1
DA:133,70
DA:134,70
DA:138,41
DA:142,37
DA:143,37
DA:147,29
DA:148,29
DA:152,10
DA:156,4
DA:164,8
DA:165,8
DA:176,1
DA:177,1
DA:178,1
DA:185,26
DA:195,37
DA:196,37
DA:197,37
DA:198,37
DA:199,37
DA:200,37
DA:201,37
DA:202,37
DA:203,37
DA:204,73
DA:206,37
DA:212,0
DA:213,0
DA:214,0
DA:215,0
DA:216,0
DA:217,0
LF:74
LH:66
BRDA:23,0,0,1
BRDA:23,0,1,0
BRDA:46,1,0,0
BRDA:48,2,0,40
BRDA:49,3,0,1
BRDA:50,4,0,25
BRDA:50,4,1,15
BRDA:50,5,0,15
BRDA:50,5,1,1
BRDA:54,6,0,14
BRDA:58,7,0,4
BRDA:61,8,0,0
BRDA:63,9,0,0
BRDA:67,10,0,4
BRDA:68,11,0,73
BRDA:68,11,1,0
BRDA:69,12,0,73
BRDA:69,12,1,0
BRDA:104,13,0,35
BRDA:132,14,0,0
BRDA:134,15,0,0
BRDA:134,15,1,70
BRDA:141,16,0,0
BRDA:152,17,0,10
BRDA:152,17,1,8
BRDA:156,18,0,4
BRDA:156,18,1,3
BRDA:196,19,0,0
BRDA:199,20,0,37
BRDA:199,20,1,0
BRDA:200,21,0,37
BRDA:200,21,1,0
BRDA:201,22,0,0
BRDA:201,23,0,37
BRDA:201,23,1,37
BRDA:204,24,0,73
BRDA:211,25,0,0
BRDA:211,26,0,0
BRDA:212,27,0,0
BRDA:212,27,1,0
BRDA:216,28,0,0
BRF:41
BRH:23
end_of_record
TN:
SF:src/json-crdt-extensions/peritext/slice/Slices.ts
FN:20,(anonymous_0)
FN:25,(anonymous_1)
FN:63,(anonymous_2)
FN:88,(anonymous_3)
FN:94,(anonymous_4)
FN:109,(anonymous_5)
FN:113,(anonymous_6)
FN:122,(anonymous_7)
FN:137,(anonymous_8)
FN:146,(anonymous_9)
FN:152,(anonymous_10)
FN:153,(anonymous_11)
FNF:12
FNH:6
FNDA:105,(anonymous_0)
FNDA:9,(anonymous_1)
FNDA:0,(anonymous_2)
FNDA:1,(anonymous_3)
FNDA:0,(anonymous_4)
FNDA:6,(anonymous_5)
FNDA:0,(anonymous_6)
FNDA:16,(anonymous_7)
FNDA:15,(anonymous_8)
FNDA:0,(anonymous_9)
FNDA:0,(anonymous_10)
FNDA:0,(anonymous_11)
DA:1,3
DA:2,3
DA:4,3
DA:5,3
DA:6,3
DA:8,3
DA:9,3
DA:11,3
DA:17,3
DA:18,105
DA:21,105
DA:22,105
DA:26,9
DA:27,9
DA:28,9
DA:29,9
DA:30,9
DA:31,9
DA:32,9
DA:33,9
DA:35,9
DA:38,9
DA:39,9
DA:40,9
DA:41,9
DA:42,9
DA:48,9
DA:49,9
DA:50,9
DA:51,9
DA:52,9
DA:53,9
DA:56,9
DA:59,9
DA:60,9
DA:64,0
DA:65,0
DA:66,0
DA:67,0
DA:68,0
DA:69,0
DA:70,0
DA:71,0
DA:72,0
DA:73,0
DA:74,0
DA:75,0
DA:76,0
DA:77,0
DA:78,0
DA:79,0
DA:80,0
DA:82,0
DA:85,0
DA:89,1
DA:90,1
DA:91,1
DA:95,0
DA:96,0
DA:97,0
DA:98,0
DA:99,0
DA:100,0
DA:101,0
DA:102,0
DA:105,0
DA:106,0
DA:110,6
DA:114,0
DA:119,105
DA:120,105
DA:123,16
DA:124,16
DA:125,11
DA:127,11
DA:128,11
DA:129,11
DA:130,1
DA:132,10
DA:136,16
DA:137,16
DA:138,15
DA:139,15
DA:141,16
DA:147,0
DA:153,0
DA:154,0
LF:87
LH:54
BRDA:40,0,0,0
BRDA:40,0,1,9
BRDA:48,1,0,7
BRDA:56,2,0,0
BRDA:56,2,1,9
BRDA:66,3,0,0
BRDA:66,3,1,0
BRDA:67,4,0,0
BRDA:69,5,0,0
BRDA:75,6,0,0
BRDA:75,6,1,0
BRDA:76,7,0,0
BRDA:77,8,0,0
BRDA:82,9,0,0
BRDA:82,9,1,0
BRDA:100,10,0,0
BRDA:124,11,0,11
BRDA:129,12,0,1
BRDA:129,12,1,10
BRDA:130,13,0,1
BRDA:132,14,0,0
BRDA:146,15,0,0
BRF:22
BRH:7
end_of_record
TN:
SF:src/json-crdt-extensions/peritext/slice/SplitSlice.ts
FNF:0
FNH:0
DA:1,3
DA:3,3
LF:2
LH:2
BRF:0
BRH:0
end_of_record
TN:
SF:src/json-crdt-extensions/peritext/util/ChunkSlice.ts
FN:10,(anonymous_0)
FN:25,(anonymous_1)
FN:31,(anonymous_2)
FN:38,(anonymous_3)
FN:47,(anonymous_4)
FN:58,(anonymous_5)
FNF:6
FNH:4
FNDA:210,(anonymous_0)
FNDA:2,(anonymous_1)
FNDA:0,(anonymous_2)
FNDA:196,(anonymous_3)
FNDA:7,(anonymous_4)
FNDA:0,(anonymous_5)
DA:1,4
DA:2,4
DA:3,4
DA:9,4
DA:14,210
DA:16,210
DA:18,210
DA:26,2
DA:27,2
DA:28,2
DA:32,0
DA:33,0
DA:34,0
DA:35,0
DA:39,196
DA:40,196
DA:45,210
DA:48,7
DA:49,7
DA:50,7
DA:51,7
DA:52,7
DA:53,7
DA:59,0
DA:60,0
DA:61,0
DA:62,0
DA:63,0
DA:64,0
DA:65,0
DA:66,0
LF:31
LH:19
BRDA:28,0,0,0
BRDA:28,0,1,2
BRDA:58,1,0,0
BRDA:64,2,0,0
BRDA:64,2,1,0
BRDA:64,3,0,0
BRDA:64,3,1,0
BRF:7
BRH:1
end_of_record
TN:
SF:src/json-crdt-patch/Patch.ts
FN:54,(anonymous_0)
FN:58,(anonymous_1)
FN:79,(anonymous_2)
FN:91,(anonymous_3)
FN:100,(anonymous_4)
FN:115,(anonymous_5)
FN:143,(anonymous_6)
FN:163,(anonymous_7)
FN:169,(anonymous_8)
FN:184,(anonymous_9)
FN:185,(anonymous_10)
FN:193,(anonymous_11)
FN:206,(anonymous_12)
FNF:13
FNH:10
FNDA:89935,(anonymous_0)
FNDA:44682,(anonymous_1)
FNDA:24233,(anonymous_2)
FNDA:13455,(anonymous_3)
FNDA:1869752,(anonymous_4)
FNDA:3,(anonymous_5)
FNDA:0,(anonymous_6)
FNDA:3,(anonymous_7)
FNDA:12,(anonymous_8)
FNDA:0,(anonymous_9)
FNDA:0,(anonymous_10)
FNDA:53,(anonymous_11)
FNDA:6,(anonymous_12)
DA:1,120
DA:2,120
DA:4,120
DA:54,120
DA:59,44682
DA:65,89935
DA:71,89935
DA:80,24233
DA:81,24233
DA:82,24233
DA:92,13455
DA:93,20163
DA:94,13455
DA:101,1869752
DA:102,1869752
DA:103,1869752
DA:104,1780093
DA:105,1780093
DA:116,3
DA:117,3
DA:118,3
DA:119,3
DA:120,3
DA:121,3
DA:122,3
DA:123,3
DA:124,3
DA:125,3
DA:126,3
DA:127,3
DA:128,3
DA:129,3
DA:130,3
DA:131,3
DA:132,0
DA:133,0
DA:134,0
DA:135,0
DA:136,0
DA:137,0
DA:138,0
DA:139,0
DA:143,0
DA:146,0
DA:148,3
DA:164,3
DA:165,3
DA:166,3
DA:167,3
DA:168,3
DA:169,3
DA:170,12
DA:171,12
DA:172,12
DA:173,9
DA:174,9
DA:175,5
DA:185,0
DA:194,53
DA:207,6
DA:208,6
DA:209,6
DA:210,12
DA:211,12
DA:213,6
LF:65
LH:54
BRDA:81,0,0,0
BRDA:103,1,0,89659
BRDA:122,2,0,0
BRDA:122,2,1,3
BRDA:123,3,0,0
BRDA:123,3,1,3
BRDA:124,4,0,0
BRDA:124,4,1,3
BRDA:125,5,0,0
BRDA:125,5,1,3
BRDA:126,6,0,0
BRDA:126,6,1,3
BRDA:127,7,0,0
BRDA:127,7,1,3
BRDA:128,8,0,0
BRDA:128,8,1,3
BRDA:129,9,0,0
BRDA:129,9,1,3
BRDA:130,10,0,3
BRDA:130,10,1,0
BRDA:132,11,0,0
BRDA:132,11,1,0
BRDA:134,12,0,0
BRDA:134,12,1,0
BRDA:136,13,0,0
BRDA:136,13,1,0
BRDA:138,14,0,0
BRDA:138,14,1,0
BRDA:146,15,0,0
BRDA:165,16,0,0
BRDA:167,17,0,0
BRDA:172,18,0,3
BRDA:174,19,0,4
BRDA:206,20,0,6
BRDA:208,21,0,6
BRDA:208,21,1,0
BRDA:211,22,0,6
BRDA:211,22,1,6
BRDA:211,23,0,6
BRDA:211,23,1,6
BRF:40
BRH:18
end_of_record
TN:
SF:src/json-crdt-patch/PatchBuilder.ts
FN:26,(anonymous_0)
FN:50,(anonymous_1)
FN:59,(anonymous_2)
FN:69,(anonymous_3)
FN:82,(anonymous_4)
FN:94,(anonymous_5)
FN:106,(anonymous_6)
FN:118,(anonymous_7)
FN:130,(anonymous_8)
FN:144,(anonymous_9)
FN:159,(anonymous_10)
FN:171,(anonymous_11)
FN:183,(anonymous_12)
FN:199,(anonymous_13)
FN:216,(anonymous_14)
FN:229,(anonymous_15)
FN:245,(anonymous_16)
FN:261,(anonymous_17)
FN:278,(anonymous_18)
FN:292,(anonymous_19)
FN:304,(anonymous_20)
FN:322,(anonymous_21)
FN:335,(anonymous_22)
FN:344,(anonymous_23)
FN:353,(anonymous_24)
FN:363,(anonymous_25)
FN:377,(anonymous_26)
FN:407,(anonymous_27)
FN:419,(anonymous_28)
FN:430,(anonymous_29)
FNF:30
FNH:29
FNDA:90616,(anonymous_0)
FNDA:89701,(anonymous_1)
FNDA:404038,(anonymous_2)
FNDA:230,(anonymous_3)
FNDA:61165,(anonymous_4)
FNDA:35662,(anonymous_5)
FNDA:81,(anonymous_6)
FNDA:49040,(anonymous_7)
FNDA:6753,(anonymous_8)
FNDA:39242,(anonymous_9)
FNDA:7141,(anonymous_10)
FNDA:3897,(anonymous_11)
FNDA:69776,(anonymous_12)
FNDA:94,(anonymous_13)
FNDA:10754,(anonymous_14)
FNDA:497640,(anonymous_15)
FNDA:16701,(anonymous_16)
FNDA:24305,(anonymous_17)
FNDA:130284,(anonymous_18)
FNDA:3362,(anonymous_19)
FNDA:40086,(anonymous_20)
FNDA:25556,(anonymous_21)
FNDA:33219,(anonymous_22)
FNDA:1050,(anonymous_23)
FNDA:3111,(anonymous_24)
FNDA:10,(anonymous_25)
FNDA:103146,(anonymous_26)
FNDA:497,(anonymous_27)
FNDA:0,(anonymous_28)
FNDA:1465714,(anonymous_29)
DA:1,120
DA:18,120
DA:19,120
DA:20,120
DA:21,120
DA:22,120
DA:23,120
DA:24,120
DA:26,120
DA:27,90616
DA:30,13918
DA:32,76698
DA:41,120
DA:50,89701
DA:51,89701
DA:60,404038
DA:70,230
DA:71,230
DA:72,230
DA:83,61165
DA:84,61165
DA:85,61165
DA:86,61165
DA:95,35662
DA:96,35662
DA:97,35662
DA:98,35662
DA:107,81
DA:108,81
DA:109,81
DA:110,81
DA:119,49040
DA:120,49040
DA:121,49040
DA:122,49040
DA:131,6753
DA:132,6753
DA:133,6753
DA:134,6753
DA:145,39242
DA:146,39242
DA:147,39242
DA:148,39242
DA:160,7141
DA:161,7141
DA:162,7141
DA:163,7141
DA:172,3897
DA:173,3897
DA:174,3897
DA:175,3897
DA:184,69776
DA:185,69776
DA:186,69776
DA:187,69776
DA:188,69776
DA:189,69776
DA:190,69776
DA:191,69776
DA:200,94
DA:201,94
DA:202,94
DA:203,94
DA:204,94
DA:205,94
DA:206,94
DA:207,94
DA:217,10754
DA:218,10754
DA:219,10754
DA:220,10754
DA:221,10754
DA:230,497640
DA:231,497640
DA:232,497640
DA:233,497640
DA:234,497640
DA:235,497640
DA:236,497640
DA:237,497640
DA:246,16701
DA:247,16701
DA:248,16701
DA:249,16701
DA:250,16701
DA:251,16701
DA:252,16701
DA:253,16701
DA:262,24305
DA:263,24305
DA:264,24305
DA:265,24305
DA:266,24305
DA:267,24305
DA:268,24305
DA:279,130284
DA:280,130284
DA:281,130284
DA:282,130284
DA:293,3362
DA:294,3362
DA:295,3362
DA:296,3362
DA:305,40086
DA:306,40086
DA:307,40086
DA:308,37952
DA:309,37952
DA:310,90121
DA:311,90121
DA:312,90121
DA:314,37952
DA:316,40086
DA:323,25556
DA:324,25556
DA:325,16046
DA:326,23379
DA:327,16046
DA:329,25556
DA:336,33219
DA:337,33219
DA:338,33219
DA:345,1050
DA:346,1050
DA:347,1050
DA:354,3111
DA:355,3111
DA:356,3111
DA:357,3111
DA:364,10
DA:365,10
DA:366,10
DA:367,10
DA:368,26
DA:369,10
DA:371,10
DA:378,103146
DA:379,103134
DA:380,103124
DA:381,77579
DA:382,76529
DA:383,76519
DA:384,76488
DA:385,76415
DA:387,40496
DA:389,33219
DA:392,2700
DA:394,0
DA:408,497
DA:409,495
DA:420,0
DA:431,1465714
DA:432,1465714
DA:433,1376072
DA:434,1376072
DA:435,2
DA:436,2
DA:437,2
LF:158
LH:156
BRDA:27,0,0,8020
BRDA:27,0,1,13918
BRDA:27,0,2,76698
BRDA:60,1,0,404038
BRDA:60,1,1,17
BRDA:185,2,0,0
BRDA:189,3,0,0
BRDA:201,4,0,0
BRDA:205,5,0,0
BRDA:231,6,0,0
BRDA:235,7,0,96728
BRDA:247,8,0,0
BRDA:251,9,0,15958
BRDA:266,10,0,6762
BRDA:307,11,0,37952
BRDA:311,12,0,0
BRDA:311,12,1,90121
BRDA:311,13,0,15073
BRDA:311,13,1,75048
BRDA:324,14,0,16046
BRDA:337,15,0,32904
BRDA:346,16,0,867
BRDA:366,17,0,10
BRDA:378,18,0,12
BRDA:379,19,0,10
BRDA:380,20,0,25545
BRDA:381,21,0,1050
BRDA:382,22,0,10
BRDA:383,23,0,31
BRDA:384,24,0,73
BRDA:385,25,0,40496
BRDA:385,25,1,33219
BRDA:385,25,2,2421
BRDA:385,25,3,2700
BRDA:387,26,0,410
BRDA:387,26,1,40086
BRDA:408,27,0,2
BRDA:409,28,0,408
BRDA:409,28,1,87
BRDA:420,29,0,0
BRDA:420,29,1,0
BRDA:432,30,0,89642
BRDA:434,31,0,2
BRF:43
BRH:34
end_of_record
TN:
SF:src/json-crdt-patch/constants.ts
FNF:0
FNH:0
DA:1,127
DA:36,127
LF:2
LH:2
BRF:0
BRH:0
end_of_record
TN:
SF:src/json-crdt-patch/index.ts
FNF:0
FNH:0
DA:113,40
DA:114,40
DA:115,40
DA:116,40
DA:117,40
DA:118,40
DA:119,40
DA:120,40
DA:121,40
LF:9
LH:9
BRF:0
BRH:0
end_of_record
TN:
SF:src/json-crdt-patch/operations.ts
FN:10,(anonymous_0)
FN:15,(anonymous_1)
FN:19,(anonymous_2)
FN:23,(anonymous_3)
FN:43,(anonymous_4)
FN:45,(anonymous_5)
FN:49,(anonymous_6)
FN:53,(anonymous_7)
FN:64,(anonymous_8)
FN:66,(anonymous_9)
FN:70,(anonymous_10)
FN:74,(anonymous_11)
FN:85,(anonymous_12)
FN:87,(anonymous_13)
FN:91,(anonymous_14)
FN:95,(anonymous_15)
FN:106,(anonymous_16)
FN:108,(anonymous_17)
FN:112,(anonymous_18)
FN:116,(anonymous_19)
FN:127,(anonymous_20)
FN:129,(anonymous_21)
FN:133,(anonymous_22)
FN:137,(anonymous_23)
FN:148,(anonymous_24)
FN:150,(anonymous_25)
FN:154,(anonymous_26)
FN:158,(anonymous_27)
FN:169,(anonymous_28)
FN:176,(anonymous_29)
FN:180,(anonymous_30)
FN:184,(anonymous_31)
FN:197,(anonymous_32)
FN:203,(anonymous_33)
FN:207,(anonymous_34)
FN:211,(anonymous_35)
FN:229,(anonymous_36)
FN:235,(anonymous_37)
FN:239,(anonymous_38)
FN:243,(anonymous_39)
FN:261,(anonymous_40)
FN:268,(anonymous_41)
FN:272,(anonymous_42)
FN:276,(anonymous_43)
FN:289,(anonymous_44)
FN:296,(anonymous_45)
FN:300,(anonymous_46)
FN:304,(anonymous_47)
FN:330,(anonymous_48)
FN:337,(anonymous_49)
FN:341,(anonymous_50)
FN:345,(anonymous_51)
FN:364,(anonymous_52)
FN:370,(anonymous_53)
FN:374,(anonymous_54)
FN:378,(anonymous_55)
FN:379,(anonymous_56)
FN:391,(anonymous_57)
FN:396,(anonymous_58)
FN:400,(anonymous_59)
FN:404,(anonymous_60)
FNF:61
FNH:34
FNDA:39242,(anonymous_0)
FNDA:90325,(anonymous_1)
FNDA:6,(anonymous_2)
FNDA:6,(anonymous_3)
FNDA:7141,(anonymous_4)
FNDA:10486,(anonymous_5)
FNDA:0,(anonymous_6)
FNDA:0,(anonymous_7)
FNDA:61166,(anonymous_8)
FNDA:112933,(anonymous_9)
FNDA:0,(anonymous_10)
FNDA:0,(anonymous_11)
FNDA:81,(anonymous_12)
FNDA:146,(anonymous_13)
FNDA:0,(anonymous_14)
FNDA:0,(anonymous_15)
FNDA:49041,(anonymous_16)
FNDA:87916,(anonymous_17)
FNDA:0,(anonymous_18)
FNDA:0,(anonymous_19)
FNDA:6753,(anonymous_20)
FNDA:12824,(anonymous_21)
FNDA:0,(anonymous_22)
FNDA:0,(anonymous_23)
FNDA:35662,(anonymous_24)
FNDA:55387,(anonymous_25)
FNDA:0,(anonymous_26)
FNDA:0,(anonymous_27)
FNDA:14652,(anonymous_28)
FNDA:19250,(anonymous_29)
FNDA:6,(anonymous_30)
FNDA:6,(anonymous_31)
FNDA:69778,(anonymous_32)
FNDA:200414,(anonymous_33)
FNDA:0,(anonymous_34)
FNDA:0,(anonymous_35)
FNDA:94,(anonymous_36)
FNDA:249,(anonymous_37)
FNDA:0,(anonymous_38)
FNDA:0,(anonymous_39)
FNDA:497644,(anonymous_40)
FNDA:1853020,(anonymous_41)
FNDA:0,(anonymous_42)
FNDA:0,(anonymous_43)
FNDA:16701,(anonymous_44)
FNDA:53992,(anonymous_45)
FNDA:0,(anonymous_46)
FNDA:0,(anonymous_47)
FNDA:24308,(anonymous_48)
FNDA:62215,(anonymous_49)
FNDA:0,(anonymous_50)
FNDA:0,(anonymous_51)
FNDA:130284,(anonymous_52)
FNDA:278022,(anonymous_53)
FNDA:0,(anonymous_54)
FNDA:0,(anonymous_55)
FNDA:0,(anonymous_56)
FNDA:3364,(anonymous_57)
FNDA:3069,(anonymous_58)
FNDA:0,(anonymous_59)
FNDA:0,(anonymous_60)
DA:2,120
DA:9,120
DA:11,39242
DA:12,39242
DA:16,90325
DA:20,6
DA:24,6
DA:26,6
DA:33,6
DA:42,120
DA:43,7141
DA:46,10486
DA:50,0
DA:54,0
DA:63,120
DA:64,61166
DA:67,112933
DA:71,0
DA:75,0
DA:84,120
DA:85,81
DA:88,146
DA:92,0
DA:96,0
DA:105,120
DA:106,49041
DA:109,87916
DA:113,0
DA:117,0
DA:126,120
DA:127,6753
DA:130,12824
DA:134,0
DA:138,0
DA:147,120
DA:148,35662
DA:151,55387
DA:155,0
DA:159,0
DA:168,120
DA:170,14652
DA:172,14652
DA:173,14652
DA:177,19250
DA:181,6
DA:185,6
DA:196,120
DA:198,69778
DA:199,69778
DA:200,69778
DA:204,200414
DA:208,0
DA:212,0
DA:213,0
DA:214,0
DA:215,0
DA:219,0
DA:228,120
DA:230,94
DA:231,94
DA:232,94
DA:236,249
DA:240,0
DA:244,0
DA:245,0
DA:246,0
DA:247,0
DA:251,0
DA:260,120
DA:262,497644
DA:263,497644
DA:264,497644
DA:265,497644
DA:269,1853020
DA:273,0
DA:277,0
DA:288,120
DA:290,16701
DA:291,16701
DA:292,16701
DA:293,16701
DA:297,53992
DA:301,0
DA:305,0
DA:306,0
DA:317,120
DA:331,24308
DA:332,24308
DA:333,24308
DA:334,24308
DA:338,62215
DA:342,0
DA:346,0
DA:358,120
DA:365,130284
DA:366,130284
DA:367,130284
DA:371,278022
DA:375,0
DA:379,0
DA:380,0
DA:390,120
DA:392,3364
DA:393,3364
DA:397,3069
DA:401,0
DA:405,0
LF:107
LH:71
BRDA:23,0,0,0
BRDA:26,1,0,6
BRDA:26,1,1,0
BRDA:28,2,0,0
BRDA:28,2,1,0
BRDA:29,3,0,0
BRDA:29,3,1,0
BRDA:137,4,0,0
BRDA:184,5,0,0
BRDA:211,6,0,0
BRDA:215,7,0,0
BRDA:215,7,1,0
BRDA:243,8,0,0
BRDA:247,9,0,0
BRDA:247,9,1,0
BRDA:304,10,0,0
BRF:16
BRH:1
end_of_record
TN:
SF:src/json-crdt-patch/builder/DelayedValueBuilder.ts
FN:10,(anonymous_0)
FN:13,(anonymous_1)
FNF:2
FNH:2
FNDA:229,(anonymous_0)
FNDA:16,(anonymous_1)
DA:9,120
DA:10,229
DA:13,120
LF:3
LH:3
BRF:0
BRH:0
end_of_record
TN:
SF:src/json-crdt-patch/builder/Konst.ts
FN:5,(anonymous_0)
FN:8,(anonymous_1)
FNF:2
FNH:2
FNDA:31,(anonymous_0)
FNDA:31,(anonymous_1)
DA:4,120
DA:5,31
DA:8,120
LF:3
LH:3
BRF:0
BRH:0
end_of_record
TN:
SF:src/json-crdt-patch/builder/Tuple.ts
FN:5,(anonymous_0)
FN:13,(anonymous_1)
FNF:2
FNH:2
FNDA:10,(anonymous_0)
FNDA:10,(anonymous_1)
DA:4,120
DA:5,10
DA:13,120
LF:3
LH:3
BRF:0
BRH:0
end_of_record
TN:
SF:src/json-crdt-patch/builder/schema.ts
FN:11,(anonymous_0)
FN:28,(anonymous_1)
FN:29,(anonymous_2)
FN:49,(anonymous_3)
FN:50,(anonymous_4)
FN:60,(anonymous_5)
FN:61,(anonymous_6)
FN:80,(anonymous_7)
FN:81,(anonymous_8)
FN:104,(anonymous_9)
FN:105,(anonymous_10)
FN:142,(anonymous_11)
FN:146,(anonymous_12)
FN:164,(anonymous_13)
FN:195,(anonymous_14)
FN:196,(anonymous_15)
FN:228,(anonymous_16)
FN:234,(anonymous_17)
FN:240,(anonymous_18)
FN:246,(anonymous_19)
FN:252,(anonymous_20)
FN:259,(anonymous_21)
FN:268,(anonymous_22)
FN:275,(anonymous_23)
FNF:24
FNH:23
FNDA:40,(anonymous_0)
FNDA:87,(anonymous_1)
FNDA:69,(anonymous_2)
FNDA:29,(anonymous_3)
FNDA:23,(anonymous_4)
FNDA:5,(anonymous_5)
FNDA:3,(anonymous_6)
FNDA:14,(anonymous_7)
FNDA:7,(anonymous_8)
FNDA:26,(anonymous_9)
FNDA:24,(anonymous_10)
FNDA:31,(anonymous_11)
FNDA:25,(anonymous_12)
FNDA:0,(anonymous_13)
FNDA:5,(anonymous_14)
FNDA:3,(anonymous_15)
FNDA:87,(anonymous_16)
FNDA:29,(anonymous_17)
FNDA:5,(anonymous_18)
FNDA:14,(anonymous_19)
FNDA:26,(anonymous_20)
FNDA:31,(anonymous_21)
FNDA:1,(anonymous_22)
FNDA:5,(anonymous_23)
DA:2,40
DA:11,40
DA:25,40
DA:26,87
DA:28,87
DA:29,87
DA:46,40
DA:47,29
DA:49,29
DA:50,29
DA:57,40
DA:58,5
DA:60,5
DA:61,5
DA:77,40
DA:78,14
DA:80,14
DA:81,14
DA:82,7
DA:83,7
DA:84,7
DA:85,7
DA:101,40
DA:102,26
DA:104,26
DA:105,26
DA:106,24
DA:107,24
DA:108,24
DA:109,22
DA:110,22
DA:111,44
DA:112,44
DA:113,44
DA:115,22
DA:117,24
DA:136,40
DA:140,31
DA:143,31
DA:144,31
DA:146,31
DA:147,25
DA:148,25
DA:149,25
DA:150,25
DA:151,25
DA:152,25
DA:153,25
DA:154,40
DA:155,40
DA:156,40
DA:158,25
DA:160,25
DA:165,0
DA:192,40
DA:193,5
DA:195,5
DA:196,5
DA:197,3
DA:198,3
DA:199,3
DA:200,3
DA:201,6
DA:202,3
DA:204,3
DA:223,40
DA:228,87
DA:234,29
DA:240,5
DA:246,14
DA:252,26
DA:260,31
DA:269,1
DA:275,5
DA:282,40
LF:75
LH:74
BRDA:108,0,0,22
BRDA:152,1,0,25
BRDA:199,2,0,3
BRDA:11,3,0,40
BRDA:11,3,1,40
BRDA:234,4,0,29
BRDA:234,4,1,0
BRF:7
BRH:6
end_of_record
TN:
SF:src/json-crdt-patch/clock/clock.ts
FN:5,(anonymous_0)
FN:12,(anonymous_1)
FN:26,(anonymous_2)
FN:36,(anonymous_3)
FN:45,(anonymous_4)
FN:52,(anonymous_5)
FN:60,(anonymous_6)
FN:81,(anonymous_7)
FN:98,(anonymous_8)
FN:113,(anonymous_9)
FN:129,(anonymous_10)
FN:143,(anonymous_11)
FN:154,(anonymous_12)
FN:169,(anonymous_13)
FN:186,(anonymous_14)
FN:196,(anonymous_15)
FN:199,(anonymous_16)
FN:211,(anonymous_17)
FN:215,(anonymous_18)
FN:228,(anonymous_19)
FN:232,(anonymous_20)
FN:239,(anonymous_21)
FN:243,(anonymous_22)
FN:252,(anonymous_23)
FNF:24
FNH:23
FNDA:7199973,(anonymous_0)
FNDA:618864,(anonymous_1)
FNDA:3695972,(anonymous_2)
FNDA:541129,(anonymous_3)
FNDA:1863183,(anonymous_4)
FNDA:1855,(anonymous_5)
FNDA:16248478,(anonymous_6)
FNDA:0,(anonymous_7)
FNDA:56834,(anonymous_8)
FNDA:109762,(anonymous_9)
FNDA:64691,(anonymous_10)
FNDA:1136022,(anonymous_11)
FNDA:89081,(anonymous_12)
FNDA:1546005,(anonymous_13)
FNDA:17,(anonymous_14)
FNDA:3532,(anonymous_15)
FNDA:57642,(anonymous_16)
FNDA:58,(anonymous_17)
FNDA:11692,(anonymous_18)
FNDA:3802,(anonymous_19)
FNDA:50806,(anonymous_20)
FNDA:51,(anonymous_21)
FNDA:51,(anonymous_22)
FNDA:2,(anonymous_23)
DA:4,130
DA:6,7199973
DA:7,7199973
DA:11,130
DA:13,618864
DA:14,618864
DA:15,618864
DA:26,3695972
DA:36,541129
DA:45,1863183
DA:52,130
DA:53,1855
DA:60,130
DA:61,16248478
DA:62,16248478
DA:63,16248478
DA:64,6248175
DA:65,1737613
DA:66,1737613
DA:67,1737613
DA:68,1575583
DA:69,1423479
DA:81,130
DA:82,0
DA:83,0
DA:84,0
DA:85,0
DA:86,0
DA:87,0
DA:98,130
DA:99,56834
DA:100,25770
DA:101,25770
DA:102,25770
DA:103,24684
DA:104,24174
DA:113,130
DA:114,109762
DA:115,109686
DA:116,109686
DA:117,109686
DA:129,130
DA:130,64691
DA:135,130
DA:144,1136022
DA:145,1136022
DA:146,1136022
DA:154,130
DA:158,89081
DA:171,1546005
DA:172,1546005
DA:173,1546005
DA:174,1198012
DA:175,1198012
DA:176,931795
DA:178,1546005
DA:187,17
DA:197,3532
DA:198,3532
DA:199,3532
DA:200,57642
DA:202,3532
DA:212,58
DA:213,58
DA:214,58
DA:215,58
DA:216,11692
DA:217,11692
DA:218,11692
DA:220,58
DA:228,130
DA:230,3802
DA:233,50806
DA:234,50806
DA:235,50805
DA:236,50805
DA:240,51
DA:244,51
DA:253,2
LF:79
LH:73
BRDA:53,0,0,1855
BRDA:53,0,1,176
BRDA:63,1,0,10000303
BRDA:64,2,0,4510562
BRDA:67,3,0,162030
BRDA:68,4,0,152104
BRDA:82,5,0,0
BRDA:85,6,0,0
BRDA:86,7,0,0
BRDA:99,8,0,31064
BRDA:102,9,0,1086
BRDA:103,10,0,510
BRDA:114,11,0,76
BRDA:116,12,0,109592
BRDA:173,13,0,1198012
BRDA:175,14,0,266217
BRDA:175,14,1,931795
BRDA:176,15,0,524784
BRDA:178,16,0,175228
BRDA:198,17,0,3515
BRDA:211,18,0,0
BRDA:217,19,0,18
BRDA:217,19,1,11674
BRDA:233,20,0,0
BRDA:234,21,0,1
BRDA:236,22,0,6
BRF:26
BRH:21
end_of_record
TN:
SF:src/json-crdt-patch/clock/index.ts
FNF:0
FNH:0
DA:25,130
DA:26,130
LF:2
LH:2
BRF:0
BRH:0
end_of_record
TN:
SF:src/json-crdt-patch/codec/__tests__/PatchFuzzer.ts
FN:8,(anonymous_0)
FN:67,(anonymous_1)
FN:73,(anonymous_2)
FN:78,(anonymous_3)
FN:9,(anonymous_4)
FN:16,(anonymous_5)
FN:23,(anonymous_6)
FN:27,(anonymous_7)
FN:28,(anonymous_8)
FN:29,(anonymous_9)
FN:30,(anonymous_10)
FN:31,(anonymous_11)
FN:32,(anonymous_12)
FN:33,(anonymous_13)
FN:34,(anonymous_14)
FN:37,(anonymous_15)
FN:39,(anonymous_16)
FN:40,(anonymous_17)
FN:41,(anonymous_18)
FN:42,(anonymous_19)
FN:46,(anonymous_20)
FN:48,(anonymous_21)
FN:49,(anonymous_22)
FN:50,(anonymous_23)
FN:57,(anonymous_24)
FN:63,(anonymous_25)
FN:85,(anonymous_26)
FN:89,(anonymous_27)
FN:93,(anonymous_28)
FN:97,(anonymous_29)
FNF:30
FNH:29
FNDA:1,(anonymous_0)
FNDA:14316,(anonymous_1)
FNDA:14687,(anonymous_2)
FNDA:0,(anonymous_3)
FNDA:800,(anonymous_4)
FNDA:800,(anonymous_5)
FNDA:1600,(anonymous_6)
FNDA:1117,(anonymous_7)
FNDA:1129,(anonymous_8)
FNDA:1095,(anonymous_9)
FNDA:1139,(anonymous_10)
FNDA:1115,(anonymous_11)
FNDA:1135,(anonymous_12)
FNDA:1110,(anonymous_13)
FNDA:1102,(anonymous_14)
FNDA:5940,(anonymous_15)
FNDA:1130,(anonymous_16)
FNDA:1115,(anonymous_17)
FNDA:1160,(anonymous_18)
FNDA:1131,(anonymous_19)
FNDA:6135,(anonymous_20)
FNDA:1148,(anonymous_21)
FNDA:1116,(anonymous_22)
FNDA:1104,(anonymous_23)
FNDA:800,(anonymous_24)
FNDA:800,(anonymous_25)
FNDA:800,(anonymous_26)
FNDA:1600,(anonymous_27)
FNDA:3380,(anonymous_28)
FNDA:1600,(anonymous_29)
DA:1,1
DA:2,1
DA:3,1
DA:6,1
DA:8,1
DA:10,800
DA:11,800
DA:12,800
DA:13,800
DA:17,800
DA:18,800
DA:19,800
DA:20,800
DA:24,1600
DA:25,1600
DA:26,16846
DA:27,1117
DA:28,1129
DA:29,1095
DA:30,1139
DA:31,1115
DA:32,1135
DA:33,1110
DA:35,1102
DA:37,5940
DA:39,1130
DA:40,1115
DA:41,1160
DA:43,1131
DA:46,6135
DA:48,1148
DA:49,1116
DA:50,1104
DA:52,16846
DA:54,1600
DA:58,800
DA:59,800
DA:60,800
DA:64,800
DA:67,1
DA:68,14316
DA:69,14316
DA:70,14316
DA:73,1
DA:74,14687
DA:75,14687
DA:78,1
DA:79,0
DA:80,0
DA:81,0
DA:82,0
DA:86,800
DA:90,1600
DA:94,3380
DA:98,1600
LF:55
LH:51
BRF:0
BRH:0
end_of_record
TN:
SF:src/json-crdt-patch/codec/binary/Decoder.ts
FN:21,(anonymous_0)
FN:31,(anonymous_1)
FN:46,(anonymous_2)
FN:52,(anonymous_3)
FN:58,(anonymous_4)
FN:64,(anonymous_5)
FNF:6
FNH:6
FNDA:120,(anonymous_0)
FNDA:52500,(anonymous_1)
FNDA:226680,(anonymous_2)
FNDA:61169,(anonymous_3)
FNDA:52500,(anonymous_4)
FNDA:113328,(anonymous_5)
DA:1,120
DA:2,120
DA:4,120
DA:6,120
DA:12,120
DA:22,120
DA:32,52500
DA:33,52500
DA:34,52500
DA:35,52500
DA:36,52500
DA:37,52500
DA:38,52500
DA:39,52500
DA:40,52500
DA:41,52500
DA:42,52500
DA:43,52500
DA:47,226680
DA:48,226680
DA:49,226680
DA:53,61169
DA:54,61169
DA:55,61169
DA:59,52500
DA:60,52500
DA:61,113328
DA:65,113328
DA:66,113328
DA:67,113328
DA:68,113328
DA:69,113328
DA:71,11756
DA:72,11756
DA:73,11756
DA:76,777
DA:77,777
DA:80,10100
DA:81,10100
DA:84,2
DA:85,2
DA:88,6682
DA:89,6682
DA:92,2417
DA:93,2417
DA:96,2545
DA:97,2545
DA:100,1672
DA:101,1672
DA:102,1672
DA:103,1672
DA:106,16979
DA:107,16979
DA:108,16979
DA:109,16979
DA:110,30913
DA:111,30913
DA:112,30913
DA:113,30913
DA:115,16979
DA:116,16979
DA:119,1
DA:120,1
DA:121,1
DA:122,1
DA:123,1
DA:124,1
DA:125,1
DA:126,1
DA:128,1
DA:129,1
DA:132,40649
DA:133,40649
DA:134,40649
DA:135,40649
DA:136,40649
DA:137,40649
DA:140,6669
DA:141,6669
DA:142,6669
DA:143,6669
DA:144,6669
DA:145,6669
DA:146,6669
DA:149,2008
DA:150,2008
DA:151,2008
DA:152,2008
DA:153,5075
DA:154,2008
DA:155,2008
DA:158,10542
DA:159,10542
DA:160,10542
DA:161,61169
DA:162,10542
DA:163,10542
DA:166,529
DA:167,529
DA:168,529
DA:171,0
LF:101
LH:100
BRDA:21,0,0,120
BRDA:37,1,0,488
BRDA:37,1,1,52012
BRDA:41,2,0,3
BRDA:49,3,0,132052
BRDA:49,3,1,94628
BRDA:69,4,0,11756
BRDA:69,4,1,777
BRDA:69,4,2,10100
BRDA:69,4,3,2
BRDA:69,4,4,6682
BRDA:69,4,5,2417
BRDA:69,4,6,2545
BRDA:69,4,7,1672
BRDA:69,4,8,16979
BRDA:69,4,9,1
BRDA:69,4,10,40649
BRDA:69,4,11,6669
BRDA:69,4,12,2008
BRDA:69,4,13,10542
BRDA:69,4,14,529
BRDA:69,4,15,0
BRDA:72,5,0,11752
BRDA:72,5,1,4
BRDA:106,6,0,16979
BRDA:106,6,1,176
BRDA:111,7,0,0
BRDA:119,8,0,1
BRDA:119,8,1,0
BRDA:124,9,0,0
BRDA:132,10,0,40649
BRDA:132,10,1,17152
BRDA:140,11,0,6669
BRDA:140,11,1,4743
BRDA:144,12,0,0
BRDA:149,13,0,2008
BRDA:149,13,1,174
BRDA:158,14,0,10542
BRDA:158,14,1,2483
BRDA:166,15,0,529
BRDA:166,15,1,346
BRF:41
BRH:36
end_of_record
TN:
SF:src/json-crdt-patch/codec/binary/Encoder.ts
FN:19,(anonymous_0)
FN:29,(anonymous_1)
FN:43,(anonymous_2)
FN:50,(anonymous_3)
FN:62,(anonymous_4)
FN:67,(anonymous_5)
FN:80,(anonymous_6)
FNF:7
FNH:7
FNDA:120,(anonymous_0)
FNDA:7871,(anonymous_1)
FNDA:7871,(anonymous_2)
FNDA:58507,(anonymous_3)
FNDA:12381,(anonymous_4)
FNDA:5915,(anonymous_5)
FNDA:33190,(anonymous_6)
DA:1,120
DA:3,120
DA:4,120
DA:5,120
DA:11,120
DA:12,120
DA:19,120
DA:20,120
DA:30,7871
DA:31,7871
DA:32,7871
DA:33,7871
DA:34,7871
DA:35,7871
DA:36,7871
DA:37,7871
DA:38,3
DA:39,7871
DA:40,7871
DA:44,7871
DA:45,7871
DA:46,7871
DA:47,33190
DA:51,58507
DA:52,58507
DA:53,58507
DA:54,58507
DA:55,31591
DA:57,26916
DA:58,26916
DA:63,12381
DA:64,12381
DA:68,5915
DA:69,5915
DA:70,3293
DA:72,2622
DA:73,2622
DA:75,5915
DA:76,5915
DA:77,5915
DA:81,33190
DA:82,33190
DA:83,33190
DA:85,2594
DA:86,2594
DA:87,2594
DA:88,4
DA:89,4
DA:91,2590
DA:92,2590
DA:94,2594
DA:97,722
DA:98,722
DA:101,3944
DA:102,3944
DA:105,2
DA:106,2
DA:109,3237
DA:110,3237
DA:113,777
DA:114,777
DA:117,2477
DA:118,2477
DA:121,1498
DA:122,1498
DA:123,1498
DA:124,1498
DA:125,1498
DA:128,4446
DA:129,4446
DA:130,4446
DA:131,4446
DA:132,4285
DA:134,161
DA:135,161
DA:137,4446
DA:138,4446
DA:139,10836
DA:140,10836
DA:141,10836
DA:143,4446
DA:146,1
DA:147,1
DA:148,1
DA:149,1
DA:150,1
DA:152,0
DA:153,0
DA:155,1
DA:156,1
DA:157,1
DA:158,1
DA:159,1
DA:161,1
DA:164,5750
DA:165,5750
DA:166,5750
DA:167,5750
DA:168,5750
DA:169,5750
DA:170,5750
DA:171,5750
DA:172,5750
DA:173,165
DA:174,165
DA:176,5750
DA:179,2199
DA:180,2199
DA:181,2199
DA:182,2199
DA:183,619
DA:185,1580
DA:186,1580
DA:188,2199
DA:189,2199
DA:190,2199
DA:191,2199
DA:194,1800
DA:195,1800
DA:196,1800
DA:197,1800
DA:198,1627
DA:200,173
DA:201,173
DA:203,1800
DA:204,1800
DA:205,4800
DA:206,1800
DA:209,3214
DA:210,3214
DA:211,3214
DA:212,3214
DA:213,2805
DA:215,409
DA:216,409
DA:218,3214
DA:219,12381
DA:220,3214
DA:223,529
DA:224,529
DA:225,529
DA:226,183
DA:228,346
DA:229,346
DA:231,529
DA:234,0
LF:146
LH:143
BRDA:19,0,0,0
BRDA:37,1,0,7868
BRDA:37,1,1,3
BRDA:54,2,0,31591
BRDA:54,2,1,26916
BRDA:69,3,0,3293
BRDA:69,3,1,2622
BRDA:83,4,0,2594
BRDA:83,4,1,722
BRDA:83,4,2,3944
BRDA:83,4,3,2
BRDA:83,4,4,3237
BRDA:83,4,5,777
BRDA:83,4,6,2477
BRDA:83,4,7,1498
BRDA:83,4,8,4446
BRDA:83,4,9,1
BRDA:83,4,10,5750
BRDA:83,4,11,2199
BRDA:83,4,12,1800
BRDA:83,4,13,3214
BRDA:83,4,14,529
BRDA:83,4,15,0
BRDA:87,5,0,4
BRDA:87,5,1,2590
BRDA:131,6,0,4285
BRDA:131,6,1,161
BRDA:149,7,0,1
BRDA:149,7,1,0
BRDA:172,8,0,165
BRDA:182,9,0,619
BRDA:182,9,1,1580
BRDA:197,10,0,1627
BRDA:197,10,1,173
BRDA:212,11,0,2805
BRDA:212,11,1,409
BRDA:225,12,0,183
BRDA:225,12,1,346
BRF:38
BRH:35
end_of_record
TN:
SF:src/json-crdt-patch/codec/binary/index.ts
FNF:0
FNH:0
DA:15,120
DA:16,120
DA:17,120
LF:3
LH:3
BRF:0
BRH:0
end_of_record
TN:
SF:src/json-crdt-patch/codec/binary/shared.ts
FN:18,(anonymous_0)
FN:31,(anonymous_1)
FNF:2
FNH:2
FNDA:7871,(anonymous_0)
FNDA:52500,(anonymous_1)
DA:1,120
DA:2,120
DA:4,120
DA:7,120
DA:10,120
DA:18,120
DA:19,7871
DA:23,120
DA:31,120
DA:32,52500
LF:10
LH:10
BRF:0
BRH:0
end_of_record
TN:
SF:src/json-crdt-patch/codec/clock/ClockDecoder.ts
FN:8,(anonymous_0)
FN:15,(anonymous_1)
FN:20,(anonymous_2)
FN:26,(anonymous_3)
FNF:4
FNH:4
FNDA:2144,(anonymous_0)
FNDA:7774,(anonymous_1)
FNDA:126693,(anonymous_2)
FNDA:1056681,(anonymous_3)
DA:1,103
DA:3,103
DA:5,7774
DA:9,2144
DA:10,2144
DA:11,27656
DA:12,2144
DA:16,7774
DA:17,7774
DA:21,126693
DA:22,126693
DA:23,126693
DA:27,1056681
DA:28,1056681
DA:29,1056681
DA:30,1056681
LF:16
LH:16
BRDA:27,0,0,0
BRDA:29,1,0,0
BRF:2
BRH:0
end_of_record
TN:
SF:src/json-crdt-patch/codec/clock/ClockEncoder.ts
FN:5,(anonymous_0)
FN:11,(anonymous_1)
FN:17,(anonymous_2)
FN:25,(anonymous_3)
FN:41,(anonymous_4)
FN:43,(anonymous_5)
FNF:6
FNH:6
FNDA:128645,(anonymous_0)
FNDA:2712,(anonymous_1)
FNDA:7794,(anonymous_2)
FNDA:1015312,(anonymous_3)
FNDA:2148,(anonymous_4)
FNDA:29807,(anonymous_5)
DA:1,104
DA:2,104
DA:6,128645
DA:7,128645
DA:11,104
DA:12,2712
DA:14,2712
DA:15,2712
DA:18,7794
DA:19,7794
DA:20,7794
DA:21,7794
DA:22,7794
DA:26,1015312
DA:27,1015312
DA:28,1015312
DA:29,1015312
DA:30,120851
DA:31,120851
DA:32,120851
DA:33,120851
DA:35,1015312
DA:36,1015312
DA:37,1015312
DA:38,1015312
DA:42,2148
DA:43,2148
DA:44,29807
DA:45,29807
DA:47,2148
LF:30
LH:30
BRDA:29,0,0,120851
BRDA:31,1,0,4
BRDA:37,2,0,0
BRF:3
BRH:2
end_of_record
TN:
SF:src/json-crdt-patch/codec/clock/ClockTable.ts
FN:6,(anonymous_0)
FN:12,(anonymous_1)
FN:13,(anonymous_2)
FN:16,(anonymous_3)
FN:20,(anonymous_4)
FN:31,(anonymous_5)
FN:39,(anonymous_6)
FN:46,(anonymous_7)
FN:52,(anonymous_8)
FNF:9
FNH:9
FNDA:54842,(anonymous_0)
FNDA:3250,(anonymous_1)
FNDA:1623,(anonymous_2)
FNDA:25793,(anonymous_3)
FNDA:1627,(anonymous_4)
FNDA:58174,(anonymous_5)
FNDA:54842,(anonymous_6)
FNDA:268169,(anonymous_7)
FNDA:1625,(anonymous_8)
DA:1,12
DA:5,12
DA:7,54842
DA:8,54842
DA:12,12
DA:14,1623
DA:15,1623
DA:16,25793
DA:17,1623
DA:21,1627
DA:22,1627
DA:23,1627
DA:24,25797
DA:25,1627
DA:28,3250
DA:29,3250
DA:32,58174
DA:33,58174
DA:34,58174
DA:35,58174
DA:36,58174
DA:40,54842
DA:41,54842
DA:42,54842
DA:43,54842
DA:47,268169
DA:48,268169
DA:49,268169
DA:53,1625
DA:54,1625
DA:55,1625
DA:56,1625
DA:57,27421
DA:58,27421
DA:59,27421
LF:35
LH:35
BRDA:48,0,0,0
BRF:1
BRH:0
end_of_record
TN:
SF:src/json-crdt-patch/codec/clock/RelativeTimestamp.ts
FN:11,(anonymous_0)
FNF:1
FNH:1
FNDA:1015312,(anonymous_0)
DA:5,104
DA:12,1015312
DA:13,1015312
LF:3
LH:3
BRF:0
BRH:0
end_of_record
TN:
SF:src/json-crdt-patch/codec/compact/decode.ts
FN:9,(anonymous_0)
FN:13,(anonymous_1)
FN:23,(anonymous_2)
FNF:3
FNH:3
FNDA:68686,(anonymous_0)
FNDA:13044,(anonymous_1)
FNDA:8517,(anonymous_2)
DA:2,13
DA:3,13
DA:5,13
DA:9,13
DA:10,68686
DA:13,13
DA:14,13044
DA:23,13
DA:24,8517
DA:25,8517
DA:26,8517
DA:27,8517
DA:28,8517
DA:29,8517
DA:30,8517
DA:32,8517
DA:33,48596
DA:34,48596
DA:36,3679
DA:37,3679
DA:38,3679
DA:41,1370
DA:42,1370
DA:45,5886
DA:46,5886
DA:49,4
DA:50,4
DA:53,4833
DA:54,4833
DA:57,1386
DA:58,1386
DA:61,3931
DA:62,3931
DA:65,2825
DA:66,2825
DA:69,6316
DA:70,6316
DA:71,6316
DA:72,6316
DA:73,6316
DA:74,17303
DA:75,17303
DA:77,6316
DA:78,6316
DA:81,2
DA:82,2
DA:83,2
DA:84,2
DA:85,2
DA:86,2
DA:87,2
DA:89,2
DA:90,2
DA:93,7361
DA:94,7361
DA:97,2702
DA:98,2702
DA:101,3009
DA:102,3009
DA:103,3009
DA:104,3009
DA:105,3009
DA:106,9072
DA:107,3009
DA:108,3009
DA:111,4194
DA:112,4194
DA:113,4194
DA:114,4194
DA:115,13044
DA:116,4194
DA:117,4194
DA:120,1098
DA:121,1098
DA:126,8517
DA:127,8517
DA:129,8517
LF:77
LH:77
BRDA:10,0,0,24288
BRDA:10,0,1,44398
BRDA:14,1,0,9746
BRDA:14,1,1,3298
BRDA:26,2,0,7632
BRDA:26,2,1,885
BRDA:34,3,0,3679
BRDA:34,3,1,1370
BRDA:34,3,2,5886
BRDA:34,3,3,4
BRDA:34,3,4,4833
BRDA:34,3,5,1386
BRDA:34,3,6,3931
BRDA:34,3,7,2825
BRDA:34,3,8,6316
BRDA:34,3,9,2
BRDA:34,3,10,7361
BRDA:34,3,11,2702
BRDA:34,3,12,3009
BRDA:34,3,13,4194
BRDA:34,3,14,1098
BRDA:37,4,0,3
BRDA:37,4,1,3676
BRDA:120,5,0,1098
BRDA:120,5,1,54
BRF:25
BRH:25
end_of_record
TN:
SF:src/json-crdt-patch/codec/compact/encode.ts
FN:8,(anonymous_0)
FN:13,(anonymous_1)
FN:28,(anonymous_2)
FN:111,(anonymous_3)
FNF:4
FNH:4
FNDA:81736,(anonymous_0)
FNDA:13044,(anonymous_1)
FNDA:8518,(anonymous_2)
FNDA:13044,(anonymous_3)
DA:1,14
DA:2,14
DA:5,14
DA:8,14
DA:9,81736
DA:10,81736
DA:13,14
DA:14,13044
DA:15,13044
DA:16,9746
DA:17,9746
DA:19,3298
DA:28,14
DA:29,8518
DA:30,8518
DA:32,8518
DA:33,8518
DA:34,8518
DA:35,8518
DA:36,8518
DA:37,8518
DA:39,8518
DA:40,48601
DA:41,3679
DA:42,3679
DA:43,3
DA:44,3676
DA:45,314
DA:47,3362
DA:49,44922
DA:50,1370
DA:51,43552
DA:52,5887
DA:53,37665
DA:54,4
DA:55,37661
DA:56,4834
DA:57,32827
DA:58,1386
DA:59,31441
DA:60,3931
DA:61,27510
DA:62,2826
DA:63,24684
DA:64,6317
DA:65,17304
DA:66,6317
DA:71,6317
DA:72,18367
DA:73,2
DA:74,2
DA:75,2
DA:80,2
DA:81,18365
DA:82,7362
DA:88,7362
DA:89,11003
DA:90,2702
DA:96,2702
DA:97,8301
DA:98,3009
DA:99,9072
DA:100,3009
DA:106,3009
DA:107,5292
DA:108,4194
DA:111,13044
DA:113,4194
DA:114,1098
DA:115,1098
DA:116,1098
DA:117,1098
DA:118,1098
DA:122,8518
LF:74
LH:74
BRDA:10,0,0,47701
BRDA:10,0,1,34035
BRDA:15,1,0,9746
BRDA:30,2,0,0
BRDA:34,3,0,886
BRDA:34,3,1,7632
BRDA:36,4,0,2
BRDA:40,5,0,3679
BRDA:40,5,1,44922
BRDA:42,6,0,3
BRDA:42,6,1,3676
BRDA:44,7,0,314
BRDA:44,7,1,3362
BRDA:49,8,0,1370
BRDA:49,8,1,43552
BRDA:51,9,0,5887
BRDA:51,9,1,37665
BRDA:53,10,0,4
BRDA:53,10,1,37661
BRDA:55,11,0,4834
BRDA:55,11,1,32827
BRDA:57,12,0,1386
BRDA:57,12,1,31441
BRDA:59,13,0,3931
BRDA:59,13,1,27510
BRDA:61,14,0,2826
BRDA:61,14,1,24684
BRDA:63,15,0,6317
BRDA:63,15,1,18367
BRDA:72,16,0,2
BRDA:72,16,1,18365
BRDA:81,17,0,7362
BRDA:81,17,1,11003
BRDA:89,18,0,2702
BRDA:89,18,1,8301
BRDA:97,19,0,3009
BRDA:97,19,1,5292
BRDA:107,20,0,4194
BRDA:107,20,1,1098
BRDA:114,21,0,1098
BRDA:117,22,0,1044
BRF:41
BRH:40
end_of_record
TN:
SF:src/json-crdt-patch/codec/compact-binary/decode.ts
FN:6,(anonymous_0)
FNF:1
FNH:1
FNDA:896,(anonymous_0)
DA:1,3
DA:2,3
DA:6,3
DA:7,896
LF:4
LH:4
BRF:0
BRH:0
end_of_record
TN:
SF:src/json-crdt-patch/codec/compact-binary/encode.ts
FN:6,(anonymous_0)
FNF:1
FNH:1
FNDA:896,(anonymous_0)
DA:1,3
DA:2,3
DA:6,3
DA:7,896
LF:4
LH:4
BRF:0
BRH:0
end_of_record
TN:
SF:src/json-crdt-patch/codec/verbose/decode.ts
FN:8,(anonymous_0)
FN:17,(anonymous_1)
FN:63,(anonymous_2)
FN:70,(anonymous_3)
FN:89,(anonymous_4)
FNF:5
FNH:5
FNDA:45559,(anonymous_0)
FNDA:7709,(anonymous_1)
FNDA:11196,(anonymous_2)
FNDA:1,(anonymous_3)
FNDA:11470,(anonymous_4)
DA:1,13
DA:2,13
DA:5,13
DA:8,13
DA:9,45559
DA:17,13
DA:18,7709
DA:19,7709
DA:20,7709
DA:22,7709
DA:23,32968
DA:25,2568
DA:26,3
DA:28,2565
DA:30,2568
DA:33,752
DA:34,752
DA:37,3923
DA:38,3923
DA:41,2
DA:42,2
DA:45,3168
DA:46,3168
DA:49,726
DA:50,726
DA:53,2440
DA:54,2440
DA:57,1627
DA:58,1627
DA:61,4461
DA:63,11196
DA:65,4461
DA:68,1
DA:70,1
DA:72,1
DA:75,5662
DA:76,5662
DA:79,2184
DA:80,2184
DA:83,1716
DA:84,1716
DA:87,3136
DA:89,11470
DA:91,3136
DA:94,602
DA:95,602
DA:100,7709
DA:101,7709
DA:103,7709
LF:49
LH:49
BRDA:9,0,0,14933
BRDA:9,0,1,30626
BRDA:19,1,0,0
BRDA:19,1,1,7709
BRDA:23,2,0,2568
BRDA:23,2,1,752
BRDA:23,2,2,3923
BRDA:23,2,3,2
BRDA:23,2,4,3168
BRDA:23,2,5,726
BRDA:23,2,6,2440
BRDA:23,2,7,1627
BRDA:23,2,8,4461
BRDA:23,2,9,1
BRDA:23,2,10,5662
BRDA:23,2,11,2184
BRDA:23,2,12,1716
BRDA:23,2,13,3136
BRDA:23,2,14,602
BRDA:25,3,0,3
BRDA:25,3,1,2565
BRDA:75,4,0,5662
BRDA:75,4,1,0
BRDA:79,5,0,2184
BRDA:79,5,1,0
BRDA:83,6,0,1716
BRDA:83,6,1,0
BRDA:94,7,0,602
BRDA:94,7,1,55
BRF:29
BRH:25
end_of_record
TN:
SF:src/json-crdt-patch/codec/verbose/encode.ts
FN:8,(anonymous_0)
FN:17,(anonymous_1)
FN:53,(anonymous_2)
FN:59,(anonymous_3)
FN:92,(anonymous_4)
FNF:5
FNH:5
FNDA:45561,(anonymous_0)
FNDA:7711,(anonymous_1)
FNDA:11196,(anonymous_2)
FNDA:1,(anonymous_3)
FNDA:11472,(anonymous_4)
DA:1,15
DA:4,15
DA:5,15
DA:8,15
DA:9,45561
DA:17,15
DA:18,7711
DA:19,7711
DA:21,7711
DA:22,7711
DA:27,7711
DA:29,7711
DA:30,32969
DA:31,2568
DA:32,2568
DA:33,3
DA:35,2565
DA:37,30401
DA:38,3923
DA:39,26478
DA:40,2
DA:41,26476
DA:42,2440
DA:43,24036
DA:44,3168
DA:45,20868
DA:46,726
DA:47,20142
DA:48,752
DA:49,19390
DA:50,4461
DA:53,11196
DA:55,14929
DA:56,1
DA:59,1
DA:61,14928
DA:62,1627
DA:67,13301
DA:68,5662
DA:74,7639
DA:75,2184
DA:81,5455
DA:82,1716
DA:88,3739
DA:89,3138
DA:92,11472
DA:94,3138
DA:95,601
DA:96,601
DA:99,601
DA:100,601
DA:101,601
DA:105,7711
LF:53
LH:53
BRDA:9,0,0,14933
BRDA:9,0,1,30628
BRDA:19,1,0,0
BRDA:27,2,0,2
BRDA:30,3,0,2568
BRDA:30,3,1,30401
BRDA:32,4,0,3
BRDA:32,4,1,2565
BRDA:37,5,0,3923
BRDA:37,5,1,26478
BRDA:39,6,0,2
BRDA:39,6,1,26476
BRDA:41,7,0,2440
BRDA:41,7,1,24036
BRDA:43,8,0,3168
BRDA:43,8,1,20868
BRDA:45,9,0,726
BRDA:45,9,1,20142
BRDA:47,10,0,752
BRDA:47,10,1,19390
BRDA:49,11,0,4461
BRDA:49,11,1,14929
BRDA:55,12,0,1
BRDA:55,12,1,14928
BRDA:61,13,0,1627
BRDA:61,13,1,13301
BRDA:67,14,0,5662
BRDA:67,14,1,7639
BRDA:74,15,0,2184
BRDA:74,15,1,5455
BRDA:81,16,0,1716
BRDA:81,16,1,3739
BRDA:88,17,0,3138
BRDA:88,17,1,601
BRDA:95,18,0,601
BRDA:100,19,0,546
BRF:36
BRH:35
end_of_record
TN:
SF:src/json-crdt-patch/util/binary/CrdtReader.ts
FN:5,(anonymous_0)
FN:12,(anonymous_1)
FN:20,(anonymous_2)
FN:60,(anonymous_3)
FN:78,(anonymous_4)
FNF:5
FNH:5
FNDA:1012662,(anonymous_0)
FNDA:24946,(anonymous_1)
FNDA:1611425,(anonymous_2)
FNDA:34188,(anonymous_3)
FNDA:1427332,(anonymous_4)
DA:1,123
DA:4,123
DA:6,1012662
DA:7,1012662
DA:8,938647
DA:9,938647
DA:13,24946
DA:14,24946
DA:15,22902
DA:16,22902
DA:17,22902
DA:21,1611425
DA:22,1611425
DA:23,711301
DA:24,711301
DA:25,341170
DA:26,341170
DA:27,299311
DA:28,299311
DA:29,299092
DA:30,299092
DA:31,248
DA:35,298844
DA:36,298844
DA:37,889
DA:42,297955
DA:43,297955
DA:44,17287
DA:50,280668
DA:51,280668
DA:61,34188
DA:62,34188
DA:63,21362
DA:64,21362
DA:65,0
DA:66,0
DA:67,0
DA:68,0
DA:69,0
DA:70,0
DA:71,0
DA:72,0
DA:73,0
DA:74,0
DA:75,0
DA:79,1427332
DA:80,1427332
DA:81,1427332
DA:82,1427332
DA:83,265274
DA:84,265274
DA:85,90117
DA:86,90117
DA:87,13737
DA:88,13737
DA:89,13623
DA:90,114
DA:91,114
DA:92,28
DA:97,86
DA:98,86
DA:99,32
DA:105,54
DA:106,54
DA:107,32
DA:117,22
DA:118,22
LF:67
LH:56
BRDA:7,0,0,74015
BRDA:14,1,0,2044
BRDA:22,2,0,900124
BRDA:24,3,0,370131
BRDA:26,4,0,41859
BRDA:28,5,0,219
BRDA:30,6,0,248
BRDA:36,7,0,889
BRDA:43,8,0,17287
BRDA:62,9,0,12826
BRDA:64,10,0,21362
BRDA:66,11,0,0
BRDA:68,12,0,0
BRDA:70,13,0,0
BRDA:72,14,0,0
BRDA:74,15,0,0
BRDA:80,16,0,1247049
BRDA:80,16,1,180283
BRDA:82,17,0,1162058
BRDA:84,18,0,175157
BRDA:86,19,0,76380
BRDA:88,20,0,13623
BRDA:91,21,0,28
BRDA:98,22,0,32
BRDA:106,23,0,32
BRF:25
BRH:20
end_of_record
TN:
SF:src/json-crdt-patch/util/binary/CrdtWriter.ts
FN:32,(anonymous_0)
FN:67,(anonymous_1)
FN:163,(anonymous_2)
FNF:3
FNH:3
FNDA:966313,(anonymous_0)
FNDA:1245849,(anonymous_1)
FNDA:1180896,(anonymous_2)
DA:1,125
DA:3,125
DA:33,966313
DA:34,73918
DA:36,892395
DA:37,892395
DA:68,1245849
DA:69,740608
DA:70,505241
DA:71,340477
DA:72,340477
DA:73,340477
DA:74,340477
DA:75,164764
DA:76,4636
DA:77,4636
DA:78,4636
DA:79,4636
DA:80,4636
DA:81,160128
DA:82,222
DA:83,222
DA:84,222
DA:85,222
DA:86,222
DA:87,222
DA:89,159906
DA:90,159906
DA:91,159906
DA:92,159906
DA:93,251
DA:94,251
DA:95,251
DA:96,251
DA:97,251
DA:98,251
DA:99,251
DA:100,159655
DA:101,875
DA:102,875
DA:103,875
DA:104,875
DA:105,875
DA:106,875
DA:107,875
DA:108,875
DA:109,158780
DA:110,9983
DA:111,9983
DA:112,9983
DA:113,9983
DA:114,9983
DA:115,9983
DA:116,9983
DA:117,9983
DA:118,9983
DA:120,148797
DA:121,148797
DA:122,148797
DA:123,148797
DA:124,148797
DA:125,148797
DA:126,148797
DA:127,148797
DA:128,148797
DA:129,148797
DA:164,1180896
DA:165,1088306
DA:167,92590
DA:168,92590
DA:169,76649
DA:170,76649
DA:171,76649
DA:172,76649
DA:173,15941
DA:174,2152
DA:175,2152
DA:176,2152
DA:177,2152
DA:178,2152
DA:179,13789
DA:180,13661
DA:181,13661
DA:182,13661
DA:183,13661
DA:184,13661
DA:185,13661
DA:187,128
DA:188,128
DA:189,128
DA:190,128
DA:191,32
DA:192,32
DA:193,32
DA:194,32
DA:195,32
DA:196,32
DA:197,32
DA:198,96
DA:199,36
DA:200,36
DA:201,36
DA:202,36
DA:203,36
DA:204,36
DA:205,36
DA:206,36
DA:207,60
DA:208,36
DA:209,36
DA:210,36
DA:211,36
DA:212,36
DA:213,36
DA:214,36
DA:215,36
DA:216,36
DA:218,24
DA:219,24
DA:220,24
DA:221,24
DA:222,24
DA:223,24
DA:224,24
DA:225,24
DA:226,24
DA:227,24
LF:127
LH:127
BRDA:33,0,0,73918
BRDA:33,0,1,892395
BRDA:33,1,0,966313
BRDA:33,1,1,395141
BRDA:68,2,0,740608
BRDA:68,2,1,505241
BRDA:70,3,0,340477
BRDA:70,3,1,164764
BRDA:75,4,0,4636
BRDA:75,4,1,160128
BRDA:81,5,0,222
BRDA:81,5,1,159906
BRDA:90,6,0,82482
BRDA:92,7,0,251
BRDA:92,7,1,159655
BRDA:100,8,0,875
BRDA:100,8,1,158780
BRDA:109,9,0,9983
BRDA:109,9,1,148797
BRDA:164,10,0,1088306
BRDA:164,10,1,92590
BRDA:168,11,0,76649
BRDA:168,11,1,15941
BRDA:173,12,0,2152
BRDA:173,12,1,13789
BRDA:179,13,0,13661
BRDA:179,13,1,128
BRDA:188,14,0,62
BRDA:190,15,0,32
BRDA:190,15,1,96
BRDA:198,16,0,36
BRDA:198,16,1,60
BRDA:207,17,0,36
BRDA:207,17,1,24
BRF:34
BRH:34
end_of_record
TN:
SF:src/json-crdt/__bench__/util/concurrent-trace.ts
FN:7,(anonymous_0)
FN:18,(anonymous_1)
FNF:2
FNH:2
FNDA:2,(anonymous_0)
FNDA:9109,(anonymous_1)
DA:1,1
DA:2,1
DA:3,1
DA:4,1
DA:5,1
DA:7,1
DA:8,2
DA:9,2
DA:10,2
DA:11,2
DA:12,2
DA:13,2
DA:14,2
DA:15,2
DA:16,2
DA:17,2
DA:18,9109
DA:19,2
LF:18
LH:18
BRF:0
BRH:0
end_of_record
TN:
SF:src/json-crdt/__bench__/util/editors.ts
FN:15,(anonymous_0)
FN:19,(anonymous_1)
FN:23,(anonymous_2)
FN:26,(anonymous_3)
FN:27,(anonymous_4)
FN:28,(anonymous_5)
FN:35,(anonymous_6)
FN:40,(anonymous_7)
FN:43,(anonymous_8)
FN:46,(anonymous_9)
FN:47,(anonymous_10)
FN:48,(anonymous_11)
FN:49,(anonymous_12)
FN:56,(anonymous_13)
FN:60,(anonymous_14)
FN:63,(anonymous_15)
FN:66,(anonymous_16)
FN:67,(anonymous_17)
FN:68,(anonymous_18)
FN:77,(anonymous_19)
FN:84,(anonymous_20)
FN:88,(anonymous_21)
FN:91,(anonymous_22)
FN:94,(anonymous_23)
FN:95,(anonymous_24)
FN:96,(anonymous_25)
FN:97,(anonymous_26)
FN:104,(anonymous_27)
FN:106,(anonymous_28)
FN:110,(anonymous_29)
FN:111,(anonymous_30)
FN:115,(anonymous_31)
FN:116,(anonymous_32)
FN:120,(anonymous_33)
FN:121,(anonymous_34)
FN:122,(anonymous_35)
FN:123,(anonymous_36)
FN:130,(anonymous_37)
FN:132,(anonymous_38)
FN:134,(anonymous_39)
FN:135,(anonymous_40)
FN:139,(anonymous_41)
FN:140,(anonymous_42)
FN:144,(anonymous_43)
FN:145,(anonymous_44)
FN:146,(anonymous_45)
FN:147,(anonymous_46)
FN:154,(anonymous_47)
FN:157,(anonymous_48)
FN:160,(anonymous_49)
FN:163,(anonymous_50)
FN:164,(anonymous_51)
FN:165,(anonymous_52)
FN:166,(anonymous_53)
FN:173,(anonymous_54)
FN:176,(anonymous_55)
FN:179,(anonymous_56)
FN:182,(anonymous_57)
FN:183,(anonymous_58)
FN:184,(anonymous_59)
FN:191,(anonymous_60)
FN:194,(anonymous_61)
FN:197,(anonymous_62)
FN:200,(anonymous_63)
FN:201,(anonymous_64)
FN:202,(anonymous_65)
FN:209,(anonymous_66)
FN:213,(anonymous_67)
FN:216,(anonymous_68)
FN:219,(anonymous_69)
FN:220,(anonymous_70)
FN:221,(anonymous_71)
FNF:72
FNH:8
FNDA:7,(anonymous_0)
FNDA:403663,(anonymous_1)
FNDA:105602,(anonymous_2)
FNDA:7,(anonymous_3)
FNDA:0,(anonymous_4)
FNDA:0,(anonymous_5)
FNDA:7,(anonymous_6)
FNDA:403663,(anonymous_7)
FNDA:105602,(anonymous_8)
FNDA:7,(anonymous_9)
FNDA:0,(anonymous_10)
FNDA:0,(anonymous_11)
FNDA:0,(anonymous_12)
FNDA:0,(anonymous_13)
FNDA:0,(anonymous_14)
FNDA:0,(anonymous_15)
FNDA:0,(anonymous_16)
FNDA:0,(anonymous_17)
FNDA:0,(anonymous_18)
FNDA:0,(anonymous_19)
FNDA:0,(anonymous_20)
FNDA:0,(anonymous_21)
FNDA:0,(anonymous_22)
FNDA:0,(anonymous_23)
FNDA:0,(anonymous_24)
FNDA:0,(anonymous_25)
FNDA:0,(anonymous_26)
FNDA:0,(anonymous_27)
FNDA:0,(anonymous_28)
FNDA:0,(anonymous_29)
FNDA:0,(anonymous_30)
FNDA:0,(anonymous_31)
FNDA:0,(anonymous_32)
FNDA:0,(anonymous_33)
FNDA:0,(anonymous_34)
FNDA:0,(anonymous_35)
FNDA:0,(anonymous_36)
FNDA:0,(anonymous_37)
FNDA:0,(anonymous_38)
FNDA:0,(anonymous_39)
FNDA:0,(anonymous_40)
FNDA:0,(anonymous_41)
FNDA:0,(anonymous_42)
FNDA:0,(anonymous_43)
FNDA:0,(anonymous_44)
FNDA:0,(anonymous_45)
FNDA:0,(anonymous_46)
FNDA:0,(anonymous_47)
FNDA:0,(anonymous_48)
FNDA:0,(anonymous_49)
FNDA:0,(anonymous_50)
FNDA:0,(anonymous_51)
FNDA:0,(anonymous_52)
FNDA:0,(anonymous_53)
FNDA:0,(anonymous_54)
FNDA:0,(anonymous_55)
FNDA:0,(anonymous_56)
FNDA:0,(anonymous_57)
FNDA:0,(anonymous_58)
FNDA:0,(anonymous_59)
FNDA:0,(anonymous_60)
FNDA:0,(anonymous_61)
FNDA:0,(anonymous_62)
FNDA:0,(anonymous_63)
FNDA:0,(anonymous_64)
FNDA:0,(anonymous_65)
FNDA:0,(anonymous_66)
FNDA:0,(anonymous_67)
FNDA:0,(anonymous_68)
FNDA:0,(anonymous_69)
FNDA:0,(anonymous_70)
FNDA:0,(anonymous_71)
DA:1,2
DA:2,2
DA:3,2
DA:4,2
DA:5,2
DA:6,2
DA:7,2
DA:8,2
DA:9,2
DA:11,2
DA:13,2
DA:16,7
DA:17,7
DA:18,7
DA:20,403663
DA:21,403663
DA:24,105602
DA:26,7
DA:27,0
DA:28,0
DA:33,2
DA:36,7
DA:37,7
DA:38,7
DA:39,7
DA:41,403663
DA:44,105602
DA:46,7
DA:47,0
DA:48,0
DA:49,0
DA:54,2
DA:57,0
DA:58,0
DA:59,0
DA:61,0
DA:64,0
DA:66,0
DA:67,0
DA:69,0
DA:70,0
DA:71,0
DA:72,0
DA:73,0
DA:75,0
DA:77,0
DA:82,2
DA:85,0
DA:86,0
DA:87,0
DA:89,0
DA:92,0
DA:94,0
DA:95,0
DA:96,0
DA:97,0
DA:102,2
DA:105,0
DA:106,0
DA:107,0
DA:109,0
DA:111,0
DA:112,0
DA:116,0
DA:117,0
DA:120,0
DA:121,0
DA:122,0
DA:123,0
DA:128,2
DA:131,0
DA:132,0
DA:133,0
DA:135,0
DA:136,0
DA:140,0
DA:141,0
DA:144,0
DA:145,0
DA:146,0
DA:147,0
DA:152,2
DA:155,0
DA:156,0
DA:158,0
DA:161,0
DA:163,0
DA:164,0
DA:165,0
DA:166,0
DA:171,2
DA:174,0
DA:175,0
DA:177,0
DA:180,0
DA:182,0
DA:183,0
DA:184,0
DA:189,2
DA:192,0
DA:193,0
DA:195,0
DA:198,0
DA:200,0
DA:201,0
DA:202,0
DA:207,2
DA:210,0
DA:211,0
DA:212,0
DA:214,0
DA:217,0
DA:219,0
DA:220,0
DA:221,0
DA:226,2
LF:116
LH:35
BRF:0
BRH:0
end_of_record
TN:
SF:src/json-crdt/__bench__/util/execute.ts
FN:8,numberWithCommas
FN:12,(anonymous_1)
FN:33,(anonymous_2)
FN:70,(anonymous_3)
FN:83,(anonymous_4)
FN:111,(anonymous_5)
FNF:6
FNH:1
FNDA:0,numberWithCommas
FNDA:14,(anonymous_1)
FNDA:0,(anonymous_2)
FNDA:0,(anonymous_3)
FNDA:0,(anonymous_4)
FNDA:0,(anonymous_5)
DA:1,2
DA:2,2
DA:4,2
DA:9,0
DA:12,2
DA:13,14
DA:14,14
DA:15,14
DA:16,14
DA:17,14
DA:18,987642
DA:19,987642
DA:20,987642
DA:21,987642
DA:22,1004302
DA:23,1004302
DA:24,1004302
DA:25,1004302
DA:26,1004302
DA:27,1004302
DA:30,14
DA:33,2
DA:38,0
DA:39,0
DA:41,0
DA:42,0
DA:43,0
DA:44,0
DA:45,0
DA:46,0
DA:47,0
DA:48,0
DA:49,0
DA:50,0
DA:51,0
DA:52,0
DA:53,0
DA:54,0
DA:55,0
DA:57,0
DA:60,0
DA:70,0
DA:71,0
DA:83,2
DA:88,0
DA:89,0
DA:90,0
DA:91,0
DA:92,0
DA:93,0
DA:94,0
DA:95,0
DA:96,0
DA:97,0
DA:105,0
DA:106,0
DA:108,0
DA:111,2
DA:112,0
DA:113,0
LF:60
LH:23
BRDA:16,0,0,0
BRDA:26,1,0,211204
BRDA:27,2,0,807326
BRDA:36,3,0,0
BRDA:53,4,0,0
BRDA:54,5,0,0
BRDA:68,6,0,0
BRDA:68,6,1,0
BRDA:68,7,0,0
BRDA:68,7,1,0
BRF:10
BRH:2
end_of_record
TN:
SF:src/json-crdt/__bench__/util/fuzzer-traces.ts
FN:8,(anonymous_0)
FN:18,(anonymous_1)
FNF:2
FNH:2
FNDA:9,(anonymous_0)
FNDA:35531,(anonymous_1)
DA:1,1
DA:2,1
DA:3,1
DA:4,1
DA:5,1
DA:6,1
DA:8,1
DA:9,9
DA:10,9
DA:11,9
DA:12,9
DA:13,9
DA:14,9
DA:15,9
DA:16,9
DA:17,9
DA:18,35531
DA:19,9
LF:18
LH:18
BRF:0
BRH:0
end_of_record
TN:
SF:src/json-crdt/__bench__/util/traces.ts
FN:6,(anonymous_0)
FN:27,(anonymous_1)
FN:29,(anonymous_2)
FNF:3
FNH:3
FNDA:14,(anonymous_0)
FNDA:14,(anonymous_1)
FNDA:14,(anonymous_2)
DA:1,2
DA:2,2
DA:3,2
DA:6,2
DA:7,14
DA:8,14
DA:9,14
DA:10,14
DA:13,2
DA:14,2
DA:16,2
DA:26,2
DA:28,14
DA:30,14
DA:31,14
DA:32,14
DA:34,14
LF:17
LH:17
BRDA:30,0,0,14
BRF:1
BRH:1
end_of_record
TN:
SF:src/json-crdt/__tests__/fuzzer/JsonCrdtFuzzer.ts
FN:31,(anonymous_0)
FN:37,(anonymous_1)
FN:49,(anonymous_2)
FNF:3
FNH:3
FNDA:90,(anonymous_0)
FNDA:90,(anonymous_1)
FNDA:1000,(anonymous_2)
DA:1,6
DA:2,6
DA:3,6
DA:5,6
DA:6,6
DA:7,6
DA:10,6
DA:25,6
DA:29,90
DA:32,90
DA:33,90
DA:34,90
DA:39,90
DA:42,90
DA:43,90
DA:44,90
DA:45,90
DA:46,90
DA:50,1000
DA:51,1000
DA:52,1000
DA:53,1000
DA:54,1000
DA:55,1000
LF:24
LH:24
BRDA:31,0,0,10
BRDA:39,1,0,40
BRDA:39,1,1,50
BRDA:40,2,0,21
BRDA:40,2,1,19
BRDA:54,3,0,0
BRF:6
BRH:5
end_of_record
TN:
SF:src/json-crdt/__tests__/fuzzer/Picker.ts
FN:20,(anonymous_0)
FN:22,(anonymous_1)
FN:25,(anonymous_2)
FN:30,(anonymous_3)
FN:38,(anonymous_4)
FN:46,(anonymous_5)
FN:55,(anonymous_6)
FN:61,(anonymous_7)
FN:66,(anonymous_8)
FN:71,(anonymous_9)
FNF:10
FNH:10
FNDA:90,(anonymous_0)
FNDA:21084,(anonymous_1)
FNDA:851435,(anonymous_2)
FNDA:7259,(anonymous_3)
FNDA:5755,(anonymous_4)
FNDA:2823,(anonymous_5)
FNDA:338,(anonymous_6)
FNDA:5792,(anonymous_7)
FNDA:3046,(anonymous_8)
FNDA:1645,(anonymous_9)
DA:1,6
DA:2,6
DA:5,6
DA:13,6
DA:19,6
DA:20,90
DA:23,21084
DA:24,21084
DA:25,851435
DA:26,21084
DA:27,21084
DA:31,7259
DA:32,7259
DA:33,7174
DA:34,7174
DA:35,5707
DA:39,5755
DA:40,5755
DA:41,5628
DA:42,5628
DA:43,2919
DA:47,2823
DA:48,2616
DA:49,1182
DA:50,1182
DA:51,1182
DA:52,1182
DA:56,338
DA:57,270
DA:58,111
DA:62,5792
DA:63,5792
DA:67,3046
DA:68,3046
DA:72,1645
DA:73,1645
DA:74,403
DA:75,403
DA:76,399
DA:78,1242
DA:79,1242
LF:41
LH:41
BRDA:26,0,0,0
BRDA:32,1,0,85
BRDA:33,2,0,0
BRDA:34,3,0,1467
BRDA:40,4,0,127
BRDA:41,5,0,0
BRDA:42,6,0,2709
BRDA:47,7,0,207
BRDA:48,8,0,1434
BRDA:50,9,0,0
BRDA:56,10,0,68
BRDA:57,11,0,159
BRDA:57,11,1,111
BRDA:73,12,0,403
BRDA:73,12,1,1242
BRDA:75,13,0,4
BRDA:75,14,0,403
BRDA:75,14,1,36
BRF:18
BRH:14
end_of_record
TN:
SF:src/json-crdt/__tests__/fuzzer/SessionLogical.ts
FN:46,(anonymous_0)
FN:60,(anonymous_1)
FN:66,(anonymous_2)
FN:73,(anonymous_3)
FN:96,(anonymous_4)
FN:115,(anonymous_5)
FN:134,(anonymous_6)
FN:160,(anonymous_7)
FN:185,(anonymous_8)
FN:195,(anonymous_9)
FNF:10
FNH:10
FNDA:1000,(anonymous_0)
FNDA:1000,(anonymous_1)
FNDA:3482,(anonymous_2)
FNDA:21084,(anonymous_3)
FNDA:7259,(anonymous_4)
FNDA:5755,(anonymous_5)
FNDA:2823,(anonymous_6)
FNDA:338,(anonymous_7)
FNDA:347,(anonymous_8)
FNDA:1000,(anonymous_9)
DA:1,6
DA:2,6
DA:3,6
DA:4,6
DA:5,6
DA:6,6
DA:7,6
DA:8,6
DA:9,6
DA:10,6
DA:11,6
DA:12,6
DA:13,6
DA:14,6
DA:15,6
DA:18,6
DA:19,6
DA:20,6
DA:21,6
DA:22,6
DA:24,6
DA:26,6
DA:27,6
DA:28,6
DA:29,6
DA:30,6
DA:31,6
DA:32,6
DA:33,6
DA:35,6
DA:36,1000
DA:37,1000
DA:40,1000
DA:41,1000
DA:42,1000
DA:44,1000
DA:47,1000
DA:48,1000
DA:50,1000
DA:51,1000
DA:52,3482
DA:53,3482
DA:54,3482
DA:55,3482
DA:56,3482
DA:61,1000
DA:62,3482
DA:67,3482
DA:68,3482
DA:69,21084
DA:74,21084
DA:75,21084
DA:76,21084
DA:77,21084
DA:78,13825
DA:79,8070
DA:80,5247
DA:81,4909
DA:82,4562
DA:83,16522
DA:84,16522
DA:85,16522
DA:86,13447
DA:87,13447
DA:88,13447
DA:89,13447
DA:92,16522
DA:93,16522
DA:97,7259
DA:98,7259
DA:99,7259
DA:100,7259
DA:101,5792
DA:102,5792
DA:103,5792
DA:104,5792
DA:105,1467
DA:106,1467
DA:107,1467
DA:108,1467
DA:109,1467
DA:110,1467
DA:112,7259
DA:116,5755
DA:117,5755
DA:118,5755
DA:119,5755
DA:120,3046
DA:121,3046
DA:122,3046
DA:123,3046
DA:124,2709
DA:125,2709
DA:126,2709
DA:127,2709
DA:128,2709
DA:129,2709
DA:131,5755
DA:135,2823
DA:136,2823
DA:137,2823
DA:138,1641
DA:151,1641
DA:152,1641
DA:155,1182
DA:157,2823
DA:161,338
DA:162,338
DA:163,338
DA:164,338
DA:165,227
DA:166,227
DA:167,227
DA:169,159
DA:170,159
DA:172,159
DA:173,159
DA:177,111
DA:178,111
DA:179,111
DA:180,111
DA:182,338
DA:186,347
DA:188,347
DA:191,347
DA:192,347
DA:196,1000
DA:197,3482
DA:198,3482
DA:199,2610
DA:200,2610
DA:201,2610
DA:202,2610
DA:204,3482
DA:205,14962
DA:206,14962
DA:207,71182
DA:210,3482
DA:212,1000
DA:213,3482
DA:214,3482
DA:215,16522
DA:218,1000
LF:143
LH:143
BRDA:50,0,0,0
BRDA:54,1,0,0
BRDA:77,2,0,7259
BRDA:77,2,1,13825
BRDA:78,3,0,5755
BRDA:78,3,1,8070
BRDA:79,4,0,2823
BRDA:79,4,1,5247
BRDA:80,5,0,338
BRDA:80,5,1,4909
BRDA:81,6,0,347
BRDA:81,6,1,4562
BRDA:83,7,0,0
BRDA:85,8,0,13447
BRDA:86,9,0,13447
BRDA:87,10,0,6725
BRDA:88,11,0,6635
BRDA:89,12,0,6845
BRDA:93,13,0,0
BRDA:100,14,0,5792
BRDA:100,14,1,1467
BRDA:102,15,0,85
BRDA:102,15,1,5707
BRDA:103,16,0,85
BRDA:103,16,1,5707
BRDA:105,17,0,1467
BRDA:106,18,0,0
BRDA:119,19,0,3046
BRDA:119,19,1,2709
BRDA:121,20,0,127
BRDA:121,20,1,2919
BRDA:122,21,0,127
BRDA:122,21,1,2919
BRDA:124,22,0,2709
BRDA:125,23,0,0
BRDA:137,24,0,1641
BRDA:137,24,1,1182
BRDA:164,25,0,227
BRDA:164,25,1,111
BRDA:167,26,0,68
BRDA:167,26,1,159
BRDA:170,27,0,0
BRDA:170,27,1,159
BRDA:177,28,0,0
BRDA:188,29,0,315
BRDA:188,29,1,32
BRDA:198,30,0,2610
BRDA:199,31,0,1287
BRDA:200,32,0,1276
BRDA:201,33,0,1330
BRDA:202,34,0,1322
BRDA:218,35,0,0
BRF:52
BRH:43
end_of_record
TN:
SF:src/json-crdt/__tests__/fuzzer/util.ts
FN:1,(anonymous_0)
FNF:1
FNH:1
FNDA:4482,(anonymous_0)
DA:1,6
DA:2,4482
LF:2
LH:2
BRF:0
BRH:0
end_of_record
TN:
SF:src/json-crdt/codec/indexed/binary/Decoder.ts
FN:15,(anonymous_0)
FN:132,(anonymous_1)
FN:147,(anonymous_2)
FN:161,(anonymous_3)
FN:19,(anonymous_4)
FN:29,(anonymous_5)
FN:59,(anonymous_6)
FN:64,(anonymous_7)
FN:89,(anonymous_8)
FN:96,(anonymous_9)
FN:102,(anonymous_10)
FN:114,(anonymous_11)
FN:126,(anonymous_12)
FN:141,(anonymous_13)
FN:155,(anonymous_14)
FNF:15
FNH:15
FNDA:150,(anonymous_0)
FNDA:98482,(anonymous_1)
FNDA:48016,(anonymous_2)
FNDA:5325,(anonymous_3)
FNDA:1625,(anonymous_4)
FNDA:1627,(anonymous_5)
FNDA:210002,(anonymous_6)
FNDA:58174,(anonymous_7)
FNDA:20387,(anonymous_8)
FNDA:959,(anonymous_9)
FNDA:17469,(anonymous_10)
FNDA:1,(anonymous_11)
FNDA:12133,(anonymous_12)
FNDA:2758,(anonymous_13)
FNDA:4467,(anonymous_14)
DA:1,11
DA:2,11
DA:3,11
DA:5,11
DA:6,11
DA:7,11
DA:10,11
DA:16,150
DA:23,1625
DA:24,1625
DA:25,1625
DA:26,1625
DA:34,1627
DA:35,1627
DA:36,1627
DA:37,1627
DA:38,1627
DA:39,1627
DA:40,1625
DA:41,1625
DA:42,1625
DA:44,1627
DA:45,1627
DA:46,1627
DA:47,1627
DA:48,61424
DA:49,61424
DA:50,58174
DA:51,58174
DA:52,58174
DA:53,58174
DA:54,58174
DA:56,1627
DA:60,210002
DA:61,210002
DA:65,58174
DA:66,58174
DA:67,58174
DA:68,58174
DA:69,58174
DA:70,58174
DA:72,20387
DA:74,959
DA:76,17469
DA:78,1
DA:80,12133
DA:82,2758
DA:84,4467
DA:86,0
DA:90,20387
DA:91,20387
DA:92,20387
DA:93,20387
DA:97,959
DA:98,959
DA:99,959
DA:103,17469
DA:104,17469
DA:105,17469
DA:106,17469
DA:107,49370
DA:108,49370
DA:109,49370
DA:111,17469
DA:115,1
DA:116,1
DA:117,1
DA:118,1
DA:119,1
DA:120,1
DA:121,1
DA:123,1
DA:127,12133
DA:128,12133
DA:129,12133
DA:132,150
DA:133,98482
DA:134,98482
DA:135,98482
DA:136,98482
DA:137,98482
DA:138,55640
DA:142,2758
DA:143,2758
DA:144,2758
DA:147,150
DA:148,48016
DA:149,48016
DA:150,48016
DA:151,48016
DA:152,10770
DA:156,4467
DA:157,4467
DA:158,4467
DA:161,150
DA:162,5325
DA:163,5325
DA:164,5325
DA:165,5325
DA:167,4612
DA:168,6223
DA:169,4612
LF:102
LH:101
BRDA:137,0,0,42842
BRDA:151,1,0,37246
BRDA:165,2,0,713
BRDA:165,2,1,4612
BRDA:16,3,0,150
BRDA:16,3,1,150
BRDA:21,4,0,1625
BRDA:32,5,0,0
BRDA:39,6,0,1625
BRDA:39,7,0,1627
BRDA:39,7,1,1625
BRDA:49,8,0,3250
BRDA:69,9,0,57257
BRDA:69,9,1,917
BRDA:69,10,0,852
BRDA:69,10,1,65
BRDA:69,11,0,65
BRDA:69,11,1,0
BRDA:70,12,0,20387
BRDA:70,12,1,959
BRDA:70,12,2,17469
BRDA:70,12,3,1
BRDA:70,12,4,12133
BRDA:70,12,5,2758
BRDA:70,12,6,4467
BRDA:91,13,0,20386
BRDA:91,13,1,1
BRDA:120,14,0,0
BRDA:120,14,1,1
BRF:29
BRH:26
end_of_record
TN:
SF:src/json-crdt/codec/indexed/binary/Encoder.ts
FN:14,(anonymous_0)
FN:37,(anonymous_1)
FN:104,(anonymous_2)
FN:18,(anonymous_3)
FN:33,(anonymous_4)
FN:46,(anonymous_5)
FN:57,(anonymous_6)
FN:62,(anonymous_7)
FN:70,(anonymous_8)
FN:85,(anonymous_9)
FN:94,(anonymous_10)
FN:109,(anonymous_11)
FN:125,(anonymous_12)
FN:138,(anonymous_13)
FN:154,(anonymous_14)
FNF:15
FNH:15
FNDA:151,(anonymous_0)
FNDA:58172,(anonymous_1)
FNDA:49362,(anonymous_2)
FNDA:1625,(anonymous_3)
FNDA:58172,(anonymous_4)
FNDA:58172,(anonymous_5)
FNDA:209995,(anonymous_6)
FNDA:58172,(anonymous_7)
FNDA:20386,(anonymous_8)
FNDA:961,(anonymous_9)
FNDA:17468,(anonymous_10)
FNDA:1,(anonymous_11)
FNDA:12129,(anonymous_12)
FNDA:2759,(anonymous_13)
FNDA:4468,(anonymous_14)
DA:1,12
DA:2,12
DA:3,12
DA:4,12
DA:6,12
DA:10,12
DA:15,151
DA:19,1625
DA:20,1625
DA:21,1625
DA:22,1625
DA:23,1625
DA:24,1625
DA:25,1625
DA:28,1625
DA:29,1623
DA:30,1623
DA:31,1623
DA:33,58172
DA:34,1625
DA:37,151
DA:38,58172
DA:39,58172
DA:40,58172
DA:41,58172
DA:42,58172
DA:43,58172
DA:47,58172
DA:48,37786
DA:49,36825
DA:50,19357
DA:51,19356
DA:52,7227
DA:53,4468
DA:54,0
DA:58,209995
DA:59,209995
DA:63,58172
DA:64,58172
DA:65,917
DA:66,65
DA:67,0
DA:71,20386
DA:72,20386
DA:73,20386
DA:74,20386
DA:75,20386
DA:76,1
DA:77,1
DA:79,20385
DA:80,20385
DA:82,20386
DA:86,961
DA:87,961
DA:88,961
DA:89,961
DA:90,961
DA:91,961
DA:95,17468
DA:96,17468
DA:97,17468
DA:98,17468
DA:99,17468
DA:100,17468
DA:101,17468
DA:104,151
DA:105,49362
DA:106,49362
DA:110,1
DA:111,1
DA:112,1
DA:113,1
DA:114,1
DA:115,1
DA:116,1
DA:118,1
DA:119,1
DA:122,1
DA:126,12129
DA:127,12129
DA:128,12129
DA:129,12129
DA:130,12129
DA:131,98477
DA:132,98477
DA:133,42837
DA:135,12129
DA:139,2759
DA:140,2759
DA:141,2759
DA:142,2759
DA:143,2759
DA:144,48017
DA:145,48017
DA:146,48017
DA:147,48017
DA:148,48017
DA:149,10771
DA:151,2759
DA:155,4468
DA:156,4468
DA:157,4468
DA:158,4468
DA:159,4468
DA:160,5326
DA:161,5326
DA:162,5326
DA:163,5326
DA:164,5326
DA:165,4613
DA:166,6227
DA:168,4468
LF:112
LH:110
BRDA:15,0,0,151
BRDA:15,0,1,151
BRDA:18,1,0,1623
BRDA:28,2,0,1623
BRDA:47,3,0,20386
BRDA:47,3,1,37786
BRDA:48,4,0,961
BRDA:48,4,1,36825
BRDA:49,5,0,17468
BRDA:49,5,1,19357
BRDA:50,6,0,1
BRDA:50,6,1,19356
BRDA:51,7,0,12129
BRDA:51,7,1,7227
BRDA:52,8,0,2759
BRDA:52,8,1,4468
BRDA:53,9,0,4468
BRDA:64,10,0,57255
BRDA:64,10,1,917
BRDA:65,11,0,852
BRDA:65,11,1,65
BRDA:66,12,0,65
BRDA:66,12,1,0
BRDA:75,13,0,1
BRDA:75,13,1,20385
BRDA:116,14,0,0
BRDA:116,14,1,1
BRDA:132,15,0,55640
BRDA:132,15,1,42837
BRDA:148,16,0,37246
BRDA:164,17,0,713
BRF:31
BRH:29
end_of_record
TN:
SF:src/json-crdt/codec/sidecar/binary/Decoder.ts
FN:11,(anonymous_0)
FN:17,(anonymous_1)
FN:29,(anonymous_2)
FN:46,(anonymous_3)
FN:52,(anonymous_4)
FN:58,(anonymous_5)
FN:84,(anonymous_6)
FN:91,(anonymous_7)
FN:99,(anonymous_8)
FN:114,(anonymous_9)
FN:129,(anonymous_10)
FN:134,(anonymous_11)
FN:146,(anonymous_12)
FN:151,(anonymous_13)
FN:163,(anonymous_14)
FN:168,(anonymous_15)
FNF:16
FNH:16
FNDA:159,(anonymous_0)
FNDA:217,(anonymous_1)
FNDA:217,(anonymous_2)
FNDA:14985,(anonymous_3)
FNDA:217,(anonymous_4)
FNDA:10020,(anonymous_5)
FNDA:1870,(anonymous_6)
FNDA:220,(anonymous_7)
FNDA:3295,(anonymous_8)
FNDA:6,(anonymous_9)
FNDA:2579,(anonymous_10)
FNDA:3299,(anonymous_11)
FNDA:167,(anonymous_12)
FNDA:341,(anonymous_13)
FNDA:1883,(anonymous_14)
FNDA:1324,(anonymous_15)
DA:1,5
DA:2,5
DA:4,5
DA:5,5
DA:6,5
DA:8,5
DA:11,5
DA:14,159
DA:15,159
DA:18,217
DA:19,217
DA:20,217
DA:21,217
DA:22,217
DA:23,217
DA:24,217
DA:25,217
DA:26,217
DA:30,217
DA:31,217
DA:32,217
DA:33,217
DA:34,217
DA:35,217
DA:36,217
DA:37,217
DA:38,217
DA:39,416
DA:40,416
DA:41,416
DA:43,217
DA:47,14985
DA:48,14985
DA:49,14985
DA:53,217
DA:54,217
DA:55,217
DA:59,10020
DA:60,10020
DA:61,10020
DA:62,10020
DA:63,10020
DA:64,10020
DA:65,10020
DA:67,1870
DA:69,220
DA:71,3295
DA:73,6
DA:75,2579
DA:77,167
DA:79,1883
DA:81,0
DA:85,1870
DA:86,1870
DA:87,1870
DA:88,1870
DA:92,220
DA:93,220
DA:94,220
DA:95,220
DA:96,220
DA:100,3295
DA:101,3295
DA:102,3295
DA:103,3295
DA:104,3295
DA:105,3295
DA:106,7781
DA:107,7781
DA:108,7781
DA:110,3295
DA:111,3295
DA:115,6
DA:116,6
DA:117,6
DA:118,6
DA:119,6
DA:120,16
DA:121,16
DA:122,16
DA:123,14
DA:125,6
DA:126,6
DA:130,2579
DA:131,2579
DA:132,2579
DA:133,2579
DA:134,2579
DA:135,3299
DA:136,3299
DA:137,3299
DA:138,3135
DA:139,3135
DA:140,3135
DA:142,2579
DA:143,2579
DA:147,167
DA:148,167
DA:149,167
DA:150,167
DA:151,167
DA:152,341
DA:153,341
DA:154,341
DA:155,316
DA:156,316
DA:157,316
DA:159,167
DA:160,167
DA:164,1883
DA:165,1883
DA:166,1883
DA:167,1883
DA:168,1883
DA:169,1324
DA:170,1324
DA:171,1324
DA:172,1278
DA:173,1786
DA:174,1278
DA:176,1883
DA:177,1883
LF:122
LH:121
BRDA:55,0,0,0
BRDA:55,0,1,217
BRDA:64,1,0,10015
BRDA:64,1,1,5
BRDA:64,2,0,3
BRDA:64,2,1,2
BRDA:64,3,0,2
BRDA:64,3,1,0
BRDA:65,4,0,1870
BRDA:65,4,1,220
BRDA:65,4,2,3295
BRDA:65,4,3,6
BRDA:65,4,4,2579
BRDA:65,4,5,167
BRDA:65,4,6,1883
BRDA:86,5,0,1
BRDA:86,5,1,1869
BRDA:101,6,0,0
BRDA:101,7,0,3295
BRDA:101,7,1,3295
BRDA:103,8,0,0
BRDA:116,9,0,0
BRDA:116,10,0,6
BRDA:116,10,1,6
BRDA:122,11,0,2
BRDA:122,11,1,14
BRDA:130,12,0,0
BRDA:137,13,0,164
BRDA:147,14,0,0
BRDA:154,15,0,25
BRDA:164,16,0,0
BRDA:171,17,0,46
BRF:32
BRH:24
[...]
DA:98,388921
DA:99,388921
DA:100,388921
DA:101,325792
DA:102,152716
DA:103,388921
DA:106,112
DA:107,278223
DA:108,278223
DA:109,278223
DA:110,278223
DA:111,278223
DA:112,278223
DA:113,278223
DA:114,278223
DA:115,278223
DA:116,278223
DA:117,278223
DA:118,278223
DA:119,278223
DA:120,229530
DA:121,120246
DA:122,278223
LF:101
LH:99
BRDA:5,0,0,5
BRDA:8,1,0,2
BRDA:9,2,0,0
BRDA:9,2,1,2
BRDA:14,3,0,2
BRDA:14,3,1,2
BRDA:15,4,0,0
BRDA:15,4,1,2
BRDA:21,5,0,1
BRDA:21,5,1,1
BRDA:27,6,0,4
BRDA:37,7,0,129598
BRDA:46,8,0,130654
BRDA:60,9,0,337167
BRDA:61,10,0,358186
BRDA:62,11,0,80867
BRDA:62,11,1,386670
BRDA:63,12,0,159845
BRDA:63,12,1,226825
BRDA:79,13,0,303553
BRDA:80,14,0,357311
BRDA:81,15,0,74469
BRDA:81,15,1,295882
BRDA:82,16,0,183657
BRDA:82,16,1,112225
BRDA:98,17,0,281454
BRDA:99,18,0,320470
BRDA:100,19,0,63129
BRDA:100,19,1,325792
BRDA:101,20,0,173076
BRDA:101,20,1,152716
BRDA:117,21,0,266664
BRDA:118,22,0,278222
BRDA:119,23,0,48693
BRDA:119,23,1,229530
BRDA:120,24,0,109284
BRDA:120,24,1,120246
BRF:37
BRH:35
end_of_record
TN:
SF:src/util/trees/splay/util2.ts
FN:3,(anonymous_0)
FN:30,(anonymous_1)
FN:39,(anonymous_2)
FN:48,(anonymous_3)
FN:67,(anonymous_4)
FN:86,(anonymous_5)
FN:105,(anonymous_6)
FNF:7
FNH:7
FNDA:7529494,(anonymous_0)
FNDA:408897,(anonymous_1)
FNDA:557715,(anonymous_2)
FNDA:1445352,(anonymous_3)
FNDA:1566115,(anonymous_4)
FNDA:1197972,(anonymous_5)
FNDA:1132397,(anonymous_6)
DA:3,110
DA:4,7529494
DA:5,7529494
DA:6,6308448
DA:7,6308448
DA:8,6308448
DA:9,966612
DA:10,557715
DA:11,966612
DA:13,5341836
DA:14,5341836
DA:15,2764087
DA:16,1566115
DA:18,1197972
DA:21,2577749
DA:22,1132397
DA:24,1445352
DA:27,5341836
DA:30,110
DA:31,408897
DA:32,408897
DA:33,408897
DA:34,408897
DA:35,408897
DA:36,408897
DA:39,110
DA:40,557715
DA:41,557715
DA:42,557715
DA:43,557715
DA:44,557715
DA:45,557715
DA:48,110
DA:49,1445352
DA:50,1445352
DA:51,1445352
DA:52,1445352
DA:53,1445352
DA:54,1445352
DA:55,1445352
DA:56,1445352
DA:57,1445352
DA:58,1445352
DA:59,1445352
DA:60,1445352
DA:61,1445352
DA:62,1200339
DA:63,738585
DA:64,1445352
DA:67,110
DA:68,1566115
DA:69,1566115
DA:70,1566115
DA:71,1566115
DA:72,1566115
DA:73,1566115
DA:74,1566115
DA:75,1566115
DA:76,1566115
DA:77,1566115
DA:78,1566115
DA:79,1566115
DA:80,1566115
DA:81,1345199
DA:82,518863
DA:83,1566115
DA:86,110
DA:87,1197972
DA:88,1197972
DA:89,1197972
DA:90,1197972
DA:91,1197972
DA:92,1197972
DA:93,1197972
DA:94,1197972
DA:95,1197972
DA:96,1197972
DA:97,1197972
DA:98,1197972
DA:99,1197972
DA:100,901025
DA:101,400104
DA:102,1197972
DA:105,110
DA:106,1132397
DA:107,1132397
DA:108,1132397
DA:109,1132397
DA:110,1132397
DA:111,1132397
DA:112,1132397
DA:113,1132397
DA:114,1132397
DA:115,1132397
DA:116,1132397
DA:117,1132397
DA:118,1132397
DA:119,890552
DA:120,452410
DA:121,1132397
LF:100
LH:100
BRDA:5,0,0,1221046
BRDA:8,1,0,966612
BRDA:9,2,0,408897
BRDA:9,2,1,557715
BRDA:14,3,0,2764087
BRDA:14,3,1,2577749
BRDA:15,4,0,1566115
BRDA:15,4,1,1197972
BRDA:21,5,0,1132397
BRDA:21,5,1,1445352
BRDA:36,6,0,330644
BRDA:45,7,0,330198
BRDA:59,8,0,862798
BRDA:60,9,0,877671
BRDA:61,10,0,245013
BRDA:61,10,1,1200339
BRDA:62,11,0,461754
BRDA:62,11,1,738585
BRDA:78,12,0,973654
BRDA:79,13,0,1007263
BRDA:80,14,0,220916
BRDA:80,14,1,1345199
BRDA:81,15,0,826336
BRDA:81,15,1,518863
BRDA:97,16,0,624672
BRDA:98,17,0,625700
BRDA:99,18,0,296947
BRDA:99,18,1,901025
BRDA:100,19,0,500921
BRDA:100,19,1,400104
BRDA:116,20,0,662549
BRDA:117,21,0,597293
BRDA:118,22,0,241845
BRDA:118,22,1,890552
BRDA:119,23,0,438142
BRDA:119,23,1,452410
BRF:36
BRH:36
end_of_record
TN:
SF:src/util/trees/trie/TrieNode.ts
FN:12,(anonymous_0)
FN:17,(anonymous_1)
FN:27,(anonymous_2)
FN:31,(anonymous_3)
FNF:4
FNH:3
FNDA:285,(anonymous_0)
FNDA:152,(anonymous_1)
FNDA:10,(anonymous_2)
FNDA:0,(anonymous_3)
DA:1,8
DA:2,8
DA:6,8
DA:7,285
DA:8,285
DA:9,285
DA:10,285
DA:13,285
DA:14,285
DA:18,152
DA:19,152
DA:20,152
DA:21,63
DA:22,63
DA:23,63
DA:28,10
DA:32,0
LF:17
LH:16
BRDA:31,0,0,0
BRF:1
BRH:0
end_of_record
TN:
SF:src/web3/constants.ts
FNF:0
FNH:0
DA:4,8
LF:1
LH:1
BRDA:4,0,0,0
BRDA:4,0,1,8
BRDA:4,1,0,8
BRDA:4,1,1,8
BRDA:4,2,0,0
BRDA:4,2,1,8
BRDA:4,3,0,8
BRDA:4,3,1,8
BRF:8
BRH:6
end_of_record
TN:
SF:src/web3/adl/feed-crdt/Feed.ts
FN:25,(anonymous_1)
FN:48,(anonymous_3)
FN:96,(anonymous_4)
FN:160,(anonymous_6)
FN:311,(anonymous_7)
FN:312,(anonymous_8)
FN:313,(anonymous_9)
FN:316,(anonymous_10)
FN:318,(anonymous_11)
FN:164,(anonymous_12)
FN:168,(anonymous_13)
FN:172,(anonymous_15)
FN:183,(anonymous_16)
FN:204,(anonymous_18)
FN:214,(anonymous_19)
FN:219,(anonymous_20)
FN:227,(anonymous_21)
FN:235,(anonymous_23)
FN:247,(anonymous_25)
FN:251,(anonymous_26)
FN:273,(anonymous_27)
FN:227,(anonymous_30)
FN:235,(anonymous_32)
FN:273,(anonymous_34)
FNF:24
FNH:18
FNDA:10,(anonymous_1)
FNDA:10,(anonymous_3)
FNDA:10,(anonymous_4)
FNDA:49,(anonymous_6)
FNDA:0,(anonymous_7)
FNDA:0,(anonymous_8)
FNDA:0,(anonymous_9)
FNDA:42,(anonymous_10)
FNDA:441,(anonymous_11)
FNDA:30,(anonymous_12)
FNDA:10,(anonymous_13)
FNDA:29,(anonymous_15)
FNDA:3,(anonymous_16)
FNDA:389,(anonymous_18)
FNDA:5,(anonymous_19)
FNDA:5,(anonymous_20)
FNDA:29,(anonymous_21)
FNDA:42,(anonymous_23)
FNDA:52,(anonymous_25)
FNDA:76,(anonymous_26)
FNDA:267,(anonymous_27)
FNDA:0,(anonymous_30)
FNDA:0,(anonymous_32)
FNDA:0,(anonymous_34)
DA:1,2
DA:2,2
DA:3,2
DA:4,2
DA:5,2
DA:6,2
DA:8,2
DA:24,2
DA:31,10
DA:32,10
DA:33,10
DA:34,10
DA:35,10
DA:36,22
DA:37,22
DA:38,22
DA:39,22
DA:40,22
DA:41,22
DA:42,22
DA:43,22
DA:45,10
DA:49,10
DA:50,10
DA:51,13
DA:52,13
DA:53,10
DA:54,10
DA:55,34
DA:56,6
DA:57,6
DA:59,28
DA:60,4
DA:61,4
DA:63,24
DA:64,24
DA:65,0
DA:66,0
DA:67,0
DA:69,24
DA:70,24
DA:71,0
DA:72,0
DA:73,0
DA:75,24
DA:76,24
DA:77,24
DA:78,24
DA:79,3
DA:80,3
DA:81,3
DA:82,3
DA:83,21
DA:84,15
DA:85,15
DA:86,15
DA:88,6
DA:89,6
DA:90,6
DA:93,10
DA:101,10
DA:102,10
DA:103,10
DA:104,10
DA:105,10
DA:106,2
DA:107,5
DA:108,5
DA:109,5
DA:110,5
DA:111,5
DA:112,5
DA:115,10
DA:116,3
DA:117,5
DA:118,5
DA:119,5
DA:120,5
DA:121,5
DA:122,5
DA:125,10
DA:126,17
DA:127,17
DA:128,17
DA:129,17
DA:130,16
DA:131,9
DA:132,9
DA:133,9
DA:135,7
DA:136,7
DA:137,7
DA:138,7
DA:139,7
DA:152,49
DA:154,49
DA:155,49
DA:156,49
DA:157,49
DA:158,49
DA:160,49
DA:161,49
DA:165,30
DA:169,42
DA:173,29
DA:174,29
DA:175,29
DA:176,29
DA:177,29
DA:178,0
DA:179,0
DA:184,3
DA:185,3
DA:186,3
DA:187,5
DA:188,3
DA:189,3
DA:190,3
DA:191,2
DA:192,2
DA:194,3
DA:195,3
DA:196,3
DA:197,0
DA:198,3
DA:199,3
DA:205,389
DA:206,389
DA:207,389
DA:208,389
DA:209,389
DA:210,389
DA:211,389
DA:215,5
DA:216,5
DA:217,5
DA:218,5
DA:219,5
DA:221,5
DA:222,5
DA:223,5
DA:226,2
DA:227,2
DA:228,29
DA:229,29
DA:230,29
DA:231,29
DA:234,2
DA:235,2
DA:236,42
DA:237,42
DA:238,42
DA:239,42
DA:240,42
DA:241,42
DA:242,42
DA:243,42
DA:244,42
DA:248,52
DA:252,76
DA:253,76
DA:254,404
DA:256,399
DA:257,399
DA:258,398
DA:259,398
DA:262,5
DA:263,5
DA:264,5
DA:265,5
DA:269,76
DA:272,2
DA:273,2
DA:274,267
DA:275,267
DA:276,267
DA:277,2
DA:278,2
DA:279,2
DA:280,2
DA:281,2
DA:282,2
DA:284,265
DA:285,16
DA:286,16
DA:287,16
DA:288,16
DA:289,16
DA:291,249
DA:292,249
DA:293,249
DA:294,201
DA:295,201
DA:296,201
DA:297,201
DA:298,201
DA:299,201
DA:301,48
DA:302,48
DA:303,48
DA:304,48
DA:305,48
DA:306,48
DA:311,49
DA:312,0
DA:313,0
DA:316,49
DA:317,42
DA:318,441
DA:319,42
LF:210
LH:199
BRDA:29,0,0,2
BRDA:37,1,0,21
BRDA:37,1,1,1
BRDA:38,2,0,21
BRDA:38,2,1,1
BRDA:54,3,0,34
BRDA:54,3,1,6
BRDA:55,4,0,6
BRDA:59,5,0,4
BRDA:64,6,0,0
BRDA:70,7,0,0
BRDA:78,8,0,3
BRDA:78,8,1,21
BRDA:83,9,0,15
BRDA:83,9,1,6
BRDA:105,10,0,2
BRDA:108,11,0,0
BRDA:112,12,0,2
BRDA:115,13,0,3
BRDA:118,14,0,0
BRDA:122,15,0,3
BRDA:128,16,0,0
BRDA:129,17,0,1
BRDA:130,18,0,9
BRDA:137,19,0,0
BRDA:137,20,0,7
BRDA:137,20,1,7
BRDA:161,21,0,28
BRDA:161,21,1,21
BRDA:161,22,0,49
BRDA:161,22,1,49
BRDA:165,23,0,0
BRDA:165,23,1,30
BRDA:165,24,0,30
BRDA:165,24,1,30
BRDA:177,25,0,0
BRDA:184,26,0,1
BRDA:185,27,0,0
BRDA:195,28,0,3
BRDA:195,28,1,3
BRDA:196,29,0,3
BRDA:196,29,1,0
BRDA:219,30,0,5
BRDA:219,30,1,0
BRDA:221,31,0,0
BRDA:223,32,0,5
BRDA:237,33,0,0
BRDA:239,34,0,0
BRDA:241,35,0,0
BRDA:241,35,1,42
BRDA:241,36,0,42
BRDA:241,36,1,0
BRDA:241,37,0,0
BRDA:241,37,1,42
BRDA:241,38,0,42
BRDA:241,38,1,42
BRDA:248,39,0,0
BRDA:248,39,1,52
BRDA:248,40,0,52
BRDA:248,40,1,52
BRDA:254,41,0,399
BRDA:254,41,1,5
BRDA:257,42,0,1
BRDA:269,43,0,71
BRDA:276,44,0,2
BRDA:277,45,0,0
BRDA:284,46,0,16
BRDA:293,47,0,201
BRF:68
BRH:49
end_of_record
TN:
SF:src/web3/adl/feed-crdt/FeedFactory.ts
FN:7,(anonymous_0)
FN:9,(anonymous_1)
FN:14,(anonymous_2)
FNF:3
FNH:3
FNDA:21,(anonymous_0)
FNDA:20,(anonymous_1)
FNDA:29,(anonymous_2)
DA:1,2
DA:6,2
DA:7,21
DA:10,20
DA:11,20
DA:15,29
DA:16,29
DA:17,29
LF:8
LH:8
BRF:0
BRH:0
end_of_record
TN:
SF:src/web3/adl/feed-crdt/FeedFrame.ts
FN:6,(anonymous_0)
FN:12,(anonymous_2)
FN:20,(anonymous_4)
FN:25,(anonymous_5)
FN:29,(anonymous_6)
FN:33,(anonymous_7)
FNF:6
FNH:6
FNDA:115,(anonymous_0)
FNDA:289,(anonymous_2)
FNDA:404,(anonymous_4)
FNDA:225,(anonymous_5)
FNDA:392,(anonymous_6)
FNDA:275,(anonymous_7)
DA:5,2
DA:7,115
DA:8,115
DA:9,115
DA:13,289
DA:14,289
DA:15,289
DA:18,404
DA:21,404
DA:22,404
DA:26,225
DA:30,392
DA:34,275
LF:13
LH:13
BRF:0
BRH:0
end_of_record
TN:
SF:src/web3/adl/hamt-crdt/Hamt.ts
FN:26,(anonymous_1)
FN:30,(anonymous_2)
FN:36,(anonymous_3)
FN:55,(anonymous_5)
FN:66,(anonymous_7)
FN:73,(anonymous_9)
FN:82,(anonymous_11)
FN:87,(anonymous_13)
FN:92,(anonymous_15)
FN:55,(anonymous_18)
FNF:10
FNH:9
FNDA:24,(anonymous_1)
FNDA:1,(anonymous_2)
FNDA:4,(anonymous_3)
FNDA:1363,(anonymous_5)
FNDA:1363,(anonymous_7)
FNDA:2726,(anonymous_9)
FNDA:4,(anonymous_11)
FNDA:5,(anonymous_13)
FNDA:24,(anonymous_15)
FNDA:0,(anonymous_18)
DA:1,1
DA:2,1
DA:3,1
DA:4,1
DA:6,1
DA:7,1
DA:16,1
DA:18,24
DA:19,24
DA:21,24
DA:22,24
DA:23,24
DA:24,24
DA:26,24
DA:27,24
DA:31,1
DA:37,4
DA:38,4
DA:39,4
DA:40,4
DA:41,4
DA:42,4
DA:43,4
DA:44,4
DA:45,4
DA:47,0
DA:49,4
DA:51,4
DA:54,1
DA:55,1
DA:56,1363
DA:57,1363
DA:58,1363
DA:59,1363
DA:60,1363
DA:61,1363
DA:62,1363
DA:63,1363
DA:67,1363
DA:68,1363
DA:69,1363
DA:74,2726
DA:75,2726
DA:76,2726
DA:77,2726
DA:78,2726
DA:79,2726
DA:83,4
DA:84,4
DA:88,5
DA:89,5
DA:93,24
DA:94,24
DA:95,24
DA:96,24
DA:97,24
DA:98,24
DA:99,24
DA:100,24
DA:101,24
DA:102,24
DA:103,24
DA:104,24
LF:63
LH:62
BRDA:56,0,0,0
BRDA:62,1,0,1363
BRDA:67,2,0,0
BRDA:74,3,0,2715
BRDA:74,3,1,11
BRDA:83,4,0,0
BRDA:88,5,0,0
BRF:7
BRH:3
end_of_record
TN:
SF:src/web3/adl/hamt-crdt/HamtFactory.ts
FN:6,(anonymous_0)
FN:8,(anonymous_1)
FNF:2
FNH:2
FNDA:20,(anonymous_0)
FNDA:24,(anonymous_1)
DA:1,1
DA:5,1
DA:6,20
DA:9,24
DA:10,24
LF:5
LH:5
BRF:0
BRH:0
end_of_record
TN:
SF:src/web3/adl/hamt-crdt/HamtFrame.ts
FN:18,(anonymous_1)
FN:23,(anonymous_2)
FN:36,(anonymous_4)
FN:53,(anonymous_6)
FN:67,(anonymous_7)
FN:94,(anonymous_9)
FN:100,(anonymous_11)
FN:113,(anonymous_13)
FN:160,(anonymous_15)
FN:165,(anonymous_16)
FN:177,(anonymous_18)
FN:195,(anonymous_20)
FN:212,(anonymous_22)
FN:213,(anonymous_23)
FN:36,(anonymous_25)
FNF:15
FNH:13
FNDA:544,(anonymous_1)
FNDA:4024,(anonymous_2)
FNDA:289,(anonymous_4)
FNDA:293,(anonymous_6)
FNDA:3596,(anonymous_7)
FNDA:1363,(anonymous_9)
FNDA:0,(anonymous_11)
FNDA:3596,(anonymous_13)
FNDA:3596,(anonymous_15)
FNDA:2233,(anonymous_16)
FNDA:576,(anonymous_18)
FNDA:600,(anonymous_20)
FNDA:24,(anonymous_22)
FNDA:356,(anonymous_23)
FNDA:0,(anonymous_25)
DA:1,1
DA:2,1
DA:3,1
DA:7,1
DA:10,1
DA:11,544
DA:12,544
DA:13,544
DA:14,544
DA:16,544
DA:19,544
DA:20,544
DA:24,4024
DA:25,4024
DA:26,4024
DA:27,289
DA:35,1
DA:36,1
DA:37,289
DA:38,289
DA:39,289
DA:40,289
DA:41,289
DA:42,289
DA:43,289
DA:54,293
DA:55,293
DA:56,293
DA:57,293
DA:58,293
DA:59,293
DA:60,1639
DA:61,1639
DA:62,1639
DA:64,293
DA:68,3596
DA:69,3596
DA:70,3596
DA:71,3596
DA:72,27426
DA:73,27426
DA:74,27426
DA:75,27426
DA:76,26070
DA:77,26070
DA:78,2105
DA:79,2105
DA:80,2105
DA:83,135
DA:84,135
DA:85,128
DA:95,1363
DA:96,1363
DA:97,1356
DA:101,0
DA:114,3596
DA:115,3596
DA:116,3596
DA:117,3596
DA:118,3596
DA:119,3596
DA:120,23861
DA:121,23861
DA:122,23861
DA:124,23861
DA:125,4
DA:126,4
DA:127,4
DA:128,4
DA:129,4
DA:131,23857
DA:132,23857
DA:133,2952
DA:135,2105
DA:136,2105
DA:137,2105
DA:140,847
DA:141,847
DA:142,847
DA:143,847
DA:148,640
DA:149,128
DA:150,128
DA:151,128
DA:154,512
DA:155,512
DA:156,512
DA:157,512
DA:161,3596
DA:162,3596
DA:166,2233
DA:167,2233
DA:168,2233
DA:178,576
DA:180,576
DA:181,576
DA:182,576
DA:183,576
DA:184,576
DA:185,576
DA:186,576
DA:196,600
DA:197,600
DA:198,600
DA:199,600
DA:200,3813
DA:201,3813
DA:202,3237
DA:203,3237
DA:205,576
DA:206,576
DA:207,576
DA:209,600
DA:213,356
DA:214,24
DA:215,24
LF:116
LH:115
BRDA:24,0,0,0
BRDA:25,1,0,0
BRDA:26,2,0,3735
BRDA:27,3,0,289
BRDA:38,4,0,0
BRDA:61,5,0,256
BRDA:61,5,1,1383
BRDA:68,6,0,321
BRDA:75,7,0,1356
BRDA:77,8,0,2105
BRDA:79,9,0,0
BRDA:84,10,0,7
BRDA:96,11,0,7
BRDA:114,12,0,3425
BRDA:124,13,0,4
BRDA:126,14,0,0
BRDA:132,15,0,2952
BRDA:133,16,0,2105
BRDA:133,16,1,847
BRDA:136,17,0,2105
BRDA:148,18,0,128
BRDA:150,19,0,128
BRDA:167,20,0,264
BRDA:178,21,0,278
BRDA:180,22,0,0
BRDA:180,23,0,576
BRDA:180,23,1,193
BRDA:201,24,0,3237
BRDA:213,25,0,276
BRDA:213,25,1,80
BRF:30
BRH:24
end_of_record
TN:
SF:src/web3/codec/codecs/cbor.ts
FN:8,(anonymous_0)
FN:15,(anonymous_1)
FNF:2
FNH:2
FNDA:596,(anonymous_0)
FNDA:258,(anonymous_1)
DA:1,5
DA:2,5
DA:3,5
DA:4,5
DA:7,5
DA:9,596
DA:10,0
DA:14,5
DA:16,258
DA:17,258
DA:18,0
DA:22,5
LF:12
LH:10
BRDA:9,0,0,596
BRDA:9,0,1,0
BRDA:17,1,0,258
BRF:3
BRH:2
end_of_record
TN:
SF:src/web3/codec/codecs/writer.ts
FNF:0
FNH:0
DA:1,5
DA:3,5
LF:2
LH:2
BRF:0
BRH:0
end_of_record
TN:
SF:src/web3/crypto/index.ts
FNF:0
FNH:0
DA:1,8
DA:2,8
LF:2
LH:2
BRF:0
BRH:0
end_of_record
TN:
SF:src/web3/crypto/sha256.ts
FN:3,(anonymous_0)
FN:3,(anonymous_1)
FNF:2
FNH:2
FNDA:2726,(anonymous_0)
FNDA:2726,(anonymous_1)
DA:1,8
DA:3,2726
DA:4,2726
DA:5,2726
LF:4
LH:4
BRF:0
BRH:0
end_of_record
TN:
SF:src/web3/crypto/webcrypto.ts
FNF:0
FNH:0
DA:1,8
DA:8,8
LF:2
LH:2
BRDA:8,0,0,8
BRDA:8,0,1,0
BRF:2
BRH:1
end_of_record
TN:
SF:src/web3/hlc/Hlc.ts
FN:11,(anonymous_0)
FNF:1
FNH:1
FNDA:1826,(anonymous_0)
DA:6,5
DA:12,1826
DA:13,1826
DA:14,1826
LF:4
LH:4
BRF:0
BRH:0
end_of_record
TN:
SF:src/web3/hlc/HlcFactory.ts
FN:12,(anonymous_0)
FN:19,(anonymous_1)
FN:25,(anonymous_2)
FN:32,(anonymous_3)
FNF:4
FNH:4
FNDA:1792,(anonymous_0)
FNDA:41,(anonymous_1)
FNDA:2,(anonymous_2)
FNDA:1752,(anonymous_3)
DA:1,5
DA:2,5
DA:12,1792
DA:14,5
DA:20,41
DA:21,41
DA:22,41
DA:26,2
DA:33,1752
DA:34,1752
DA:35,1752
LF:11
LH:11
BRDA:19,0,0,40
BRDA:19,1,0,40
BRF:2
BRH:2
end_of_record
TN:
SF:src/web3/hlc/index.ts
FNF:0
FNH:0
DA:2,4
DA:3,4
DA:4,4
LF:3
LH:3
BRF:0
BRH:0
end_of_record
TN:
SF:src/web3/hlc/util.ts
FN:4,(anonymous_0)
FN:8,(anonymous_1)
FN:10,(anonymous_2)
FN:12,(anonymous_3)
FN:17,(anonymous_4)
FN:23,(anonymous_5)
FN:29,(anonymous_6)
FNF:7
FNH:6
FNDA:3,(anonymous_0)
FNDA:1753,(anonymous_1)
FNDA:0,(anonymous_2)
FNDA:1755,(anonymous_3)
FNDA:6,(anonymous_4)
FNDA:3798,(anonymous_5)
FNDA:5,(anonymous_6)
DA:1,5
DA:4,5
DA:5,3
DA:8,1753
DA:10,5
DA:12,5
DA:13,1755
DA:14,1754
DA:17,5
DA:18,6
DA:19,4
DA:20,2
DA:23,5
DA:24,3798
DA:25,3796
DA:26,21
DA:29,5
DA:30,5
DA:31,4
DA:32,2
DA:33,1
LF:21
LH:21
BRDA:13,0,0,1
BRDA:18,1,0,2
BRDA:19,2,0,2
BRDA:24,3,0,2
BRDA:25,4,0,3775
BRDA:30,5,0,1
BRDA:30,6,0,5
BRDA:30,6,1,1
BRDA:31,7,0,2
BRDA:32,8,0,1
BRF:10
BRH:10
end_of_record
TN:
SF:src/web3/multiformats/Cid.ts
FN:9,(anonymous_0)
FN:14,(anonymous_1)
FN:20,(anonymous_2)
FN:28,(anonymous_3)
FN:38,(anonymous_4)
FN:43,(anonymous_6)
FN:47,(anonymous_8)
FN:51,(anonymous_10)
FN:55,(anonymous_12)
FN:59,(anonymous_14)
FN:65,(anonymous_15)
FN:69,(anonymous_16)
FN:74,(anonymous_17)
FN:79,(anonymous_18)
FN:84,(anonymous_19)
FN:88,(anonymous_20)
FN:104,(anonymous_21)
FN:111,(anonymous_22)
FN:118,(anonymous_23)
FNF:19
FNH:15
FNDA:258,(anonymous_0)
FNDA:3,(anonymous_1)
FNDA:327,(anonymous_2)
FNDA:6,(anonymous_3)
FNDA:902,(anonymous_4)
FNDA:0,(anonymous_6)
FNDA:1,(anonymous_8)
FNDA:0,(anonymous_10)
FNDA:0,(anonymous_12)
FNDA:1234,(anonymous_14)
FNDA:18,(anonymous_15)
FNDA:1,(anonymous_16)
FNDA:1,(anonymous_17)
FNDA:596,(anonymous_18)
FNDA:2,(anonymous_19)
FNDA:2010,(anonymous_20)
FNDA:1346,(anonymous_21)
FNDA:2,(anonymous_22)
FNDA:0,(anonymous_23)
DA:1,7
DA:2,7
DA:3,7
DA:8,7
DA:10,258
DA:11,258
DA:15,3
DA:16,3
DA:17,3
DA:21,327
DA:22,327
DA:23,327
DA:24,327
DA:25,327
DA:29,6
DA:30,3
DA:31,3
DA:33,3
DA:34,3
DA:35,3
DA:39,902
DA:40,902
DA:44,0
DA:48,1
DA:52,0
DA:56,0
DA:60,1234
DA:61,1234
DA:62,1234
DA:66,18
DA:70,1
DA:71,1
DA:75,1
DA:76,1
DA:80,596
DA:81,596
DA:85,2
DA:89,2010
DA:90,2010
DA:91,2010
DA:92,2010
DA:93,2010
DA:94,2010
DA:95,2010
DA:96,2010
DA:97,2010
DA:98,2010
DA:99,2010
DA:100,2010
DA:101,2010
DA:105,1346
DA:106,1345
DA:107,1345
DA:108,1345
DA:112,2
DA:113,2
DA:114,2
DA:115,2
DA:119,0
LF:59
LH:55
BRDA:10,0,0,258
BRDA:10,0,1,0
BRDA:11,1,0,0
BRDA:11,1,1,258
BRDA:15,2,0,0
BRDA:15,3,0,3
BRDA:15,3,1,3
BRDA:22,4,0,0
BRDA:29,5,0,3
BRDA:29,6,0,6
BRDA:29,6,1,3
BRDA:34,7,0,0
BRDA:38,8,0,2
BRDA:66,9,0,18
BRDA:66,9,1,18
BRDA:66,9,2,18
BRDA:70,10,0,0
BRDA:75,11,0,0
BRDA:79,12,0,596
BRDA:80,13,0,0
BRDA:91,14,0,0
BRDA:92,15,0,0
BRDA:93,16,0,0
BRDA:104,17,0,1342
BRDA:105,18,0,1
BRF:25
BRH:14
end_of_record
TN:
SF:src/web3/multiformats/Multihash.ts
FN:7,(anonymous_0)
FN:33,(anonymous_2)
FN:37,(anonymous_3)
FN:42,(anonymous_4)
FN:49,(anonymous_5)
FN:56,(anonymous_6)
FN:60,(anonymous_7)
FN:17,(anonymous_8)
FNF:8
FNH:8
FNDA:910,(anonymous_0)
FNDA:1245,(anonymous_2)
FNDA:4,(anonymous_3)
FNDA:4,(anonymous_4)
FNDA:4,(anonymous_5)
FNDA:18,(anonymous_6)
FNDA:1,(anonymous_7)
FNDA:1245,(anonymous_8)
DA:1,8
DA:2,8
DA:3,8
DA:6,8
DA:8,910
DA:9,910
DA:10,910
DA:11,910
DA:12,910
DA:13,910
DA:14,910
DA:17,8
DA:18,1245
DA:19,1245
DA:20,1245
DA:21,1245
DA:23,1244
DA:26,1
DA:29,1244
DA:30,1244
DA:33,1245
DA:34,1245
DA:38,4
DA:39,4
DA:43,4
DA:44,4
DA:45,4
DA:46,4
DA:50,4
DA:51,4
DA:52,4
DA:53,4
DA:57,18
DA:61,1
DA:62,1
DA:63,34
DA:64,34
DA:66,1
LF:38
LH:38
BRDA:64,0,0,3
BRDA:64,0,1,31
BRDA:19,1,0,0
BRDA:21,2,0,1244
BRDA:21,2,1,1
BRDA:30,3,0,2
BRF:6
BRH:5
end_of_record
TN:
SF:src/web3/multiformats/index.ts
FNF:0
FNH:0
DA:1,6
DA:2,6
LF:2
LH:2
BRF:0
BRH:0
end_of_record
TN:
SF:src/web3/multiformats/multibase.ts
FN:9,(anonymous_0)
FN:9,(anonymous_1)
FNF:2
FNH:2
FNDA:1347,(anonymous_0)
FNDA:6,(anonymous_1)
DA:7,7
DA:9,1354
LF:2
LH:2
BRF:0
BRH:0
end_of_record
TN:
SF:src/web3/store/cas/CidCasMemory.ts
FN:5,(anonymous_0)
FN:8,(anonymous_1)
FN:10,(anonymous_3)
FN:16,(anonymous_4)
FN:18,(anonymous_6)
FN:22,(anonymous_7)
FN:24,(anonymous_9)
FN:28,(anonymous_10)
FN:30,(anonymous_12)
FN:36,(anonymous_13)
FNF:10
FNH:10
FNDA:54,(anonymous_0)
FNDA:416,(anonymous_1)
FNDA:416,(anonymous_3)
FNDA:16,(anonymous_4)
FNDA:16,(anonymous_6)
FNDA:10,(anonymous_7)
FNDA:10,(anonymous_9)
FNDA:899,(anonymous_10)
FNDA:899,(anonymous_12)
FNDA:2,(anonymous_13)
DA:1,5
DA:5,5
DA:6,54
DA:9,416
DA:10,416
DA:11,416
DA:12,416
DA:13,416
DA:17,16
DA:18,16
DA:19,16
DA:23,10
DA:24,10
DA:25,10
DA:29,899
DA:30,899
DA:31,899
DA:32,899
DA:33,899
DA:37,2
LF:20
LH:20
BRDA:12,0,0,0
BRDA:28,1,0,5
BRF:2
BRH:1
end_of_record
TN:
SF:src/web3/store/cas/CidCasStruct.ts
FN:6,(anonymous_0)
FN:12,(anonymous_1)
FN:17,(anonymous_3)
FN:21,(anonymous_4)
FN:25,(anonymous_6)
FNF:5
FNH:5
FNDA:47,(anonymous_0)
FNDA:414,(anonymous_1)
FNDA:8,(anonymous_3)
FNDA:5,(anonymous_4)
FNDA:894,(anonymous_6)
DA:5,4
DA:7,47
DA:8,47
DA:9,47
DA:13,414
DA:14,414
DA:18,8
DA:22,5
DA:26,894
DA:27,894
LF:10
LH:10
BRF:0
BRH:0
end_of_record
TN:
SF:src/web3/store/cas/CidCasStructCbor.ts
FN:8,(anonymous_0)
FNF:1
FNH:1
FNDA:47,(anonymous_0)
DA:2,4
DA:3,4
DA:7,4
DA:9,47
DA:10,47
DA:12,47
LF:6
LH:6
BRDA:10,0,0,47
BRF:1
BRH:1
end_of_record
TN:
SF:src/web3/util/uvint.ts
FN:11,(anonymous_0)
FN:29,(anonymous_1)
FNF:2
FNH:2
FNDA:3204,(anonymous_0)
FNDA:2045,(anonymous_1)
DA:11,9
DA:12,3204
DA:13,3204
DA:14,26
DA:15,26
DA:16,16
DA:17,16
DA:18,0
DA:29,9
DA:30,2045
DA:31,2022
DA:32,2022
DA:34,23
DA:35,8
DA:36,8
DA:37,8
DA:39,15
DA:40,15
DA:41,15
DA:42,15
DA:43,15
DA:45,0
LF:22
LH:20
BRDA:13,0,0,3178
BRDA:15,1,0,10
BRDA:17,2,0,16
BRDA:30,3,0,2022
BRDA:34,4,0,8
BRDA:39,5,0,15
BRF:6
BRH:6
end_of_record
